Debug|Opening watch face 'E:\Рабочий стол\Mi Band 5 WatchFace Editor\NEW WATCHFACE\??\????.bin'
Debug|Reading parameters...
Trace|Reading header...
Trace|Header was read:
Trace|Signature: UIHH, Unknown: 16777215, ParametersSize: 60, IsValid: True
Trace|Reading parameter offsets...
Trace|Parameter offsets were read from file
Trace|Reading parameters descriptor...
Trace|1 (0A): 5 bytes
Trace|    1 (08): 401 (191)
Trace|    2 (10): 93 (5D)
Trace|Parameters descriptor was read:
Trace|ParametrsTableLength: 401, ImagesCount: 93
Trace|Reading parameters locations...
Trace|2 (12): 4 bytes
Trace|    1 (08): 0 (00)
Trace|    2 (10): 32 (20)
Trace|3 (1A): 4 bytes
Trace|    1 (08): 32 (20)
Trace|    2 (10): 48 (30)
Trace|4 (22): 5 bytes
Trace|    1 (08): 160 (A0)
Trace|    2 (10): 55 (37)
Trace|5 (2A): 4 bytes
Trace|    1 (08): 80 (50)
Trace|    2 (10): 80 (50)
Trace|7 (3A): 5 bytes
Trace|    1 (08): 215 (D7)
Trace|    2 (10): 74 (4A)
Trace|8 (42): 5 bytes
Trace|    1 (08): 289 (121)
Trace|    2 (10): 31 (1F)
Trace|9 (4A): 5 bytes
Trace|    1 (08): 366 (16E)
Trace|    2 (10): 35 (23)
Trace|12 (62): 5 bytes
Trace|    1 (08): 320 (140)
Trace|    2 (10): 46 (2E)
Trace|Watch face parameters locations were read:
Trace|Reading descriptor for parameter 2
Trace|Descriptor offset: 0, Descriptor length: 32
Trace|Parsing descriptor for parameter 2...
Trace|1 (0A): 6 bytes
Trace|    1 (08): 0 (00)
Trace|    2 (10): 0 (00)
Trace|    3 (18): 0 (00)
Trace|3 (1A): 6 bytes
Trace|    1 (08): 21 (15)
Trace|    2 (10): 30 (1E)
Trace|    3 (18): 2 (02)
Trace|4 (22): 6 bytes
Trace|    1 (08): 21 (15)
Trace|    2 (10): 30 (1E)
Trace|    3 (18): 3 (03)
Trace|5 (2A): 6 bytes
Trace|    1 (08): 21 (15)
Trace|    2 (10): 30 (1E)
Trace|    3 (18): 1 (01)
Trace|Reading descriptor for parameter 3
Trace|Descriptor offset: 32, Descriptor length: 48
Trace|Parsing descriptor for parameter 3...
Trace|1 (0A): 20 bytes
Trace|    1 (0A): 8 bytes
Trace|        1 (08): 55 (37)
Trace|        2 (10): 88 (58)
Trace|        3 (18): 4 (04)
Trace|        4 (20): 10 (0A)
Trace|    2 (12): 8 bytes
Trace|        1 (08): 103 (67)
Trace|        2 (10): 88 (58)
Trace|        3 (18): 4 (04)
Trace|        4 (20): 10 (0A)
Trace|2 (12): 22 bytes
Trace|    1 (0A): 9 bytes
Trace|        1 (08): 55 (37)
Trace|        2 (10): 194 (C2)
Trace|        3 (18): 4 (04)
Trace|        4 (20): 10 (0A)
Trace|    2 (12): 9 bytes
Trace|        1 (08): 103 (67)
Trace|        2 (10): 194 (C2)
Trace|        3 (18): 4 (04)
Trace|        4 (20): 10 (0A)
Trace|11 (58): 0 (00)
Trace|Reading descriptor for parameter 4
Trace|Descriptor offset: 160, Descriptor length: 55
Trace|Parsing descriptor for parameter 4...
Trace|1 (0A): 22 bytes
Trace|    1 (0A): 20 bytes
Trace|        1 (08): 0 (00)
Trace|        2 (10): 403 (193)
Trace|        3 (18): 76 (4C)
Trace|        4 (20): 423 (1A7)
Trace|        5 (28): 24 (18)
Trace|        6 (30): 0 (00)
Trace|        7 (38): 0 (00)
Trace|        8 (40): 14 (0E)
Trace|        9 (48): 10 (0A)
Trace|4 (22): 27 bytes
Trace|    1 (0A): 21 bytes
Trace|        1 (08): 77 (4D)
Trace|        2 (10): 403 (193)
Trace|        3 (18): 151 (97)
Trace|        4 (20): 423 (1A7)
Trace|        5 (28): 72 (48)
Trace|        6 (30): 0 (00)
Trace|        7 (38): 0 (00)
Trace|        8 (40): 14 (0E)
Trace|        9 (48): 10 (0A)
Trace|    3 (18): 50 (32)
Trace|    4 (20): 51 (33)
Trace|7 (38): 0 (00)
Trace|Reading descriptor for parameter 5
Trace|Descriptor offset: 80, Descriptor length: 80
Trace|Parsing descriptor for parameter 5...
Trace|1 (0A): 30 bytes
Trace|    2 (12): 24 bytes
Trace|        1 (0A): 20 bytes
Trace|            1 (08): 9 (09)
Trace|            2 (10): 274 (112)
Trace|            3 (18): 55 (37)
Trace|            4 (20): 294 (126)
Trace|            5 (28): 18 (12)
Trace|            6 (30): 0 (00)
Trace|            7 (38): 0 (00)
Trace|            8 (40): 14 (0E)
Trace|            9 (48): 10 (0A)
Trace|        2 (10): 24 (18)
Trace|    4 (20): 1 (01)
Trace|    5 (28): 1 (01)
Trace|2 (12): 13 bytes
Trace|    1 (08): 9 (09)
Trace|    2 (10): 219 (DB)
Trace|    3 (18): 46 (2E)
Trace|    4 (20): 47 (2F)
Trace|    5 (28): 48 (30)
Trace|    6 (30): 49 (31)
Trace|4 (22): 9 bytes
Trace|    1 (08): 9 (09)
Trace|    2 (10): 246 (F6)
Trace|    3 (18): 25 (19)
Trace|    4 (20): 7 (07)
Trace|5 (2A): 9 bytes
Trace|    1 (08): 9 (09)
Trace|    2 (10): 246 (F6)
Trace|    3 (18): 39 (27)
Trace|    4 (20): 7 (07)
Trace|6 (32): 9 bytes
Trace|    1 (08): 9 (09)
Trace|    2 (10): 246 (F6)
Trace|    3 (18): 32 (20)
Trace|    4 (20): 7 (07)
Trace|Reading descriptor for parameter 7
Trace|Descriptor offset: 215, Descriptor length: 74
Trace|Parsing descriptor for parameter 7...
Trace|3 (1A): 72 bytes
Trace|    1 (08): 52 (34)
Trace|    2 (12): 5 bytes
Trace|        1 (08): 9 (09)
Trace|        2 (10): 377 (179)
Trace|    2 (12): 5 bytes
Trace|        1 (08): 5 (05)
Trace|        2 (10): 367 (16F)
Trace|    2 (12): 5 bytes
Trace|        1 (08): 4 (04)
Trace|        2 (10): 357 (165)
Trace|    2 (12): 5 bytes
Trace|        1 (08): 8 (08)
Trace|        2 (10): 347 (15B)
Trace|    2 (12): 5 bytes
Trace|        1 (08): 17 (11)
Trace|        2 (10): 337 (151)
Trace|    2 (12): 5 bytes
Trace|        1 (08): 37 (25)
Trace|        2 (10): 337 (151)
Trace|    2 (12): 5 bytes
Trace|        1 (08): 47 (2F)
Trace|        2 (10): 347 (15B)
Trace|    2 (12): 5 bytes
Trace|        1 (08): 52 (34)
Trace|        2 (10): 357 (165)
Trace|    2 (12): 5 bytes
Trace|        1 (08): 51 (33)
Trace|        2 (10): 367 (16F)
Trace|    2 (12): 5 bytes
Trace|        1 (08): 47 (2F)
Trace|        2 (10): 377 (179)
Trace|Reading descriptor for parameter 8
Trace|Descriptor offset: 289, Descriptor length: 31
Trace|Parsing descriptor for parameter 8...
Trace|1 (0A): 8 bytes
Trace|    1 (0A): 4 bytes
Trace|        1 (08): 90 (5A)
Trace|        2 (10): 64 (40)
Trace|    2 (10): 63 (3F)
Trace|2 (12): 8 bytes
Trace|    1 (0A): 4 bytes
Trace|        1 (08): 110 (6E)
Trace|        2 (10): 64 (40)
Trace|    3 (18): 64 (40)
Trace|3 (1A): 9 bytes
Trace|    1 (0A): 5 bytes
Trace|        1 (08): 128 (80)
Trace|        2 (10): 64 (40)
Trace|    3 (18): 62 (3E)
Trace|Reading descriptor for parameter 9
Trace|Descriptor offset: 366, Descriptor length: 35
Trace|Parsing descriptor for parameter 9...
Trace|1 (0A): 23 bytes
Trace|    1 (0A): 19 bytes
Trace|        1 (08): 69 (45)
Trace|        2 (10): 27 (1B)
Trace|        3 (18): 151 (97)
Trace|        4 (20): 41 (29)
Trace|        5 (28): 18 (12)
Trace|        6 (30): 0 (00)
Trace|        7 (38): 0 (00)
Trace|        8 (40): 71 (47)
Trace|        9 (48): 10 (0A)
Trace|    4 (20): 81 (51)
Trace|2 (12): 8 bytes
Trace|    1 (08): 12 (0C)
Trace|    2 (10): 6 (06)
Trace|    3 (18): 82 (52)
Trace|    4 (20): 11 (0B)
Trace|Reading descriptor for parameter 12
Trace|Descriptor offset: 320, Descriptor length: 46
Trace|Parsing descriptor for parameter 12...
Trace|3 (1A): 44 bytes
Trace|    1 (08): 65 (41)
Trace|    2 (12): 5 bytes
Trace|        1 (08): 87 (57)
Trace|        2 (10): 372 (174)
Trace|    2 (12): 5 bytes
Trace|        1 (08): 86 (56)
Trace|        2 (10): 355 (163)
Trace|    2 (12): 5 bytes
Trace|        1 (08): 86 (56)
Trace|        2 (10): 338 (152)
Trace|    2 (12): 5 bytes
Trace|        1 (08): 114 (72)
Trace|        2 (10): 338 (152)
Trace|    2 (12): 5 bytes
Trace|        1 (08): 115 (73)
Trace|        2 (10): 355 (163)
Trace|    2 (12): 5 bytes
Trace|        1 (08): 115 (73)
Trace|        2 (10): 372 (174)
Trace|Reading resources offsets table with 93 elements (372 bytes)
Debug|Reading 93 resources...
Trace|Resource 0 offset: 920, length: 147760...
Debug|Reading resource 0...
Trace|Color bit encoding: 9
Trace|Reading image header...
Trace|Image header was read:
Trace|Width: 152, Height: 486, RowLength: 304
Trace|BPP: 16, PaletteColors: 0, Transaparency: False
Trace|The image doesn't use a palette.
Trace|Resource 1 offset: 148680, length: 77456...
Debug|Reading resource 1...
Trace|Color bit encoding: 9
Trace|Reading image header...
Trace|Image header was read:
Trace|Width: 110, Height: 352, RowLength: 220
Trace|BPP: 16, PaletteColors: 0, Transaparency: False
Trace|The image doesn't use a palette.
Trace|Resource 2 offset: 226136, length: 77456...
Debug|Reading resource 2...
Trace|Color bit encoding: 9
Trace|Reading image header...
Trace|Image header was read:
Trace|Width: 110, Height: 352, RowLength: 220
Trace|BPP: 16, PaletteColors: 0, Transaparency: False
Trace|The image doesn't use a palette.
Trace|Resource 3 offset: 303592, length: 77456...
Debug|Reading resource 3...
Trace|Color bit encoding: 9
Trace|Reading image header...
Trace|Image header was read:
Trace|Width: 110, Height: 352, RowLength: 220
Trace|BPP: 16, PaletteColors: 0, Transaparency: False
Trace|The image doesn't use a palette.
Trace|Resource 4 offset: 381048, length: 12916...
Debug|Reading resource 4...
Trace|Color bit encoding: 27
Trace|Reading image header...
Trace|Image header was read:
Trace|Width: 43, Height: 100, RowLength: 129
Trace|BPP: 24, PaletteColors: 0, Transaparency: False
Trace|The image doesn't use a palette.
Trace|Resource 5 offset: 393964, length: 12916...
Debug|Reading resource 5...
Trace|Color bit encoding: 27
Trace|Reading image header...
Trace|Image header was read:
Trace|Width: 43, Height: 100, RowLength: 129
Trace|BPP: 24, PaletteColors: 0, Transaparency: False
Trace|The image doesn't use a palette.
Trace|Resource 6 offset: 406880, length: 12916...
Debug|Reading resource 6...
Trace|Color bit encoding: 27
Trace|Reading image header...
Trace|Image header was read:
Trace|Width: 43, Height: 100, RowLength: 129
Trace|BPP: 24, PaletteColors: 0, Transaparency: False
Trace|The image doesn't use a palette.
Trace|Resource 7 offset: 419796, length: 12916...
Debug|Reading resource 7...
Trace|Color bit encoding: 27
Trace|Reading image header...
Trace|Image header was read:
Trace|Width: 43, Height: 100, RowLength: 129
Trace|BPP: 24, PaletteColors: 0, Transaparency: False
Trace|The image doesn't use a palette.
Trace|Resource 8 offset: 432712, length: 12916...
Debug|Reading resource 8...
Trace|Color bit encoding: 27
Trace|Reading image header...
Trace|Image header was read:
Trace|Width: 43, Height: 100, RowLength: 129
Trace|BPP: 24, PaletteColors: 0, Transaparency: False
Trace|The image doesn't use a palette.
Trace|Resource 9 offset: 445628, length: 12916...
Debug|Reading resource 9...
Trace|Color bit encoding: 27
Trace|Reading image header...
Trace|Image header was read:
Trace|Width: 43, Height: 100, RowLength: 129
Trace|BPP: 24, PaletteColors: 0, Transaparency: False
Trace|The image doesn't use a palette.
Trace|Resource 10 offset: 458544, length: 12916...
Debug|Reading resource 10...
Trace|Color bit encoding: 27
Trace|Reading image header...
Trace|Image header was read:
Trace|Width: 43, Height: 100, RowLength: 129
Trace|BPP: 24, PaletteColors: 0, Transaparency: False
Trace|The image doesn't use a palette.
Trace|Resource 11 offset: 471460, length: 12916...
Debug|Reading resource 11...
Trace|Color bit encoding: 27
Trace|Reading image header...
Trace|Image header was read:
Trace|Width: 43, Height: 100, RowLength: 129
Trace|BPP: 24, PaletteColors: 0, Transaparency: False
Trace|The image doesn't use a palette.
Trace|Resource 12 offset: 484376, length: 12916...
Debug|Reading resource 12...
Trace|Color bit encoding: 27
Trace|Reading image header...
Trace|Image header was read:
Trace|Width: 43, Height: 100, RowLength: 129
Trace|BPP: 24, PaletteColors: 0, Transaparency: False
Trace|The image doesn't use a palette.
Trace|Resource 13 offset: 497292, length: 12916...
Debug|Reading resource 13...
Trace|Color bit encoding: 27
Trace|Reading image header...
Trace|Image header was read:
Trace|Width: 43, Height: 100, RowLength: 129
Trace|BPP: 24, PaletteColors: 0, Transaparency: False
Trace|The image doesn't use a palette.
Trace|Resource 14 offset: 510208, length: 586...
Debug|Reading resource 14...
Trace|Color bit encoding: 27
Trace|Reading image header...
Trace|Image header was read:
Trace|Width: 10, Height: 19, RowLength: 30
Trace|BPP: 24, PaletteColors: 0, Transaparency: False
Trace|The image doesn't use a palette.
Trace|Resource 15 offset: 510794, length: 586...
Debug|Reading resource 15...
Trace|Color bit encoding: 27
Trace|Reading image header...
Trace|Image header was read:
Trace|Width: 10, Height: 19, RowLength: 30
Trace|BPP: 24, PaletteColors: 0, Transaparency: False
Trace|The image doesn't use a palette.
Trace|Resource 16 offset: 511380, length: 586...
Debug|Reading resource 16...
Trace|Color bit encoding: 27
Trace|Reading image header...
Trace|Image header was read:
Trace|Width: 10, Height: 19, RowLength: 30
Trace|BPP: 24, PaletteColors: 0, Transaparency: False
Trace|The image doesn't use a palette.
Trace|Resource 17 offset: 511966, length: 586...
Debug|Reading resource 17...
Trace|Color bit encoding: 27
Trace|Reading image header...
Trace|Image header was read:
Trace|Width: 10, Height: 19, RowLength: 30
Trace|BPP: 24, PaletteColors: 0, Transaparency: False
Trace|The image doesn't use a palette.
Trace|Resource 18 offset: 512552, length: 586...
Debug|Reading resource 18...
Trace|Color bit encoding: 27
Trace|Reading image header...
Trace|Image header was read:
Trace|Width: 10, Height: 19, RowLength: 30
Trace|BPP: 24, PaletteColors: 0, Transaparency: False
Trace|The image doesn't use a palette.
Trace|Resource 19 offset: 513138, length: 586...
Debug|Reading resource 19...
Trace|Color bit encoding: 27
Trace|Reading image header...
Trace|Image header was read:
Trace|Width: 10, Height: 19, RowLength: 30
Trace|BPP: 24, PaletteColors: 0, Transaparency: False
Trace|The image doesn't use a palette.
Trace|Resource 20 offset: 513724, length: 586...
Debug|Reading resource 20...
Trace|Color bit encoding: 27
Trace|Reading image header...
Trace|Image header was read:
Trace|Width: 10, Height: 19, RowLength: 30
Trace|BPP: 24, PaletteColors: 0, Transaparency: False
Trace|The image doesn't use a palette.
Trace|Resource 21 offset: 514310, length: 586...
Debug|Reading resource 21...
Trace|Color bit encoding: 27
Trace|Reading image header...
Trace|Image header was read:
Trace|Width: 10, Height: 19, RowLength: 30
Trace|BPP: 24, PaletteColors: 0, Transaparency: False
Trace|The image doesn't use a palette.
Trace|Resource 22 offset: 514896, length: 586...
Debug|Reading resource 22...
Trace|Color bit encoding: 27
Trace|Reading image header...
Trace|Image header was read:
Trace|Width: 10, Height: 19, RowLength: 30
Trace|BPP: 24, PaletteColors: 0, Transaparency: False
Trace|The image doesn't use a palette.
Trace|Resource 23 offset: 515482, length: 586...
Debug|Reading resource 23...
Trace|Color bit encoding: 27
Trace|Reading image header...
Trace|Image header was read:
Trace|Width: 10, Height: 19, RowLength: 30
Trace|BPP: 24, PaletteColors: 0, Transaparency: False
Trace|The image doesn't use a palette.
Trace|Resource 24 offset: 516068, length: 358...
Debug|Reading resource 24...
Trace|Color bit encoding: 27
Trace|Reading image header...
Trace|Image header was read:
Trace|Width: 6, Height: 19, RowLength: 18
Trace|BPP: 24, PaletteColors: 0, Transaparency: False
Trace|The image doesn't use a palette.
Trace|Resource 25 offset: 516426, length: 1936...
Debug|Reading resource 25...
Trace|Color bit encoding: 27
Trace|Reading image header...
Trace|Image header was read:
Trace|Width: 32, Height: 20, RowLength: 96
Trace|BPP: 24, PaletteColors: 0, Transaparency: False
Trace|The image doesn't use a palette.
Trace|Resource 26 offset: 518362, length: 1936...
Debug|Reading resource 26...
Trace|Color bit encoding: 27
Trace|Reading image header...
Trace|Image header was read:
Trace|Width: 32, Height: 20, RowLength: 96
Trace|BPP: 24, PaletteColors: 0, Transaparency: False
Trace|The image doesn't use a palette.
Trace|Resource 27 offset: 520298, length: 1936...
Debug|Reading resource 27...
Trace|Color bit encoding: 27
Trace|Reading image header...
Trace|Image header was read:
Trace|Width: 32, Height: 20, RowLength: 96
Trace|BPP: 24, PaletteColors: 0, Transaparency: False
Trace|The image doesn't use a palette.
Trace|Resource 28 offset: 522234, length: 1936...
Debug|Reading resource 28...
Trace|Color bit encoding: 27
Trace|Reading image header...
Trace|Image header was read:
Trace|Width: 32, Height: 20, RowLength: 96
Trace|BPP: 24, PaletteColors: 0, Transaparency: False
Trace|The image doesn't use a palette.
Trace|Resource 29 offset: 524170, length: 1936...
Debug|Reading resource 29...
Trace|Color bit encoding: 27
Trace|Reading image header...
Trace|Image header was read:
Trace|Width: 32, Height: 20, RowLength: 96
Trace|BPP: 24, PaletteColors: 0, Transaparency: False
Trace|The image doesn't use a palette.
Trace|Resource 30 offset: 526106, length: 1936...
Debug|Reading resource 30...
Trace|Color bit encoding: 27
Trace|Reading image header...
Trace|Image header was read:
Trace|Width: 32, Height: 20, RowLength: 96
Trace|BPP: 24, PaletteColors: 0, Transaparency: False
Trace|The image doesn't use a palette.
Trace|Resource 31 offset: 528042, length: 1936...
Debug|Reading resource 31...
Trace|Color bit encoding: 27
Trace|Reading image header...
Trace|Image header was read:
Trace|Width: 32, Height: 20, RowLength: 96
Trace|BPP: 24, PaletteColors: 0, Transaparency: False
Trace|The image doesn't use a palette.
Trace|Resource 32 offset: 529978, length: 1936...
Debug|Reading resource 32...
Trace|Color bit encoding: 27
Trace|Reading image header...
Trace|Image header was read:
Trace|Width: 32, Height: 20, RowLength: 96
Trace|BPP: 24, PaletteColors: 0, Transaparency: False
Trace|The image doesn't use a palette.
Trace|Resource 33 offset: 531914, length: 1936...
Debug|Reading resource 33...
Trace|Color bit encoding: 27
Trace|Reading image header...
Trace|Image header was read:
Trace|Width: 32, Height: 20, RowLength: 96
Trace|BPP: 24, PaletteColors: 0, Transaparency: False
Trace|The image doesn't use a palette.
Trace|Resource 34 offset: 533850, length: 1936...
Debug|Reading resource 34...
Trace|Color bit encoding: 27
Trace|Reading image header...
Trace|Image header was read:
Trace|Width: 32, Height: 20, RowLength: 96
Trace|BPP: 24, PaletteColors: 0, Transaparency: False
Trace|The image doesn't use a palette.
Trace|Resource 35 offset: 535786, length: 1936...
Debug|Reading resource 35...
Trace|Color bit encoding: 27
Trace|Reading image header...
Trace|Image header was read:
Trace|Width: 32, Height: 20, RowLength: 96
Trace|BPP: 24, PaletteColors: 0, Transaparency: False
Trace|The image doesn't use a palette.
Trace|Resource 36 offset: 537722, length: 1936...
Debug|Reading resource 36...
Trace|Color bit encoding: 27
Trace|Reading image header...
Trace|Image header was read:
Trace|Width: 32, Height: 20, RowLength: 96
Trace|BPP: 24, PaletteColors: 0, Transaparency: False
Trace|The image doesn't use a palette.
Trace|Resource 37 offset: 539658, length: 1936...
Debug|Reading resource 37...
Trace|Color bit encoding: 27
Trace|Reading image header...
Trace|Image header was read:
Trace|Width: 32, Height: 20, RowLength: 96
Trace|BPP: 24, PaletteColors: 0, Transaparency: False
Trace|The image doesn't use a palette.
Trace|Resource 38 offset: 541594, length: 1936...
Debug|Reading resource 38...
Trace|Color bit encoding: 27
Trace|Reading image header...
Trace|Image header was read:
Trace|Width: 32, Height: 20, RowLength: 96
Trace|BPP: 24, PaletteColors: 0, Transaparency: False
Trace|The image doesn't use a palette.
Trace|Resource 39 offset: 543530, length: 1936...
Debug|Reading resource 39...
Trace|Color bit encoding: 27
Trace|Reading image header...
Trace|Image header was read:
Trace|Width: 32, Height: 20, RowLength: 96
Trace|BPP: 24, PaletteColors: 0, Transaparency: False
Trace|The image doesn't use a palette.
Trace|Resource 40 offset: 545466, length: 1936...
Debug|Reading resource 40...
Trace|Color bit encoding: 27
Trace|Reading image header...
Trace|Image header was read:
Trace|Width: 32, Height: 20, RowLength: 96
Trace|BPP: 24, PaletteColors: 0, Transaparency: False
Trace|The image doesn't use a palette.
Trace|Resource 41 offset: 547402, length: 1936...
Debug|Reading resource 41...
Trace|Color bit encoding: 27
Trace|Reading image header...
Trace|Image header was read:
Trace|Width: 32, Height: 20, RowLength: 96
Trace|BPP: 24, PaletteColors: 0, Transaparency: False
Trace|The image doesn't use a palette.
Trace|Resource 42 offset: 549338, length: 1936...
Debug|Reading resource 42...
Trace|Color bit encoding: 27
Trace|Reading image header...
Trace|Image header was read:
Trace|Width: 32, Height: 20, RowLength: 96
Trace|BPP: 24, PaletteColors: 0, Transaparency: False
Trace|The image doesn't use a palette.
Trace|Resource 43 offset: 551274, length: 1936...
Debug|Reading resource 43...
Trace|Color bit encoding: 27
Trace|Reading image header...
Trace|Image header was read:
Trace|Width: 32, Height: 20, RowLength: 96
Trace|BPP: 24, PaletteColors: 0, Transaparency: False
Trace|The image doesn't use a palette.
Trace|Resource 44 offset: 553210, length: 1936...
Debug|Reading resource 44...
Trace|Color bit encoding: 27
Trace|Reading image header...
Trace|Image header was read:
Trace|Width: 32, Height: 20, RowLength: 96
Trace|BPP: 24, PaletteColors: 0, Transaparency: False
Trace|The image doesn't use a palette.
Trace|Resource 45 offset: 555146, length: 1936...
Debug|Reading resource 45...
Trace|Color bit encoding: 27
Trace|Reading image header...
Trace|Image header was read:
Trace|Width: 32, Height: 20, RowLength: 96
Trace|BPP: 24, PaletteColors: 0, Transaparency: False
Trace|The image doesn't use a palette.
Trace|Resource 46 offset: 557082, length: 1669...
Debug|Reading resource 46...
Trace|Color bit encoding: 27
Trace|Reading image header...
Trace|Image header was read:
Trace|Width: 29, Height: 19, RowLength: 87
Trace|BPP: 24, PaletteColors: 0, Transaparency: False
Trace|The image doesn't use a palette.
Trace|Resource 47 offset: 558751, length: 1669...
Debug|Reading resource 47...
Trace|Color bit encoding: 27
Trace|Reading image header...
Trace|Image header was read:
Trace|Width: 29, Height: 19, RowLength: 87
Trace|BPP: 24, PaletteColors: 0, Transaparency: False
Trace|The image doesn't use a palette.
Trace|Resource 48 offset: 560420, length: 1669...
Debug|Reading resource 48...
Trace|Color bit encoding: 27
Trace|Reading image header...
Trace|Image header was read:
Trace|Width: 29, Height: 19, RowLength: 87
Trace|BPP: 24, PaletteColors: 0, Transaparency: False
Trace|The image doesn't use a palette.
Trace|Resource 49 offset: 562089, length: 1669...
Debug|Reading resource 49...
Trace|Color bit encoding: 27
Trace|Reading image header...
Trace|Image header was read:
Trace|Width: 29, Height: 19, RowLength: 87
Trace|BPP: 24, PaletteColors: 0, Transaparency: False
Trace|The image doesn't use a palette.
Trace|Resource 50 offset: 563758, length: 112...
Debug|Reading resource 50...
Trace|Color bit encoding: 27
Trace|Reading image header...
Trace|Image header was read:
Trace|Width: 16, Height: 2, RowLength: 48
Trace|BPP: 24, PaletteColors: 0, Transaparency: False
Trace|The image doesn't use a palette.
Trace|Resource 51 offset: 563870, length: 2221...
Debug|Reading resource 51...
Trace|Color bit encoding: 27
Trace|Reading image header...
Trace|Image header was read:
Trace|Width: 35, Height: 21, RowLength: 105
Trace|BPP: 24, PaletteColors: 0, Transaparency: False
Trace|The image doesn't use a palette.
Trace|Resource 52 offset: 566091, length: 646...
Debug|Reading resource 52...
Trace|Color bit encoding: 27
Trace|Reading image header...
Trace|Image header was read:
Trace|Width: 21, Height: 10, RowLength: 63
Trace|BPP: 24, PaletteColors: 0, Transaparency: False
Trace|The image doesn't use a palette.
Trace|Resource 53 offset: 566737, length: 646...
Debug|Reading resource 53...
Trace|Color bit encoding: 27
Trace|Reading image header...
Trace|Image header was read:
Trace|Width: 21, Height: 10, RowLength: 63
Trace|BPP: 24, PaletteColors: 0, Transaparency: False
Trace|The image doesn't use a palette.
Trace|Resource 54 offset: 567383, length: 646...
Debug|Reading resource 54...
Trace|Color bit encoding: 27
Trace|Reading image header...
Trace|Image header was read:
Trace|Width: 21, Height: 10, RowLength: 63
Trace|BPP: 24, PaletteColors: 0, Transaparency: False
Trace|The image doesn't use a palette.
Trace|Resource 55 offset: 568029, length: 646...
Debug|Reading resource 55...
Trace|Color bit encoding: 27
Trace|Reading image header...
Trace|Image header was read:
Trace|Width: 21, Height: 10, RowLength: 63
Trace|BPP: 24, PaletteColors: 0, Transaparency: False
Trace|The image doesn't use a palette.
Trace|Resource 56 offset: 568675, length: 676...
Debug|Reading resource 56...
Trace|Color bit encoding: 27
Trace|Reading image header...
Trace|Image header was read:
Trace|Width: 22, Height: 10, RowLength: 66
Trace|BPP: 24, PaletteColors: 0, Transaparency: False
Trace|The image doesn't use a palette.
Trace|Resource 57 offset: 569351, length: 676...
Debug|Reading resource 57...
Trace|Color bit encoding: 27
Trace|Reading image header...
Trace|Image header was read:
Trace|Width: 22, Height: 10, RowLength: 66
Trace|BPP: 24, PaletteColors: 0, Transaparency: False
Trace|The image doesn't use a palette.
Trace|Resource 58 offset: 570027, length: 646...
Debug|Reading resource 58...
Trace|Color bit encoding: 27
Trace|Reading image header...
Trace|Image header was read:
Trace|Width: 21, Height: 10, RowLength: 63
Trace|BPP: 24, PaletteColors: 0, Transaparency: False
Trace|The image doesn't use a palette.
Trace|Resource 59 offset: 570673, length: 646...
Debug|Reading resource 59...
Trace|Color bit encoding: 27
Trace|Reading image header...
Trace|Image header was read:
Trace|Width: 21, Height: 10, RowLength: 63
Trace|BPP: 24, PaletteColors: 0, Transaparency: False
Trace|The image doesn't use a palette.
Trace|Resource 60 offset: 571319, length: 646...
Debug|Reading resource 60...
Trace|Color bit encoding: 27
Trace|Reading image header...
Trace|Image header was read:
Trace|Width: 21, Height: 10, RowLength: 63
Trace|BPP: 24, PaletteColors: 0, Transaparency: False
Trace|The image doesn't use a palette.
Trace|Resource 61 offset: 571965, length: 646...
Debug|Reading resource 61...
Trace|Color bit encoding: 27
Trace|Reading image header...
Trace|Image header was read:
Trace|Width: 21, Height: 10, RowLength: 63
Trace|BPP: 24, PaletteColors: 0, Transaparency: False
Trace|The image doesn't use a palette.
Trace|Resource 62 offset: 572611, length: 664...
Debug|Reading resource 62...
Trace|Color bit encoding: 27
Trace|Reading image header...
Trace|Image header was read:
Trace|Width: 18, Height: 12, RowLength: 54
Trace|BPP: 24, PaletteColors: 0, Transaparency: False
Trace|The image doesn't use a palette.
Trace|Resource 63 offset: 573275, length: 736...
Debug|Reading resource 63...
Trace|Color bit encoding: 27
Trace|Reading image header...
Trace|Image header was read:
Trace|Width: 20, Height: 12, RowLength: 60
Trace|BPP: 24, PaletteColors: 0, Transaparency: False
Trace|The image doesn't use a palette.
Trace|Resource 64 offset: 574011, length: 664...
Debug|Reading resource 64...
Trace|Color bit encoding: 27
Trace|Reading image header...
Trace|Image header was read:
Trace|Width: 18, Height: 12, RowLength: 54
Trace|BPP: 24, PaletteColors: 0, Transaparency: False
Trace|The image doesn't use a palette.
Trace|Resource 65 offset: 574675, length: 1444...
Debug|Reading resource 65...
Trace|Color bit encoding: 27
Trace|Reading image header...
Trace|Image header was read:
Trace|Width: 28, Height: 17, RowLength: 84
Trace|BPP: 24, PaletteColors: 0, Transaparency: False
Trace|The image doesn't use a palette.
Trace|Resource 66 offset: 576119, length: 1444...
Debug|Reading resource 66...
Trace|Color bit encoding: 27
Trace|Reading image header...
Trace|Image header was read:
Trace|Width: 28, Height: 17, RowLength: 84
Trace|BPP: 24, PaletteColors: 0, Transaparency: False
Trace|The image doesn't use a palette.
Trace|Resource 67 offset: 577563, length: 1444...
Debug|Reading resource 67...
Trace|Color bit encoding: 27
Trace|Reading image header...
Trace|Image header was read:
Trace|Width: 28, Height: 17, RowLength: 84
Trace|BPP: 24, PaletteColors: 0, Transaparency: False
Trace|The image doesn't use a palette.
Trace|Resource 68 offset: 579007, length: 1444...
Debug|Reading resource 68...
Trace|Color bit encoding: 27
Trace|Reading image header...
Trace|Image header was read:
Trace|Width: 28, Height: 17, RowLength: 84
Trace|BPP: 24, PaletteColors: 0, Transaparency: False
Trace|The image doesn't use a palette.
Trace|Resource 69 offset: 580451, length: 1444...
Debug|Reading resource 69...
Trace|Color bit encoding: 27
Trace|Reading image header...
Trace|Image header was read:
Trace|Width: 28, Height: 17, RowLength: 84
Trace|BPP: 24, PaletteColors: 0, Transaparency: False
Trace|The image doesn't use a palette.
Trace|Resource 70 offset: 581895, length: 1444...
Debug|Reading resource 70...
Trace|Color bit encoding: 27
Trace|Reading image header...
Trace|Image header was read:
Trace|Width: 28, Height: 17, RowLength: 84
Trace|BPP: 24, PaletteColors: 0, Transaparency: False
Trace|The image doesn't use a palette.
Trace|Resource 71 offset: 583339, length: 352...
Debug|Reading resource 71...
Trace|Color bit encoding: 27
Trace|Reading image header...
Trace|Image header was read:
Trace|Width: 8, Height: 14, RowLength: 24
Trace|BPP: 24, PaletteColors: 0, Transaparency: False
Trace|The image doesn't use a palette.
Trace|Resource 72 offset: 583691, length: 352...
Debug|Reading resource 72...
Trace|Color bit encoding: 27
Trace|Reading image header...
Trace|Image header was read:
Trace|Width: 8, Height: 14, RowLength: 24
Trace|BPP: 24, PaletteColors: 0, Transaparency: False
Trace|The image doesn't use a palette.
Trace|Resource 73 offset: 584043, length: 352...
Debug|Reading resource 73...
Trace|Color bit encoding: 27
Trace|Reading image header...
Trace|Image header was read:
Trace|Width: 8, Height: 14, RowLength: 24
Trace|BPP: 24, PaletteColors: 0, Transaparency: False
Trace|The image doesn't use a palette.
Trace|Resource 74 offset: 584395, length: 352...
Debug|Reading resource 74...
Trace|Color bit encoding: 27
Trace|Reading image header...
Trace|Image header was read:
Trace|Width: 8, Height: 14, RowLength: 24
Trace|BPP: 24, PaletteColors: 0, Transaparency: False
Trace|The image doesn't use a palette.
Trace|Resource 75 offset: 584747, length: 352...
Debug|Reading resource 75...
Trace|Color bit encoding: 27
Trace|Reading image header...
Trace|Image header was read:
Trace|Width: 8, Height: 14, RowLength: 24
Trace|BPP: 24, PaletteColors: 0, Transaparency: False
Trace|The image doesn't use a palette.
Trace|Resource 76 offset: 585099, length: 352...
Debug|Reading resource 76...
Trace|Color bit encoding: 27
Trace|Reading image header...
Trace|Image header was read:
Trace|Width: 8, Height: 14, RowLength: 24
Trace|BPP: 24, PaletteColors: 0, Transaparency: False
Trace|The image doesn't use a palette.
Trace|Resource 77 offset: 585451, length: 352...
Debug|Reading resource 77...
Trace|Color bit encoding: 27
Trace|Reading image header...
Trace|Image header was read:
Trace|Width: 8, Height: 14, RowLength: 24
Trace|BPP: 24, PaletteColors: 0, Transaparency: False
Trace|The image doesn't use a palette.
Trace|Resource 78 offset: 585803, length: 352...
Debug|Reading resource 78...
Trace|Color bit encoding: 27
Trace|Reading image header...
Trace|Image header was read:
Trace|Width: 8, Height: 14, RowLength: 24
Trace|BPP: 24, PaletteColors: 0, Transaparency: False
Trace|The image doesn't use a palette.
Trace|Resource 79 offset: 586155, length: 352...
Debug|Reading resource 79...
Trace|Color bit encoding: 27
Trace|Reading image header...
Trace|Image header was read:
Trace|Width: 8, Height: 14, RowLength: 24
Trace|BPP: 24, PaletteColors: 0, Transaparency: False
Trace|The image doesn't use a palette.
Trace|Resource 80 offset: 586507, length: 352...
Debug|Reading resource 80...
Trace|Color bit encoding: 27
Trace|Reading image header...
Trace|Image header was read:
Trace|Width: 8, Height: 14, RowLength: 24
Trace|BPP: 24, PaletteColors: 0, Transaparency: False
Trace|The image doesn't use a palette.
Trace|Resource 81 offset: 586859, length: 562...
Debug|Reading resource 81...
Trace|Color bit encoding: 27
Trace|Reading image header...
Trace|Image header was read:
Trace|Width: 13, Height: 14, RowLength: 39
Trace|BPP: 24, PaletteColors: 0, Transaparency: False
Trace|The image doesn't use a palette.
Trace|Resource 82 offset: 587421, length: 19126...
Debug|Reading resource 82...
Trace|Color bit encoding: 27
Trace|Reading image header...
Trace|Image header was read:
Trace|Width: 130, Height: 49, RowLength: 390
Trace|BPP: 24, PaletteColors: 0, Transaparency: False
Trace|The image doesn't use a palette.
Trace|Resource 83 offset: 606547, length: 19126...
Debug|Reading resource 83...
Trace|Color bit encoding: 27
Trace|Reading image header...
Trace|Image header was read:
Trace|Width: 130, Height: 49, RowLength: 390
Trace|BPP: 24, PaletteColors: 0, Transaparency: False
Trace|The image doesn't use a palette.
Trace|Resource 84 offset: 625673, length: 19126...
Debug|Reading resource 84...
Trace|Color bit encoding: 27
Trace|Reading image header...
Trace|Image header was read:
Trace|Width: 130, Height: 49, RowLength: 390
Trace|BPP: 24, PaletteColors: 0, Transaparency: False
Trace|The image doesn't use a palette.
Trace|Resource 85 offset: 644799, length: 19126...
Debug|Reading resource 85...
Trace|Color bit encoding: 27
Trace|Reading image header...
Trace|Image header was read:
Trace|Width: 130, Height: 49, RowLength: 390
Trace|BPP: 24, PaletteColors: 0, Transaparency: False
Trace|The image doesn't use a palette.
Trace|Resource 86 offset: 663925, length: 19126...
Debug|Reading resource 86...
Trace|Color bit encoding: 27
Trace|Reading image header...
Trace|Image header was read:
Trace|Width: 130, Height: 49, RowLength: 390
Trace|BPP: 24, PaletteColors: 0, Transaparency: False
Trace|The image doesn't use a palette.
Trace|Resource 87 offset: 683051, length: 19126...
Debug|Reading resource 87...
Trace|Color bit encoding: 27
Trace|Reading image header...
Trace|Image header was read:
Trace|Width: 130, Height: 49, RowLength: 390
Trace|BPP: 24, PaletteColors: 0, Transaparency: False
Trace|The image doesn't use a palette.
Trace|Resource 88 offset: 702177, length: 19126...
Debug|Reading resource 88...
Trace|Color bit encoding: 27
Trace|Reading image header...
Trace|Image header was read:
Trace|Width: 130, Height: 49, RowLength: 390
Trace|BPP: 24, PaletteColors: 0, Transaparency: False
Trace|The image doesn't use a palette.
Trace|Resource 89 offset: 721303, length: 19126...
Debug|Reading resource 89...
Trace|Color bit encoding: 27
Trace|Reading image header...
Trace|Image header was read:
Trace|Width: 130, Height: 49, RowLength: 390
Trace|BPP: 24, PaletteColors: 0, Transaparency: False
Trace|The image doesn't use a palette.
Trace|Resource 90 offset: 740429, length: 19126...
Debug|Reading resource 90...
Trace|Color bit encoding: 27
Trace|Reading image header...
Trace|Image header was read:
Trace|Width: 130, Height: 49, RowLength: 390
Trace|BPP: 24, PaletteColors: 0, Transaparency: False
Trace|The image doesn't use a palette.
Trace|Resource 91 offset: 759555, length: 19126...
Debug|Reading resource 91...
Trace|Color bit encoding: 27
Trace|Reading image header...
Trace|Image header was read:
Trace|Width: 130, Height: 49, RowLength: 390
Trace|BPP: 24, PaletteColors: 0, Transaparency: False
Trace|The image doesn't use a palette.
Trace|Resource 92 offset: 778681, length: 19126...
Debug|Reading resource 92...
Trace|Color bit encoding: 27
Trace|Reading image header...
Trace|Image header was read:
Trace|Width: 130, Height: 49, RowLength: 390
Trace|BPP: 24, PaletteColors: 0, Transaparency: False
Trace|The image doesn't use a palette.
Debug|Parsing parameters...
Trace|2 'Background'
Trace|2.1 'Image'
Trace|2.1.1 'X': 0
Trace|2.1.2 'Y': 0
Trace|2.1.3 'ImageIndex': 0
Trace|2.3 'Preview1'
Trace|2.3.1 'X': 21
Trace|2.3.2 'Y': 30
Trace|2.3.3 'ImageIndex': 2
Trace|2.4 'Preview2'
Trace|2.4.1 'X': 21
Trace|2.4.2 'Y': 30
Trace|2.4.3 'ImageIndex': 3
Trace|2.5 'Preview3'
Trace|2.5.1 'X': 21
Trace|2.5.2 'Y': 30
Trace|2.5.3 'ImageIndex': 1
Trace|3 'Time'
Trace|3.1 'Hours'
Trace|3.1.1 'Tens'
Trace|3.1.1.1 'X': 55
Trace|3.1.1.2 'Y': 88
Trace|3.1.1.3 'ImageIndex': 4
Trace|3.1.1.4 'ImagesCount': 10
Trace|3.1.2 'Ones'
Trace|3.1.2.1 'X': 103
Trace|3.1.2.2 'Y': 88
Trace|3.1.2.3 'ImageIndex': 4
Trace|3.1.2.4 'ImagesCount': 10
Trace|3.2 'Minutes'
Trace|3.2.1 'Tens'
Trace|3.2.1.1 'X': 55
Trace|3.2.1.2 'Y': 194
Trace|3.2.1.3 'ImageIndex': 4
Trace|3.2.1.4 'ImagesCount': 10
Trace|3.2.2 'Ones'
Trace|3.2.2.1 'X': 103
Trace|3.2.2.2 'Y': 194
Trace|3.2.2.3 'ImageIndex': 4
Trace|3.2.2.4 'ImagesCount': 10
Trace|3.11 'UnknownV11': 0
Trace|4 'Activity'
Trace|4.1 'Steps'
Trace|4.1.1 'Number'
Trace|4.1.1.1 'TopLeftX': 0
Trace|4.1.1.2 'TopLeftY': 403
Trace|4.1.1.3 'BottomRightX': 76
Trace|4.1.1.4 'BottomRightY': 423
Trace|4.1.1.5 'Alignment': 24
Trace|4.1.1.6 'SpacingX': 0
Trace|4.1.1.7 'SpacingY': 0
Trace|4.1.1.8 'ImageIndex': 14
Trace|4.1.1.9 'ImagesCount': 10
Trace|4.4 'Pulse'
Trace|4.4.1 'Number'
Trace|4.4.1.1 'TopLeftX': 77
Trace|4.4.1.2 'TopLeftY': 403
Trace|4.4.1.3 'BottomRightX': 151
Trace|4.4.1.4 'BottomRightY': 423
Trace|4.4.1.5 'Alignment': 72
Trace|4.4.1.6 'SpacingX': 0
Trace|4.4.1.7 'SpacingY': 0
Trace|4.4.1.8 'ImageIndex': 14
Trace|4.4.1.9 'ImagesCount': 10
Trace|4.4.3 'NoDataImageIndex': 50
Trace|4.4.4 'SuffixImageIndex': 51
Trace|4.7 'UnknownV7': 0
Trace|5 'Date'
Trace|5.1 'MonthAndDayAndYear'
Trace|5.1.2 'OneLine'
Trace|5.1.2.1 'NumberCN'
Trace|5.1.2.1.1 'TopLeftX': 9
Trace|5.1.2.1.2 'TopLeftY': 274
Trace|5.1.2.1.3 'BottomRightX': 55
Trace|5.1.2.1.4 'BottomRightY': 294
Trace|5.1.2.1.5 'Alignment': 18
Trace|5.1.2.1.6 'SpacingX': 0
Trace|5.1.2.1.7 'SpacingY': 0
Trace|5.1.2.1.8 'ImageIndex': 14
Trace|5.1.2.1.9 'ImagesCount': 10
Trace|5.1.2.2 'DelimiterImageIndex': 24
Trace|5.1.4 'TwoDigitsMonth': 1
Trace|5.1.5 'TwoDigitsDay': 1
Trace|5.2 'DayAmPm'
Trace|5.2.1 'X': 9
Trace|5.2.2 'Y': 219
Trace|5.2.3 'ImageIndexAMCN': 46
Trace|5.2.4 'ImageIndexPMCN': 47
Trace|5.2.5 'ImageIndexAMEN': 48
Trace|5.2.6 'ImageIndexPMEN': 49
Trace|5.4 'ENWeekDays'
Trace|5.4.1 'X': 9
Trace|5.4.2 'Y': 246
Trace|5.4.3 'ImageIndex': 25
Trace|5.4.4 'ImagesCount': 7
Trace|5.5 'CNWeekDays'
Trace|5.5.1 'X': 9
Trace|5.5.2 'Y': 246
Trace|5.5.3 'ImageIndex': 39
Trace|5.5.4 'ImagesCount': 7
Trace|5.6 'CN2WeekDays'
Trace|5.6.1 'X': 9
Trace|5.6.2 'Y': 246
Trace|5.6.3 'ImageIndex': 32
Trace|5.6.4 'ImagesCount': 7
Trace|7 'StepsProgress'
Trace|7.3 'Linear'
Trace|7.3.1 'StartImageIndex': 52
Trace|7.3.2 'Segments'
Trace|7.3.2.1 'X': 9
Trace|7.3.2.2 'Y': 377
Trace|7.3.2 'Segments'
Trace|7.3.2.1 'X': 5
Trace|7.3.2.2 'Y': 367
Trace|7.3.2 'Segments'
Trace|7.3.2.1 'X': 4
Trace|7.3.2.2 'Y': 357
Trace|7.3.2 'Segments'
Trace|7.3.2.1 'X': 8
Trace|7.3.2.2 'Y': 347
Trace|7.3.2 'Segments'
Trace|7.3.2.1 'X': 17
Trace|7.3.2.2 'Y': 337
Trace|7.3.2 'Segments'
Trace|7.3.2.1 'X': 37
Trace|7.3.2.2 'Y': 337
Trace|7.3.2 'Segments'
Trace|7.3.2.1 'X': 47
Trace|7.3.2.2 'Y': 347
Trace|7.3.2 'Segments'
Trace|7.3.2.1 'X': 52
Trace|7.3.2.2 'Y': 357
Trace|7.3.2 'Segments'
Trace|7.3.2.1 'X': 51
Trace|7.3.2.2 'Y': 367
Trace|7.3.2 'Segments'
Trace|7.3.2.1 'X': 47
Trace|7.3.2.2 'Y': 377
Trace|8 'Status'
Trace|8.1 'DoNotDisturb'
Trace|8.1.1 'Coordinates'
Trace|8.1.1.1 'X': 90
Trace|8.1.1.2 'Y': 64
Trace|8.1.2 'ImageIndexOn': 63
Trace|8.2 'Lock'
Trace|8.2.1 'Coordinates'
Trace|8.2.1.1 'X': 110
Trace|8.2.1.2 'Y': 64
Trace|8.2.3 'ImageIndexOff': 64
Trace|8.3 'Bluetooth'
Trace|8.3.1 'Coordinates'
Trace|8.3.1.1 'X': 128
Trace|8.3.1.2 'Y': 64
Trace|8.3.3 'ImageIndexOff': 62
Trace|9 'Battery'
Trace|9.1 'BatteryText'
Trace|9.1.1 'Coordinates'
Trace|9.1.1.1 'TopLeftX': 69
Trace|9.1.1.2 'TopLeftY': 27
Trace|9.1.1.3 'BottomRightX': 151
Trace|9.1.1.4 'BottomRightY': 41
Trace|9.1.1.5 'Alignment': 18
Trace|9.1.1.6 'SpacingX': 0
Trace|9.1.1.7 'SpacingY': 0
Trace|9.1.1.8 'ImageIndex': 71
Trace|9.1.1.9 'ImagesCount': 10
Trace|9.1.4 'SuffixImageIndex': 81
Trace|9.2 'BatteryIcon'
Trace|9.2.1 'X': 12
Trace|9.2.2 'Y': 6
Trace|9.2.3 'ImageIndex': 82
Trace|9.2.4 'ImagesCount': 11
Trace|12 'HeartProgress'
Trace|12.3 'Linear'
Trace|12.3.1 'StartImageIndex': 65
Trace|12.3.2 'Segments'
Trace|12.3.2.1 'X': 87
Trace|12.3.2.2 'Y': 372
Trace|12.3.2 'Segments'
Trace|12.3.2.1 'X': 86
Trace|12.3.2.2 'Y': 355
Trace|12.3.2 'Segments'
Trace|12.3.2.1 'X': 86
Trace|12.3.2.2 'Y': 338
Trace|12.3.2 'Segments'
Trace|12.3.2.1 'X': 114
Trace|12.3.2.2 'Y': 338
Trace|12.3.2 'Segments'
Trace|12.3.2.1 'X': 115
Trace|12.3.2.2 'Y': 355
Trace|12.3.2 'Segments'
Trace|12.3.2.1 'X': 115
Trace|12.3.2.2 'Y': 372
Debug|Generating previews...
Debug|Exporting resources to 'E:\Рабочий стол\Mi Band 5 WatchFace Editor\NEW WATCHFACE\??\????'
Debug|Extracting E:\Рабочий стол\Mi Band 5 WatchFace Editor\NEW WATCHFACE\??\????\0000.png...
Debug|Extracting E:\Рабочий стол\Mi Band 5 WatchFace Editor\NEW WATCHFACE\??\????\0001.png...
Debug|Extracting E:\Рабочий стол\Mi Band 5 WatchFace Editor\NEW WATCHFACE\??\????\0002.png...
Debug|Extracting E:\Рабочий стол\Mi Band 5 WatchFace Editor\NEW WATCHFACE\??\????\0003.png...
Debug|Extracting E:\Рабочий стол\Mi Band 5 WatchFace Editor\NEW WATCHFACE\??\????\0004.png...
Debug|Extracting E:\Рабочий стол\Mi Band 5 WatchFace Editor\NEW WATCHFACE\??\????\0005.png...
Debug|Extracting E:\Рабочий стол\Mi Band 5 WatchFace Editor\NEW WATCHFACE\??\????\0006.png...
Debug|Extracting E:\Рабочий стол\Mi Band 5 WatchFace Editor\NEW WATCHFACE\??\????\0007.png...
Debug|Extracting E:\Рабочий стол\Mi Band 5 WatchFace Editor\NEW WATCHFACE\??\????\0008.png...
Debug|Extracting E:\Рабочий стол\Mi Band 5 WatchFace Editor\NEW WATCHFACE\??\????\0009.png...
Debug|Extracting E:\Рабочий стол\Mi Band 5 WatchFace Editor\NEW WATCHFACE\??\????\0010.png...
Debug|Extracting E:\Рабочий стол\Mi Band 5 WatchFace Editor\NEW WATCHFACE\??\????\0011.png...
Debug|Extracting E:\Рабочий стол\Mi Band 5 WatchFace Editor\NEW WATCHFACE\??\????\0012.png...
Debug|Extracting E:\Рабочий стол\Mi Band 5 WatchFace Editor\NEW WATCHFACE\??\????\0013.png...
Debug|Extracting E:\Рабочий стол\Mi Band 5 WatchFace Editor\NEW WATCHFACE\??\????\0014.png...
Debug|Extracting E:\Рабочий стол\Mi Band 5 WatchFace Editor\NEW WATCHFACE\??\????\0015.png...
Debug|Extracting E:\Рабочий стол\Mi Band 5 WatchFace Editor\NEW WATCHFACE\??\????\0016.png...
Debug|Extracting E:\Рабочий стол\Mi Band 5 WatchFace Editor\NEW WATCHFACE\??\????\0017.png...
Debug|Extracting E:\Рабочий стол\Mi Band 5 WatchFace Editor\NEW WATCHFACE\??\????\0018.png...
Debug|Extracting E:\Рабочий стол\Mi Band 5 WatchFace Editor\NEW WATCHFACE\??\????\0019.png...
Debug|Extracting E:\Рабочий стол\Mi Band 5 WatchFace Editor\NEW WATCHFACE\??\????\0020.png...
Debug|Extracting E:\Рабочий стол\Mi Band 5 WatchFace Editor\NEW WATCHFACE\??\????\0021.png...
Debug|Extracting E:\Рабочий стол\Mi Band 5 WatchFace Editor\NEW WATCHFACE\??\????\0022.png...
Debug|Extracting E:\Рабочий стол\Mi Band 5 WatchFace Editor\NEW WATCHFACE\??\????\0023.png...
Debug|Extracting E:\Рабочий стол\Mi Band 5 WatchFace Editor\NEW WATCHFACE\??\????\0024.png...
Debug|Extracting E:\Рабочий стол\Mi Band 5 WatchFace Editor\NEW WATCHFACE\??\????\0025.png...
Debug|Extracting E:\Рабочий стол\Mi Band 5 WatchFace Editor\NEW WATCHFACE\??\????\0026.png...
Debug|Extracting E:\Рабочий стол\Mi Band 5 WatchFace Editor\NEW WATCHFACE\??\????\0027.png...
Debug|Extracting E:\Рабочий стол\Mi Band 5 WatchFace Editor\NEW WATCHFACE\??\????\0028.png...
Debug|Extracting E:\Рабочий стол\Mi Band 5 WatchFace Editor\NEW WATCHFACE\??\????\0029.png...
Debug|Extracting E:\Рабочий стол\Mi Band 5 WatchFace Editor\NEW WATCHFACE\??\????\0030.png...
Debug|Extracting E:\Рабочий стол\Mi Band 5 WatchFace Editor\NEW WATCHFACE\??\????\0031.png...
Debug|Extracting E:\Рабочий стол\Mi Band 5 WatchFace Editor\NEW WATCHFACE\??\????\0032.png...
Debug|Extracting E:\Рабочий стол\Mi Band 5 WatchFace Editor\NEW WATCHFACE\??\????\0033.png...
Debug|Extracting E:\Рабочий стол\Mi Band 5 WatchFace Editor\NEW WATCHFACE\??\????\0034.png...
Debug|Extracting E:\Рабочий стол\Mi Band 5 WatchFace Editor\NEW WATCHFACE\??\????\0035.png...
Debug|Extracting E:\Рабочий стол\Mi Band 5 WatchFace Editor\NEW WATCHFACE\??\????\0036.png...
Debug|Extracting E:\Рабочий стол\Mi Band 5 WatchFace Editor\NEW WATCHFACE\??\????\0037.png...
Debug|Extracting E:\Рабочий стол\Mi Band 5 WatchFace Editor\NEW WATCHFACE\??\????\0038.png...
Debug|Extracting E:\Рабочий стол\Mi Band 5 WatchFace Editor\NEW WATCHFACE\??\????\0039.png...
Debug|Extracting E:\Рабочий стол\Mi Band 5 WatchFace Editor\NEW WATCHFACE\??\????\0040.png...
Debug|Extracting E:\Рабочий стол\Mi Band 5 WatchFace Editor\NEW WATCHFACE\??\????\0041.png...
Debug|Extracting E:\Рабочий стол\Mi Band 5 WatchFace Editor\NEW WATCHFACE\??\????\0042.png...
Debug|Extracting E:\Рабочий стол\Mi Band 5 WatchFace Editor\NEW WATCHFACE\??\????\0043.png...
Debug|Extracting E:\Рабочий стол\Mi Band 5 WatchFace Editor\NEW WATCHFACE\??\????\0044.png...
Debug|Extracting E:\Рабочий стол\Mi Band 5 WatchFace Editor\NEW WATCHFACE\??\????\0045.png...
Debug|Extracting E:\Рабочий стол\Mi Band 5 WatchFace Editor\NEW WATCHFACE\??\????\0046.png...
Debug|Extracting E:\Рабочий стол\Mi Band 5 WatchFace Editor\NEW WATCHFACE\??\????\0047.png...
Debug|Extracting E:\Рабочий стол\Mi Band 5 WatchFace Editor\NEW WATCHFACE\??\????\0048.png...
Debug|Extracting E:\Рабочий стол\Mi Band 5 WatchFace Editor\NEW WATCHFACE\??\????\0049.png...
Debug|Extracting E:\Рабочий стол\Mi Band 5 WatchFace Editor\NEW WATCHFACE\??\????\0050.png...
Debug|Extracting E:\Рабочий стол\Mi Band 5 WatchFace Editor\NEW WATCHFACE\??\????\0051.png...
Debug|Extracting E:\Рабочий стол\Mi Band 5 WatchFace Editor\NEW WATCHFACE\??\????\0052.png...
Debug|Extracting E:\Рабочий стол\Mi Band 5 WatchFace Editor\NEW WATCHFACE\??\????\0053.png...
Debug|Extracting E:\Рабочий стол\Mi Band 5 WatchFace Editor\NEW WATCHFACE\??\????\0054.png...
Debug|Extracting E:\Рабочий стол\Mi Band 5 WatchFace Editor\NEW WATCHFACE\??\????\0055.png...
Debug|Extracting E:\Рабочий стол\Mi Band 5 WatchFace Editor\NEW WATCHFACE\??\????\0056.png...
Debug|Extracting E:\Рабочий стол\Mi Band 5 WatchFace Editor\NEW WATCHFACE\??\????\0057.png...
Debug|Extracting E:\Рабочий стол\Mi Band 5 WatchFace Editor\NEW WATCHFACE\??\????\0058.png...
Debug|Extracting E:\Рабочий стол\Mi Band 5 WatchFace Editor\NEW WATCHFACE\??\????\0059.png...
Debug|Extracting E:\Рабочий стол\Mi Band 5 WatchFace Editor\NEW WATCHFACE\??\????\0060.png...
Debug|Extracting E:\Рабочий стол\Mi Band 5 WatchFace Editor\NEW WATCHFACE\??\????\0061.png...
Debug|Extracting E:\Рабочий стол\Mi Band 5 WatchFace Editor\NEW WATCHFACE\??\????\0062.png...
Debug|Extracting E:\Рабочий стол\Mi Band 5 WatchFace Editor\NEW WATCHFACE\??\????\0063.png...
Debug|Extracting E:\Рабочий стол\Mi Band 5 WatchFace Editor\NEW WATCHFACE\??\????\0064.png...
Debug|Extracting E:\Рабочий стол\Mi Band 5 WatchFace Editor\NEW WATCHFACE\??\????\0065.png...
Debug|Extracting E:\Рабочий стол\Mi Band 5 WatchFace Editor\NEW WATCHFACE\??\????\0066.png...
Debug|Extracting E:\Рабочий стол\Mi Band 5 WatchFace Editor\NEW WATCHFACE\??\????\0067.png...
Debug|Extracting E:\Рабочий стол\Mi Band 5 WatchFace Editor\NEW WATCHFACE\??\????\0068.png...
Debug|Extracting E:\Рабочий стол\Mi Band 5 WatchFace Editor\NEW WATCHFACE\??\????\0069.png...
Debug|Extracting E:\Рабочий стол\Mi Band 5 WatchFace Editor\NEW WATCHFACE\??\????\0070.png...
Debug|Extracting E:\Рабочий стол\Mi Band 5 WatchFace Editor\NEW WATCHFACE\??\????\0071.png...
Debug|Extracting E:\Рабочий стол\Mi Band 5 WatchFace Editor\NEW WATCHFACE\??\????\0072.png...
Debug|Extracting E:\Рабочий стол\Mi Band 5 WatchFace Editor\NEW WATCHFACE\??\????\0073.png...
Debug|Extracting E:\Рабочий стол\Mi Band 5 WatchFace Editor\NEW WATCHFACE\??\????\0074.png...
Debug|Extracting E:\Рабочий стол\Mi Band 5 WatchFace Editor\NEW WATCHFACE\??\????\0075.png...
Debug|Extracting E:\Рабочий стол\Mi Band 5 WatchFace Editor\NEW WATCHFACE\??\????\0076.png...
Debug|Extracting E:\Рабочий стол\Mi Band 5 WatchFace Editor\NEW WATCHFACE\??\????\0077.png...
Debug|Extracting E:\Рабочий стол\Mi Band 5 WatchFace Editor\NEW WATCHFACE\??\????\0078.png...
Debug|Extracting E:\Рабочий стол\Mi Band 5 WatchFace Editor\NEW WATCHFACE\??\????\0079.png...
Debug|Extracting E:\Рабочий стол\Mi Band 5 WatchFace Editor\NEW WATCHFACE\??\????\0080.png...
Debug|Extracting E:\Рабочий стол\Mi Band 5 WatchFace Editor\NEW WATCHFACE\??\????\0081.png...
Debug|Extracting E:\Рабочий стол\Mi Band 5 WatchFace Editor\NEW WATCHFACE\??\????\0082.png...
Debug|Extracting E:\Рабочий стол\Mi Band 5 WatchFace Editor\NEW WATCHFACE\??\????\0083.png...
Debug|Extracting E:\Рабочий стол\Mi Band 5 WatchFace Editor\NEW WATCHFACE\??\????\0084.png...
Debug|Extracting E:\Рабочий стол\Mi Band 5 WatchFace Editor\NEW WATCHFACE\??\????\0085.png...
Debug|Extracting E:\Рабочий стол\Mi Band 5 WatchFace Editor\NEW WATCHFACE\??\????\0086.png...
Debug|Extracting E:\Рабочий стол\Mi Band 5 WatchFace Editor\NEW WATCHFACE\??\????\0087.png...
Debug|Extracting E:\Рабочий стол\Mi Band 5 WatchFace Editor\NEW WATCHFACE\??\????\0088.png...
Debug|Extracting E:\Рабочий стол\Mi Band 5 WatchFace Editor\NEW WATCHFACE\??\????\0089.png...
Debug|Extracting E:\Рабочий стол\Mi Band 5 WatchFace Editor\NEW WATCHFACE\??\????\0090.png...
Debug|Extracting E:\Рабочий стол\Mi Band 5 WatchFace Editor\NEW WATCHFACE\??\????\0091.png...
Debug|Extracting E:\Рабочий стол\Mi Band 5 WatchFace Editor\NEW WATCHFACE\??\????\0092.png...
Debug|Exporting config...
