Debug|Opening watch face 'E:\Рабочий стол\Mi Band 5 WatchFace Editor\NEW WATCHFACE\wface_4.bin'
Debug|Reading parameters...
Trace|Reading header...
Trace|Header was read:
Trace|Signature: UIHH, Unknown: 16777215, ParametersSize: 46, IsValid: True
Trace|Reading parameter offsets...
Trace|Parameter offsets were read from file
Trace|Reading parameters descriptor...
Trace|1 (0A): 5 bytes
Trace|    1 (08): 341 (155)
Trace|    2 (10): 66 (42)
Trace|Parameters descriptor was read:
Trace|ParametrsTableLength: 341, ImagesCount: 66
Trace|Reading parameters locations...
Trace|2 (12): 4 bytes
Trace|    1 (08): 0 (00)
Trace|    2 (10): 32 (20)
Trace|3 (1A): 4 bytes
Trace|    1 (08): 32 (20)
Trace|    2 (10): 57 (39)
Trace|4 (22): 5 bytes
Trace|    1 (08): 178 (B2)
Trace|    2 (10): 123 (7B)
Trace|5 (2A): 4 bytes
Trace|    1 (08): 89 (59)
Trace|    2 (10): 89 (59)
Trace|8 (42): 5 bytes
Trace|    1 (08): 301 (12D)
Trace|    2 (10): 30 (1E)
Trace|9 (4A): 5 bytes
Trace|    1 (08): 331 (14B)
Trace|    2 (10): 10 (0A)
Trace|Watch face parameters locations were read:
Trace|Reading descriptor for parameter 2
Trace|Descriptor offset: 0, Descriptor length: 32
Trace|Parsing descriptor for parameter 2...
Trace|1 (0A): 6 bytes
Trace|    1 (08): 0 (00)
Trace|    2 (10): 0 (00)
Trace|    3 (18): 0 (00)
Trace|3 (1A): 6 bytes
Trace|    1 (08): 21 (15)
Trace|    2 (10): 30 (1E)
Trace|    3 (18): 2 (02)
Trace|4 (22): 6 bytes
Trace|    1 (08): 21 (15)
Trace|    2 (10): 30 (1E)
Trace|    3 (18): 3 (03)
Trace|5 (2A): 6 bytes
Trace|    1 (08): 21 (15)
Trace|    2 (10): 30 (1E)
Trace|    3 (18): 1 (01)
Trace|Reading descriptor for parameter 3
Trace|Descriptor offset: 32, Descriptor length: 57
Trace|Parsing descriptor for parameter 3...
Trace|1 (0A): 20 bytes
Trace|    1 (0A): 8 bytes
Trace|        1 (08): 1 (01)
Trace|        2 (10): 98 (62)
Trace|        3 (18): 4 (04)
Trace|        4 (20): 10 (0A)
Trace|    2 (12): 8 bytes
Trace|        1 (08): 61 (3D)
Trace|        2 (10): 79 (4F)
Trace|        3 (18): 4 (04)
Trace|        4 (20): 10 (0A)
Trace|2 (12): 22 bytes
Trace|    1 (0A): 9 bytes
Trace|        1 (08): 21 (15)
Trace|        2 (10): 171 (AB)
Trace|        3 (18): 4 (04)
Trace|        4 (20): 10 (0A)
Trace|    2 (12): 9 bytes
Trace|        1 (08): 81 (51)
Trace|        2 (10): 152 (98)
Trace|        3 (18): 4 (04)
Trace|        4 (20): 10 (0A)
Trace|6 (32): 7 bytes
Trace|    1 (08): 81 (51)
Trace|    2 (10): 219 (DB)
Trace|    3 (18): 14 (0E)
Trace|11 (58): 0 (00)
Trace|Reading descriptor for parameter 4
Trace|Descriptor offset: 178, Descriptor length: 123
Trace|Parsing descriptor for parameter 4...
Trace|1 (0A): 32 bytes
Trace|    1 (0A): 30 bytes
Trace|        1 (08): 57 (39)
Trace|        2 (10): 435 (1B3)
Trace|        3 (18): 151 (97)
Trace|        4 (20): 453 (1C5)
Trace|        5 (28): 18 (12)
Trace|        6 (30): 0 (00)
Trace|        7 (38): -5 (FFFFFFFFFFFFFFFB)
Trace|        8 (40): 15 (0F)
Trace|        9 (48): 10 (0A)
Trace|4 (22): 42 bytes
Trace|    1 (0A): 38 bytes
Trace|        1 (08): 32 (20)
Trace|        2 (10): 398 (18E)
Trace|        3 (18): 72 (48)
Trace|        4 (20): 416 (1A0)
Trace|        5 (28): 18 (12)
Trace|        6 (30): -1 (FFFFFFFFFFFFFFFF)
Trace|        7 (38): -5 (FFFFFFFFFFFFFFFB)
Trace|        8 (40): 15 (0F)
Trace|        9 (48): 10 (0A)
Trace|    3 (18): 51 (33)
Trace|6 (32): 41 bytes
Trace|    1 (0A): 39 bytes
Trace|        1 (08): 47 (2F)
Trace|        2 (10): 295 (127)
Trace|        3 (18): 151 (97)
Trace|        4 (20): 313 (139)
Trace|        5 (28): 18 (12)
Trace|        6 (30): -1 (FFFFFFFFFFFFFFFF)
Trace|        7 (38): -5 (FFFFFFFFFFFFFFFB)
Trace|        8 (40): 15 (0F)
Trace|        9 (48): 10 (0A)
Trace|7 (38): 0 (00)
Trace|Reading descriptor for parameter 5
Trace|Descriptor offset: 89, Descriptor length: 89
Trace|Parsing descriptor for parameter 5...
Trace|1 (0A): 39 bytes
Trace|    2 (12): 33 bytes
Trace|        1 (0A): 29 bytes
Trace|            1 (08): 8 (08)
Trace|            2 (10): 371 (173)
Trace|            3 (18): 76 (4C)
Trace|            4 (20): 389 (185)
Trace|            5 (28): 18 (12)
Trace|            6 (30): 0 (00)
Trace|            7 (38): -5 (FFFFFFFFFFFFFFFB)
Trace|            8 (40): 15 (0F)
Trace|            9 (48): 10 (0A)
Trace|        2 (10): 25 (19)
Trace|    4 (20): 1 (01)
Trace|    5 (28): 1 (01)
Trace|2 (12): 13 bytes
Trace|    1 (08): 5 (05)
Trace|    2 (10): 270 (10E)
Trace|    3 (18): 47 (2F)
Trace|    4 (20): 48 (30)
Trace|    5 (28): 49 (31)
Trace|    6 (30): 50 (32)
Trace|4 (22): 9 bytes
Trace|    1 (08): 5 (05)
Trace|    2 (10): 339 (153)
Trace|    3 (18): 26 (1A)
Trace|    4 (20): 7 (07)
Trace|5 (2A): 9 bytes
Trace|    1 (08): 5 (05)
Trace|    2 (10): 339 (153)
Trace|    3 (18): 40 (28)
Trace|    4 (20): 7 (07)
Trace|6 (32): 9 bytes
Trace|    1 (08): 5 (05)
Trace|    2 (10): 339 (153)
Trace|    3 (18): 33 (21)
Trace|    4 (20): 7 (07)
Trace|Reading descriptor for parameter 8
Trace|Descriptor offset: 301, Descriptor length: 30
Trace|Parsing descriptor for parameter 8...
Trace|1 (0A): 8 bytes
Trace|    1 (0A): 4 bytes
Trace|        1 (08): 47 (2F)
Trace|        2 (10): 46 (2E)
Trace|    2 (10): 53 (35)
Trace|2 (12): 8 bytes
Trace|    1 (0A): 4 bytes
Trace|        1 (08): 28 (1C)
Trace|        2 (10): 53 (35)
Trace|    3 (18): 54 (36)
Trace|3 (1A): 8 bytes
Trace|    1 (0A): 4 bytes
Trace|        1 (08): 9 (09)
Trace|        2 (10): 59 (3B)
Trace|    3 (18): 52 (34)
Trace|Reading descriptor for parameter 9
Trace|Descriptor offset: 331, Descriptor length: 10
Trace|Parsing descriptor for parameter 9...
Trace|2 (12): 8 bytes
Trace|    1 (08): 84 (54)
Trace|    2 (10): 26 (1A)
Trace|    3 (18): 55 (37)
Trace|    4 (20): 11 (0B)
Trace|Reading resources offsets table with 66 elements (264 bytes)
Debug|Reading 66 resources...
Trace|Resource 0 offset: 738, length: 147760...
Debug|Reading resource 0...
Trace|Color bit encoding: 9
Trace|Reading image header...
Trace|Image header was read:
Trace|Width: 152, Height: 486, RowLength: 304
Trace|BPP: 16, PaletteColors: 0, Transaparency: False
Trace|The image doesn't use a palette.
Trace|Resource 1 offset: 148498, length: 116176...
Debug|Reading resource 1...
Trace|Color bit encoding: 27
Trace|Reading image header...
Trace|Image header was read:
Trace|Width: 110, Height: 352, RowLength: 330
Trace|BPP: 24, PaletteColors: 0, Transaparency: False
Trace|The image doesn't use a palette.
Trace|Resource 2 offset: 264674, length: 116176...
Debug|Reading resource 2...
Trace|Color bit encoding: 27
Trace|Reading image header...
Trace|Image header was read:
Trace|Width: 110, Height: 352, RowLength: 330
Trace|BPP: 24, PaletteColors: 0, Transaparency: False
Trace|The image doesn't use a palette.
Trace|Resource 3 offset: 380850, length: 116176...
Debug|Reading resource 3...
Trace|Color bit encoding: 27
Trace|Reading image header...
Trace|Image header was read:
Trace|Width: 110, Height: 352, RowLength: 330
Trace|BPP: 24, PaletteColors: 0, Transaparency: False
Trace|The image doesn't use a palette.
Trace|Resource 4 offset: 497026, length: 32416...
Debug|Reading resource 4...
Trace|Color bit encoding: 27
Trace|Reading image header...
Trace|Image header was read:
Trace|Width: 120, Height: 90, RowLength: 360
Trace|BPP: 24, PaletteColors: 0, Transaparency: False
Trace|The image doesn't use a palette.
Trace|Resource 5 offset: 529442, length: 32416...
Debug|Reading resource 5...
Trace|Color bit encoding: 27
Trace|Reading image header...
Trace|Image header was read:
Trace|Width: 120, Height: 90, RowLength: 360
Trace|BPP: 24, PaletteColors: 0, Transaparency: False
Trace|The image doesn't use a palette.
Trace|Resource 6 offset: 561858, length: 32416...
Debug|Reading resource 6...
Trace|Color bit encoding: 27
Trace|Reading image header...
Trace|Image header was read:
Trace|Width: 120, Height: 90, RowLength: 360
Trace|BPP: 24, PaletteColors: 0, Transaparency: False
Trace|The image doesn't use a palette.
Trace|Resource 7 offset: 594274, length: 32416...
Debug|Reading resource 7...
Trace|Color bit encoding: 27
Trace|Reading image header...
Trace|Image header was read:
Trace|Width: 120, Height: 90, RowLength: 360
Trace|BPP: 24, PaletteColors: 0, Transaparency: False
Trace|The image doesn't use a palette.
Trace|Resource 8 offset: 626690, length: 32416...
Debug|Reading resource 8...
Trace|Color bit encoding: 27
Trace|Reading image header...
Trace|Image header was read:
Trace|Width: 120, Height: 90, RowLength: 360
Trace|BPP: 24, PaletteColors: 0, Transaparency: False
Trace|The image doesn't use a palette.
Trace|Resource 9 offset: 659106, length: 32416...
Debug|Reading resource 9...
Trace|Color bit encoding: 27
Trace|Reading image header...
Trace|Image header was read:
Trace|Width: 120, Height: 90, RowLength: 360
Trace|BPP: 24, PaletteColors: 0, Transaparency: False
Trace|The image doesn't use a palette.
Trace|Resource 10 offset: 691522, length: 32416...
Debug|Reading resource 10...
Trace|Color bit encoding: 27
Trace|Reading image header...
Trace|Image header was read:
Trace|Width: 120, Height: 90, RowLength: 360
Trace|BPP: 24, PaletteColors: 0, Transaparency: False
Trace|The image doesn't use a palette.
Trace|Resource 11 offset: 723938, length: 32416...
Debug|Reading resource 11...
Trace|Color bit encoding: 27
Trace|Reading image header...
Trace|Image header was read:
Trace|Width: 120, Height: 90, RowLength: 360
Trace|BPP: 24, PaletteColors: 0, Transaparency: False
Trace|The image doesn't use a palette.
Trace|Resource 12 offset: 756354, length: 32416...
Debug|Reading resource 12...
Trace|Color bit encoding: 27
Trace|Reading image header...
Trace|Image header was read:
Trace|Width: 120, Height: 90, RowLength: 360
Trace|BPP: 24, PaletteColors: 0, Transaparency: False
Trace|The image doesn't use a palette.
Trace|Resource 13 offset: 788770, length: 32416...
Debug|Reading resource 13...
Trace|Color bit encoding: 27
Trace|Reading image header...
Trace|Image header was read:
Trace|Width: 120, Height: 90, RowLength: 360
Trace|BPP: 24, PaletteColors: 0, Transaparency: False
Trace|The image doesn't use a palette.
Trace|Resource 14 offset: 821186, length: 19600...
Debug|Reading resource 14...
Trace|Color bit encoding: 27
Trace|Reading image header...
Trace|Image header was read:
Trace|Width: 102, Height: 64, RowLength: 306
Trace|BPP: 24, PaletteColors: 0, Transaparency: False
Trace|The image doesn't use a palette.
Trace|Resource 15 offset: 840786, length: 772...
Debug|Reading resource 15...
Trace|Color bit encoding: 27
Trace|Reading image header...
Trace|Image header was read:
Trace|Width: 14, Height: 18, RowLength: 42
Trace|BPP: 24, PaletteColors: 0, Transaparency: False
Trace|The image doesn't use a palette.
Trace|Resource 16 offset: 841558, length: 772...
Debug|Reading resource 16...
Trace|Color bit encoding: 27
Trace|Reading image header...
Trace|Image header was read:
Trace|Width: 14, Height: 18, RowLength: 42
Trace|BPP: 24, PaletteColors: 0, Transaparency: False
Trace|The image doesn't use a palette.
Trace|Resource 17 offset: 842330, length: 772...
Debug|Reading resource 17...
Trace|Color bit encoding: 27
Trace|Reading image header...
Trace|Image header was read:
Trace|Width: 14, Height: 18, RowLength: 42
Trace|BPP: 24, PaletteColors: 0, Transaparency: False
Trace|The image doesn't use a palette.
Trace|Resource 18 offset: 843102, length: 772...
Debug|Reading resource 18...
Trace|Color bit encoding: 27
Trace|Reading image header...
Trace|Image header was read:
Trace|Width: 14, Height: 18, RowLength: 42
Trace|BPP: 24, PaletteColors: 0, Transaparency: False
Trace|The image doesn't use a palette.
Trace|Resource 19 offset: 843874, length: 772...
Debug|Reading resource 19...
Trace|Color bit encoding: 27
Trace|Reading image header...
Trace|Image header was read:
Trace|Width: 14, Height: 18, RowLength: 42
Trace|BPP: 24, PaletteColors: 0, Transaparency: False
Trace|The image doesn't use a palette.
Trace|Resource 20 offset: 844646, length: 772...
Debug|Reading resource 20...
Trace|Color bit encoding: 27
Trace|Reading image header...
Trace|Image header was read:
Trace|Width: 14, Height: 18, RowLength: 42
Trace|BPP: 24, PaletteColors: 0, Transaparency: False
Trace|The image doesn't use a palette.
Trace|Resource 21 offset: 845418, length: 772...
Debug|Reading resource 21...
Trace|Color bit encoding: 27
Trace|Reading image header...
Trace|Image header was read:
Trace|Width: 14, Height: 18, RowLength: 42
Trace|BPP: 24, PaletteColors: 0, Transaparency: False
Trace|The image doesn't use a palette.
Trace|Resource 22 offset: 846190, length: 772...
Debug|Reading resource 22...
Trace|Color bit encoding: 27
Trace|Reading image header...
Trace|Image header was read:
Trace|Width: 14, Height: 18, RowLength: 42
Trace|BPP: 24, PaletteColors: 0, Transaparency: False
Trace|The image doesn't use a palette.
Trace|Resource 23 offset: 846962, length: 772...
Debug|Reading resource 23...
Trace|Color bit encoding: 27
Trace|Reading image header...
Trace|Image header was read:
Trace|Width: 14, Height: 18, RowLength: 42
Trace|BPP: 24, PaletteColors: 0, Transaparency: False
Trace|The image doesn't use a palette.
Trace|Resource 24 offset: 847734, length: 772...
Debug|Reading resource 24...
Trace|Color bit encoding: 27
Trace|Reading image header...
Trace|Image header was read:
Trace|Width: 14, Height: 18, RowLength: 42
Trace|BPP: 24, PaletteColors: 0, Transaparency: False
Trace|The image doesn't use a palette.
Trace|Resource 25 offset: 848506, length: 814...
Debug|Reading resource 25...
Trace|Color bit encoding: 27
Trace|Reading image header...
Trace|Image header was read:
Trace|Width: 14, Height: 19, RowLength: 42
Trace|BPP: 24, PaletteColors: 0, Transaparency: False
Trace|The image doesn't use a palette.
Trace|Resource 26 offset: 849320, length: 4432...
Debug|Reading resource 26...
Trace|Color bit encoding: 27
Trace|Reading image header...
Trace|Image header was read:
Trace|Width: 46, Height: 32, RowLength: 138
Trace|BPP: 24, PaletteColors: 0, Transaparency: False
Trace|The image doesn't use a palette.
Trace|Resource 27 offset: 853752, length: 4432...
Debug|Reading resource 27...
Trace|Color bit encoding: 27
Trace|Reading image header...
Trace|Image header was read:
Trace|Width: 46, Height: 32, RowLength: 138
Trace|BPP: 24, PaletteColors: 0, Transaparency: False
Trace|The image doesn't use a palette.
Trace|Resource 28 offset: 858184, length: 4432...
Debug|Reading resource 28...
Trace|Color bit encoding: 27
Trace|Reading image header...
Trace|Image header was read:
Trace|Width: 46, Height: 32, RowLength: 138
Trace|BPP: 24, PaletteColors: 0, Transaparency: False
Trace|The image doesn't use a palette.
Trace|Resource 29 offset: 862616, length: 4432...
Debug|Reading resource 29...
Trace|Color bit encoding: 27
Trace|Reading image header...
Trace|Image header was read:
Trace|Width: 46, Height: 32, RowLength: 138
Trace|BPP: 24, PaletteColors: 0, Transaparency: False
Trace|The image doesn't use a palette.
Trace|Resource 30 offset: 867048, length: 4432...
Debug|Reading resource 30...
Trace|Color bit encoding: 27
Trace|Reading image header...
Trace|Image header was read:
Trace|Width: 46, Height: 32, RowLength: 138
Trace|BPP: 24, PaletteColors: 0, Transaparency: False
Trace|The image doesn't use a palette.
Trace|Resource 31 offset: 871480, length: 4432...
Debug|Reading resource 31...
Trace|Color bit encoding: 27
Trace|Reading image header...
Trace|Image header was read:
Trace|Width: 46, Height: 32, RowLength: 138
Trace|BPP: 24, PaletteColors: 0, Transaparency: False
Trace|The image doesn't use a palette.
Trace|Resource 32 offset: 875912, length: 4432...
Debug|Reading resource 32...
Trace|Color bit encoding: 27
Trace|Reading image header...
Trace|Image header was read:
Trace|Width: 46, Height: 32, RowLength: 138
Trace|BPP: 24, PaletteColors: 0, Transaparency: False
Trace|The image doesn't use a palette.
Trace|Resource 33 offset: 880344, length: 4432...
Debug|Reading resource 33...
Trace|Color bit encoding: 27
Trace|Reading image header...
Trace|Image header was read:
Trace|Width: 46, Height: 32, RowLength: 138
Trace|BPP: 24, PaletteColors: 0, Transaparency: False
Trace|The image doesn't use a palette.
Trace|Resource 34 offset: 884776, length: 4432...
Debug|Reading resource 34...
Trace|Color bit encoding: 27
Trace|Reading image header...
Trace|Image header was read:
Trace|Width: 46, Height: 32, RowLength: 138
Trace|BPP: 24, PaletteColors: 0, Transaparency: False
Trace|The image doesn't use a palette.
Trace|Resource 35 offset: 889208, length: 4432...
Debug|Reading resource 35...
Trace|Color bit encoding: 27
Trace|Reading image header...
Trace|Image header was read:
Trace|Width: 46, Height: 32, RowLength: 138
Trace|BPP: 24, PaletteColors: 0, Transaparency: False
Trace|The image doesn't use a palette.
Trace|Resource 36 offset: 893640, length: 4432...
Debug|Reading resource 36...
Trace|Color bit encoding: 27
Trace|Reading image header...
Trace|Image header was read:
Trace|Width: 46, Height: 32, RowLength: 138
Trace|BPP: 24, PaletteColors: 0, Transaparency: False
Trace|The image doesn't use a palette.
Trace|Resource 37 offset: 898072, length: 4432...
Debug|Reading resource 37...
Trace|Color bit encoding: 27
Trace|Reading image header...
Trace|Image header was read:
Trace|Width: 46, Height: 32, RowLength: 138
Trace|BPP: 24, PaletteColors: 0, Transaparency: False
Trace|The image doesn't use a palette.
Trace|Resource 38 offset: 902504, length: 4432...
Debug|Reading resource 38...
Trace|Color bit encoding: 27
Trace|Reading image header...
Trace|Image header was read:
Trace|Width: 46, Height: 32, RowLength: 138
Trace|BPP: 24, PaletteColors: 0, Transaparency: False
Trace|The image doesn't use a palette.
Trace|Resource 39 offset: 906936, length: 4432...
Debug|Reading resource 39...
Trace|Color bit encoding: 27
Trace|Reading image header...
Trace|Image header was read:
Trace|Width: 46, Height: 32, RowLength: 138
Trace|BPP: 24, PaletteColors: 0, Transaparency: False
Trace|The image doesn't use a palette.
Trace|Resource 40 offset: 911368, length: 4432...
Debug|Reading resource 40...
Trace|Color bit encoding: 27
Trace|Reading image header...
Trace|Image header was read:
Trace|Width: 46, Height: 32, RowLength: 138
Trace|BPP: 24, PaletteColors: 0, Transaparency: False
Trace|The image doesn't use a palette.
Trace|Resource 41 offset: 915800, length: 4432...
Debug|Reading resource 41...
Trace|Color bit encoding: 27
Trace|Reading image header...
Trace|Image header was read:
Trace|Width: 46, Height: 32, RowLength: 138
Trace|BPP: 24, PaletteColors: 0, Transaparency: False
Trace|The image doesn't use a palette.
Trace|Resource 42 offset: 920232, length: 4432...
Debug|Reading resource 42...
Trace|Color bit encoding: 27
Trace|Reading image header...
Trace|Image header was read:
Trace|Width: 46, Height: 32, RowLength: 138
Trace|BPP: 24, PaletteColors: 0, Transaparency: False
Trace|The image doesn't use a palette.
Trace|Resource 43 offset: 924664, length: 4432...
Debug|Reading resource 43...
Trace|Color bit encoding: 27
Trace|Reading image header...
Trace|Image header was read:
Trace|Width: 46, Height: 32, RowLength: 138
Trace|BPP: 24, PaletteColors: 0, Transaparency: False
Trace|The image doesn't use a palette.
Trace|Resource 44 offset: 929096, length: 4432...
Debug|Reading resource 44...
Trace|Color bit encoding: 27
Trace|Reading image header...
Trace|Image header was read:
Trace|Width: 46, Height: 32, RowLength: 138
Trace|BPP: 24, PaletteColors: 0, Transaparency: False
Trace|The image doesn't use a palette.
Trace|Resource 45 offset: 933528, length: 4432...
Debug|Reading resource 45...
Trace|Color bit encoding: 27
Trace|Reading image header...
Trace|Image header was read:
Trace|Width: 46, Height: 32, RowLength: 138
Trace|BPP: 24, PaletteColors: 0, Transaparency: False
Trace|The image doesn't use a palette.
Trace|Resource 46 offset: 937960, length: 4432...
Debug|Reading resource 46...
Trace|Color bit encoding: 27
Trace|Reading image header...
Trace|Image header was read:
Trace|Width: 46, Height: 32, RowLength: 138
Trace|BPP: 24, PaletteColors: 0, Transaparency: False
Trace|The image doesn't use a palette.
Trace|Resource 47 offset: 942392, length: 2668...
Debug|Reading resource 47...
Trace|Color bit encoding: 27
Trace|Reading image header...
Trace|Image header was read:
Trace|Width: 34, Height: 26, RowLength: 102
Trace|BPP: 24, PaletteColors: 0, Transaparency: False
Trace|The image doesn't use a palette.
Trace|Resource 48 offset: 945060, length: 2668...
Debug|Reading resource 48...
Trace|Color bit encoding: 27
Trace|Reading image header...
Trace|Image header was read:
Trace|Width: 34, Height: 26, RowLength: 102
Trace|BPP: 24, PaletteColors: 0, Transaparency: False
Trace|The image doesn't use a palette.
Trace|Resource 49 offset: 947728, length: 2668...
Debug|Reading resource 49...
Trace|Color bit encoding: 27
Trace|Reading image header...
Trace|Image header was read:
Trace|Width: 34, Height: 26, RowLength: 102
Trace|BPP: 24, PaletteColors: 0, Transaparency: False
Trace|The image doesn't use a palette.
Trace|Resource 50 offset: 950396, length: 2668...
Debug|Reading resource 50...
Trace|Color bit encoding: 27
Trace|Reading image header...
Trace|Image header was read:
Trace|Width: 34, Height: 26, RowLength: 102
Trace|BPP: 24, PaletteColors: 0, Transaparency: False
Trace|The image doesn't use a palette.
Trace|Resource 51 offset: 953064, length: 772...
Debug|Reading resource 51...
Trace|Color bit encoding: 27
Trace|Reading image header...
Trace|Image header was read:
Trace|Width: 14, Height: 18, RowLength: 42
Trace|BPP: 24, PaletteColors: 0, Transaparency: False
Trace|The image doesn't use a palette.
Trace|Resource 52 offset: 953836, length: 856...
Debug|Reading resource 52...
Trace|Color bit encoding: 27
Trace|Reading image header...
Trace|Image header was read:
Trace|Width: 14, Height: 20, RowLength: 42
Trace|BPP: 24, PaletteColors: 0, Transaparency: False
Trace|The image doesn't use a palette.
Trace|Resource 53 offset: 954692, length: 856...
Debug|Reading resource 53...
Trace|Color bit encoding: 27
Trace|Reading image header...
Trace|Image header was read:
Trace|Width: 14, Height: 20, RowLength: 42
Trace|BPP: 24, PaletteColors: 0, Transaparency: False
Trace|The image doesn't use a palette.
Trace|Resource 54 offset: 955548, length: 856...
Debug|Reading resource 54...
Trace|Color bit encoding: 27
Trace|Reading image header...
Trace|Image header was read:
Trace|Width: 14, Height: 20, RowLength: 42
Trace|BPP: 24, PaletteColors: 0, Transaparency: False
Trace|The image doesn't use a palette.
Trace|Resource 55 offset: 956404, length: 4048...
Debug|Reading resource 55...
Trace|Color bit encoding: 27
Trace|Reading image header...
Trace|Image header was read:
Trace|Width: 42, Height: 32, RowLength: 126
Trace|BPP: 24, PaletteColors: 0, Transaparency: False
Trace|The image doesn't use a palette.
Trace|Resource 56 offset: 960452, length: 4048...
Debug|Reading resource 56...
Trace|Color bit encoding: 27
Trace|Reading image header...
Trace|Image header was read:
Trace|Width: 42, Height: 32, RowLength: 126
Trace|BPP: 24, PaletteColors: 0, Transaparency: False
Trace|The image doesn't use a palette.
Trace|Resource 57 offset: 964500, length: 4048...
Debug|Reading resource 57...
Trace|Color bit encoding: 27
Trace|Reading image header...
Trace|Image header was read:
Trace|Width: 42, Height: 32, RowLength: 126
Trace|BPP: 24, PaletteColors: 0, Transaparency: False
Trace|The image doesn't use a palette.
Trace|Resource 58 offset: 968548, length: 4048...
Debug|Reading resource 58...
Trace|Color bit encoding: 27
Trace|Reading image header...
Trace|Image header was read:
Trace|Width: 42, Height: 32, RowLength: 126
Trace|BPP: 24, PaletteColors: 0, Transaparency: False
Trace|The image doesn't use a palette.
Trace|Resource 59 offset: 972596, length: 4048...
Debug|Reading resource 59...
Trace|Color bit encoding: 27
Trace|Reading image header...
Trace|Image header was read:
Trace|Width: 42, Height: 32, RowLength: 126
Trace|BPP: 24, PaletteColors: 0, Transaparency: False
Trace|The image doesn't use a palette.
Trace|Resource 60 offset: 976644, length: 4048...
Debug|Reading resource 60...
Trace|Color bit encoding: 27
Trace|Reading image header...
Trace|Image header was read:
Trace|Width: 42, Height: 32, RowLength: 126
Trace|BPP: 24, PaletteColors: 0, Transaparency: False
Trace|The image doesn't use a palette.
Trace|Resource 61 offset: 980692, length: 4048...
Debug|Reading resource 61...
Trace|Color bit encoding: 27
Trace|Reading image header...
Trace|Image header was read:
Trace|Width: 42, Height: 32, RowLength: 126
Trace|BPP: 24, PaletteColors: 0, Transaparency: False
Trace|The image doesn't use a palette.
Trace|Resource 62 offset: 984740, length: 4048...
Debug|Reading resource 62...
Trace|Color bit encoding: 27
Trace|Reading image header...
Trace|Image header was read:
Trace|Width: 42, Height: 32, RowLength: 126
Trace|BPP: 24, PaletteColors: 0, Transaparency: False
Trace|The image doesn't use a palette.
Trace|Resource 63 offset: 988788, length: 4048...
Debug|Reading resource 63...
Trace|Color bit encoding: 27
Trace|Reading image header...
Trace|Image header was read:
Trace|Width: 42, Height: 32, RowLength: 126
Trace|BPP: 24, PaletteColors: 0, Transaparency: False
Trace|The image doesn't use a palette.
Trace|Resource 64 offset: 992836, length: 4048...
Debug|Reading resource 64...
Trace|Color bit encoding: 27
Trace|Reading image header...
Trace|Image header was read:
Trace|Width: 42, Height: 32, RowLength: 126
Trace|BPP: 24, PaletteColors: 0, Transaparency: False
Trace|The image doesn't use a palette.
Trace|Resource 65 offset: 996884, length: 4048...
Debug|Reading resource 65...
Trace|Color bit encoding: 27
Trace|Reading image header...
Trace|Image header was read:
Trace|Width: 42, Height: 32, RowLength: 126
Trace|BPP: 24, PaletteColors: 0, Transaparency: False
Trace|The image doesn't use a palette.
Debug|Parsing parameters...
Trace|2 'Background'
Trace|2.1 'Image'
Trace|2.1.1 'X': 0
Trace|2.1.2 'Y': 0
Trace|2.1.3 'ImageIndex': 0
Trace|2.3 'Preview1'
Trace|2.3.1 'X': 21
Trace|2.3.2 'Y': 30
Trace|2.3.3 'ImageIndex': 2
Trace|2.4 'Preview2'
Trace|2.4.1 'X': 21
Trace|2.4.2 'Y': 30
Trace|2.4.3 'ImageIndex': 3
Trace|2.5 'Preview3'
Trace|2.5.1 'X': 21
Trace|2.5.2 'Y': 30
Trace|2.5.3 'ImageIndex': 1
Trace|3 'Time'
Trace|3.1 'Hours'
Trace|3.1.1 'Tens'
Trace|3.1.1.1 'X': 1
Trace|3.1.1.2 'Y': 98
Trace|3.1.1.3 'ImageIndex': 4
Trace|3.1.1.4 'ImagesCount': 10
Trace|3.1.2 'Ones'
Trace|3.1.2.1 'X': 61
Trace|3.1.2.2 'Y': 79
Trace|3.1.2.3 'ImageIndex': 4
Trace|3.1.2.4 'ImagesCount': 10
Trace|3.2 'Minutes'
Trace|3.2.1 'Tens'
Trace|3.2.1.1 'X': 21
Trace|3.2.1.2 'Y': 171
Trace|3.2.1.3 'ImageIndex': 4
Trace|3.2.1.4 'ImagesCount': 10
Trace|3.2.2 'Ones'
Trace|3.2.2.1 'X': 81
Trace|3.2.2.2 'Y': 152
Trace|3.2.2.3 'ImageIndex': 4
Trace|3.2.2.4 'ImagesCount': 10
Trace|3.6 'TimeDelimiterImage'
Trace|3.6.1 'X': 81
Trace|3.6.2 'Y': 219
Trace|3.6.3 'ImageIndex': 14
Trace|3.11 'UnknownV11': 0
Trace|4 'Activity'
Trace|4.1 'Steps'
Trace|4.1.1 'Number'
Trace|4.1.1.1 'TopLeftX': 57
Trace|4.1.1.2 'TopLeftY': 435
Trace|4.1.1.3 'BottomRightX': 151
Trace|4.1.1.4 'BottomRightY': 453
Trace|4.1.1.5 'Alignment': 18
Trace|4.1.1.6 'SpacingX': 0
Trace|4.1.1.7 'SpacingY': -5
Trace|4.1.1.8 'ImageIndex': 15
Trace|4.1.1.9 'ImagesCount': 10
Trace|4.4 'Pulse'
Trace|4.4.1 'Number'
Trace|4.4.1.1 'TopLeftX': 32
Trace|4.4.1.2 'TopLeftY': 398
Trace|4.4.1.3 'BottomRightX': 72
Trace|4.4.1.4 'BottomRightY': 416
Trace|4.4.1.5 'Alignment': 18
Trace|4.4.1.6 'SpacingX': -1
Trace|4.4.1.7 'SpacingY': -5
Trace|4.4.1.8 'ImageIndex': 15
Trace|4.4.1.9 'ImagesCount': 10
Trace|4.4.3 'NoDataImageIndex': 51
Trace|4.6 'PAI'
Trace|4.6.1 'Number'
Trace|4.6.1.1 'TopLeftX': 47
Trace|4.6.1.2 'TopLeftY': 295
Trace|4.6.1.3 'BottomRightX': 151
Trace|4.6.1.4 'BottomRightY': 313
Trace|4.6.1.5 'Alignment': 18
Trace|4.6.1.6 'SpacingX': -1
Trace|4.6.1.7 'SpacingY': -5
Trace|4.6.1.8 'ImageIndex': 15
Trace|4.6.1.9 'ImagesCount': 10
Trace|4.7 'UnknownV7': 0
Trace|5 'Date'
Trace|5.1 'MonthAndDayAndYear'
Trace|5.1.2 'OneLine'
Trace|5.1.2.1 'NumberCN'
Trace|5.1.2.1.1 'TopLeftX': 8
Trace|5.1.2.1.2 'TopLeftY': 371
Trace|5.1.2.1.3 'BottomRightX': 76
Trace|5.1.2.1.4 'BottomRightY': 389
Trace|5.1.2.1.5 'Alignment': 18
Trace|5.1.2.1.6 'SpacingX': 0
Trace|5.1.2.1.7 'SpacingY': -5
Trace|5.1.2.1.8 'ImageIndex': 15
Trace|5.1.2.1.9 'ImagesCount': 10
Trace|5.1.2.2 'DelimiterImageIndex': 25
Trace|5.1.4 'TwoDigitsMonth': 1
Trace|5.1.5 'TwoDigitsDay': 1
Trace|5.2 'DayAmPm'
Trace|5.2.1 'X': 5
Trace|5.2.2 'Y': 270
Trace|5.2.3 'ImageIndexAMCN': 47
Trace|5.2.4 'ImageIndexPMCN': 48
Trace|5.2.5 'ImageIndexAMEN': 49
Trace|5.2.6 'ImageIndexPMEN': 50
Trace|5.4 'ENWeekDays'
Trace|5.4.1 'X': 5
Trace|5.4.2 'Y': 339
Trace|5.4.3 'ImageIndex': 26
Trace|5.4.4 'ImagesCount': 7
Trace|5.5 'CNWeekDays'
Trace|5.5.1 'X': 5
Trace|5.5.2 'Y': 339
Trace|5.5.3 'ImageIndex': 40
Trace|5.5.4 'ImagesCount': 7
Trace|5.6 'CN2WeekDays'
Trace|5.6.1 'X': 5
Trace|5.6.2 'Y': 339
Trace|5.6.3 'ImageIndex': 33
Trace|5.6.4 'ImagesCount': 7
Trace|8 'Status'
Trace|8.1 'DoNotDisturb'
Trace|8.1.1 'Coordinates'
Trace|8.1.1.1 'X': 47
Trace|8.1.1.2 'Y': 46
Trace|8.1.2 'ImageIndexOn': 53
Trace|8.2 'Lock'
Trace|8.2.1 'Coordinates'
Trace|8.2.1.1 'X': 28
Trace|8.2.1.2 'Y': 53
Trace|8.2.3 'ImageIndexOff': 54
Trace|8.3 'Bluetooth'
Trace|8.3.1 'Coordinates'
Trace|8.3.1.1 'X': 9
Trace|8.3.1.2 'Y': 59
Trace|8.3.3 'ImageIndexOff': 52
Trace|9 'Battery'
Trace|9.2 'BatteryIcon'
Trace|9.2.1 'X': 84
Trace|9.2.2 'Y': 26
Trace|9.2.3 'ImageIndex': 55
Trace|9.2.4 'ImagesCount': 11
Debug|Generating previews...
Debug|Exporting resources to 'E:\Рабочий стол\Mi Band 5 WatchFace Editor\NEW WATCHFACE\wface_4'
Debug|Extracting E:\Рабочий стол\Mi Band 5 WatchFace Editor\NEW WATCHFACE\wface_4\0000.png...
Debug|Extracting E:\Рабочий стол\Mi Band 5 WatchFace Editor\NEW WATCHFACE\wface_4\0001.png...
Debug|Extracting E:\Рабочий стол\Mi Band 5 WatchFace Editor\NEW WATCHFACE\wface_4\0002.png...
Debug|Extracting E:\Рабочий стол\Mi Band 5 WatchFace Editor\NEW WATCHFACE\wface_4\0003.png...
Debug|Extracting E:\Рабочий стол\Mi Band 5 WatchFace Editor\NEW WATCHFACE\wface_4\0004.png...
Debug|Extracting E:\Рабочий стол\Mi Band 5 WatchFace Editor\NEW WATCHFACE\wface_4\0005.png...
Debug|Extracting E:\Рабочий стол\Mi Band 5 WatchFace Editor\NEW WATCHFACE\wface_4\0006.png...
Debug|Extracting E:\Рабочий стол\Mi Band 5 WatchFace Editor\NEW WATCHFACE\wface_4\0007.png...
Debug|Extracting E:\Рабочий стол\Mi Band 5 WatchFace Editor\NEW WATCHFACE\wface_4\0008.png...
Debug|Extracting E:\Рабочий стол\Mi Band 5 WatchFace Editor\NEW WATCHFACE\wface_4\0009.png...
Debug|Extracting E:\Рабочий стол\Mi Band 5 WatchFace Editor\NEW WATCHFACE\wface_4\0010.png...
Debug|Extracting E:\Рабочий стол\Mi Band 5 WatchFace Editor\NEW WATCHFACE\wface_4\0011.png...
Debug|Extracting E:\Рабочий стол\Mi Band 5 WatchFace Editor\NEW WATCHFACE\wface_4\0012.png...
Debug|Extracting E:\Рабочий стол\Mi Band 5 WatchFace Editor\NEW WATCHFACE\wface_4\0013.png...
Debug|Extracting E:\Рабочий стол\Mi Band 5 WatchFace Editor\NEW WATCHFACE\wface_4\0014.png...
Debug|Extracting E:\Рабочий стол\Mi Band 5 WatchFace Editor\NEW WATCHFACE\wface_4\0015.png...
Debug|Extracting E:\Рабочий стол\Mi Band 5 WatchFace Editor\NEW WATCHFACE\wface_4\0016.png...
Debug|Extracting E:\Рабочий стол\Mi Band 5 WatchFace Editor\NEW WATCHFACE\wface_4\0017.png...
Debug|Extracting E:\Рабочий стол\Mi Band 5 WatchFace Editor\NEW WATCHFACE\wface_4\0018.png...
Debug|Extracting E:\Рабочий стол\Mi Band 5 WatchFace Editor\NEW WATCHFACE\wface_4\0019.png...
Debug|Extracting E:\Рабочий стол\Mi Band 5 WatchFace Editor\NEW WATCHFACE\wface_4\0020.png...
Debug|Extracting E:\Рабочий стол\Mi Band 5 WatchFace Editor\NEW WATCHFACE\wface_4\0021.png...
Debug|Extracting E:\Рабочий стол\Mi Band 5 WatchFace Editor\NEW WATCHFACE\wface_4\0022.png...
Debug|Extracting E:\Рабочий стол\Mi Band 5 WatchFace Editor\NEW WATCHFACE\wface_4\0023.png...
Debug|Extracting E:\Рабочий стол\Mi Band 5 WatchFace Editor\NEW WATCHFACE\wface_4\0024.png...
Debug|Extracting E:\Рабочий стол\Mi Band 5 WatchFace Editor\NEW WATCHFACE\wface_4\0025.png...
Debug|Extracting E:\Рабочий стол\Mi Band 5 WatchFace Editor\NEW WATCHFACE\wface_4\0026.png...
Debug|Extracting E:\Рабочий стол\Mi Band 5 WatchFace Editor\NEW WATCHFACE\wface_4\0027.png...
Debug|Extracting E:\Рабочий стол\Mi Band 5 WatchFace Editor\NEW WATCHFACE\wface_4\0028.png...
Debug|Extracting E:\Рабочий стол\Mi Band 5 WatchFace Editor\NEW WATCHFACE\wface_4\0029.png...
Debug|Extracting E:\Рабочий стол\Mi Band 5 WatchFace Editor\NEW WATCHFACE\wface_4\0030.png...
Debug|Extracting E:\Рабочий стол\Mi Band 5 WatchFace Editor\NEW WATCHFACE\wface_4\0031.png...
Debug|Extracting E:\Рабочий стол\Mi Band 5 WatchFace Editor\NEW WATCHFACE\wface_4\0032.png...
Debug|Extracting E:\Рабочий стол\Mi Band 5 WatchFace Editor\NEW WATCHFACE\wface_4\0033.png...
Debug|Extracting E:\Рабочий стол\Mi Band 5 WatchFace Editor\NEW WATCHFACE\wface_4\0034.png...
Debug|Extracting E:\Рабочий стол\Mi Band 5 WatchFace Editor\NEW WATCHFACE\wface_4\0035.png...
Debug|Extracting E:\Рабочий стол\Mi Band 5 WatchFace Editor\NEW WATCHFACE\wface_4\0036.png...
Debug|Extracting E:\Рабочий стол\Mi Band 5 WatchFace Editor\NEW WATCHFACE\wface_4\0037.png...
Debug|Extracting E:\Рабочий стол\Mi Band 5 WatchFace Editor\NEW WATCHFACE\wface_4\0038.png...
Debug|Extracting E:\Рабочий стол\Mi Band 5 WatchFace Editor\NEW WATCHFACE\wface_4\0039.png...
Debug|Extracting E:\Рабочий стол\Mi Band 5 WatchFace Editor\NEW WATCHFACE\wface_4\0040.png...
Debug|Extracting E:\Рабочий стол\Mi Band 5 WatchFace Editor\NEW WATCHFACE\wface_4\0041.png...
Debug|Extracting E:\Рабочий стол\Mi Band 5 WatchFace Editor\NEW WATCHFACE\wface_4\0042.png...
Debug|Extracting E:\Рабочий стол\Mi Band 5 WatchFace Editor\NEW WATCHFACE\wface_4\0043.png...
Debug|Extracting E:\Рабочий стол\Mi Band 5 WatchFace Editor\NEW WATCHFACE\wface_4\0044.png...
Debug|Extracting E:\Рабочий стол\Mi Band 5 WatchFace Editor\NEW WATCHFACE\wface_4\0045.png...
Debug|Extracting E:\Рабочий стол\Mi Band 5 WatchFace Editor\NEW WATCHFACE\wface_4\0046.png...
Debug|Extracting E:\Рабочий стол\Mi Band 5 WatchFace Editor\NEW WATCHFACE\wface_4\0047.png...
Debug|Extracting E:\Рабочий стол\Mi Band 5 WatchFace Editor\NEW WATCHFACE\wface_4\0048.png...
Debug|Extracting E:\Рабочий стол\Mi Band 5 WatchFace Editor\NEW WATCHFACE\wface_4\0049.png...
Debug|Extracting E:\Рабочий стол\Mi Band 5 WatchFace Editor\NEW WATCHFACE\wface_4\0050.png...
Debug|Extracting E:\Рабочий стол\Mi Band 5 WatchFace Editor\NEW WATCHFACE\wface_4\0051.png...
Debug|Extracting E:\Рабочий стол\Mi Band 5 WatchFace Editor\NEW WATCHFACE\wface_4\0052.png...
Debug|Extracting E:\Рабочий стол\Mi Band 5 WatchFace Editor\NEW WATCHFACE\wface_4\0053.png...
Debug|Extracting E:\Рабочий стол\Mi Band 5 WatchFace Editor\NEW WATCHFACE\wface_4\0054.png...
Debug|Extracting E:\Рабочий стол\Mi Band 5 WatchFace Editor\NEW WATCHFACE\wface_4\0055.png...
Debug|Extracting E:\Рабочий стол\Mi Band 5 WatchFace Editor\NEW WATCHFACE\wface_4\0056.png...
Debug|Extracting E:\Рабочий стол\Mi Band 5 WatchFace Editor\NEW WATCHFACE\wface_4\0057.png...
Debug|Extracting E:\Рабочий стол\Mi Band 5 WatchFace Editor\NEW WATCHFACE\wface_4\0058.png...
Debug|Extracting E:\Рабочий стол\Mi Band 5 WatchFace Editor\NEW WATCHFACE\wface_4\0059.png...
Debug|Extracting E:\Рабочий стол\Mi Band 5 WatchFace Editor\NEW WATCHFACE\wface_4\0060.png...
Debug|Extracting E:\Рабочий стол\Mi Band 5 WatchFace Editor\NEW WATCHFACE\wface_4\0061.png...
Debug|Extracting E:\Рабочий стол\Mi Band 5 WatchFace Editor\NEW WATCHFACE\wface_4\0062.png...
Debug|Extracting E:\Рабочий стол\Mi Band 5 WatchFace Editor\NEW WATCHFACE\wface_4\0063.png...
Debug|Extracting E:\Рабочий стол\Mi Band 5 WatchFace Editor\NEW WATCHFACE\wface_4\0064.png...
Debug|Extracting E:\Рабочий стол\Mi Band 5 WatchFace Editor\NEW WATCHFACE\wface_4\0065.png...
Debug|Exporting config...
