Debug|Opening watch face 'E:\Рабочий стол\Mi Band 5 WatchFace Editor\NEW WATCHFACE\??\????.bin'
Debug|Reading parameters...
Trace|Reading header...
Trace|Header was read:
Trace|Signature: UIHH, Unknown: 16777215, ParametersSize: 61, IsValid: True
Trace|Reading parameter offsets...
Trace|Parameter offsets were read from file
Trace|Reading parameters descriptor...
Trace|1 (0A): 6 bytes
Trace|    1 (08): 301 (12D)
Trace|    2 (10): 131 (83)
Trace|Parameters descriptor was read:
Trace|ParametrsTableLength: 301, ImagesCount: 131
Trace|Reading parameters locations...
Trace|2 (12): 4 bytes
Trace|    1 (08): 0 (00)
Trace|    2 (10): 32 (20)
Trace|3 (1A): 4 bytes
Trace|    1 (08): 32 (20)
Trace|    2 (10): 48 (30)
Trace|4 (22): 5 bytes
Trace|    1 (08): 169 (A9)
Trace|    2 (10): 29 (1D)
Trace|5 (2A): 4 bytes
Trace|    1 (08): 80 (50)
Trace|    2 (10): 89 (59)
Trace|6 (32): 5 bytes
Trace|    1 (08): 198 (C6)
Trace|    2 (10): 27 (1B)
Trace|7 (3A): 5 bytes
Trace|    1 (08): 225 (E1)
Trace|    2 (10): 11 (0B)
Trace|8 (42): 5 bytes
Trace|    1 (08): 236 (EC)
Trace|    2 (10): 30 (1E)
Trace|9 (4A): 5 bytes
Trace|    1 (08): 266 (10A)
Trace|    2 (10): 35 (23)
Trace|Watch face parameters locations were read:
Trace|Reading descriptor for parameter 2
Trace|Descriptor offset: 0, Descriptor length: 32
Trace|Parsing descriptor for parameter 2...
Trace|1 (0A): 6 bytes
Trace|    1 (08): 0 (00)
Trace|    2 (10): 0 (00)
Trace|    3 (18): 0 (00)
Trace|3 (1A): 6 bytes
Trace|    1 (08): 21 (15)
Trace|    2 (10): 30 (1E)
Trace|    3 (18): 2 (02)
Trace|4 (22): 6 bytes
Trace|    1 (08): 21 (15)
Trace|    2 (10): 30 (1E)
Trace|    3 (18): 3 (03)
Trace|5 (2A): 6 bytes
Trace|    1 (08): 21 (15)
Trace|    2 (10): 30 (1E)
Trace|    3 (18): 1 (01)
Trace|Reading descriptor for parameter 3
Trace|Descriptor offset: 32, Descriptor length: 48
Trace|Parsing descriptor for parameter 3...
Trace|1 (0A): 20 bytes
Trace|    1 (0A): 8 bytes
Trace|        1 (08): 52 (34)
Trace|        2 (10): 105 (69)
Trace|        3 (18): 4 (04)
Trace|        4 (20): 10 (0A)
Trace|    2 (12): 8 bytes
Trace|        1 (08): 98 (62)
Trace|        2 (10): 100 (64)
Trace|        3 (18): 4 (04)
Trace|        4 (20): 10 (0A)
Trace|2 (12): 22 bytes
Trace|    1 (0A): 9 bytes
Trace|        1 (08): 4 (04)
Trace|        2 (10): 174 (AE)
Trace|        3 (18): 4 (04)
Trace|        4 (20): 10 (0A)
Trace|    2 (12): 9 bytes
Trace|        1 (08): 50 (32)
Trace|        2 (10): 169 (A9)
Trace|        3 (18): 4 (04)
Trace|        4 (20): 10 (0A)
Trace|11 (58): 0 (00)
Trace|Reading descriptor for parameter 4
Trace|Descriptor offset: 169, Descriptor length: 29
Trace|Parsing descriptor for parameter 4...
Trace|1 (0A): 25 bytes
Trace|    1 (0A): 21 bytes
Trace|        1 (08): 0 (00)
Trace|        2 (10): 436 (1B4)
Trace|        3 (18): 152 (98)
Trace|        4 (20): 456 (1C8)
Trace|        5 (28): 16 (10)
Trace|        6 (30): 1 (01)
Trace|        7 (38): 0 (00)
Trace|        8 (40): 50 (32)
Trace|        9 (48): 10 (0A)
Trace|    2 (10): 60 (3C)
Trace|7 (38): 0 (00)
Trace|Reading descriptor for parameter 5
Trace|Descriptor offset: 80, Descriptor length: 89
Trace|Parsing descriptor for parameter 5...
Trace|1 (0A): 40 bytes
Trace|    2 (12): 34 bytes
Trace|        1 (0A): 30 bytes
Trace|            1 (08): 97 (61)
Trace|            2 (10): 209 (D1)
Trace|            3 (18): 151 (97)
Trace|            4 (20): 229 (E5)
Trace|            5 (28): 18 (12)
Trace|            6 (30): 1 (01)
Trace|            7 (38): -1 (FFFFFFFFFFFFFFFF)
Trace|            8 (40): 14 (0E)
Trace|            9 (48): 10 (0A)
Trace|        2 (10): 24 (18)
Trace|    4 (20): 1 (01)
Trace|    5 (28): 1 (01)
Trace|2 (12): 12 bytes
Trace|    1 (08): 18 (12)
Trace|    2 (10): 122 (7A)
Trace|    3 (18): 46 (2E)
Trace|    4 (20): 47 (2F)
Trace|    5 (28): 48 (30)
Trace|    6 (30): 49 (31)
Trace|4 (22): 9 bytes
Trace|    1 (08): 11 (0B)
Trace|    2 (10): 149 (95)
Trace|    3 (18): 25 (19)
Trace|    4 (20): 7 (07)
Trace|5 (2A): 9 bytes
Trace|    1 (08): 11 (0B)
Trace|    2 (10): 149 (95)
Trace|    3 (18): 39 (27)
Trace|    4 (20): 7 (07)
Trace|6 (32): 9 bytes
Trace|    1 (08): 11 (0B)
Trace|    2 (10): 149 (95)
Trace|    3 (18): 32 (20)
Trace|    4 (20): 7 (07)
Trace|Reading descriptor for parameter 6
Trace|Descriptor offset: 198, Descriptor length: 27
Trace|Parsing descriptor for parameter 6...
Trace|1 (0A): 25 bytes
Trace|    2 (12): 9 bytes
Trace|        1 (08): 105 (69)
Trace|        2 (10): 171 (AB)
Trace|        3 (18): 61 (3D)
Trace|        4 (20): 26 (1A)
Trace|    3 (1A): 5 bytes
Trace|        1 (08): 105 (69)
Trace|        2 (10): 171 (AB)
Trace|    4 (22): 5 bytes
Trace|        1 (08): 105 (69)
Trace|        2 (10): 171 (AB)
Trace|Reading descriptor for parameter 7
Trace|Descriptor offset: 225, Descriptor length: 11
Trace|Parsing descriptor for parameter 7...
Trace|2 (12): 9 bytes
Trace|    1 (08): 18 (12)
Trace|    2 (10): 438 (1B6)
Trace|    3 (18): 87 (57)
Trace|    4 (20): 20 (14)
Trace|Reading descriptor for parameter 8
Trace|Descriptor offset: 236, Descriptor length: 30
Trace|Parsing descriptor for parameter 8...
Trace|1 (0A): 8 bytes
Trace|    1 (0A): 4 bytes
Trace|        1 (08): 52 (34)
Trace|        2 (10): 53 (35)
Trace|    2 (10): 108 (6C)
Trace|2 (12): 8 bytes
Trace|    1 (0A): 4 bytes
Trace|        1 (08): 70 (46)
Trace|        2 (10): 53 (35)
Trace|    3 (18): 109 (6D)
Trace|3 (1A): 8 bytes
Trace|    1 (0A): 4 bytes
Trace|        1 (08): 88 (58)
Trace|        2 (10): 53 (35)
Trace|    3 (18): 107 (6B)
Trace|Reading descriptor for parameter 9
Trace|Descriptor offset: 266, Descriptor length: 35
Trace|Parsing descriptor for parameter 9...
Trace|1 (0A): 23 bytes
Trace|    1 (0A): 19 bytes
Trace|        1 (08): 0 (00)
Trace|        2 (10): 32 (20)
Trace|        3 (18): 151 (97)
Trace|        4 (20): 44 (2C)
Trace|        5 (28): 24 (18)
Trace|        6 (30): 1 (01)
Trace|        7 (38): 0 (00)
Trace|        8 (40): 110 (6E)
Trace|        9 (48): 10 (0A)
Trace|    4 (20): 120 (78)
Trace|2 (12): 8 bytes
Trace|    1 (08): 19 (13)
Trace|    2 (10): 10 (0A)
Trace|    3 (18): 121 (79)
Trace|    4 (20): 10 (0A)
Trace|Reading resources offsets table with 131 elements (524 bytes)
Debug|Reading 131 resources...
Trace|Resource 0 offset: 973, length: 147760...
Debug|Reading resource 0...
Trace|Color bit encoding: 9
Trace|Reading image header...
Trace|Image header was read:
Trace|Width: 152, Height: 486, RowLength: 304
Trace|BPP: 16, PaletteColors: 0, Transaparency: False
Trace|The image doesn't use a palette.
Trace|Resource 1 offset: 148733, length: 116176...
Debug|Reading resource 1...
Trace|Color bit encoding: 27
Trace|Reading image header...
Trace|Image header was read:
Trace|Width: 110, Height: 352, RowLength: 330
Trace|BPP: 24, PaletteColors: 0, Transaparency: False
Trace|The image doesn't use a palette.
Trace|Resource 2 offset: 264909, length: 116176...
Debug|Reading resource 2...
Trace|Color bit encoding: 27
Trace|Reading image header...
Trace|Image header was read:
Trace|Width: 110, Height: 352, RowLength: 330
Trace|BPP: 24, PaletteColors: 0, Transaparency: False
Trace|The image doesn't use a palette.
Trace|Resource 3 offset: 381085, length: 116176...
Debug|Reading resource 3...
Trace|Color bit encoding: 27
Trace|Reading image header...
Trace|Image header was read:
Trace|Width: 110, Height: 352, RowLength: 330
Trace|BPP: 24, PaletteColors: 0, Transaparency: False
Trace|The image doesn't use a palette.
Trace|Resource 4 offset: 497261, length: 8020...
Debug|Reading resource 4...
Trace|Color bit encoding: 27
Trace|Reading image header...
Trace|Image header was read:
Trace|Width: 46, Height: 58, RowLength: 138
Trace|BPP: 24, PaletteColors: 0, Transaparency: False
Trace|The image doesn't use a palette.
Trace|Resource 5 offset: 505281, length: 8020...
Debug|Reading resource 5...
Trace|Color bit encoding: 27
Trace|Reading image header...
Trace|Image header was read:
Trace|Width: 46, Height: 58, RowLength: 138
Trace|BPP: 24, PaletteColors: 0, Transaparency: False
Trace|The image doesn't use a palette.
Trace|Resource 6 offset: 513301, length: 8020...
Debug|Reading resource 6...
Trace|Color bit encoding: 27
Trace|Reading image header...
Trace|Image header was read:
Trace|Width: 46, Height: 58, RowLength: 138
Trace|BPP: 24, PaletteColors: 0, Transaparency: False
Trace|The image doesn't use a palette.
Trace|Resource 7 offset: 521321, length: 8020...
Debug|Reading resource 7...
Trace|Color bit encoding: 27
Trace|Reading image header...
Trace|Image header was read:
Trace|Width: 46, Height: 58, RowLength: 138
Trace|BPP: 24, PaletteColors: 0, Transaparency: False
Trace|The image doesn't use a palette.
Trace|Resource 8 offset: 529341, length: 8020...
Debug|Reading resource 8...
Trace|Color bit encoding: 27
Trace|Reading image header...
Trace|Image header was read:
Trace|Width: 46, Height: 58, RowLength: 138
Trace|BPP: 24, PaletteColors: 0, Transaparency: False
Trace|The image doesn't use a palette.
Trace|Resource 9 offset: 537361, length: 8020...
Debug|Reading resource 9...
Trace|Color bit encoding: 27
Trace|Reading image header...
Trace|Image header was read:
Trace|Width: 46, Height: 58, RowLength: 138
Trace|BPP: 24, PaletteColors: 0, Transaparency: False
Trace|The image doesn't use a palette.
Trace|Resource 10 offset: 545381, length: 8020...
Debug|Reading resource 10...
Trace|Color bit encoding: 27
Trace|Reading image header...
Trace|Image header was read:
Trace|Width: 46, Height: 58, RowLength: 138
Trace|BPP: 24, PaletteColors: 0, Transaparency: False
Trace|The image doesn't use a palette.
Trace|Resource 11 offset: 553401, length: 8020...
Debug|Reading resource 11...
Trace|Color bit encoding: 27
Trace|Reading image header...
Trace|Image header was read:
Trace|Width: 46, Height: 58, RowLength: 138
Trace|BPP: 24, PaletteColors: 0, Transaparency: False
Trace|The image doesn't use a palette.
Trace|Resource 12 offset: 561421, length: 8020...
Debug|Reading resource 12...
Trace|Color bit encoding: 27
Trace|Reading image header...
Trace|Image header was read:
Trace|Width: 46, Height: 58, RowLength: 138
Trace|BPP: 24, PaletteColors: 0, Transaparency: False
Trace|The image doesn't use a palette.
Trace|Resource 13 offset: 569441, length: 8020...
Debug|Reading resource 13...
Trace|Color bit encoding: 27
Trace|Reading image header...
Trace|Image header was read:
Trace|Width: 46, Height: 58, RowLength: 138
Trace|BPP: 24, PaletteColors: 0, Transaparency: False
Trace|The image doesn't use a palette.
Trace|Resource 14 offset: 577461, length: 436...
Debug|Reading resource 14...
Trace|Color bit encoding: 27
Trace|Reading image header...
Trace|Image header was read:
Trace|Width: 10, Height: 14, RowLength: 30
Trace|BPP: 24, PaletteColors: 0, Transaparency: False
Trace|The image doesn't use a palette.
Trace|Resource 15 offset: 577897, length: 436...
Debug|Reading resource 15...
Trace|Color bit encoding: 27
Trace|Reading image header...
Trace|Image header was read:
Trace|Width: 10, Height: 14, RowLength: 30
Trace|BPP: 24, PaletteColors: 0, Transaparency: False
Trace|The image doesn't use a palette.
Trace|Resource 16 offset: 578333, length: 436...
Debug|Reading resource 16...
Trace|Color bit encoding: 27
Trace|Reading image header...
Trace|Image header was read:
Trace|Width: 10, Height: 14, RowLength: 30
Trace|BPP: 24, PaletteColors: 0, Transaparency: False
Trace|The image doesn't use a palette.
Trace|Resource 17 offset: 578769, length: 436...
Debug|Reading resource 17...
Trace|Color bit encoding: 27
Trace|Reading image header...
Trace|Image header was read:
Trace|Width: 10, Height: 14, RowLength: 30
Trace|BPP: 24, PaletteColors: 0, Transaparency: False
Trace|The image doesn't use a palette.
Trace|Resource 18 offset: 579205, length: 436...
Debug|Reading resource 18...
Trace|Color bit encoding: 27
Trace|Reading image header...
Trace|Image header was read:
Trace|Width: 10, Height: 14, RowLength: 30
Trace|BPP: 24, PaletteColors: 0, Transaparency: False
Trace|The image doesn't use a palette.
Trace|Resource 19 offset: 579641, length: 436...
Debug|Reading resource 19...
Trace|Color bit encoding: 27
Trace|Reading image header...
Trace|Image header was read:
Trace|Width: 10, Height: 14, RowLength: 30
Trace|BPP: 24, PaletteColors: 0, Transaparency: False
Trace|The image doesn't use a palette.
Trace|Resource 20 offset: 580077, length: 436...
Debug|Reading resource 20...
Trace|Color bit encoding: 27
Trace|Reading image header...
Trace|Image header was read:
Trace|Width: 10, Height: 14, RowLength: 30
Trace|BPP: 24, PaletteColors: 0, Transaparency: False
Trace|The image doesn't use a palette.
Trace|Resource 21 offset: 580513, length: 436...
Debug|Reading resource 21...
Trace|Color bit encoding: 27
Trace|Reading image header...
Trace|Image header was read:
Trace|Width: 10, Height: 14, RowLength: 30
Trace|BPP: 24, PaletteColors: 0, Transaparency: False
Trace|The image doesn't use a palette.
Trace|Resource 22 offset: 580949, length: 436...
Debug|Reading resource 22...
Trace|Color bit encoding: 27
Trace|Reading image header...
Trace|Image header was read:
Trace|Width: 10, Height: 14, RowLength: 30
Trace|BPP: 24, PaletteColors: 0, Transaparency: False
Trace|The image doesn't use a palette.
Trace|Resource 23 offset: 581385, length: 436...
Debug|Reading resource 23...
Trace|Color bit encoding: 27
Trace|Reading image header...
Trace|Image header was read:
Trace|Width: 10, Height: 14, RowLength: 30
Trace|BPP: 24, PaletteColors: 0, Transaparency: False
Trace|The image doesn't use a palette.
Trace|Resource 24 offset: 581821, length: 352...
Debug|Reading resource 24...
Trace|Color bit encoding: 27
Trace|Reading image header...
Trace|Image header was read:
Trace|Width: 8, Height: 14, RowLength: 24
Trace|BPP: 24, PaletteColors: 0, Transaparency: False
Trace|The image doesn't use a palette.
Trace|Resource 25 offset: 582173, length: 1960...
Debug|Reading resource 25...
Trace|Color bit encoding: 27
Trace|Reading image header...
Trace|Image header was read:
Trace|Width: 36, Height: 18, RowLength: 108
Trace|BPP: 24, PaletteColors: 0, Transaparency: False
Trace|The image doesn't use a palette.
Trace|Resource 26 offset: 584133, length: 1960...
Debug|Reading resource 26...
Trace|Color bit encoding: 27
Trace|Reading image header...
Trace|Image header was read:
Trace|Width: 36, Height: 18, RowLength: 108
Trace|BPP: 24, PaletteColors: 0, Transaparency: False
Trace|The image doesn't use a palette.
Trace|Resource 27 offset: 586093, length: 1960...
Debug|Reading resource 27...
Trace|Color bit encoding: 27
Trace|Reading image header...
Trace|Image header was read:
Trace|Width: 36, Height: 18, RowLength: 108
Trace|BPP: 24, PaletteColors: 0, Transaparency: False
Trace|The image doesn't use a palette.
Trace|Resource 28 offset: 588053, length: 1960...
Debug|Reading resource 28...
Trace|Color bit encoding: 27
Trace|Reading image header...
Trace|Image header was read:
Trace|Width: 36, Height: 18, RowLength: 108
Trace|BPP: 24, PaletteColors: 0, Transaparency: False
Trace|The image doesn't use a palette.
Trace|Resource 29 offset: 590013, length: 1960...
Debug|Reading resource 29...
Trace|Color bit encoding: 27
Trace|Reading image header...
Trace|Image header was read:
Trace|Width: 36, Height: 18, RowLength: 108
Trace|BPP: 24, PaletteColors: 0, Transaparency: False
Trace|The image doesn't use a palette.
Trace|Resource 30 offset: 591973, length: 1960...
Debug|Reading resource 30...
Trace|Color bit encoding: 27
Trace|Reading image header...
Trace|Image header was read:
Trace|Width: 36, Height: 18, RowLength: 108
Trace|BPP: 24, PaletteColors: 0, Transaparency: False
Trace|The image doesn't use a palette.
Trace|Resource 31 offset: 593933, length: 1960...
Debug|Reading resource 31...
Trace|Color bit encoding: 27
Trace|Reading image header...
Trace|Image header was read:
Trace|Width: 36, Height: 18, RowLength: 108
Trace|BPP: 24, PaletteColors: 0, Transaparency: False
Trace|The image doesn't use a palette.
Trace|Resource 32 offset: 595893, length: 1960...
Debug|Reading resource 32...
Trace|Color bit encoding: 27
Trace|Reading image header...
Trace|Image header was read:
Trace|Width: 36, Height: 18, RowLength: 108
Trace|BPP: 24, PaletteColors: 0, Transaparency: False
Trace|The image doesn't use a palette.
Trace|Resource 33 offset: 597853, length: 1960...
Debug|Reading resource 33...
Trace|Color bit encoding: 27
Trace|Reading image header...
Trace|Image header was read:
Trace|Width: 36, Height: 18, RowLength: 108
Trace|BPP: 24, PaletteColors: 0, Transaparency: False
Trace|The image doesn't use a palette.
Trace|Resource 34 offset: 599813, length: 1960...
Debug|Reading resource 34...
Trace|Color bit encoding: 27
Trace|Reading image header...
Trace|Image header was read:
Trace|Width: 36, Height: 18, RowLength: 108
Trace|BPP: 24, PaletteColors: 0, Transaparency: False
Trace|The image doesn't use a palette.
Trace|Resource 35 offset: 601773, length: 1960...
Debug|Reading resource 35...
Trace|Color bit encoding: 27
Trace|Reading image header...
Trace|Image header was read:
Trace|Width: 36, Height: 18, RowLength: 108
Trace|BPP: 24, PaletteColors: 0, Transaparency: False
Trace|The image doesn't use a palette.
Trace|Resource 36 offset: 603733, length: 1960...
Debug|Reading resource 36...
Trace|Color bit encoding: 27
Trace|Reading image header...
Trace|Image header was read:
Trace|Width: 36, Height: 18, RowLength: 108
Trace|BPP: 24, PaletteColors: 0, Transaparency: False
Trace|The image doesn't use a palette.
Trace|Resource 37 offset: 605693, length: 1960...
Debug|Reading resource 37...
Trace|Color bit encoding: 27
Trace|Reading image header...
Trace|Image header was read:
Trace|Width: 36, Height: 18, RowLength: 108
Trace|BPP: 24, PaletteColors: 0, Transaparency: False
Trace|The image doesn't use a palette.
Trace|Resource 38 offset: 607653, length: 1960...
Debug|Reading resource 38...
Trace|Color bit encoding: 27
Trace|Reading image header...
Trace|Image header was read:
Trace|Width: 36, Height: 18, RowLength: 108
Trace|BPP: 24, PaletteColors: 0, Transaparency: False
Trace|The image doesn't use a palette.
Trace|Resource 39 offset: 609613, length: 1960...
Debug|Reading resource 39...
Trace|Color bit encoding: 27
Trace|Reading image header...
Trace|Image header was read:
Trace|Width: 36, Height: 18, RowLength: 108
Trace|BPP: 24, PaletteColors: 0, Transaparency: False
Trace|The image doesn't use a palette.
Trace|Resource 40 offset: 611573, length: 1960...
Debug|Reading resource 40...
Trace|Color bit encoding: 27
Trace|Reading image header...
Trace|Image header was read:
Trace|Width: 36, Height: 18, RowLength: 108
Trace|BPP: 24, PaletteColors: 0, Transaparency: False
Trace|The image doesn't use a palette.
Trace|Resource 41 offset: 613533, length: 1960...
Debug|Reading resource 41...
Trace|Color bit encoding: 27
Trace|Reading image header...
Trace|Image header was read:
Trace|Width: 36, Height: 18, RowLength: 108
Trace|BPP: 24, PaletteColors: 0, Transaparency: False
Trace|The image doesn't use a palette.
Trace|Resource 42 offset: 615493, length: 1960...
Debug|Reading resource 42...
Trace|Color bit encoding: 27
Trace|Reading image header...
Trace|Image header was read:
Trace|Width: 36, Height: 18, RowLength: 108
Trace|BPP: 24, PaletteColors: 0, Transaparency: False
Trace|The image doesn't use a palette.
Trace|Resource 43 offset: 617453, length: 1960...
Debug|Reading resource 43...
Trace|Color bit encoding: 27
Trace|Reading image header...
Trace|Image header was read:
Trace|Width: 36, Height: 18, RowLength: 108
Trace|BPP: 24, PaletteColors: 0, Transaparency: False
Trace|The image doesn't use a palette.
Trace|Resource 44 offset: 619413, length: 1960...
Debug|Reading resource 44...
Trace|Color bit encoding: 27
Trace|Reading image header...
Trace|Image header was read:
Trace|Width: 36, Height: 18, RowLength: 108
Trace|BPP: 24, PaletteColors: 0, Transaparency: False
Trace|The image doesn't use a palette.
Trace|Resource 45 offset: 621373, length: 1960...
Debug|Reading resource 45...
Trace|Color bit encoding: 27
Trace|Reading image header...
Trace|Image header was read:
Trace|Width: 36, Height: 18, RowLength: 108
Trace|BPP: 24, PaletteColors: 0, Transaparency: False
Trace|The image doesn't use a palette.
Trace|Resource 46 offset: 623333, length: 1552...
Debug|Reading resource 46...
Trace|Color bit encoding: 27
Trace|Reading image header...
Trace|Image header was read:
Trace|Width: 32, Height: 16, RowLength: 96
Trace|BPP: 24, PaletteColors: 0, Transaparency: False
Trace|The image doesn't use a palette.
Trace|Resource 47 offset: 624885, length: 1552...
Debug|Reading resource 47...
Trace|Color bit encoding: 27
Trace|Reading image header...
Trace|Image header was read:
Trace|Width: 32, Height: 16, RowLength: 96
Trace|BPP: 24, PaletteColors: 0, Transaparency: False
Trace|The image doesn't use a palette.
Trace|Resource 48 offset: 626437, length: 1552...
Debug|Reading resource 48...
Trace|Color bit encoding: 27
Trace|Reading image header...
Trace|Image header was read:
Trace|Width: 32, Height: 16, RowLength: 96
Trace|BPP: 24, PaletteColors: 0, Transaparency: False
Trace|The image doesn't use a palette.
Trace|Resource 49 offset: 627989, length: 1552...
Debug|Reading resource 49...
Trace|Color bit encoding: 27
Trace|Reading image header...
Trace|Image header was read:
Trace|Width: 32, Height: 16, RowLength: 96
Trace|BPP: 24, PaletteColors: 0, Transaparency: False
Trace|The image doesn't use a palette.
Trace|Resource 50 offset: 629541, length: 436...
Debug|Reading resource 50...
Trace|Color bit encoding: 27
Trace|Reading image header...
Trace|Image header was read:
Trace|Width: 10, Height: 14, RowLength: 30
Trace|BPP: 24, PaletteColors: 0, Transaparency: False
Trace|The image doesn't use a palette.
Trace|Resource 51 offset: 629977, length: 436...
Debug|Reading resource 51...
Trace|Color bit encoding: 27
Trace|Reading image header...
Trace|Image header was read:
Trace|Width: 10, Height: 14, RowLength: 30
Trace|BPP: 24, PaletteColors: 0, Transaparency: False
Trace|The image doesn't use a palette.
Trace|Resource 52 offset: 630413, length: 436...
Debug|Reading resource 52...
Trace|Color bit encoding: 27
Trace|Reading image header...
Trace|Image header was read:
Trace|Width: 10, Height: 14, RowLength: 30
Trace|BPP: 24, PaletteColors: 0, Transaparency: False
Trace|The image doesn't use a palette.
Trace|Resource 53 offset: 630849, length: 436...
Debug|Reading resource 53...
Trace|Color bit encoding: 27
Trace|Reading image header...
Trace|Image header was read:
Trace|Width: 10, Height: 14, RowLength: 30
Trace|BPP: 24, PaletteColors: 0, Transaparency: False
Trace|The image doesn't use a palette.
Trace|Resource 54 offset: 631285, length: 436...
Debug|Reading resource 54...
Trace|Color bit encoding: 27
Trace|Reading image header...
Trace|Image header was read:
Trace|Width: 10, Height: 14, RowLength: 30
Trace|BPP: 24, PaletteColors: 0, Transaparency: False
Trace|The image doesn't use a palette.
Trace|Resource 55 offset: 631721, length: 436...
Debug|Reading resource 55...
Trace|Color bit encoding: 27
Trace|Reading image header...
Trace|Image header was read:
Trace|Width: 10, Height: 14, RowLength: 30
Trace|BPP: 24, PaletteColors: 0, Transaparency: False
Trace|The image doesn't use a palette.
Trace|Resource 56 offset: 632157, length: 436...
Debug|Reading resource 56...
Trace|Color bit encoding: 27
Trace|Reading image header...
Trace|Image header was read:
Trace|Width: 10, Height: 14, RowLength: 30
Trace|BPP: 24, PaletteColors: 0, Transaparency: False
Trace|The image doesn't use a palette.
Trace|Resource 57 offset: 632593, length: 436...
Debug|Reading resource 57...
Trace|Color bit encoding: 27
Trace|Reading image header...
Trace|Image header was read:
Trace|Width: 10, Height: 14, RowLength: 30
Trace|BPP: 24, PaletteColors: 0, Transaparency: False
Trace|The image doesn't use a palette.
Trace|Resource 58 offset: 633029, length: 436...
Debug|Reading resource 58...
Trace|Color bit encoding: 27
Trace|Reading image header...
Trace|Image header was read:
Trace|Width: 10, Height: 14, RowLength: 30
Trace|BPP: 24, PaletteColors: 0, Transaparency: False
Trace|The image doesn't use a palette.
Trace|Resource 59 offset: 633465, length: 436...
Debug|Reading resource 59...
Trace|Color bit encoding: 27
Trace|Reading image header...
Trace|Image header was read:
Trace|Width: 10, Height: 14, RowLength: 30
Trace|BPP: 24, PaletteColors: 0, Transaparency: False
Trace|The image doesn't use a palette.
Trace|Resource 60 offset: 633901, length: 592...
Debug|Reading resource 60...
Trace|Color bit encoding: 27
Trace|Reading image header...
Trace|Image header was read:
Trace|Width: 16, Height: 12, RowLength: 48
Trace|BPP: 24, PaletteColors: 0, Transaparency: False
Trace|The image doesn't use a palette.
Trace|Resource 61 offset: 634493, length: 2716...
Debug|Reading resource 61...
Trace|Color bit encoding: 27
Trace|Reading image header...
Trace|Image header was read:
Trace|Width: 30, Height: 30, RowLength: 90
Trace|BPP: 24, PaletteColors: 0, Transaparency: False
Trace|The image doesn't use a palette.
Trace|Resource 62 offset: 637209, length: 2716...
Debug|Reading resource 62...
Trace|Color bit encoding: 27
Trace|Reading image header...
Trace|Image header was read:
Trace|Width: 30, Height: 30, RowLength: 90
Trace|BPP: 24, PaletteColors: 0, Transaparency: False
Trace|The image doesn't use a palette.
Trace|Resource 63 offset: 639925, length: 2716...
Debug|Reading resource 63...
Trace|Color bit encoding: 27
Trace|Reading image header...
Trace|Image header was read:
Trace|Width: 30, Height: 30, RowLength: 90
Trace|BPP: 24, PaletteColors: 0, Transaparency: False
Trace|The image doesn't use a palette.
Trace|Resource 64 offset: 642641, length: 2716...
Debug|Reading resource 64...
Trace|Color bit encoding: 27
Trace|Reading image header...
Trace|Image header was read:
Trace|Width: 30, Height: 30, RowLength: 90
Trace|BPP: 24, PaletteColors: 0, Transaparency: False
Trace|The image doesn't use a palette.
Trace|Resource 65 offset: 645357, length: 2716...
Debug|Reading resource 65...
Trace|Color bit encoding: 27
Trace|Reading image header...
Trace|Image header was read:
Trace|Width: 30, Height: 30, RowLength: 90
Trace|BPP: 24, PaletteColors: 0, Transaparency: False
Trace|The image doesn't use a palette.
Trace|Resource 66 offset: 648073, length: 2716...
Debug|Reading resource 66...
Trace|Color bit encoding: 27
Trace|Reading image header...
Trace|Image header was read:
Trace|Width: 30, Height: 30, RowLength: 90
Trace|BPP: 24, PaletteColors: 0, Transaparency: False
Trace|The image doesn't use a palette.
Trace|Resource 67 offset: 650789, length: 2716...
Debug|Reading resource 67...
Trace|Color bit encoding: 27
Trace|Reading image header...
Trace|Image header was read:
Trace|Width: 30, Height: 30, RowLength: 90
Trace|BPP: 24, PaletteColors: 0, Transaparency: False
Trace|The image doesn't use a palette.
Trace|Resource 68 offset: 653505, length: 2716...
Debug|Reading resource 68...
Trace|Color bit encoding: 27
Trace|Reading image header...
Trace|Image header was read:
Trace|Width: 30, Height: 30, RowLength: 90
Trace|BPP: 24, PaletteColors: 0, Transaparency: False
Trace|The image doesn't use a palette.
Trace|Resource 69 offset: 656221, length: 2716...
Debug|Reading resource 69...
Trace|Color bit encoding: 27
Trace|Reading image header...
Trace|Image header was read:
Trace|Width: 30, Height: 30, RowLength: 90
Trace|BPP: 24, PaletteColors: 0, Transaparency: False
Trace|The image doesn't use a palette.
Trace|Resource 70 offset: 658937, length: 2716...
Debug|Reading resource 70...
Trace|Color bit encoding: 27
Trace|Reading image header...
Trace|Image header was read:
Trace|Width: 30, Height: 30, RowLength: 90
Trace|BPP: 24, PaletteColors: 0, Transaparency: False
Trace|The image doesn't use a palette.
Trace|Resource 71 offset: 661653, length: 2716...
Debug|Reading resource 71...
Trace|Color bit encoding: 27
Trace|Reading image header...
Trace|Image header was read:
Trace|Width: 30, Height: 30, RowLength: 90
Trace|BPP: 24, PaletteColors: 0, Transaparency: False
Trace|The image doesn't use a palette.
Trace|Resource 72 offset: 664369, length: 2716...
Debug|Reading resource 72...
Trace|Color bit encoding: 27
Trace|Reading image header...
Trace|Image header was read:
Trace|Width: 30, Height: 30, RowLength: 90
Trace|BPP: 24, PaletteColors: 0, Transaparency: False
Trace|The image doesn't use a palette.
Trace|Resource 73 offset: 667085, length: 2716...
Debug|Reading resource 73...
Trace|Color bit encoding: 27
Trace|Reading image header...
Trace|Image header was read:
Trace|Width: 30, Height: 30, RowLength: 90
Trace|BPP: 24, PaletteColors: 0, Transaparency: False
Trace|The image doesn't use a palette.
Trace|Resource 74 offset: 669801, length: 2716...
Debug|Reading resource 74...
Trace|Color bit encoding: 27
Trace|Reading image header...
Trace|Image header was read:
Trace|Width: 30, Height: 30, RowLength: 90
Trace|BPP: 24, PaletteColors: 0, Transaparency: False
Trace|The image doesn't use a palette.
Trace|Resource 75 offset: 672517, length: 2716...
Debug|Reading resource 75...
Trace|Color bit encoding: 27
Trace|Reading image header...
Trace|Image header was read:
Trace|Width: 30, Height: 30, RowLength: 90
Trace|BPP: 24, PaletteColors: 0, Transaparency: False
Trace|The image doesn't use a palette.
Trace|Resource 76 offset: 675233, length: 2716...
Debug|Reading resource 76...
Trace|Color bit encoding: 27
Trace|Reading image header...
Trace|Image header was read:
Trace|Width: 30, Height: 30, RowLength: 90
Trace|BPP: 24, PaletteColors: 0, Transaparency: False
Trace|The image doesn't use a palette.
Trace|Resource 77 offset: 677949, length: 2716...
Debug|Reading resource 77...
Trace|Color bit encoding: 27
Trace|Reading image header...
Trace|Image header was read:
Trace|Width: 30, Height: 30, RowLength: 90
Trace|BPP: 24, PaletteColors: 0, Transaparency: False
Trace|The image doesn't use a palette.
Trace|Resource 78 offset: 680665, length: 2716...
Debug|Reading resource 78...
Trace|Color bit encoding: 27
Trace|Reading image header...
Trace|Image header was read:
Trace|Width: 30, Height: 30, RowLength: 90
Trace|BPP: 24, PaletteColors: 0, Transaparency: False
Trace|The image doesn't use a palette.
Trace|Resource 79 offset: 683381, length: 2716...
Debug|Reading resource 79...
Trace|Color bit encoding: 27
Trace|Reading image header...
Trace|Image header was read:
Trace|Width: 30, Height: 30, RowLength: 90
Trace|BPP: 24, PaletteColors: 0, Transaparency: False
Trace|The image doesn't use a palette.
Trace|Resource 80 offset: 686097, length: 2716...
Debug|Reading resource 80...
Trace|Color bit encoding: 27
Trace|Reading image header...
Trace|Image header was read:
Trace|Width: 30, Height: 30, RowLength: 90
Trace|BPP: 24, PaletteColors: 0, Transaparency: False
Trace|The image doesn't use a palette.
Trace|Resource 81 offset: 688813, length: 2716...
Debug|Reading resource 81...
Trace|Color bit encoding: 27
Trace|Reading image header...
Trace|Image header was read:
Trace|Width: 30, Height: 30, RowLength: 90
Trace|BPP: 24, PaletteColors: 0, Transaparency: False
Trace|The image doesn't use a palette.
Trace|Resource 82 offset: 691529, length: 2716...
Debug|Reading resource 82...
Trace|Color bit encoding: 27
Trace|Reading image header...
Trace|Image header was read:
Trace|Width: 30, Height: 30, RowLength: 90
Trace|BPP: 24, PaletteColors: 0, Transaparency: False
Trace|The image doesn't use a palette.
Trace|Resource 83 offset: 694245, length: 2716...
Debug|Reading resource 83...
Trace|Color bit encoding: 27
Trace|Reading image header...
Trace|Image header was read:
Trace|Width: 30, Height: 30, RowLength: 90
Trace|BPP: 24, PaletteColors: 0, Transaparency: False
Trace|The image doesn't use a palette.
Trace|Resource 84 offset: 696961, length: 2716...
Debug|Reading resource 84...
Trace|Color bit encoding: 27
Trace|Reading image header...
Trace|Image header was read:
Trace|Width: 30, Height: 30, RowLength: 90
Trace|BPP: 24, PaletteColors: 0, Transaparency: False
Trace|The image doesn't use a palette.
Trace|Resource 85 offset: 699677, length: 2716...
Debug|Reading resource 85...
Trace|Color bit encoding: 27
Trace|Reading image header...
Trace|Image header was read:
Trace|Width: 30, Height: 30, RowLength: 90
Trace|BPP: 24, PaletteColors: 0, Transaparency: False
Trace|The image doesn't use a palette.
Trace|Resource 86 offset: 702393, length: 2716...
Debug|Reading resource 86...
Trace|Color bit encoding: 27
Trace|Reading image header...
Trace|Image header was read:
Trace|Width: 30, Height: 30, RowLength: 90
Trace|BPP: 24, PaletteColors: 0, Transaparency: False
Trace|The image doesn't use a palette.
Trace|Resource 87 offset: 705109, length: 13012...
Debug|Reading resource 87...
Trace|Color bit encoding: 27
Trace|Reading image header...
Trace|Image header was read:
Trace|Width: 114, Height: 38, RowLength: 342
Trace|BPP: 24, PaletteColors: 0, Transaparency: False
Trace|The image doesn't use a palette.
Trace|Resource 88 offset: 718121, length: 13012...
Debug|Reading resource 88...
Trace|Color bit encoding: 27
Trace|Reading image header...
Trace|Image header was read:
Trace|Width: 114, Height: 38, RowLength: 342
Trace|BPP: 24, PaletteColors: 0, Transaparency: False
Trace|The image doesn't use a palette.
Trace|Resource 89 offset: 731133, length: 13012...
Debug|Reading resource 89...
Trace|Color bit encoding: 27
Trace|Reading image header...
Trace|Image header was read:
Trace|Width: 114, Height: 38, RowLength: 342
Trace|BPP: 24, PaletteColors: 0, Transaparency: False
Trace|The image doesn't use a palette.
Trace|Resource 90 offset: 744145, length: 13012...
Debug|Reading resource 90...
Trace|Color bit encoding: 27
Trace|Reading image header...
Trace|Image header was read:
Trace|Width: 114, Height: 38, RowLength: 342
Trace|BPP: 24, PaletteColors: 0, Transaparency: False
Trace|The image doesn't use a palette.
Trace|Resource 91 offset: 757157, length: 13012...
Debug|Reading resource 91...
Trace|Color bit encoding: 27
Trace|Reading image header...
Trace|Image header was read:
Trace|Width: 114, Height: 38, RowLength: 342
Trace|BPP: 24, PaletteColors: 0, Transaparency: False
Trace|The image doesn't use a palette.
Trace|Resource 92 offset: 770169, length: 13012...
Debug|Reading resource 92...
Trace|Color bit encoding: 27
Trace|Reading image header...
Trace|Image header was read:
Trace|Width: 114, Height: 38, RowLength: 342
Trace|BPP: 24, PaletteColors: 0, Transaparency: False
Trace|The image doesn't use a palette.
Trace|Resource 93 offset: 783181, length: 13012...
Debug|Reading resource 93...
Trace|Color bit encoding: 27
Trace|Reading image header...
Trace|Image header was read:
Trace|Width: 114, Height: 38, RowLength: 342
Trace|BPP: 24, PaletteColors: 0, Transaparency: False
Trace|The image doesn't use a palette.
Trace|Resource 94 offset: 796193, length: 13012...
Debug|Reading resource 94...
Trace|Color bit encoding: 27
Trace|Reading image header...
Trace|Image header was read:
Trace|Width: 114, Height: 38, RowLength: 342
Trace|BPP: 24, PaletteColors: 0, Transaparency: False
Trace|The image doesn't use a palette.
Trace|Resource 95 offset: 809205, length: 13012...
Debug|Reading resource 95...
Trace|Color bit encoding: 27
Trace|Reading image header...
Trace|Image header was read:
Trace|Width: 114, Height: 38, RowLength: 342
Trace|BPP: 24, PaletteColors: 0, Transaparency: False
Trace|The image doesn't use a palette.
Trace|Resource 96 offset: 822217, length: 13012...
Debug|Reading resource 96...
Trace|Color bit encoding: 27
Trace|Reading image header...
Trace|Image header was read:
Trace|Width: 114, Height: 38, RowLength: 342
Trace|BPP: 24, PaletteColors: 0, Transaparency: False
Trace|The image doesn't use a palette.
Trace|Resource 97 offset: 835229, length: 13012...
Debug|Reading resource 97...
Trace|Color bit encoding: 27
Trace|Reading image header...
Trace|Image header was read:
Trace|Width: 114, Height: 38, RowLength: 342
Trace|BPP: 24, PaletteColors: 0, Transaparency: False
Trace|The image doesn't use a palette.
Trace|Resource 98 offset: 848241, length: 13012...
Debug|Reading resource 98...
Trace|Color bit encoding: 27
Trace|Reading image header...
Trace|Image header was read:
Trace|Width: 114, Height: 38, RowLength: 342
Trace|BPP: 24, PaletteColors: 0, Transaparency: False
Trace|The image doesn't use a palette.
Trace|Resource 99 offset: 861253, length: 13012...
Debug|Reading resource 99...
Trace|Color bit encoding: 27
Trace|Reading image header...
Trace|Image header was read:
Trace|Width: 114, Height: 38, RowLength: 342
Trace|BPP: 24, PaletteColors: 0, Transaparency: False
Trace|The image doesn't use a palette.
Trace|Resource 100 offset: 874265, length: 13012...
Debug|Reading resource 100...
Trace|Color bit encoding: 27
Trace|Reading image header...
Trace|Image header was read:
Trace|Width: 114, Height: 38, RowLength: 342
Trace|BPP: 24, PaletteColors: 0, Transaparency: False
Trace|The image doesn't use a palette.
Trace|Resource 101 offset: 887277, length: 13012...
Debug|Reading resource 101...
Trace|Color bit encoding: 27
Trace|Reading image header...
Trace|Image header was read:
Trace|Width: 114, Height: 38, RowLength: 342
Trace|BPP: 24, PaletteColors: 0, Transaparency: False
Trace|The image doesn't use a palette.
Trace|Resource 102 offset: 900289, length: 13012...
Debug|Reading resource 102...
Trace|Color bit encoding: 27
Trace|Reading image header...
Trace|Image header was read:
Trace|Width: 114, Height: 38, RowLength: 342
Trace|BPP: 24, PaletteColors: 0, Transaparency: False
Trace|The image doesn't use a palette.
Trace|Resource 103 offset: 913301, length: 13012...
Debug|Reading resource 103...
Trace|Color bit encoding: 27
Trace|Reading image header...
Trace|Image header was read:
Trace|Width: 114, Height: 38, RowLength: 342
Trace|BPP: 24, PaletteColors: 0, Transaparency: False
Trace|The image doesn't use a palette.
Trace|Resource 104 offset: 926313, length: 13012...
Debug|Reading resource 104...
Trace|Color bit encoding: 27
Trace|Reading image header...
Trace|Image header was read:
Trace|Width: 114, Height: 38, RowLength: 342
Trace|BPP: 24, PaletteColors: 0, Transaparency: False
Trace|The image doesn't use a palette.
Trace|Resource 105 offset: 939325, length: 13012...
Debug|Reading resource 105...
Trace|Color bit encoding: 27
Trace|Reading image header...
Trace|Image header was read:
Trace|Width: 114, Height: 38, RowLength: 342
Trace|BPP: 24, PaletteColors: 0, Transaparency: False
Trace|The image doesn't use a palette.
Trace|Resource 106 offset: 952337, length: 13012...
Debug|Reading resource 106...
Trace|Color bit encoding: 27
Trace|Reading image header...
Trace|Image header was read:
Trace|Width: 114, Height: 38, RowLength: 342
Trace|BPP: 24, PaletteColors: 0, Transaparency: False
Trace|The image doesn't use a palette.
Trace|Resource 107 offset: 965349, length: 448...
Debug|Reading resource 107...
Trace|Color bit encoding: 27
Trace|Reading image header...
Trace|Image header was read:
Trace|Width: 12, Height: 12, RowLength: 36
Trace|BPP: 24, PaletteColors: 0, Transaparency: False
Trace|The image doesn't use a palette.
Trace|Resource 108 offset: 965797, length: 448...
Debug|Reading resource 108...
Trace|Color bit encoding: 27
Trace|Reading image header...
Trace|Image header was read:
Trace|Width: 12, Height: 12, RowLength: 36
Trace|BPP: 24, PaletteColors: 0, Transaparency: False
Trace|The image doesn't use a palette.
Trace|Resource 109 offset: 966245, length: 448...
Debug|Reading resource 109...
Trace|Color bit encoding: 27
Trace|Reading image header...
Trace|Image header was read:
Trace|Width: 12, Height: 12, RowLength: 36
Trace|BPP: 24, PaletteColors: 0, Transaparency: False
Trace|The image doesn't use a palette.
Trace|Resource 110 offset: 966693, length: 304...
Debug|Reading resource 110...
Trace|Color bit encoding: 27
Trace|Reading image header...
Trace|Image header was read:
Trace|Width: 8, Height: 12, RowLength: 24
Trace|BPP: 24, PaletteColors: 0, Transaparency: False
Trace|The image doesn't use a palette.
Trace|Resource 111 offset: 966997, length: 304...
Debug|Reading resource 111...
Trace|Color bit encoding: 27
Trace|Reading image header...
Trace|Image header was read:
Trace|Width: 8, Height: 12, RowLength: 24
Trace|BPP: 24, PaletteColors: 0, Transaparency: False
Trace|The image doesn't use a palette.
Trace|Resource 112 offset: 967301, length: 304...
Debug|Reading resource 112...
Trace|Color bit encoding: 27
Trace|Reading image header...
Trace|Image header was read:
Trace|Width: 8, Height: 12, RowLength: 24
Trace|BPP: 24, PaletteColors: 0, Transaparency: False
Trace|The image doesn't use a palette.
Trace|Resource 113 offset: 967605, length: 304...
Debug|Reading resource 113...
Trace|Color bit encoding: 27
Trace|Reading image header...
Trace|Image header was read:
Trace|Width: 8, Height: 12, RowLength: 24
Trace|BPP: 24, PaletteColors: 0, Transaparency: False
Trace|The image doesn't use a palette.
Trace|Resource 114 offset: 967909, length: 304...
Debug|Reading resource 114...
Trace|Color bit encoding: 27
Trace|Reading image header...
Trace|Image header was read:
Trace|Width: 8, Height: 12, RowLength: 24
Trace|BPP: 24, PaletteColors: 0, Transaparency: False
Trace|The image doesn't use a palette.
Trace|Resource 115 offset: 968213, length: 304...
Debug|Reading resource 115...
Trace|Color bit encoding: 27
Trace|Reading image header...
Trace|Image header was read:
Trace|Width: 8, Height: 12, RowLength: 24
Trace|BPP: 24, PaletteColors: 0, Transaparency: False
Trace|The image doesn't use a palette.
Trace|Resource 116 offset: 968517, length: 304...
Debug|Reading resource 116...
Trace|Color bit encoding: 27
Trace|Reading image header...
Trace|Image header was read:
Trace|Width: 8, Height: 12, RowLength: 24
Trace|BPP: 24, PaletteColors: 0, Transaparency: False
Trace|The image doesn't use a palette.
Trace|Resource 117 offset: 968821, length: 304...
Debug|Reading resource 117...
Trace|Color bit encoding: 27
Trace|Reading image header...
Trace|Image header was read:
Trace|Width: 8, Height: 12, RowLength: 24
Trace|BPP: 24, PaletteColors: 0, Transaparency: False
Trace|The image doesn't use a palette.
Trace|Resource 118 offset: 969125, length: 304...
Debug|Reading resource 118...
Trace|Color bit encoding: 27
Trace|Reading image header...
Trace|Image header was read:
Trace|Width: 8, Height: 12, RowLength: 24
Trace|BPP: 24, PaletteColors: 0, Transaparency: False
Trace|The image doesn't use a palette.
Trace|Resource 119 offset: 969429, length: 304...
Debug|Reading resource 119...
Trace|Color bit encoding: 27
Trace|Reading image header...
Trace|Image header was read:
Trace|Width: 8, Height: 12, RowLength: 24
Trace|BPP: 24, PaletteColors: 0, Transaparency: False
Trace|The image doesn't use a palette.
Trace|Resource 120 offset: 969733, length: 448...
Debug|Reading resource 120...
Trace|Color bit encoding: 27
Trace|Reading image header...
Trace|Image header was read:
Trace|Width: 12, Height: 12, RowLength: 36
Trace|BPP: 24, PaletteColors: 0, Transaparency: False
Trace|The image doesn't use a palette.
Trace|Resource 121 offset: 970181, length: 13012...
Debug|Reading resource 121...
Trace|Color bit encoding: 27
Trace|Reading image header...
Trace|Image header was read:
Trace|Width: 114, Height: 38, RowLength: 342
Trace|BPP: 24, PaletteColors: 0, Transaparency: False
Trace|The image doesn't use a palette.
Trace|Resource 122 offset: 983193, length: 13012...
Debug|Reading resource 122...
Trace|Color bit encoding: 27
Trace|Reading image header...
Trace|Image header was read:
Trace|Width: 114, Height: 38, RowLength: 342
Trace|BPP: 24, PaletteColors: 0, Transaparency: False
Trace|The image doesn't use a palette.
Trace|Resource 123 offset: 996205, length: 13012...
Debug|Reading resource 123...
Trace|Color bit encoding: 27
Trace|Reading image header...
Trace|Image header was read:
Trace|Width: 114, Height: 38, RowLength: 342
Trace|BPP: 24, PaletteColors: 0, Transaparency: False
Trace|The image doesn't use a palette.
Trace|Resource 124 offset: 1009217, length: 13012...
Debug|Reading resource 124...
Trace|Color bit encoding: 27
Trace|Reading image header...
Trace|Image header was read:
Trace|Width: 114, Height: 38, RowLength: 342
Trace|BPP: 24, PaletteColors: 0, Transaparency: False
Trace|The image doesn't use a palette.
Trace|Resource 125 offset: 1022229, length: 13012...
Debug|Reading resource 125...
Trace|Color bit encoding: 27
Trace|Reading image header...
Trace|Image header was read:
Trace|Width: 114, Height: 38, RowLength: 342
Trace|BPP: 24, PaletteColors: 0, Transaparency: False
Trace|The image doesn't use a palette.
Trace|Resource 126 offset: 1035241, length: 13012...
Debug|Reading resource 126...
Trace|Color bit encoding: 27
Trace|Reading image header...
Trace|Image header was read:
Trace|Width: 114, Height: 38, RowLength: 342
Trace|BPP: 24, PaletteColors: 0, Transaparency: False
Trace|The image doesn't use a palette.
Trace|Resource 127 offset: 1048253, length: 13012...
Debug|Reading resource 127...
Trace|Color bit encoding: 27
Trace|Reading image header...
Trace|Image header was read:
Trace|Width: 114, Height: 38, RowLength: 342
Trace|BPP: 24, PaletteColors: 0, Transaparency: False
Trace|The image doesn't use a palette.
Trace|Resource 128 offset: 1061265, length: 13012...
Debug|Reading resource 128...
Trace|Color bit encoding: 27
Trace|Reading image header...
Trace|Image header was read:
Trace|Width: 114, Height: 38, RowLength: 342
Trace|BPP: 24, PaletteColors: 0, Transaparency: False
Trace|The image doesn't use a palette.
Trace|Resource 129 offset: 1074277, length: 13012...
Debug|Reading resource 129...
Trace|Color bit encoding: 27
Trace|Reading image header...
Trace|Image header was read:
Trace|Width: 114, Height: 38, RowLength: 342
Trace|BPP: 24, PaletteColors: 0, Transaparency: False
Trace|The image doesn't use a palette.
Trace|Resource 130 offset: 1087289, length: 13012...
Debug|Reading resource 130...
Trace|Color bit encoding: 27
Trace|Reading image header...
Trace|Image header was read:
Trace|Width: 114, Height: 38, RowLength: 342
Trace|BPP: 24, PaletteColors: 0, Transaparency: False
Trace|The image doesn't use a palette.
Debug|Parsing parameters...
Trace|2 'Background'
Trace|2.1 'Image'
Trace|2.1.1 'X': 0
Trace|2.1.2 'Y': 0
Trace|2.1.3 'ImageIndex': 0
Trace|2.3 'Preview1'
Trace|2.3.1 'X': 21
Trace|2.3.2 'Y': 30
Trace|2.3.3 'ImageIndex': 2
Trace|2.4 'Preview2'
Trace|2.4.1 'X': 21
Trace|2.4.2 'Y': 30
Trace|2.4.3 'ImageIndex': 3
Trace|2.5 'Preview3'
Trace|2.5.1 'X': 21
Trace|2.5.2 'Y': 30
Trace|2.5.3 'ImageIndex': 1
Trace|3 'Time'
Trace|3.1 'Hours'
Trace|3.1.1 'Tens'
Trace|3.1.1.1 'X': 52
Trace|3.1.1.2 'Y': 105
Trace|3.1.1.3 'ImageIndex': 4
Trace|3.1.1.4 'ImagesCount': 10
Trace|3.1.2 'Ones'
Trace|3.1.2.1 'X': 98
Trace|3.1.2.2 'Y': 100
Trace|3.1.2.3 'ImageIndex': 4
Trace|3.1.2.4 'ImagesCount': 10
Trace|3.2 'Minutes'
Trace|3.2.1 'Tens'
Trace|3.2.1.1 'X': 4
Trace|3.2.1.2 'Y': 174
Trace|3.2.1.3 'ImageIndex': 4
Trace|3.2.1.4 'ImagesCount': 10
Trace|3.2.2 'Ones'
Trace|3.2.2.1 'X': 50
Trace|3.2.2.2 'Y': 169
Trace|3.2.2.3 'ImageIndex': 4
Trace|3.2.2.4 'ImagesCount': 10
Trace|3.11 'UnknownV11': 0
Trace|4 'Activity'
Trace|4.1 'Steps'
Trace|4.1.1 'Number'
Trace|4.1.1.1 'TopLeftX': 0
Trace|4.1.1.2 'TopLeftY': 436
Trace|4.1.1.3 'BottomRightX': 152
Trace|4.1.1.4 'BottomRightY': 456
Trace|4.1.1.5 'Alignment': 16
Trace|4.1.1.6 'SpacingX': 1
Trace|4.1.1.7 'SpacingY': 0
Trace|4.1.1.8 'ImageIndex': 50
Trace|4.1.1.9 'ImagesCount': 10
Trace|4.1.2 'PrefixImageIndex': 60
Trace|4.7 'UnknownV7': 0
Trace|5 'Date'
Trace|5.1 'MonthAndDayAndYear'
Trace|5.1.2 'OneLine'
Trace|5.1.2.1 'NumberCN'
Trace|5.1.2.1.1 'TopLeftX': 97
Trace|5.1.2.1.2 'TopLeftY': 209
Trace|5.1.2.1.3 'BottomRightX': 151
Trace|5.1.2.1.4 'BottomRightY': 229
Trace|5.1.2.1.5 'Alignment': 18
Trace|5.1.2.1.6 'SpacingX': 1
Trace|5.1.2.1.7 'SpacingY': -1
Trace|5.1.2.1.8 'ImageIndex': 14
Trace|5.1.2.1.9 'ImagesCount': 10
Trace|5.1.2.2 'DelimiterImageIndex': 24
Trace|5.1.4 'TwoDigitsMonth': 1
Trace|5.1.5 'TwoDigitsDay': 1
Trace|5.2 'DayAmPm'
Trace|5.2.1 'X': 18
Trace|5.2.2 'Y': 122
Trace|5.2.3 'ImageIndexAMCN': 46
Trace|5.2.4 'ImageIndexPMCN': 47
Trace|5.2.5 'ImageIndexAMEN': 48
Trace|5.2.6 'ImageIndexPMEN': 49
Trace|5.4 'ENWeekDays'
Trace|5.4.1 'X': 11
Trace|5.4.2 'Y': 149
Trace|5.4.3 'ImageIndex': 25
Trace|5.4.4 'ImagesCount': 7
Trace|5.5 'CNWeekDays'
Trace|5.5.1 'X': 11
Trace|5.5.2 'Y': 149
Trace|5.5.3 'ImageIndex': 39
Trace|5.5.4 'ImagesCount': 7
Trace|5.6 'CN2WeekDays'
Trace|5.6.1 'X': 11
Trace|5.6.2 'Y': 149
Trace|5.6.3 'ImageIndex': 32
Trace|5.6.4 'ImagesCount': 7
Trace|6 'Weather'
Trace|6.1 'Icon'
Trace|6.1.2 'CustomIcon'
Trace|6.1.2.1 'X': 105
Trace|6.1.2.2 'Y': 171
Trace|6.1.2.3 'ImageIndex': 61
Trace|6.1.2.4 'ImagesCount': 26
Trace|6.1.3 'Unknown3'
Trace|6.1.3.1 'X': 105
Trace|6.1.3.2 'Y': 171
Trace|6.1.4 'Unknown4'
Trace|6.1.4.1 'X': 105
Trace|6.1.4.2 'Y': 171
Trace|7 'StepsProgress'
Trace|7.2 'LineScale'
Trace|7.2.1 'X': 18
Trace|7.2.2 'Y': 438
Trace|7.2.3 'ImageIndex': 87
Trace|7.2.4 'ImagesCount': 20
Trace|8 'Status'
Trace|8.1 'DoNotDisturb'
Trace|8.1.1 'Coordinates'
Trace|8.1.1.1 'X': 52
Trace|8.1.1.2 'Y': 53
Trace|8.1.2 'ImageIndexOn': 108
Trace|8.2 'Lock'
Trace|8.2.1 'Coordinates'
Trace|8.2.1.1 'X': 70
Trace|8.2.1.2 'Y': 53
Trace|8.2.3 'ImageIndexOff': 109
Trace|8.3 'Bluetooth'
Trace|8.3.1 'Coordinates'
Trace|8.3.1.1 'X': 88
Trace|8.3.1.2 'Y': 53
Trace|8.3.3 'ImageIndexOff': 107
Trace|9 'Battery'
Trace|9.1 'BatteryText'
Trace|9.1.1 'Coordinates'
Trace|9.1.1.1 'TopLeftX': 0
Trace|9.1.1.2 'TopLeftY': 32
Trace|9.1.1.3 'BottomRightX': 151
Trace|9.1.1.4 'BottomRightY': 44
Trace|9.1.1.5 'Alignment': 24
Trace|9.1.1.6 'SpacingX': 1
Trace|9.1.1.7 'SpacingY': 0
Trace|9.1.1.8 'ImageIndex': 110
Trace|9.1.1.9 'ImagesCount': 10
Trace|9.1.4 'SuffixImageIndex': 120
Trace|9.2 'BatteryIcon'
Trace|9.2.1 'X': 19
Trace|9.2.2 'Y': 10
Trace|9.2.3 'ImageIndex': 121
Trace|9.2.4 'ImagesCount': 10
Debug|Generating previews...
Debug|Exporting resources to 'E:\Рабочий стол\Mi Band 5 WatchFace Editor\NEW WATCHFACE\??\????'
Debug|Extracting E:\Рабочий стол\Mi Band 5 WatchFace Editor\NEW WATCHFACE\??\????\0000.png...
Debug|Extracting E:\Рабочий стол\Mi Band 5 WatchFace Editor\NEW WATCHFACE\??\????\0001.png...
Debug|Extracting E:\Рабочий стол\Mi Band 5 WatchFace Editor\NEW WATCHFACE\??\????\0002.png...
Debug|Extracting E:\Рабочий стол\Mi Band 5 WatchFace Editor\NEW WATCHFACE\??\????\0003.png...
Debug|Extracting E:\Рабочий стол\Mi Band 5 WatchFace Editor\NEW WATCHFACE\??\????\0004.png...
Debug|Extracting E:\Рабочий стол\Mi Band 5 WatchFace Editor\NEW WATCHFACE\??\????\0005.png...
Debug|Extracting E:\Рабочий стол\Mi Band 5 WatchFace Editor\NEW WATCHFACE\??\????\0006.png...
Debug|Extracting E:\Рабочий стол\Mi Band 5 WatchFace Editor\NEW WATCHFACE\??\????\0007.png...
Debug|Extracting E:\Рабочий стол\Mi Band 5 WatchFace Editor\NEW WATCHFACE\??\????\0008.png...
Debug|Extracting E:\Рабочий стол\Mi Band 5 WatchFace Editor\NEW WATCHFACE\??\????\0009.png...
Debug|Extracting E:\Рабочий стол\Mi Band 5 WatchFace Editor\NEW WATCHFACE\??\????\0010.png...
Debug|Extracting E:\Рабочий стол\Mi Band 5 WatchFace Editor\NEW WATCHFACE\??\????\0011.png...
Debug|Extracting E:\Рабочий стол\Mi Band 5 WatchFace Editor\NEW WATCHFACE\??\????\0012.png...
Debug|Extracting E:\Рабочий стол\Mi Band 5 WatchFace Editor\NEW WATCHFACE\??\????\0013.png...
Debug|Extracting E:\Рабочий стол\Mi Band 5 WatchFace Editor\NEW WATCHFACE\??\????\0014.png...
Debug|Extracting E:\Рабочий стол\Mi Band 5 WatchFace Editor\NEW WATCHFACE\??\????\0015.png...
Debug|Extracting E:\Рабочий стол\Mi Band 5 WatchFace Editor\NEW WATCHFACE\??\????\0016.png...
Debug|Extracting E:\Рабочий стол\Mi Band 5 WatchFace Editor\NEW WATCHFACE\??\????\0017.png...
Debug|Extracting E:\Рабочий стол\Mi Band 5 WatchFace Editor\NEW WATCHFACE\??\????\0018.png...
Debug|Extracting E:\Рабочий стол\Mi Band 5 WatchFace Editor\NEW WATCHFACE\??\????\0019.png...
Debug|Extracting E:\Рабочий стол\Mi Band 5 WatchFace Editor\NEW WATCHFACE\??\????\0020.png...
Debug|Extracting E:\Рабочий стол\Mi Band 5 WatchFace Editor\NEW WATCHFACE\??\????\0021.png...
Debug|Extracting E:\Рабочий стол\Mi Band 5 WatchFace Editor\NEW WATCHFACE\??\????\0022.png...
Debug|Extracting E:\Рабочий стол\Mi Band 5 WatchFace Editor\NEW WATCHFACE\??\????\0023.png...
Debug|Extracting E:\Рабочий стол\Mi Band 5 WatchFace Editor\NEW WATCHFACE\??\????\0024.png...
Debug|Extracting E:\Рабочий стол\Mi Band 5 WatchFace Editor\NEW WATCHFACE\??\????\0025.png...
Debug|Extracting E:\Рабочий стол\Mi Band 5 WatchFace Editor\NEW WATCHFACE\??\????\0026.png...
Debug|Extracting E:\Рабочий стол\Mi Band 5 WatchFace Editor\NEW WATCHFACE\??\????\0027.png...
Debug|Extracting E:\Рабочий стол\Mi Band 5 WatchFace Editor\NEW WATCHFACE\??\????\0028.png...
Debug|Extracting E:\Рабочий стол\Mi Band 5 WatchFace Editor\NEW WATCHFACE\??\????\0029.png...
Debug|Extracting E:\Рабочий стол\Mi Band 5 WatchFace Editor\NEW WATCHFACE\??\????\0030.png...
Debug|Extracting E:\Рабочий стол\Mi Band 5 WatchFace Editor\NEW WATCHFACE\??\????\0031.png...
Debug|Extracting E:\Рабочий стол\Mi Band 5 WatchFace Editor\NEW WATCHFACE\??\????\0032.png...
Debug|Extracting E:\Рабочий стол\Mi Band 5 WatchFace Editor\NEW WATCHFACE\??\????\0033.png...
Debug|Extracting E:\Рабочий стол\Mi Band 5 WatchFace Editor\NEW WATCHFACE\??\????\0034.png...
Debug|Extracting E:\Рабочий стол\Mi Band 5 WatchFace Editor\NEW WATCHFACE\??\????\0035.png...
Debug|Extracting E:\Рабочий стол\Mi Band 5 WatchFace Editor\NEW WATCHFACE\??\????\0036.png...
Debug|Extracting E:\Рабочий стол\Mi Band 5 WatchFace Editor\NEW WATCHFACE\??\????\0037.png...
Debug|Extracting E:\Рабочий стол\Mi Band 5 WatchFace Editor\NEW WATCHFACE\??\????\0038.png...
Debug|Extracting E:\Рабочий стол\Mi Band 5 WatchFace Editor\NEW WATCHFACE\??\????\0039.png...
Debug|Extracting E:\Рабочий стол\Mi Band 5 WatchFace Editor\NEW WATCHFACE\??\????\0040.png...
Debug|Extracting E:\Рабочий стол\Mi Band 5 WatchFace Editor\NEW WATCHFACE\??\????\0041.png...
Debug|Extracting E:\Рабочий стол\Mi Band 5 WatchFace Editor\NEW WATCHFACE\??\????\0042.png...
Debug|Extracting E:\Рабочий стол\Mi Band 5 WatchFace Editor\NEW WATCHFACE\??\????\0043.png...
Debug|Extracting E:\Рабочий стол\Mi Band 5 WatchFace Editor\NEW WATCHFACE\??\????\0044.png...
Debug|Extracting E:\Рабочий стол\Mi Band 5 WatchFace Editor\NEW WATCHFACE\??\????\0045.png...
Debug|Extracting E:\Рабочий стол\Mi Band 5 WatchFace Editor\NEW WATCHFACE\??\????\0046.png...
Debug|Extracting E:\Рабочий стол\Mi Band 5 WatchFace Editor\NEW WATCHFACE\??\????\0047.png...
Debug|Extracting E:\Рабочий стол\Mi Band 5 WatchFace Editor\NEW WATCHFACE\??\????\0048.png...
Debug|Extracting E:\Рабочий стол\Mi Band 5 WatchFace Editor\NEW WATCHFACE\??\????\0049.png...
Debug|Extracting E:\Рабочий стол\Mi Band 5 WatchFace Editor\NEW WATCHFACE\??\????\0050.png...
Debug|Extracting E:\Рабочий стол\Mi Band 5 WatchFace Editor\NEW WATCHFACE\??\????\0051.png...
Debug|Extracting E:\Рабочий стол\Mi Band 5 WatchFace Editor\NEW WATCHFACE\??\????\0052.png...
Debug|Extracting E:\Рабочий стол\Mi Band 5 WatchFace Editor\NEW WATCHFACE\??\????\0053.png...
Debug|Extracting E:\Рабочий стол\Mi Band 5 WatchFace Editor\NEW WATCHFACE\??\????\0054.png...
Debug|Extracting E:\Рабочий стол\Mi Band 5 WatchFace Editor\NEW WATCHFACE\??\????\0055.png...
Debug|Extracting E:\Рабочий стол\Mi Band 5 WatchFace Editor\NEW WATCHFACE\??\????\0056.png...
Debug|Extracting E:\Рабочий стол\Mi Band 5 WatchFace Editor\NEW WATCHFACE\??\????\0057.png...
Debug|Extracting E:\Рабочий стол\Mi Band 5 WatchFace Editor\NEW WATCHFACE\??\????\0058.png...
Debug|Extracting E:\Рабочий стол\Mi Band 5 WatchFace Editor\NEW WATCHFACE\??\????\0059.png...
Debug|Extracting E:\Рабочий стол\Mi Band 5 WatchFace Editor\NEW WATCHFACE\??\????\0060.png...
Debug|Extracting E:\Рабочий стол\Mi Band 5 WatchFace Editor\NEW WATCHFACE\??\????\0061.png...
Debug|Extracting E:\Рабочий стол\Mi Band 5 WatchFace Editor\NEW WATCHFACE\??\????\0062.png...
Debug|Extracting E:\Рабочий стол\Mi Band 5 WatchFace Editor\NEW WATCHFACE\??\????\0063.png...
Debug|Extracting E:\Рабочий стол\Mi Band 5 WatchFace Editor\NEW WATCHFACE\??\????\0064.png...
Debug|Extracting E:\Рабочий стол\Mi Band 5 WatchFace Editor\NEW WATCHFACE\??\????\0065.png...
Debug|Extracting E:\Рабочий стол\Mi Band 5 WatchFace Editor\NEW WATCHFACE\??\????\0066.png...
Debug|Extracting E:\Рабочий стол\Mi Band 5 WatchFace Editor\NEW WATCHFACE\??\????\0067.png...
Debug|Extracting E:\Рабочий стол\Mi Band 5 WatchFace Editor\NEW WATCHFACE\??\????\0068.png...
Debug|Extracting E:\Рабочий стол\Mi Band 5 WatchFace Editor\NEW WATCHFACE\??\????\0069.png...
Debug|Extracting E:\Рабочий стол\Mi Band 5 WatchFace Editor\NEW WATCHFACE\??\????\0070.png...
Debug|Extracting E:\Рабочий стол\Mi Band 5 WatchFace Editor\NEW WATCHFACE\??\????\0071.png...
Debug|Extracting E:\Рабочий стол\Mi Band 5 WatchFace Editor\NEW WATCHFACE\??\????\0072.png...
Debug|Extracting E:\Рабочий стол\Mi Band 5 WatchFace Editor\NEW WATCHFACE\??\????\0073.png...
Debug|Extracting E:\Рабочий стол\Mi Band 5 WatchFace Editor\NEW WATCHFACE\??\????\0074.png...
Debug|Extracting E:\Рабочий стол\Mi Band 5 WatchFace Editor\NEW WATCHFACE\??\????\0075.png...
Debug|Extracting E:\Рабочий стол\Mi Band 5 WatchFace Editor\NEW WATCHFACE\??\????\0076.png...
Debug|Extracting E:\Рабочий стол\Mi Band 5 WatchFace Editor\NEW WATCHFACE\??\????\0077.png...
Debug|Extracting E:\Рабочий стол\Mi Band 5 WatchFace Editor\NEW WATCHFACE\??\????\0078.png...
Debug|Extracting E:\Рабочий стол\Mi Band 5 WatchFace Editor\NEW WATCHFACE\??\????\0079.png...
Debug|Extracting E:\Рабочий стол\Mi Band 5 WatchFace Editor\NEW WATCHFACE\??\????\0080.png...
Debug|Extracting E:\Рабочий стол\Mi Band 5 WatchFace Editor\NEW WATCHFACE\??\????\0081.png...
Debug|Extracting E:\Рабочий стол\Mi Band 5 WatchFace Editor\NEW WATCHFACE\??\????\0082.png...
Debug|Extracting E:\Рабочий стол\Mi Band 5 WatchFace Editor\NEW WATCHFACE\??\????\0083.png...
Debug|Extracting E:\Рабочий стол\Mi Band 5 WatchFace Editor\NEW WATCHFACE\??\????\0084.png...
Debug|Extracting E:\Рабочий стол\Mi Band 5 WatchFace Editor\NEW WATCHFACE\??\????\0085.png...
Debug|Extracting E:\Рабочий стол\Mi Band 5 WatchFace Editor\NEW WATCHFACE\??\????\0086.png...
Debug|Extracting E:\Рабочий стол\Mi Band 5 WatchFace Editor\NEW WATCHFACE\??\????\0087.png...
Debug|Extracting E:\Рабочий стол\Mi Band 5 WatchFace Editor\NEW WATCHFACE\??\????\0088.png...
Debug|Extracting E:\Рабочий стол\Mi Band 5 WatchFace Editor\NEW WATCHFACE\??\????\0089.png...
Debug|Extracting E:\Рабочий стол\Mi Band 5 WatchFace Editor\NEW WATCHFACE\??\????\0090.png...
Debug|Extracting E:\Рабочий стол\Mi Band 5 WatchFace Editor\NEW WATCHFACE\??\????\0091.png...
Debug|Extracting E:\Рабочий стол\Mi Band 5 WatchFace Editor\NEW WATCHFACE\??\????\0092.png...
Debug|Extracting E:\Рабочий стол\Mi Band 5 WatchFace Editor\NEW WATCHFACE\??\????\0093.png...
Debug|Extracting E:\Рабочий стол\Mi Band 5 WatchFace Editor\NEW WATCHFACE\??\????\0094.png...
Debug|Extracting E:\Рабочий стол\Mi Band 5 WatchFace Editor\NEW WATCHFACE\??\????\0095.png...
Debug|Extracting E:\Рабочий стол\Mi Band 5 WatchFace Editor\NEW WATCHFACE\??\????\0096.png...
Debug|Extracting E:\Рабочий стол\Mi Band 5 WatchFace Editor\NEW WATCHFACE\??\????\0097.png...
Debug|Extracting E:\Рабочий стол\Mi Band 5 WatchFace Editor\NEW WATCHFACE\??\????\0098.png...
Debug|Extracting E:\Рабочий стол\Mi Band 5 WatchFace Editor\NEW WATCHFACE\??\????\0099.png...
Debug|Extracting E:\Рабочий стол\Mi Band 5 WatchFace Editor\NEW WATCHFACE\??\????\0100.png...
Debug|Extracting E:\Рабочий стол\Mi Band 5 WatchFace Editor\NEW WATCHFACE\??\????\0101.png...
Debug|Extracting E:\Рабочий стол\Mi Band 5 WatchFace Editor\NEW WATCHFACE\??\????\0102.png...
Debug|Extracting E:\Рабочий стол\Mi Band 5 WatchFace Editor\NEW WATCHFACE\??\????\0103.png...
Debug|Extracting E:\Рабочий стол\Mi Band 5 WatchFace Editor\NEW WATCHFACE\??\????\0104.png...
Debug|Extracting E:\Рабочий стол\Mi Band 5 WatchFace Editor\NEW WATCHFACE\??\????\0105.png...
Debug|Extracting E:\Рабочий стол\Mi Band 5 WatchFace Editor\NEW WATCHFACE\??\????\0106.png...
Debug|Extracting E:\Рабочий стол\Mi Band 5 WatchFace Editor\NEW WATCHFACE\??\????\0107.png...
Debug|Extracting E:\Рабочий стол\Mi Band 5 WatchFace Editor\NEW WATCHFACE\??\????\0108.png...
Debug|Extracting E:\Рабочий стол\Mi Band 5 WatchFace Editor\NEW WATCHFACE\??\????\0109.png...
Debug|Extracting E:\Рабочий стол\Mi Band 5 WatchFace Editor\NEW WATCHFACE\??\????\0110.png...
Debug|Extracting E:\Рабочий стол\Mi Band 5 WatchFace Editor\NEW WATCHFACE\??\????\0111.png...
Debug|Extracting E:\Рабочий стол\Mi Band 5 WatchFace Editor\NEW WATCHFACE\??\????\0112.png...
Debug|Extracting E:\Рабочий стол\Mi Band 5 WatchFace Editor\NEW WATCHFACE\??\????\0113.png...
Debug|Extracting E:\Рабочий стол\Mi Band 5 WatchFace Editor\NEW WATCHFACE\??\????\0114.png...
Debug|Extracting E:\Рабочий стол\Mi Band 5 WatchFace Editor\NEW WATCHFACE\??\????\0115.png...
Debug|Extracting E:\Рабочий стол\Mi Band 5 WatchFace Editor\NEW WATCHFACE\??\????\0116.png...
Debug|Extracting E:\Рабочий стол\Mi Band 5 WatchFace Editor\NEW WATCHFACE\??\????\0117.png...
Debug|Extracting E:\Рабочий стол\Mi Band 5 WatchFace Editor\NEW WATCHFACE\??\????\0118.png...
Debug|Extracting E:\Рабочий стол\Mi Band 5 WatchFace Editor\NEW WATCHFACE\??\????\0119.png...
Debug|Extracting E:\Рабочий стол\Mi Band 5 WatchFace Editor\NEW WATCHFACE\??\????\0120.png...
Debug|Extracting E:\Рабочий стол\Mi Band 5 WatchFace Editor\NEW WATCHFACE\??\????\0121.png...
Debug|Extracting E:\Рабочий стол\Mi Band 5 WatchFace Editor\NEW WATCHFACE\??\????\0122.png...
Debug|Extracting E:\Рабочий стол\Mi Band 5 WatchFace Editor\NEW WATCHFACE\??\????\0123.png...
Debug|Extracting E:\Рабочий стол\Mi Band 5 WatchFace Editor\NEW WATCHFACE\??\????\0124.png...
Debug|Extracting E:\Рабочий стол\Mi Band 5 WatchFace Editor\NEW WATCHFACE\??\????\0125.png...
Debug|Extracting E:\Рабочий стол\Mi Band 5 WatchFace Editor\NEW WATCHFACE\??\????\0126.png...
Debug|Extracting E:\Рабочий стол\Mi Band 5 WatchFace Editor\NEW WATCHFACE\??\????\0127.png...
Debug|Extracting E:\Рабочий стол\Mi Band 5 WatchFace Editor\NEW WATCHFACE\??\????\0128.png...
Debug|Extracting E:\Рабочий стол\Mi Band 5 WatchFace Editor\NEW WATCHFACE\??\????\0129.png...
Debug|Extracting E:\Рабочий стол\Mi Band 5 WatchFace Editor\NEW WATCHFACE\??\????\0130.png...
Debug|Exporting config...
