Debug|Opening watch face 'E:\Ðàáî÷èé ñòîë\Mi Band 5 WatchFace Editor\NEW WATCHFACE\wfaceÌ.bin'
Debug|Reading parameters...
Trace|Reading header...
Trace|Header was read:
Trace|Signature: UIHH, Unknown: 16777215, ParametersSize: 63, IsValid: True
Trace|Reading parameter offsets...
Trace|Parameter offsets were read from file
Trace|Reading parameters descriptor...
Trace|1 (0A): 6 bytes
Trace|    1 (08): 531 (213)
Trace|    2 (10): 170 (AA)
Trace|Parameters descriptor was read:
Trace|ParametrsTableLength: 531, ImagesCount: 170
Trace|Reading parameters locations...
Trace|2 (12): 4 bytes
Trace|    1 (08): 0 (00)
Trace|    2 (10): 32 (20)
Trace|3 (1A): 4 bytes
Trace|    1 (08): 32 (20)
Trace|    2 (10): 50 (32)
Trace|4 (22): 6 bytes
Trace|    1 (08): 179 (B3)
Trace|    2 (10): 128 (80)
Trace|5 (2A): 4 bytes
Trace|    1 (08): 82 (52)
Trace|    2 (10): 97 (61)
Trace|6 (32): 5 bytes
Trace|    1 (08): 307 (133)
Trace|    2 (10): 86 (56)
Trace|8 (42): 5 bytes
Trace|    1 (08): 393 (189)
Trace|    2 (10): 33 (21)
Trace|9 (4A): 5 bytes
Trace|    1 (08): 426 (1AA)
Trace|    2 (10): 37 (25)
Info|[WARNING] Decompiling proccess, SKIPPED important bit. id:18
Trace|18 (92): 5 bytes
Trace|    1 (08): 463 (1CF)
Trace|    2 (10): 68 (44)
Trace|Watch face parameters locations were read:
Trace|Reading descriptor for parameter 2
Trace|Descriptor offset: 0, Descriptor length: 32
Trace|Parsing descriptor for parameter 2...
Trace|1 (0A): 6 bytes
Trace|    1 (08): 0 (00)
Trace|    2 (10): 0 (00)
Trace|    3 (18): 0 (00)
Trace|3 (1A): 6 bytes
Trace|    1 (08): 21 (15)
Trace|    2 (10): 30 (1E)
Trace|    3 (18): 2 (02)
Trace|4 (22): 6 bytes
Trace|    1 (08): 21 (15)
Trace|    2 (10): 30 (1E)
Trace|    3 (18): 3 (03)
Trace|5 (2A): 6 bytes
Trace|    1 (08): 21 (15)
Trace|    2 (10): 30 (1E)
Trace|    3 (18): 1 (01)
Trace|Reading descriptor for parameter 3
Trace|Descriptor offset: 32, Descriptor length: 50
Trace|Parsing descriptor for parameter 3...
Trace|1 (0A): 22 bytes
Trace|    1 (0A): 9 bytes
Trace|        1 (08): 6 (06)
Trace|        2 (10): 200 (C8)
Trace|        3 (18): 4 (04)
Trace|        4 (20): 10 (0A)
Trace|    2 (12): 9 bytes
Trace|        1 (08): 37 (25)
Trace|        2 (10): 217 (D9)
Trace|        3 (18): 4 (04)
Trace|        4 (20): 10 (0A)
Trace|2 (12): 22 bytes
Trace|    1 (0A): 9 bytes
Trace|        1 (08): 90 (5A)
Trace|        2 (10): 217 (D9)
Trace|        3 (18): 14 (0E)
Trace|        4 (20): 10 (0A)
Trace|    2 (12): 9 bytes
Trace|        1 (08): 120 (78)
Trace|        2 (10): 200 (C8)
Trace|        3 (18): 14 (0E)
Trace|        4 (20): 10 (0A)
Trace|11 (58): 0 (00)
Trace|Reading descriptor for parameter 4
Trace|Descriptor offset: 179, Descriptor length: 128
Trace|Parsing descriptor for parameter 4...
Trace|1 (0A): 32 bytes
Trace|    1 (0A): 30 bytes
Trace|        1 (08): 88 (58)
Trace|        2 (10): 336 (150)
Trace|        3 (18): 140 (8C)
Trace|        4 (20): 374 (176)
Trace|        5 (28): 34 (22)
Trace|        6 (30): 3 (03)
Trace|        7 (38): -5 (FFFFFFFFFFFFFFFB)
Trace|        8 (40): 83 (53)
Trace|        9 (48): 10 (0A)
Trace|3 (1A): 22 bytes
Trace|    1 (0A): 20 bytes
Trace|        1 (08): 21 (15)
Trace|        2 (10): 341 (155)
Trace|        3 (18): 62 (3E)
Trace|        4 (20): 374 (176)
Trace|        5 (28): 18 (12)
Trace|        6 (30): 3 (03)
Trace|        7 (38): 5 (05)
Trace|        8 (40): 48 (30)
Trace|        9 (48): 10 (0A)
Trace|4 (22): 33 bytes
Trace|    1 (0A): 29 bytes
Trace|        1 (08): 33 (21)
Trace|        2 (10): 430 (1AE)
Trace|        3 (18): 61 (3D)
Trace|        4 (20): 458 (1CA)
Trace|        5 (28): 20 (14)
Trace|        6 (30): 2 (02)
Trace|        7 (38): -5 (FFFFFFFFFFFFFFFB)
Trace|        8 (40): 48 (30)
Trace|        9 (48): 10 (0A)
Trace|    3 (18): 93 (5D)
Trace|6 (32): 31 bytes
Trace|    1 (0A): 29 bytes
Trace|        1 (08): 89 (59)
Trace|        2 (10): 429 (1AD)
Trace|        3 (18): 117 (75)
Trace|        4 (20): 457 (1C9)
Trace|        5 (28): 18 (12)
Trace|        6 (30): 2 (02)
Trace|        7 (38): -5 (FFFFFFFFFFFFFFFB)
Trace|        8 (40): 83 (53)
Trace|        9 (48): 10 (0A)
Trace|7 (38): 0 (00)
Trace|Reading descriptor for parameter 5
Trace|Descriptor offset: 82, Descriptor length: 97
Trace|Parsing descriptor for parameter 5...
Trace|1 (0A): 50 bytes
Trace|    1 (0A): 44 bytes
Trace|        2 (12): 9 bytes
Trace|            1 (08): 31 (1F)
Trace|            2 (10): 141 (8D)
Trace|            3 (18): 24 (18)
Trace|            4 (20): 12 (0C)
Trace|        3 (1A): 9 bytes
Trace|            1 (08): 31 (1F)
Trace|            2 (10): 141 (8D)
Trace|            3 (18): 36 (24)
Trace|            4 (20): 12 (0C)
Trace|        4 (22): 20 bytes
Trace|            1 (08): 40 (28)
Trace|            2 (10): 170 (AA)
Trace|            3 (18): 57 (39)
Trace|            4 (20): 192 (C0)
Trace|            5 (28): 18 (12)
Trace|            6 (30): 1 (01)
Trace|            7 (38): 4 (04)
Trace|            8 (40): 48 (30)
Trace|            9 (48): 10 (0A)
Trace|    4 (20): 1 (01)
Trace|    5 (28): 1 (01)
Trace|2 (12): 13 bytes
Trace|    1 (08): 39 (27)
Trace|    2 (10): 284 (11C)
Trace|    3 (18): 79 (4F)
Trace|    4 (20): 80 (50)
Trace|    5 (28): 81 (51)
Trace|    6 (30): 82 (52)
Trace|4 (22): 8 bytes
Trace|    1 (08): 31 (1F)
Trace|    2 (10): 115 (73)
Trace|    3 (18): 58 (3A)
Trace|    4 (20): 7 (07)
Trace|5 (2A): 8 bytes
Trace|    1 (08): 31 (1F)
Trace|    2 (10): 115 (73)
Trace|    3 (18): 72 (48)
Trace|    4 (20): 7 (07)
Trace|6 (32): 8 bytes
Trace|    1 (08): 31 (1F)
Trace|    2 (10): 115 (73)
Trace|    3 (18): 65 (41)
Trace|    4 (20): 7 (07)
Trace|Reading descriptor for parameter 6
Trace|Descriptor offset: 307, Descriptor length: 86
Trace|Parsing descriptor for parameter 6...
Trace|1 (0A): 22 bytes
Trace|    2 (12): 8 bytes
Trace|        1 (08): 31 (1F)
Trace|        2 (10): 64 (40)
Trace|        3 (18): 94 (5E)
Trace|        4 (20): 26 (1A)
Trace|    3 (1A): 4 bytes
Trace|        1 (08): 31 (1F)
Trace|        2 (10): 64 (40)
Trace|    4 (22): 4 bytes
Trace|        1 (08): 31 (1F)
Trace|        2 (10): 64 (40)
Trace|2 (12): 60 bytes
Trace|    2 (12): 58 bytes
Trace|        1 (0A): 56 bytes
Trace|            1 (0A): 26 bytes
Trace|                1 (0A): 18 bytes
Trace|                    1 (08): 86 (56)
Trace|                    2 (10): 61 (3D)
Trace|                    3 (18): 125 (7D)
Trace|                    4 (20): 66 (42)
Trace|                    5 (28): 20 (14)
Trace|                    6 (30): 1 (01)
Trace|                    7 (38): 5 (05)
Trace|                    8 (40): 120 (78)
Trace|                    9 (48): 10 (0A)
Trace|                2 (10): 130 (82)
Trace|                3 (18): 131 (83)
Trace|            2 (12): 26 bytes
Trace|                1 (0A): 18 bytes
Trace|                    1 (08): 86 (56)
Trace|                    2 (10): 80 (50)
Trace|                    3 (18): 125 (7D)
Trace|                    4 (20): 95 (5F)
Trace|                    5 (28): 20 (14)
Trace|                    6 (30): 1 (01)
Trace|                    7 (38): 5 (05)
Trace|                    8 (40): 120 (78)
Trace|                    9 (48): 10 (0A)
Trace|                2 (10): 130 (82)
Trace|                3 (18): 131 (83)
Trace|Reading descriptor for parameter 8
Trace|Descriptor offset: 393, Descriptor length: 33
Trace|Parsing descriptor for parameter 8...
Trace|1 (0A): 9 bytes
Trace|    1 (0A): 4 bytes
Trace|        1 (08): 53 (35)
Trace|        2 (10): 9 (09)
Trace|    2 (10): 133 (85)
Trace|2 (12): 9 bytes
Trace|    1 (0A): 4 bytes
Trace|        1 (08): 70 (46)
Trace|        2 (10): 9 (09)
Trace|    3 (18): 134 (86)
Trace|3 (1A): 9 bytes
Trace|    1 (0A): 4 bytes
Trace|        1 (08): 87 (57)
Trace|        2 (10): 9 (09)
Trace|    3 (18): 132 (84)
Trace|Reading descriptor for parameter 9
Trace|Descriptor offset: 426, Descriptor length: 37
Trace|Parsing descriptor for parameter 9...
Trace|1 (0A): 24 bytes
Trace|    1 (0A): 19 bytes
Trace|        1 (08): 73 (49)
Trace|        2 (10): 28 (1C)
Trace|        3 (18): 112 (70)
Trace|        4 (20): 41 (29)
Trace|        5 (28): 18 (12)
Trace|        6 (30): 1 (01)
Trace|        7 (38): 0 (00)
Trace|        8 (40): 135 (87)
Trace|        9 (48): 10 (0A)
Trace|    4 (20): 145 (91)
Trace|2 (12): 9 bytes
Trace|    1 (08): 50 (32)
Trace|    2 (10): 29 (1D)
Trace|    3 (18): 146 (92)
Trace|    4 (20): 10 (0A)
Trace|Reading descriptor for parameter 18
Trace|Descriptor offset: 463, Descriptor length: 68
Trace|Parsing descriptor for parameter 18...
Trace|1 (0A): 31 bytes
Trace|    1 (08): 93 (5D)
Trace|    2 (10): 157 (9D)
Trace|    3 (18): 141 (8D)
Trace|    4 (20): 192 (C0)
Trace|    5 (28): 34 (22)
Trace|    6 (30): 0 (00)
Trace|    7 (38): -5 (FFFFFFFFFFFFFFFB)
Trace|    8 (40): 156 (9C)
Trace|    9 (48): 10 (0A)
Trace|2 (10): 166 (A6)
Trace|3 (1A): 7 bytes
Trace|    1 (08): 92 (5C)
Trace|    2 (10): 122 (7A)
Trace|    3 (18): 167 (A7)
Trace|4 (22): 7 bytes
Trace|    1 (08): 92 (5C)
Trace|    2 (10): 122 (7A)
Trace|    3 (18): 168 (A8)
Trace|5 (2A): 8 bytes
Trace|    1 (08): 93 (5D)
Trace|    2 (10): 157 (9D)
Trace|    3 (18): 169 (A9)
Trace|6 (30): 1 (01)
Trace|7 (38): 1 (01)
Trace|Reading resources offsets table with 170 elements (680 bytes)
Debug|Reading 170 resources...
Trace|Resource 0 offset: 1361, length: 147760...
Debug|Reading resource 0...
Trace|Color bit encoding: 9
Trace|Reading image header...
Trace|Image header was read:
Trace|Width: 152, Height: 486, RowLength: 304
Trace|BPP: 16, PaletteColors: 0, Transaparency: False
Trace|The image doesn't use a palette.
Trace|Resource 1 offset: 149121, length: 116176...
Debug|Reading resource 1...
Trace|Color bit encoding: 27
Trace|Reading image header...
Trace|Image header was read:
Trace|Width: 110, Height: 352, RowLength: 330
Trace|BPP: 24, PaletteColors: 0, Transaparency: False
Trace|The image doesn't use a palette.
Trace|Resource 2 offset: 265297, length: 116176...
Debug|Reading resource 2...
Trace|Color bit encoding: 27
Trace|Reading image header...
Trace|Image header was read:
Trace|Width: 110, Height: 352, RowLength: 330
Trace|BPP: 24, PaletteColors: 0, Transaparency: False
Trace|The image doesn't use a palette.
Trace|Resource 3 offset: 381473, length: 116176...
Debug|Reading resource 3...
Trace|Color bit encoding: 27
Trace|Reading image header...
Trace|Image header was read:
Trace|Width: 110, Height: 352, RowLength: 330
Trace|BPP: 24, PaletteColors: 0, Transaparency: False
Trace|The image doesn't use a palette.
Trace|Resource 4 offset: 497649, length: 5164...
Debug|Reading resource 4...
Trace|Color bit encoding: 27
Trace|Reading image header...
Trace|Image header was read:
Trace|Width: 26, Height: 66, RowLength: 78
Trace|BPP: 24, PaletteColors: 0, Transaparency: False
Trace|The image doesn't use a palette.
Trace|Resource 5 offset: 502813, length: 5164...
Debug|Reading resource 5...
Trace|Color bit encoding: 27
Trace|Reading image header...
Trace|Image header was read:
Trace|Width: 26, Height: 66, RowLength: 78
Trace|BPP: 24, PaletteColors: 0, Transaparency: False
Trace|The image doesn't use a palette.
Trace|Resource 6 offset: 507977, length: 5164...
Debug|Reading resource 6...
Trace|Color bit encoding: 27
Trace|Reading image header...
Trace|Image header was read:
Trace|Width: 26, Height: 66, RowLength: 78
Trace|BPP: 24, PaletteColors: 0, Transaparency: False
Trace|The image doesn't use a palette.
Trace|Resource 7 offset: 513141, length: 5164...
Debug|Reading resource 7...
Trace|Color bit encoding: 27
Trace|Reading image header...
Trace|Image header was read:
Trace|Width: 26, Height: 66, RowLength: 78
Trace|BPP: 24, PaletteColors: 0, Transaparency: False
Trace|The image doesn't use a palette.
Trace|Resource 8 offset: 518305, length: 5164...
Debug|Reading resource 8...
Trace|Color bit encoding: 27
Trace|Reading image header...
Trace|Image header was read:
Trace|Width: 26, Height: 66, RowLength: 78
Trace|BPP: 24, PaletteColors: 0, Transaparency: False
Trace|The image doesn't use a palette.
Trace|Resource 9 offset: 523469, length: 5164...
Debug|Reading resource 9...
Trace|Color bit encoding: 27
Trace|Reading image header...
Trace|Image header was read:
Trace|Width: 26, Height: 66, RowLength: 78
Trace|BPP: 24, PaletteColors: 0, Transaparency: False
Trace|The image doesn't use a palette.
Trace|Resource 10 offset: 528633, length: 5164...
Debug|Reading resource 10...
Trace|Color bit encoding: 27
Trace|Reading image header...
Trace|Image header was read:
Trace|Width: 26, Height: 66, RowLength: 78
Trace|BPP: 24, PaletteColors: 0, Transaparency: False
Trace|The image doesn't use a palette.
Trace|Resource 11 offset: 533797, length: 5164...
Debug|Reading resource 11...
Trace|Color bit encoding: 27
Trace|Reading image header...
Trace|Image header was read:
Trace|Width: 26, Height: 66, RowLength: 78
Trace|BPP: 24, PaletteColors: 0, Transaparency: False
Trace|The image doesn't use a palette.
Trace|Resource 12 offset: 538961, length: 5164...
Debug|Reading resource 12...
Trace|Color bit encoding: 27
Trace|Reading image header...
Trace|Image header was read:
Trace|Width: 26, Height: 66, RowLength: 78
Trace|BPP: 24, PaletteColors: 0, Transaparency: False
Trace|The image doesn't use a palette.
Trace|Resource 13 offset: 544125, length: 5164...
Debug|Reading resource 13...
Trace|Color bit encoding: 27
Trace|Reading image header...
Trace|Image header was read:
Trace|Width: 26, Height: 66, RowLength: 78
Trace|BPP: 24, PaletteColors: 0, Transaparency: False
Trace|The image doesn't use a palette.
Trace|Resource 14 offset: 549289, length: 5164...
Debug|Reading resource 14...
Trace|Color bit encoding: 27
Trace|Reading image header...
Trace|Image header was read:
Trace|Width: 26, Height: 66, RowLength: 78
Trace|BPP: 24, PaletteColors: 0, Transaparency: False
Trace|The image doesn't use a palette.
Trace|Resource 15 offset: 554453, length: 5164...
Debug|Reading resource 15...
Trace|Color bit encoding: 27
Trace|Reading image header...
Trace|Image header was read:
Trace|Width: 26, Height: 66, RowLength: 78
Trace|BPP: 24, PaletteColors: 0, Transaparency: False
Trace|The image doesn't use a palette.
Trace|Resource 16 offset: 559617, length: 5164...
Debug|Reading resource 16...
Trace|Color bit encoding: 27
Trace|Reading image header...
Trace|Image header was read:
Trace|Width: 26, Height: 66, RowLength: 78
Trace|BPP: 24, PaletteColors: 0, Transaparency: False
Trace|The image doesn't use a palette.
Trace|Resource 17 offset: 564781, length: 5164...
Debug|Reading resource 17...
Trace|Color bit encoding: 27
Trace|Reading image header...
Trace|Image header was read:
Trace|Width: 26, Height: 66, RowLength: 78
Trace|BPP: 24, PaletteColors: 0, Transaparency: False
Trace|The image doesn't use a palette.
Trace|Resource 18 offset: 569945, length: 5164...
Debug|Reading resource 18...
Trace|Color bit encoding: 27
Trace|Reading image header...
Trace|Image header was read:
Trace|Width: 26, Height: 66, RowLength: 78
Trace|BPP: 24, PaletteColors: 0, Transaparency: False
Trace|The image doesn't use a palette.
Trace|Resource 19 offset: 575109, length: 5164...
Debug|Reading resource 19...
Trace|Color bit encoding: 27
Trace|Reading image header...
Trace|Image header was read:
Trace|Width: 26, Height: 66, RowLength: 78
Trace|BPP: 24, PaletteColors: 0, Transaparency: False
Trace|The image doesn't use a palette.
Trace|Resource 20 offset: 580273, length: 5164...
Debug|Reading resource 20...
Trace|Color bit encoding: 27
Trace|Reading image header...
Trace|Image header was read:
Trace|Width: 26, Height: 66, RowLength: 78
Trace|BPP: 24, PaletteColors: 0, Transaparency: False
Trace|The image doesn't use a palette.
Trace|Resource 21 offset: 585437, length: 5164...
Debug|Reading resource 21...
Trace|Color bit encoding: 27
Trace|Reading image header...
Trace|Image header was read:
Trace|Width: 26, Height: 66, RowLength: 78
Trace|BPP: 24, PaletteColors: 0, Transaparency: False
Trace|The image doesn't use a palette.
Trace|Resource 22 offset: 590601, length: 5164...
Debug|Reading resource 22...
Trace|Color bit encoding: 27
Trace|Reading image header...
Trace|Image header was read:
Trace|Width: 26, Height: 66, RowLength: 78
Trace|BPP: 24, PaletteColors: 0, Transaparency: False
Trace|The image doesn't use a palette.
Trace|Resource 23 offset: 595765, length: 5164...
Debug|Reading resource 23...
Trace|Color bit encoding: 27
Trace|Reading image header...
Trace|Image header was read:
Trace|Width: 26, Height: 66, RowLength: 78
Trace|BPP: 24, PaletteColors: 0, Transaparency: False
Trace|The image doesn't use a palette.
Trace|Resource 24 offset: 600929, length: 2203...
Debug|Reading resource 24...
Trace|Color bit encoding: 27
Trace|Reading image header...
Trace|Image header was read:
Trace|Width: 27, Height: 27, RowLength: 81
Trace|BPP: 24, PaletteColors: 0, Transaparency: False
Trace|The image doesn't use a palette.
Trace|Resource 25 offset: 603132, length: 2203...
Debug|Reading resource 25...
Trace|Color bit encoding: 27
Trace|Reading image header...
Trace|Image header was read:
Trace|Width: 27, Height: 27, RowLength: 81
Trace|BPP: 24, PaletteColors: 0, Transaparency: False
Trace|The image doesn't use a palette.
Trace|Resource 26 offset: 605335, length: 2203...
Debug|Reading resource 26...
Trace|Color bit encoding: 27
Trace|Reading image header...
Trace|Image header was read:
Trace|Width: 27, Height: 27, RowLength: 81
Trace|BPP: 24, PaletteColors: 0, Transaparency: False
Trace|The image doesn't use a palette.
Trace|Resource 27 offset: 607538, length: 2203...
Debug|Reading resource 27...
Trace|Color bit encoding: 27
Trace|Reading image header...
Trace|Image header was read:
Trace|Width: 27, Height: 27, RowLength: 81
Trace|BPP: 24, PaletteColors: 0, Transaparency: False
Trace|The image doesn't use a palette.
Trace|Resource 28 offset: 609741, length: 2203...
Debug|Reading resource 28...
Trace|Color bit encoding: 27
Trace|Reading image header...
Trace|Image header was read:
Trace|Width: 27, Height: 27, RowLength: 81
Trace|BPP: 24, PaletteColors: 0, Transaparency: False
Trace|The image doesn't use a palette.
Trace|Resource 29 offset: 611944, length: 2203...
Debug|Reading resource 29...
Trace|Color bit encoding: 27
Trace|Reading image header...
Trace|Image header was read:
Trace|Width: 27, Height: 27, RowLength: 81
Trace|BPP: 24, PaletteColors: 0, Transaparency: False
Trace|The image doesn't use a palette.
Trace|Resource 30 offset: 614147, length: 2203...
Debug|Reading resource 30...
Trace|Color bit encoding: 27
Trace|Reading image header...
Trace|Image header was read:
Trace|Width: 27, Height: 27, RowLength: 81
Trace|BPP: 24, PaletteColors: 0, Transaparency: False
Trace|The image doesn't use a palette.
Trace|Resource 31 offset: 616350, length: 2203...
Debug|Reading resource 31...
Trace|Color bit encoding: 27
Trace|Reading image header...
Trace|Image header was read:
Trace|Width: 27, Height: 27, RowLength: 81
Trace|BPP: 24, PaletteColors: 0, Transaparency: False
Trace|The image doesn't use a palette.
Trace|Resource 32 offset: 618553, length: 2203...
Debug|Reading resource 32...
Trace|Color bit encoding: 27
Trace|Reading image header...
Trace|Image header was read:
Trace|Width: 27, Height: 27, RowLength: 81
Trace|BPP: 24, PaletteColors: 0, Transaparency: False
Trace|The image doesn't use a palette.
Trace|Resource 33 offset: 620756, length: 2203...
Debug|Reading resource 33...
Trace|Color bit encoding: 27
Trace|Reading image header...
Trace|Image header was read:
Trace|Width: 27, Height: 27, RowLength: 81
Trace|BPP: 24, PaletteColors: 0, Transaparency: False
Trace|The image doesn't use a palette.
Trace|Resource 34 offset: 622959, length: 2203...
Debug|Reading resource 34...
Trace|Color bit encoding: 27
Trace|Reading image header...
Trace|Image header was read:
Trace|Width: 27, Height: 27, RowLength: 81
Trace|BPP: 24, PaletteColors: 0, Transaparency: False
Trace|The image doesn't use a palette.
Trace|Resource 35 offset: 625162, length: 2203...
Debug|Reading resource 35...
Trace|Color bit encoding: 27
Trace|Reading image header...
Trace|Image header was read:
Trace|Width: 27, Height: 27, RowLength: 81
Trace|BPP: 24, PaletteColors: 0, Transaparency: False
Trace|The image doesn't use a palette.
Trace|Resource 36 offset: 627365, length: 2203...
Debug|Reading resource 36...
Trace|Color bit encoding: 27
Trace|Reading image header...
Trace|Image header was read:
Trace|Width: 27, Height: 27, RowLength: 81
Trace|BPP: 24, PaletteColors: 0, Transaparency: False
Trace|The image doesn't use a palette.
Trace|Resource 37 offset: 629568, length: 2203...
Debug|Reading resource 37...
Trace|Color bit encoding: 27
Trace|Reading image header...
Trace|Image header was read:
Trace|Width: 27, Height: 27, RowLength: 81
Trace|BPP: 24, PaletteColors: 0, Transaparency: False
Trace|The image doesn't use a palette.
Trace|Resource 38 offset: 631771, length: 2203...
Debug|Reading resource 38...
Trace|Color bit encoding: 27
Trace|Reading image header...
Trace|Image header was read:
Trace|Width: 27, Height: 27, RowLength: 81
Trace|BPP: 24, PaletteColors: 0, Transaparency: False
Trace|The image doesn't use a palette.
Trace|Resource 39 offset: 633974, length: 2203...
Debug|Reading resource 39...
Trace|Color bit encoding: 27
Trace|Reading image header...
Trace|Image header was read:
Trace|Width: 27, Height: 27, RowLength: 81
Trace|BPP: 24, PaletteColors: 0, Transaparency: False
Trace|The image doesn't use a palette.
Trace|Resource 40 offset: 636177, length: 2203...
Debug|Reading resource 40...
Trace|Color bit encoding: 27
Trace|Reading image header...
Trace|Image header was read:
Trace|Width: 27, Height: 27, RowLength: 81
Trace|BPP: 24, PaletteColors: 0, Transaparency: False
Trace|The image doesn't use a palette.
Trace|Resource 41 offset: 638380, length: 2203...
Debug|Reading resource 41...
Trace|Color bit encoding: 27
Trace|Reading image header...
Trace|Image header was read:
Trace|Width: 27, Height: 27, RowLength: 81
Trace|BPP: 24, PaletteColors: 0, Transaparency: False
Trace|The image doesn't use a palette.
Trace|Resource 42 offset: 640583, length: 2203...
Debug|Reading resource 42...
Trace|Color bit encoding: 27
Trace|Reading image header...
Trace|Image header was read:
Trace|Width: 27, Height: 27, RowLength: 81
Trace|BPP: 24, PaletteColors: 0, Transaparency: False
Trace|The image doesn't use a palette.
Trace|Resource 43 offset: 642786, length: 2203...
Debug|Reading resource 43...
Trace|Color bit encoding: 27
Trace|Reading image header...
Trace|Image header was read:
Trace|Width: 27, Height: 27, RowLength: 81
Trace|BPP: 24, PaletteColors: 0, Transaparency: False
Trace|The image doesn't use a palette.
Trace|Resource 44 offset: 644989, length: 2203...
Debug|Reading resource 44...
Trace|Color bit encoding: 27
Trace|Reading image header...
Trace|Image header was read:
Trace|Width: 27, Height: 27, RowLength: 81
Trace|BPP: 24, PaletteColors: 0, Transaparency: False
Trace|The image doesn't use a palette.
Trace|Resource 45 offset: 647192, length: 2203...
Debug|Reading resource 45...
Trace|Color bit encoding: 27
Trace|Reading image header...
Trace|Image header was read:
Trace|Width: 27, Height: 27, RowLength: 81
Trace|BPP: 24, PaletteColors: 0, Transaparency: False
Trace|The image doesn't use a palette.
Trace|Resource 46 offset: 649395, length: 2203...
Debug|Reading resource 46...
Trace|Color bit encoding: 27
Trace|Reading image header...
Trace|Image header was read:
Trace|Width: 27, Height: 27, RowLength: 81
Trace|BPP: 24, PaletteColors: 0, Transaparency: False
Trace|The image doesn't use a palette.
Trace|Resource 47 offset: 651598, length: 2203...
Debug|Reading resource 47...
Trace|Color bit encoding: 27
Trace|Reading image header...
Trace|Image header was read:
Trace|Width: 27, Height: 27, RowLength: 81
Trace|BPP: 24, PaletteColors: 0, Transaparency: False
Trace|The image doesn't use a palette.
Trace|Resource 48 offset: 653801, length: 448...
Debug|Reading resource 48...
Trace|Color bit encoding: 27
Trace|Reading image header...
Trace|Image header was read:
Trace|Width: 8, Height: 18, RowLength: 24
Trace|BPP: 24, PaletteColors: 0, Transaparency: False
Trace|The image doesn't use a palette.
Trace|Resource 49 offset: 654249, length: 448...
Debug|Reading resource 49...
Trace|Color bit encoding: 27
Trace|Reading image header...
Trace|Image header was read:
Trace|Width: 8, Height: 18, RowLength: 24
Trace|BPP: 24, PaletteColors: 0, Transaparency: False
Trace|The image doesn't use a palette.
Trace|Resource 50 offset: 654697, length: 448...
Debug|Reading resource 50...
Trace|Color bit encoding: 27
Trace|Reading image header...
Trace|Image header was read:
Trace|Width: 8, Height: 18, RowLength: 24
Trace|BPP: 24, PaletteColors: 0, Transaparency: False
Trace|The image doesn't use a palette.
Trace|Resource 51 offset: 655145, length: 448...
Debug|Reading resource 51...
Trace|Color bit encoding: 27
Trace|Reading image header...
Trace|Image header was read:
Trace|Width: 8, Height: 18, RowLength: 24
Trace|BPP: 24, PaletteColors: 0, Transaparency: False
Trace|The image doesn't use a palette.
Trace|Resource 52 offset: 655593, length: 448...
Debug|Reading resource 52...
Trace|Color bit encoding: 27
Trace|Reading image header...
Trace|Image header was read:
Trace|Width: 8, Height: 18, RowLength: 24
Trace|BPP: 24, PaletteColors: 0, Transaparency: False
Trace|The image doesn't use a palette.
Trace|Resource 53 offset: 656041, length: 448...
Debug|Reading resource 53...
Trace|Color bit encoding: 27
Trace|Reading image header...
Trace|Image header was read:
Trace|Width: 8, Height: 18, RowLength: 24
Trace|BPP: 24, PaletteColors: 0, Transaparency: False
Trace|The image doesn't use a palette.
Trace|Resource 54 offset: 656489, length: 448...
Debug|Reading resource 54...
Trace|Color bit encoding: 27
Trace|Reading image header...
Trace|Image header was read:
Trace|Width: 8, Height: 18, RowLength: 24
Trace|BPP: 24, PaletteColors: 0, Transaparency: False
Trace|The image doesn't use a palette.
Trace|Resource 55 offset: 656937, length: 448...
Debug|Reading resource 55...
Trace|Color bit encoding: 27
Trace|Reading image header...
Trace|Image header was read:
Trace|Width: 8, Height: 18, RowLength: 24
Trace|BPP: 24, PaletteColors: 0, Transaparency: False
Trace|The image doesn't use a palette.
Trace|Resource 56 offset: 657385, length: 448...
Debug|Reading resource 56...
Trace|Color bit encoding: 27
Trace|Reading image header...
Trace|Image header was read:
Trace|Width: 8, Height: 18, RowLength: 24
Trace|BPP: 24, PaletteColors: 0, Transaparency: False
Trace|The image doesn't use a palette.
Trace|Resource 57 offset: 657833, length: 448...
Debug|Reading resource 57...
Trace|Color bit encoding: 27
Trace|Reading image header...
Trace|Image header was read:
Trace|Width: 8, Height: 18, RowLength: 24
Trace|BPP: 24, PaletteColors: 0, Transaparency: False
Trace|The image doesn't use a palette.
Trace|Resource 58 offset: 658281, length: 2203...
Debug|Reading resource 58...
Trace|Color bit encoding: 27
Trace|Reading image header...
Trace|Image header was read:
Trace|Width: 27, Height: 27, RowLength: 81
Trace|BPP: 24, PaletteColors: 0, Transaparency: False
Trace|The image doesn't use a palette.
Trace|Resource 59 offset: 660484, length: 2203...
Debug|Reading resource 59...
Trace|Color bit encoding: 27
Trace|Reading image header...
Trace|Image header was read:
Trace|Width: 27, Height: 27, RowLength: 81
Trace|BPP: 24, PaletteColors: 0, Transaparency: False
Trace|The image doesn't use a palette.
Trace|Resource 60 offset: 662687, length: 2203...
Debug|Reading resource 60...
Trace|Color bit encoding: 27
Trace|Reading image header...
Trace|Image header was read:
Trace|Width: 27, Height: 27, RowLength: 81
Trace|BPP: 24, PaletteColors: 0, Transaparency: False
Trace|The image doesn't use a palette.
Trace|Resource 61 offset: 664890, length: 2203...
Debug|Reading resource 61...
Trace|Color bit encoding: 27
Trace|Reading image header...
Trace|Image header was read:
Trace|Width: 27, Height: 27, RowLength: 81
Trace|BPP: 24, PaletteColors: 0, Transaparency: False
Trace|The image doesn't use a palette.
Trace|Resource 62 offset: 667093, length: 2203...
Debug|Reading resource 62...
Trace|Color bit encoding: 27
Trace|Reading image header...
Trace|Image header was read:
Trace|Width: 27, Height: 27, RowLength: 81
Trace|BPP: 24, PaletteColors: 0, Transaparency: False
Trace|The image doesn't use a palette.
Trace|Resource 63 offset: 669296, length: 2203...
Debug|Reading resource 63...
Trace|Color bit encoding: 27
Trace|Reading image header...
Trace|Image header was read:
Trace|Width: 27, Height: 27, RowLength: 81
Trace|BPP: 24, PaletteColors: 0, Transaparency: False
Trace|The image doesn't use a palette.
Trace|Resource 64 offset: 671499, length: 2203...
Debug|Reading resource 64...
Trace|Color bit encoding: 27
Trace|Reading image header...
Trace|Image header was read:
Trace|Width: 27, Height: 27, RowLength: 81
Trace|BPP: 24, PaletteColors: 0, Transaparency: False
Trace|The image doesn't use a palette.
Trace|Resource 65 offset: 673702, length: 2203...
Debug|Reading resource 65...
Trace|Color bit encoding: 27
Trace|Reading image header...
Trace|Image header was read:
Trace|Width: 27, Height: 27, RowLength: 81
Trace|BPP: 24, PaletteColors: 0, Transaparency: False
Trace|The image doesn't use a palette.
Trace|Resource 66 offset: 675905, length: 2203...
Debug|Reading resource 66...
Trace|Color bit encoding: 27
Trace|Reading image header...
Trace|Image header was read:
Trace|Width: 27, Height: 27, RowLength: 81
Trace|BPP: 24, PaletteColors: 0, Transaparency: False
Trace|The image doesn't use a palette.
Trace|Resource 67 offset: 678108, length: 2203...
Debug|Reading resource 67...
Trace|Color bit encoding: 27
Trace|Reading image header...
Trace|Image header was read:
Trace|Width: 27, Height: 27, RowLength: 81
Trace|BPP: 24, PaletteColors: 0, Transaparency: False
Trace|The image doesn't use a palette.
Trace|Resource 68 offset: 680311, length: 2203...
Debug|Reading resource 68...
Trace|Color bit encoding: 27
Trace|Reading image header...
Trace|Image header was read:
Trace|Width: 27, Height: 27, RowLength: 81
Trace|BPP: 24, PaletteColors: 0, Transaparency: False
Trace|The image doesn't use a palette.
Trace|Resource 69 offset: 682514, length: 2203...
Debug|Reading resource 69...
Trace|Color bit encoding: 27
Trace|Reading image header...
Trace|Image header was read:
Trace|Width: 27, Height: 27, RowLength: 81
Trace|BPP: 24, PaletteColors: 0, Transaparency: False
Trace|The image doesn't use a palette.
Trace|Resource 70 offset: 684717, length: 2203...
Debug|Reading resource 70...
Trace|Color bit encoding: 27
Trace|Reading image header...
Trace|Image header was read:
Trace|Width: 27, Height: 27, RowLength: 81
Trace|BPP: 24, PaletteColors: 0, Transaparency: False
Trace|The image doesn't use a palette.
Trace|Resource 71 offset: 686920, length: 2203...
Debug|Reading resource 71...
Trace|Color bit encoding: 27
Trace|Reading image header...
Trace|Image header was read:
Trace|Width: 27, Height: 27, RowLength: 81
Trace|BPP: 24, PaletteColors: 0, Transaparency: False
Trace|The image doesn't use a palette.
Trace|Resource 72 offset: 689123, length: 2203...
Debug|Reading resource 72...
Trace|Color bit encoding: 27
Trace|Reading image header...
Trace|Image header was read:
Trace|Width: 27, Height: 27, RowLength: 81
Trace|BPP: 24, PaletteColors: 0, Transaparency: False
Trace|The image doesn't use a palette.
Trace|Resource 73 offset: 691326, length: 2203...
Debug|Reading resource 73...
Trace|Color bit encoding: 27
Trace|Reading image header...
Trace|Image header was read:
Trace|Width: 27, Height: 27, RowLength: 81
Trace|BPP: 24, PaletteColors: 0, Transaparency: False
Trace|The image doesn't use a palette.
Trace|Resource 74 offset: 693529, length: 2203...
Debug|Reading resource 74...
Trace|Color bit encoding: 27
Trace|Reading image header...
Trace|Image header was read:
Trace|Width: 27, Height: 27, RowLength: 81
Trace|BPP: 24, PaletteColors: 0, Transaparency: False
Trace|The image doesn't use a palette.
Trace|Resource 75 offset: 695732, length: 2203...
Debug|Reading resource 75...
Trace|Color bit encoding: 27
Trace|Reading image header...
Trace|Image header was read:
Trace|Width: 27, Height: 27, RowLength: 81
Trace|BPP: 24, PaletteColors: 0, Transaparency: False
Trace|The image doesn't use a palette.
Trace|Resource 76 offset: 697935, length: 2203...
Debug|Reading resource 76...
Trace|Color bit encoding: 27
Trace|Reading image header...
Trace|Image header was read:
Trace|Width: 27, Height: 27, RowLength: 81
Trace|BPP: 24, PaletteColors: 0, Transaparency: False
Trace|The image doesn't use a palette.
Trace|Resource 77 offset: 700138, length: 2203...
Debug|Reading resource 77...
Trace|Color bit encoding: 27
Trace|Reading image header...
Trace|Image header was read:
Trace|Width: 27, Height: 27, RowLength: 81
Trace|BPP: 24, PaletteColors: 0, Transaparency: False
Trace|The image doesn't use a palette.
Trace|Resource 78 offset: 702341, length: 2203...
Debug|Reading resource 78...
Trace|Color bit encoding: 27
Trace|Reading image header...
Trace|Image header was read:
Trace|Width: 27, Height: 27, RowLength: 81
Trace|BPP: 24, PaletteColors: 0, Transaparency: False
Trace|The image doesn't use a palette.
Trace|Resource 79 offset: 704544, length: 5944...
Debug|Reading resource 79...
Trace|Color bit encoding: 27
Trace|Reading image header...
Trace|Image header was read:
Trace|Width: 76, Height: 26, RowLength: 228
Trace|BPP: 24, PaletteColors: 0, Transaparency: False
Trace|The image doesn't use a palette.
Trace|Resource 80 offset: 710488, length: 5944...
Debug|Reading resource 80...
Trace|Color bit encoding: 27
Trace|Reading image header...
Trace|Image header was read:
Trace|Width: 76, Height: 26, RowLength: 228
Trace|BPP: 24, PaletteColors: 0, Transaparency: False
Trace|The image doesn't use a palette.
Trace|Resource 81 offset: 716432, length: 6400...
Debug|Reading resource 81...
Trace|Color bit encoding: 27
Trace|Reading image header...
Trace|Image header was read:
Trace|Width: 76, Height: 28, RowLength: 228
Trace|BPP: 24, PaletteColors: 0, Transaparency: False
Trace|The image doesn't use a palette.
Trace|Resource 82 offset: 722832, length: 6400...
Debug|Reading resource 82...
Trace|Color bit encoding: 27
Trace|Reading image header...
Trace|Image header was read:
Trace|Width: 76, Height: 28, RowLength: 228
Trace|BPP: 24, PaletteColors: 0, Transaparency: False
Trace|The image doesn't use a palette.
Trace|Resource 83 offset: 729232, length: 448...
Debug|Reading resource 83...
Trace|Color bit encoding: 27
Trace|Reading image header...
Trace|Image header was read:
Trace|Width: 8, Height: 18, RowLength: 24
Trace|BPP: 24, PaletteColors: 0, Transaparency: False
Trace|The image doesn't use a palette.
Trace|Resource 84 offset: 729680, length: 448...
Debug|Reading resource 84...
Trace|Color bit encoding: 27
Trace|Reading image header...
Trace|Image header was read:
Trace|Width: 8, Height: 18, RowLength: 24
Trace|BPP: 24, PaletteColors: 0, Transaparency: False
Trace|The image doesn't use a palette.
Trace|Resource 85 offset: 730128, length: 448...
Debug|Reading resource 85...
Trace|Color bit encoding: 27
Trace|Reading image header...
Trace|Image header was read:
Trace|Width: 8, Height: 18, RowLength: 24
Trace|BPP: 24, PaletteColors: 0, Transaparency: False
Trace|The image doesn't use a palette.
Trace|Resource 86 offset: 730576, length: 448...
Debug|Reading resource 86...
Trace|Color bit encoding: 27
Trace|Reading image header...
Trace|Image header was read:
Trace|Width: 8, Height: 18, RowLength: 24
Trace|BPP: 24, PaletteColors: 0, Transaparency: False
Trace|The image doesn't use a palette.
Trace|Resource 87 offset: 731024, length: 448...
Debug|Reading resource 87...
Trace|Color bit encoding: 27
Trace|Reading image header...
Trace|Image header was read:
Trace|Width: 8, Height: 18, RowLength: 24
Trace|BPP: 24, PaletteColors: 0, Transaparency: False
Trace|The image doesn't use a palette.
Trace|Resource 88 offset: 731472, length: 448...
Debug|Reading resource 88...
Trace|Color bit encoding: 27
Trace|Reading image header...
Trace|Image header was read:
Trace|Width: 8, Height: 18, RowLength: 24
Trace|BPP: 24, PaletteColors: 0, Transaparency: False
Trace|The image doesn't use a palette.
Trace|Resource 89 offset: 731920, length: 448...
Debug|Reading resource 89...
Trace|Color bit encoding: 27
Trace|Reading image header...
Trace|Image header was read:
Trace|Width: 8, Height: 18, RowLength: 24
Trace|BPP: 24, PaletteColors: 0, Transaparency: False
Trace|The image doesn't use a palette.
Trace|Resource 90 offset: 732368, length: 448...
Debug|Reading resource 90...
Trace|Color bit encoding: 27
Trace|Reading image header...
Trace|Image header was read:
Trace|Width: 8, Height: 18, RowLength: 24
Trace|BPP: 24, PaletteColors: 0, Transaparency: False
Trace|The image doesn't use a palette.
Trace|Resource 91 offset: 732816, length: 448...
Debug|Reading resource 91...
Trace|Color bit encoding: 27
Trace|Reading image header...
Trace|Image header was read:
Trace|Width: 8, Height: 18, RowLength: 24
Trace|BPP: 24, PaletteColors: 0, Transaparency: False
Trace|The image doesn't use a palette.
Trace|Resource 92 offset: 733264, length: 448...
Debug|Reading resource 92...
Trace|Color bit encoding: 27
Trace|Reading image header...
Trace|Image header was read:
Trace|Width: 8, Height: 18, RowLength: 24
Trace|BPP: 24, PaletteColors: 0, Transaparency: False
Trace|The image doesn't use a palette.
Trace|Resource 93 offset: 733712, length: 952...
Debug|Reading resource 93...
Trace|Color bit encoding: 27
Trace|Reading image header...
Trace|Image header was read:
Trace|Width: 24, Height: 13, RowLength: 72
Trace|BPP: 24, PaletteColors: 0, Transaparency: False
Trace|The image doesn't use a palette.
Trace|Resource 94 offset: 734664, length: 3691...
Debug|Reading resource 94...
Trace|Color bit encoding: 27
Trace|Reading image header...
Trace|Image header was read:
Trace|Width: 35, Height: 35, RowLength: 105
Trace|BPP: 24, PaletteColors: 0, Transaparency: False
Trace|The image doesn't use a palette.
Trace|Resource 95 offset: 738355, length: 3691...
Debug|Reading resource 95...
Trace|Color bit encoding: 27
Trace|Reading image header...
Trace|Image header was read:
Trace|Width: 35, Height: 35, RowLength: 105
Trace|BPP: 24, PaletteColors: 0, Transaparency: False
Trace|The image doesn't use a palette.
Trace|Resource 96 offset: 742046, length: 3691...
Debug|Reading resource 96...
Trace|Color bit encoding: 27
Trace|Reading image header...
Trace|Image header was read:
Trace|Width: 35, Height: 35, RowLength: 105
Trace|BPP: 24, PaletteColors: 0, Transaparency: False
Trace|The image doesn't use a palette.
Trace|Resource 97 offset: 745737, length: 3691...
Debug|Reading resource 97...
Trace|Color bit encoding: 27
Trace|Reading image header...
Trace|Image header was read:
Trace|Width: 35, Height: 35, RowLength: 105
Trace|BPP: 24, PaletteColors: 0, Transaparency: False
Trace|The image doesn't use a palette.
Trace|Resource 98 offset: 749428, length: 3691...
Debug|Reading resource 98...
Trace|Color bit encoding: 27
Trace|Reading image header...
Trace|Image header was read:
Trace|Width: 35, Height: 35, RowLength: 105
Trace|BPP: 24, PaletteColors: 0, Transaparency: False
Trace|The image doesn't use a palette.
Trace|Resource 99 offset: 753119, length: 3691...
Debug|Reading resource 99...
Trace|Color bit encoding: 27
Trace|Reading image header...
Trace|Image header was read:
Trace|Width: 35, Height: 35, RowLength: 105
Trace|BPP: 24, PaletteColors: 0, Transaparency: False
Trace|The image doesn't use a palette.
Trace|Resource 100 offset: 756810, length: 3691...
Debug|Reading resource 100...
Trace|Color bit encoding: 27
Trace|Reading image header...
Trace|Image header was read:
Trace|Width: 35, Height: 35, RowLength: 105
Trace|BPP: 24, PaletteColors: 0, Transaparency: False
Trace|The image doesn't use a palette.
Trace|Resource 101 offset: 760501, length: 3691...
Debug|Reading resource 101...
Trace|Color bit encoding: 27
Trace|Reading image header...
Trace|Image header was read:
Trace|Width: 35, Height: 35, RowLength: 105
Trace|BPP: 24, PaletteColors: 0, Transaparency: False
Trace|The image doesn't use a palette.
Trace|Resource 102 offset: 764192, length: 3691...
Debug|Reading resource 102...
Trace|Color bit encoding: 27
Trace|Reading image header...
Trace|Image header was read:
Trace|Width: 35, Height: 35, RowLength: 105
Trace|BPP: 24, PaletteColors: 0, Transaparency: False
Trace|The image doesn't use a palette.
Trace|Resource 103 offset: 767883, length: 3691...
Debug|Reading resource 103...
Trace|Color bit encoding: 27
Trace|Reading image header...
Trace|Image header was read:
Trace|Width: 35, Height: 35, RowLength: 105
Trace|BPP: 24, PaletteColors: 0, Transaparency: False
Trace|The image doesn't use a palette.
Trace|Resource 104 offset: 771574, length: 3691...
Debug|Reading resource 104...
Trace|Color bit encoding: 27
Trace|Reading image header...
Trace|Image header was read:
Trace|Width: 35, Height: 35, RowLength: 105
Trace|BPP: 24, PaletteColors: 0, Transaparency: False
Trace|The image doesn't use a palette.
Trace|Resource 105 offset: 775265, length: 3691...
Debug|Reading resource 105...
Trace|Color bit encoding: 27
Trace|Reading image header...
Trace|Image header was read:
Trace|Width: 35, Height: 35, RowLength: 105
Trace|BPP: 24, PaletteColors: 0, Transaparency: False
Trace|The image doesn't use a palette.
Trace|Resource 106 offset: 778956, length: 3691...
Debug|Reading resource 106...
Trace|Color bit encoding: 27
Trace|Reading image header...
Trace|Image header was read:
Trace|Width: 35, Height: 35, RowLength: 105
Trace|BPP: 24, PaletteColors: 0, Transaparency: False
Trace|The image doesn't use a palette.
Trace|Resource 107 offset: 782647, length: 3691...
Debug|Reading resource 107...
Trace|Color bit encoding: 27
Trace|Reading image header...
Trace|Image header was read:
Trace|Width: 35, Height: 35, RowLength: 105
Trace|BPP: 24, PaletteColors: 0, Transaparency: False
Trace|The image doesn't use a palette.
Trace|Resource 108 offset: 786338, length: 3691...
Debug|Reading resource 108...
Trace|Color bit encoding: 27
Trace|Reading image header...
Trace|Image header was read:
Trace|Width: 35, Height: 35, RowLength: 105
Trace|BPP: 24, PaletteColors: 0, Transaparency: False
Trace|The image doesn't use a palette.
Trace|Resource 109 offset: 790029, length: 3691...
Debug|Reading resource 109...
Trace|Color bit encoding: 27
Trace|Reading image header...
Trace|Image header was read:
Trace|Width: 35, Height: 35, RowLength: 105
Trace|BPP: 24, PaletteColors: 0, Transaparency: False
Trace|The image doesn't use a palette.
Trace|Resource 110 offset: 793720, length: 3691...
Debug|Reading resource 110...
Trace|Color bit encoding: 27
Trace|Reading image header...
Trace|Image header was read:
Trace|Width: 35, Height: 35, RowLength: 105
Trace|BPP: 24, PaletteColors: 0, Transaparency: False
Trace|The image doesn't use a palette.
Trace|Resource 111 offset: 797411, length: 3691...
Debug|Reading resource 111...
Trace|Color bit encoding: 27
Trace|Reading image header...
Trace|Image header was read:
Trace|Width: 35, Height: 35, RowLength: 105
Trace|BPP: 24, PaletteColors: 0, Transaparency: False
Trace|The image doesn't use a palette.
Trace|Resource 112 offset: 801102, length: 3691...
Debug|Reading resource 112...
Trace|Color bit encoding: 27
Trace|Reading image header...
Trace|Image header was read:
Trace|Width: 35, Height: 35, RowLength: 105
Trace|BPP: 24, PaletteColors: 0, Transaparency: False
Trace|The image doesn't use a palette.
Trace|Resource 113 offset: 804793, length: 3691...
Debug|Reading resource 113...
Trace|Color bit encoding: 27
Trace|Reading image header...
Trace|Image header was read:
Trace|Width: 35, Height: 35, RowLength: 105
Trace|BPP: 24, PaletteColors: 0, Transaparency: False
Trace|The image doesn't use a palette.
Trace|Resource 114 offset: 808484, length: 3691...
Debug|Reading resource 114...
Trace|Color bit encoding: 27
Trace|Reading image header...
Trace|Image header was read:
Trace|Width: 35, Height: 35, RowLength: 105
Trace|BPP: 24, PaletteColors: 0, Transaparency: False
Trace|The image doesn't use a palette.
Trace|Resource 115 offset: 812175, length: 3691...
Debug|Reading resource 115...
Trace|Color bit encoding: 27
Trace|Reading image header...
Trace|Image header was read:
Trace|Width: 35, Height: 35, RowLength: 105
Trace|BPP: 24, PaletteColors: 0, Transaparency: False
Trace|The image doesn't use a palette.
Trace|Resource 116 offset: 815866, length: 3691...
Debug|Reading resource 116...
Trace|Color bit encoding: 27
Trace|Reading image header...
Trace|Image header was read:
Trace|Width: 35, Height: 35, RowLength: 105
Trace|BPP: 24, PaletteColors: 0, Transaparency: False
Trace|The image doesn't use a palette.
Trace|Resource 117 offset: 819557, length: 3691...
Debug|Reading resource 117...
Trace|Color bit encoding: 27
Trace|Reading image header...
Trace|Image header was read:
Trace|Width: 35, Height: 35, RowLength: 105
Trace|BPP: 24, PaletteColors: 0, Transaparency: False
Trace|The image doesn't use a palette.
Trace|Resource 118 offset: 823248, length: 3691...
Debug|Reading resource 118...
Trace|Color bit encoding: 27
Trace|Reading image header...
Trace|Image header was read:
Trace|Width: 35, Height: 35, RowLength: 105
Trace|BPP: 24, PaletteColors: 0, Transaparency: False
Trace|The image doesn't use a palette.
Trace|Resource 119 offset: 826939, length: 3691...
Debug|Reading resource 119...
Trace|Color bit encoding: 27
Trace|Reading image header...
Trace|Image header was read:
Trace|Width: 35, Height: 35, RowLength: 105
Trace|BPP: 24, PaletteColors: 0, Transaparency: False
Trace|The image doesn't use a palette.
Trace|Resource 120 offset: 830630, length: 475...
Debug|Reading resource 120...
Trace|Color bit encoding: 27
Trace|Reading image header...
Trace|Image header was read:
Trace|Width: 9, Height: 17, RowLength: 27
Trace|BPP: 24, PaletteColors: 0, Transaparency: False
Trace|The image doesn't use a palette.
Trace|Resource 121 offset: 831105, length: 475...
Debug|Reading resource 121...
Trace|Color bit encoding: 27
Trace|Reading image header...
Trace|Image header was read:
Trace|Width: 9, Height: 17, RowLength: 27
Trace|BPP: 24, PaletteColors: 0, Transaparency: False
Trace|The image doesn't use a palette.
Trace|Resource 122 offset: 831580, length: 475...
Debug|Reading resource 122...
Trace|Color bit encoding: 27
Trace|Reading image header...
Trace|Image header was read:
Trace|Width: 9, Height: 17, RowLength: 27
Trace|BPP: 24, PaletteColors: 0, Transaparency: False
Trace|The image doesn't use a palette.
Trace|Resource 123 offset: 832055, length: 475...
Debug|Reading resource 123...
Trace|Color bit encoding: 27
Trace|Reading image header...
Trace|Image header was read:
Trace|Width: 9, Height: 17, RowLength: 27
Trace|BPP: 24, PaletteColors: 0, Transaparency: False
Trace|The image doesn't use a palette.
Trace|Resource 124 offset: 832530, length: 475...
Debug|Reading resource 124...
Trace|Color bit encoding: 27
Trace|Reading image header...
Trace|Image header was read:
Trace|Width: 9, Height: 17, RowLength: 27
Trace|BPP: 24, PaletteColors: 0, Transaparency: False
Trace|The image doesn't use a palette.
Trace|Resource 125 offset: 833005, length: 475...
Debug|Reading resource 125...
Trace|Color bit encoding: 27
Trace|Reading image header...
Trace|Image header was read:
Trace|Width: 9, Height: 17, RowLength: 27
Trace|BPP: 24, PaletteColors: 0, Transaparency: False
Trace|The image doesn't use a palette.
Trace|Resource 126 offset: 833480, length: 475...
Debug|Reading resource 126...
Trace|Color bit encoding: 27
Trace|Reading image header...
Trace|Image header was read:
Trace|Width: 9, Height: 17, RowLength: 27
Trace|BPP: 24, PaletteColors: 0, Transaparency: False
Trace|The image doesn't use a palette.
Trace|Resource 127 offset: 833955, length: 475...
Debug|Reading resource 127...
Trace|Color bit encoding: 27
Trace|Reading image header...
Trace|Image header was read:
Trace|Width: 9, Height: 17, RowLength: 27
Trace|BPP: 24, PaletteColors: 0, Transaparency: False
Trace|The image doesn't use a palette.
Trace|Resource 128 offset: 834430, length: 475...
Debug|Reading resource 128...
Trace|Color bit encoding: 27
Trace|Reading image header...
Trace|Image header was read:
Trace|Width: 9, Height: 17, RowLength: 27
Trace|BPP: 24, PaletteColors: 0, Transaparency: False
Trace|The image doesn't use a palette.
Trace|Resource 129 offset: 834905, length: 475...
Debug|Reading resource 129...
Trace|Color bit encoding: 27
Trace|Reading image header...
Trace|Image header was read:
Trace|Width: 9, Height: 17, RowLength: 27
Trace|BPP: 24, PaletteColors: 0, Transaparency: False
Trace|The image doesn't use a palette.
Trace|Resource 130 offset: 835380, length: 475...
Debug|Reading resource 130...
Trace|Color bit encoding: 27
Trace|Reading image header...
Trace|Image header was read:
Trace|Width: 9, Height: 17, RowLength: 27
Trace|BPP: 24, PaletteColors: 0, Transaparency: False
Trace|The image doesn't use a palette.
Trace|Resource 131 offset: 835855, length: 475...
Debug|Reading resource 131...
Trace|Color bit encoding: 27
Trace|Reading image header...
Trace|Image header was read:
Trace|Width: 9, Height: 17, RowLength: 27
Trace|BPP: 24, PaletteColors: 0, Transaparency: False
Trace|The image doesn't use a palette.
Trace|Resource 132 offset: 836330, length: 448...
Debug|Reading resource 132...
Trace|Color bit encoding: 27
Trace|Reading image header...
Trace|Image header was read:
Trace|Width: 12, Height: 12, RowLength: 36
Trace|BPP: 24, PaletteColors: 0, Transaparency: False
Trace|The image doesn't use a palette.
Trace|Resource 133 offset: 836778, length: 448...
Debug|Reading resource 133...
Trace|Color bit encoding: 27
Trace|Reading image header...
Trace|Image header was read:
Trace|Width: 12, Height: 12, RowLength: 36
Trace|BPP: 24, PaletteColors: 0, Transaparency: False
Trace|The image doesn't use a palette.
Trace|Resource 134 offset: 837226, length: 448...
Debug|Reading resource 134...
Trace|Color bit encoding: 27
Trace|Reading image header...
Trace|Image header was read:
Trace|Width: 12, Height: 12, RowLength: 36
Trace|BPP: 24, PaletteColors: 0, Transaparency: False
Trace|The image doesn't use a palette.
Trace|Resource 135 offset: 837674, length: 328...
Debug|Reading resource 135...
Trace|Color bit encoding: 27
Trace|Reading image header...
Trace|Image header was read:
Trace|Width: 8, Height: 13, RowLength: 24
Trace|BPP: 24, PaletteColors: 0, Transaparency: False
Trace|The image doesn't use a palette.
Trace|Resource 136 offset: 838002, length: 328...
Debug|Reading resource 136...
Trace|Color bit encoding: 27
Trace|Reading image header...
Trace|Image header was read:
Trace|Width: 8, Height: 13, RowLength: 24
Trace|BPP: 24, PaletteColors: 0, Transaparency: False
Trace|The image doesn't use a palette.
Trace|Resource 137 offset: 838330, length: 328...
Debug|Reading resource 137...
Trace|Color bit encoding: 27
Trace|Reading image header...
Trace|Image header was read:
Trace|Width: 8, Height: 13, RowLength: 24
Trace|BPP: 24, PaletteColors: 0, Transaparency: False
Trace|The image doesn't use a palette.
Trace|Resource 138 offset: 838658, length: 328...
Debug|Reading resource 138...
Trace|Color bit encoding: 27
Trace|Reading image header...
Trace|Image header was read:
Trace|Width: 8, Height: 13, RowLength: 24
Trace|BPP: 24, PaletteColors: 0, Transaparency: False
Trace|The image doesn't use a palette.
Trace|Resource 139 offset: 838986, length: 328...
Debug|Reading resource 139...
Trace|Color bit encoding: 27
Trace|Reading image header...
Trace|Image header was read:
Trace|Width: 8, Height: 13, RowLength: 24
Trace|BPP: 24, PaletteColors: 0, Transaparency: False
Trace|The image doesn't use a palette.
Trace|Resource 140 offset: 839314, length: 328...
Debug|Reading resource 140...
Trace|Color bit encoding: 27
Trace|Reading image header...
Trace|Image header was read:
Trace|Width: 8, Height: 13, RowLength: 24
Trace|BPP: 24, PaletteColors: 0, Transaparency: False
Trace|The image doesn't use a palette.
Trace|Resource 141 offset: 839642, length: 328...
Debug|Reading resource 141...
Trace|Color bit encoding: 27
Trace|Reading image header...
Trace|Image header was read:
Trace|Width: 8, Height: 13, RowLength: 24
Trace|BPP: 24, PaletteColors: 0, Transaparency: False
Trace|The image doesn't use a palette.
Trace|Resource 142 offset: 839970, length: 328...
Debug|Reading resource 142...
Trace|Color bit encoding: 27
Trace|Reading image header...
Trace|Image header was read:
Trace|Width: 8, Height: 13, RowLength: 24
Trace|BPP: 24, PaletteColors: 0, Transaparency: False
Trace|The image doesn't use a palette.
Trace|Resource 143 offset: 840298, length: 328...
Debug|Reading resource 143...
Trace|Color bit encoding: 27
Trace|Reading image header...
Trace|Image header was read:
Trace|Width: 8, Height: 13, RowLength: 24
Trace|BPP: 24, PaletteColors: 0, Transaparency: False
Trace|The image doesn't use a palette.
Trace|Resource 144 offset: 840626, length: 328...
Debug|Reading resource 144...
Trace|Color bit encoding: 27
Trace|Reading image header...
Trace|Image header was read:
Trace|Width: 8, Height: 13, RowLength: 24
Trace|BPP: 24, PaletteColors: 0, Transaparency: False
Trace|The image doesn't use a palette.
Trace|Resource 145 offset: 840954, length: 328...
Debug|Reading resource 145...
Trace|Color bit encoding: 27
Trace|Reading image header...
Trace|Image header was read:
Trace|Width: 8, Height: 13, RowLength: 24
Trace|BPP: 24, PaletteColors: 0, Transaparency: False
Trace|The image doesn't use a palette.
Trace|Resource 146 offset: 841282, length: 736...
Debug|Reading resource 146...
Trace|Color bit encoding: 27
Trace|Reading image header...
Trace|Image header was read:
Trace|Width: 20, Height: 12, RowLength: 60
Trace|BPP: 24, PaletteColors: 0, Transaparency: False
Trace|The image doesn't use a palette.
Trace|Resource 147 offset: 842018, length: 736...
Debug|Reading resource 147...
Trace|Color bit encoding: 27
Trace|Reading image header...
Trace|Image header was read:
Trace|Width: 20, Height: 12, RowLength: 60
Trace|BPP: 24, PaletteColors: 0, Transaparency: False
Trace|The image doesn't use a palette.
Trace|Resource 148 offset: 842754, length: 736...
Debug|Reading resource 148...
Trace|Color bit encoding: 27
Trace|Reading image header...
Trace|Image header was read:
Trace|Width: 20, Height: 12, RowLength: 60
Trace|BPP: 24, PaletteColors: 0, Transaparency: False
Trace|The image doesn't use a palette.
Trace|Resource 149 offset: 843490, length: 736...
Debug|Reading resource 149...
Trace|Color bit encoding: 27
Trace|Reading image header...
Trace|Image header was read:
Trace|Width: 20, Height: 12, RowLength: 60
Trace|BPP: 24, PaletteColors: 0, Transaparency: False
Trace|The image doesn't use a palette.
Trace|Resource 150 offset: 844226, length: 736...
Debug|Reading resource 150...
Trace|Color bit encoding: 27
Trace|Reading image header...
Trace|Image header was read:
Trace|Width: 20, Height: 12, RowLength: 60
Trace|BPP: 24, PaletteColors: 0, Transaparency: False
Trace|The image doesn't use a palette.
Trace|Resource 151 offset: 844962, length: 736...
Debug|Reading resource 151...
Trace|Color bit encoding: 27
Trace|Reading image header...
Trace|Image header was read:
Trace|Width: 20, Height: 12, RowLength: 60
Trace|BPP: 24, PaletteColors: 0, Transaparency: False
Trace|The image doesn't use a palette.
Trace|Resource 152 offset: 845698, length: 736...
Debug|Reading resource 152...
Trace|Color bit encoding: 27
Trace|Reading image header...
Trace|Image header was read:
Trace|Width: 20, Height: 12, RowLength: 60
Trace|BPP: 24, PaletteColors: 0, Transaparency: False
Trace|The image doesn't use a palette.
Trace|Resource 153 offset: 846434, length: 736...
Debug|Reading resource 153...
Trace|Color bit encoding: 27
Trace|Reading image header...
Trace|Image header was read:
Trace|Width: 20, Height: 12, RowLength: 60
Trace|BPP: 24, PaletteColors: 0, Transaparency: False
Trace|The image doesn't use a palette.
Trace|Resource 154 offset: 847170, length: 736...
Debug|Reading resource 154...
Trace|Color bit encoding: 27
Trace|Reading image header...
Trace|Image header was read:
Trace|Width: 20, Height: 12, RowLength: 60
Trace|BPP: 24, PaletteColors: 0, Transaparency: False
Trace|The image doesn't use a palette.
Trace|Resource 155 offset: 847906, length: 736...
Debug|Reading resource 155...
Trace|Color bit encoding: 27
Trace|Reading image header...
Trace|Image header was read:
Trace|Width: 20, Height: 12, RowLength: 60
Trace|BPP: 24, PaletteColors: 0, Transaparency: False
Trace|The image doesn't use a palette.
Trace|Resource 156 offset: 848642, length: 526...
Debug|Reading resource 156...
Trace|Color bit encoding: 27
Trace|Reading image header...
Trace|Image header was read:
Trace|Width: 10, Height: 17, RowLength: 30
Trace|BPP: 24, PaletteColors: 0, Transaparency: False
Trace|The image doesn't use a palette.
Trace|Resource 157 offset: 849168, length: 526...
Debug|Reading resource 157...
Trace|Color bit encoding: 27
Trace|Reading image header...
Trace|Image header was read:
Trace|Width: 10, Height: 17, RowLength: 30
Trace|BPP: 24, PaletteColors: 0, Transaparency: False
Trace|The image doesn't use a palette.
Trace|Resource 158 offset: 849694, length: 526...
Debug|Reading resource 158...
Trace|Color bit encoding: 27
Trace|Reading image header...
Trace|Image header was read:
Trace|Width: 10, Height: 17, RowLength: 30
Trace|BPP: 24, PaletteColors: 0, Transaparency: False
Trace|The image doesn't use a palette.
Trace|Resource 159 offset: 850220, length: 526...
Debug|Reading resource 159...
Trace|Color bit encoding: 27
Trace|Reading image header...
Trace|Image header was read:
Trace|Width: 10, Height: 17, RowLength: 30
Trace|BPP: 24, PaletteColors: 0, Transaparency: False
Trace|The image doesn't use a palette.
Trace|Resource 160 offset: 850746, length: 526...
Debug|Reading resource 160...
Trace|Color bit encoding: 27
Trace|Reading image header...
Trace|Image header was read:
Trace|Width: 10, Height: 17, RowLength: 30
Trace|BPP: 24, PaletteColors: 0, Transaparency: False
Trace|The image doesn't use a palette.
Trace|Resource 161 offset: 851272, length: 526...
Debug|Reading resource 161...
Trace|Color bit encoding: 27
Trace|Reading image header...
Trace|Image header was read:
Trace|Width: 10, Height: 17, RowLength: 30
Trace|BPP: 24, PaletteColors: 0, Transaparency: False
Trace|The image doesn't use a palette.
Trace|Resource 162 offset: 851798, length: 526...
Debug|Reading resource 162...
Trace|Color bit encoding: 27
Trace|Reading image header...
Trace|Image header was read:
Trace|Width: 10, Height: 17, RowLength: 30
Trace|BPP: 24, PaletteColors: 0, Transaparency: False
Trace|The image doesn't use a palette.
Trace|Resource 163 offset: 852324, length: 526...
Debug|Reading resource 163...
Trace|Color bit encoding: 27
Trace|Reading image header...
Trace|Image header was read:
Trace|Width: 10, Height: 17, RowLength: 30
Trace|BPP: 24, PaletteColors: 0, Transaparency: False
Trace|The image doesn't use a palette.
Trace|Resource 164 offset: 852850, length: 526...
Debug|Reading resource 164...
Trace|Color bit encoding: 27
Trace|Reading image header...
Trace|Image header was read:
Trace|Width: 10, Height: 17, RowLength: 30
Trace|BPP: 24, PaletteColors: 0, Transaparency: False
Trace|The image doesn't use a palette.
Trace|Resource 165 offset: 853376, length: 526...
Debug|Reading resource 165...
Trace|Color bit encoding: 27
Trace|Reading image header...
Trace|Image header was read:
Trace|Width: 10, Height: 17, RowLength: 30
Trace|BPP: 24, PaletteColors: 0, Transaparency: False
Trace|The image doesn't use a palette.
Trace|Resource 166 offset: 853902, length: 526...
Debug|Reading resource 166...
Trace|Color bit encoding: 27
Trace|Reading image header...
Trace|Image header was read:
Trace|Width: 10, Height: 17, RowLength: 30
Trace|BPP: 24, PaletteColors: 0, Transaparency: False
Trace|The image doesn't use a palette.
Trace|Resource 167 offset: 854428, length: 1204...
Debug|Reading resource 167...
Trace|Color bit encoding: 27
Trace|Reading image header...
Trace|Image header was read:
Trace|Width: 18, Height: 22, RowLength: 54
Trace|BPP: 24, PaletteColors: 0, Transaparency: False
Trace|The image doesn't use a palette.
Trace|Resource 168 offset: 855632, length: 1204...
Debug|Reading resource 168...
Trace|Color bit encoding: 27
Trace|Reading image header...
Trace|Image header was read:
Trace|Width: 18, Height: 22, RowLength: 54
Trace|BPP: 24, PaletteColors: 0, Transaparency: False
Trace|The image doesn't use a palette.
Trace|Resource 169 offset: 856836, length: 5056...
Debug|Reading resource 169...
Trace|Color bit encoding: 27
Trace|Reading image header...
Trace|Image header was read:
Trace|Width: 48, Height: 35, RowLength: 144
Trace|BPP: 24, PaletteColors: 0, Transaparency: False
Trace|The image doesn't use a palette.
Debug|Parsing parameters...
Trace|2 'Background'
Trace|2.1 'Image'
Trace|2.1.1 'X': 0
Trace|2.1.2 'Y': 0
Trace|2.1.3 'ImageIndex': 0
Trace|2.3 'Preview1'
Trace|2.3.1 'X': 21
Trace|2.3.2 'Y': 30
Trace|2.3.3 'ImageIndex': 2
Trace|2.4 'Preview2'
Trace|2.4.1 'X': 21
Trace|2.4.2 'Y': 30
Trace|2.4.3 'ImageIndex': 3
Trace|2.5 'Preview3'
Trace|2.5.1 'X': 21
Trace|2.5.2 'Y': 30
Trace|2.5.3 'ImageIndex': 1
Trace|3 'Time'
Trace|3.1 'Hours'
Trace|3.1.1 'Tens'
Trace|3.1.1.1 'X': 6
Trace|3.1.1.2 'Y': 200
Trace|3.1.1.3 'ImageIndex': 4
Trace|3.1.1.4 'ImagesCount': 10
Trace|3.1.2 'Ones'
Trace|3.1.2.1 'X': 37
Trace|3.1.2.2 'Y': 217
Trace|3.1.2.3 'ImageIndex': 4
Trace|3.1.2.4 'ImagesCount': 10
Trace|3.2 'Minutes'
Trace|3.2.1 'Tens'
Trace|3.2.1.1 'X': 90
Trace|3.2.1.2 'Y': 217
Trace|3.2.1.3 'ImageIndex': 14
Trace|3.2.1.4 'ImagesCount': 10
Trace|3.2.2 'Ones'
Trace|3.2.2.1 'X': 120
Trace|3.2.2.2 'Y': 200
Trace|3.2.2.3 'ImageIndex': 14
Trace|3.2.2.4 'ImagesCount': 10
Trace|3.11 'UnknownV11': 0
Trace|4 'Activity'
Trace|4.1 'Steps'
Trace|4.1.1 'Number'
Trace|4.1.1.1 'TopLeftX': 88
Trace|4.1.1.2 'TopLeftY': 336
Trace|4.1.1.3 'BottomRightX': 140
Trace|4.1.1.4 'BottomRightY': 374
Trace|4.1.1.5 'Alignment': 34
Trace|4.1.1.6 'SpacingX': 3
Trace|4.1.1.7 'SpacingY': -5
Trace|4.1.1.8 'ImageIndex': 83
Trace|4.1.1.9 'ImagesCount': 10
Trace|4.3 'Calories'
Trace|4.3.1 'Text'
Trace|4.3.1.1 'TopLeftX': 21
Trace|4.3.1.2 'TopLeftY': 341
Trace|4.3.1.3 'BottomRightX': 62
Trace|4.3.1.4 'BottomRightY': 374
Trace|4.3.1.5 'Alignment': 18
Trace|4.3.1.6 'SpacingX': 3
Trace|4.3.1.7 'SpacingY': 5
Trace|4.3.1.8 'ImageIndex': 48
Trace|4.3.1.9 'ImagesCount': 10
Trace|4.4 'Pulse'
Trace|4.4.1 'Number'
Trace|4.4.1.1 'TopLeftX': 33
Trace|4.4.1.2 'TopLeftY': 430
Trace|4.4.1.3 'BottomRightX': 61
Trace|4.4.1.4 'BottomRightY': 458
Trace|4.4.1.5 'Alignment': 20
Trace|4.4.1.6 'SpacingX': 2
Trace|4.4.1.7 'SpacingY': -5
Trace|4.4.1.8 'ImageIndex': 48
Trace|4.4.1.9 'ImagesCount': 10
Trace|4.4.3 'NoDataImageIndex': 93
Trace|4.6 'PAI'
Trace|4.6.1 'Number'
Trace|4.6.1.1 'TopLeftX': 89
Trace|4.6.1.2 'TopLeftY': 429
Trace|4.6.1.3 'BottomRightX': 117
Trace|4.6.1.4 'BottomRightY': 457
Trace|4.6.1.5 'Alignment': 18
Trace|4.6.1.6 'SpacingX': 2
Trace|4.6.1.7 'SpacingY': -5
Trace|4.6.1.8 'ImageIndex': 83
Trace|4.6.1.9 'ImagesCount': 10
Trace|4.7 'UnknownV7': 0
Trace|5 'Date'
Trace|5.1 'MonthAndDayAndYear'
Trace|5.1.1 'Separate'
Trace|5.1.1.2 'MonthsEN'
Trace|5.1.1.2.1 'X': 31
Trace|5.1.1.2.2 'Y': 141
Trace|5.1.1.2.3 'ImageIndex': 24
Trace|5.1.1.2.4 'ImagesCount': 12
Trace|5.1.1.3 'MonthsCN'
Trace|5.1.1.3.1 'X': 31
Trace|5.1.1.3.2 'Y': 141
Trace|5.1.1.3.3 'ImageIndex': 36
Trace|5.1.1.3.4 'ImagesCount': 12
Trace|5.1.1.4 'Day'
Trace|5.1.1.4.1 'TopLeftX': 40
Trace|5.1.1.4.2 'TopLeftY': 170
Trace|5.1.1.4.3 'BottomRightX': 57
Trace|5.1.1.4.4 'BottomRightY': 192
Trace|5.1.1.4.5 'Alignment': 18
Trace|5.1.1.4.6 'SpacingX': 1
Trace|5.1.1.4.7 'SpacingY': 4
Trace|5.1.1.4.8 'ImageIndex': 48
Trace|5.1.1.4.9 'ImagesCount': 10
Trace|5.1.4 'TwoDigitsMonth': 1
Trace|5.1.5 'TwoDigitsDay': 1
Trace|5.2 'DayAmPm'
Trace|5.2.1 'X': 39
Trace|5.2.2 'Y': 284
Trace|5.2.3 'ImageIndexAMCN': 79
Trace|5.2.4 'ImageIndexPMCN': 80
Trace|5.2.5 'ImageIndexAMEN': 81
Trace|5.2.6 'ImageIndexPMEN': 82
Trace|5.4 'ENWeekDays'
Trace|5.4.1 'X': 31
Trace|5.4.2 'Y': 115
Trace|5.4.3 'ImageIndex': 58
Trace|5.4.4 'ImagesCount': 7
Trace|5.5 'CNWeekDays'
Trace|5.5.1 'X': 31
Trace|5.5.2 'Y': 115
Trace|5.5.3 'ImageIndex': 72
Trace|5.5.4 'ImagesCount': 7
Trace|5.6 'CN2WeekDays'
Trace|5.6.1 'X': 31
Trace|5.6.2 'Y': 115
Trace|5.6.3 'ImageIndex': 65
Trace|5.6.4 'ImagesCount': 7
Trace|6 'Weather'
Trace|6.1 'Icon'
Trace|6.1.2 'CustomIcon'
Trace|6.1.2.1 'X': 31
Trace|6.1.2.2 'Y': 64
Trace|6.1.2.3 'ImageIndex': 94
Trace|6.1.2.4 'ImagesCount': 26
Trace|6.1.3 'Unknown3'
Trace|6.1.3.1 'X': 31
Trace|6.1.3.2 'Y': 64
Trace|6.1.4 'Unknown4'
Trace|6.1.4.1 'X': 31
Trace|6.1.4.2 'Y': 64
Trace|6.2 'Temperature'
Trace|6.2.2 'Today'
Trace|6.2.2.1 'Separate'
Trace|6.2.2.1.1 'Day'
Trace|6.2.2.1.1.1 'Number'
Trace|6.2.2.1.1.1.1 'TopLeftX': 86
Trace|6.2.2.1.1.1.2 'TopLeftY': 61
Trace|6.2.2.1.1.1.3 'BottomRightX': 125
Trace|6.2.2.1.1.1.4 'BottomRightY': 66
Trace|6.2.2.1.1.1.5 'Alignment': 20
Trace|6.2.2.1.1.1.6 'SpacingX': 1
Trace|6.2.2.1.1.1.7 'SpacingY': 5
Trace|6.2.2.1.1.1.8 'ImageIndex': 120
Trace|6.2.2.1.1.1.9 'ImagesCount': 10
Trace|6.2.2.1.1.2 'MinusImageIndex': 130
Trace|6.2.2.1.1.3 'DegreesImageIndex': 131
Trace|6.2.2.1.2 'Night'
Trace|6.2.2.1.2.1 'Number'
Trace|6.2.2.1.2.1.1 'TopLeftX': 86
Trace|6.2.2.1.2.1.2 'TopLeftY': 80
Trace|6.2.2.1.2.1.3 'BottomRightX': 125
Trace|6.2.2.1.2.1.4 'BottomRightY': 95
Trace|6.2.2.1.2.1.5 'Alignment': 20
Trace|6.2.2.1.2.1.6 'SpacingX': 1
Trace|6.2.2.1.2.1.7 'SpacingY': 5
Trace|6.2.2.1.2.1.8 'ImageIndex': 120
Trace|6.2.2.1.2.1.9 'ImagesCount': 10
Trace|6.2.2.1.2.2 'MinusImageIndex': 130
Trace|6.2.2.1.2.3 'DegreesImageIndex': 131
Trace|8 'Status'
Trace|8.1 'DoNotDisturb'
Trace|8.1.1 'Coordinates'
Trace|8.1.1.1 'X': 53
Trace|8.1.1.2 'Y': 9
Trace|8.1.2 'ImageIndexOn': 133
Trace|8.2 'Lock'
Trace|8.2.1 'Coordinates'
Trace|8.2.1.1 'X': 70
Trace|8.2.1.2 'Y': 9
Trace|8.2.3 'ImageIndexOff': 134
Trace|8.3 'Bluetooth'
Trace|8.3.1 'Coordinates'
Trace|8.3.1.1 'X': 87
Trace|8.3.1.2 'Y': 9
Trace|8.3.3 'ImageIndexOff': 132
Trace|9 'Battery'
Trace|9.1 'BatteryText'
Trace|9.1.1 'Coordinates'
Trace|9.1.1.1 'TopLeftX': 73
Trace|9.1.1.2 'TopLeftY': 28
Trace|9.1.1.3 'BottomRightX': 112
Trace|9.1.1.4 'BottomRightY': 41
Trace|9.1.1.5 'Alignment': 18
Trace|9.1.1.6 'SpacingX': 1
Trace|9.1.1.7 'SpacingY': 0
Trace|9.1.1.8 'ImageIndex': 135
Trace|9.1.1.9 'ImagesCount': 10
Trace|9.1.4 'SuffixImageIndex': 145
Trace|9.2 'BatteryIcon'
Trace|9.2.1 'X': 50
Trace|9.2.2 'Y': 29
Trace|9.2.3 'ImageIndex': 146
Trace|9.2.4 'ImagesCount': 10
Trace|18 'Alarm'
Trace|18.1 'Text'
Trace|18.1.1 'TopLeftX': 93
Trace|18.1.2 'TopLeftY': 157
Trace|18.1.3 'BottomRightX': 141
Trace|18.1.4 'BottomRightY': 192
Trace|18.1.5 'Alignment': 34
Trace|18.1.6 'SpacingX': 0
Trace|18.1.7 'SpacingY': -5
Trace|18.1.8 'ImageIndex': 156
Trace|18.1.9 'ImagesCount': 10
Trace|18.2 'DelimiterImageIndex': 166
Trace|18.3 'ImageOn'
Trace|18.3.1 'X': 92
Trace|18.3.2 'Y': 122
Trace|18.3.3 'ImageIndex': 167
Trace|18.4 'ImageOff'
Trace|18.4.1 'X': 92
Trace|18.4.2 'Y': 122
Trace|18.4.3 'ImageIndex': 168
Trace|18.5 'ImageNoAlarm'
Trace|18.5.1 'X': 93
Trace|18.5.2 'Y': 157
Trace|18.5.3 'ImageIndex': 169
Trace|18.6 'UnknownTF6': 1
Trace|18.7 'UnknownTF7': 1
Debug|Generating previews...
Debug|Exporting resources to 'E:\Ðàáî÷èé ñòîë\Mi Band 5 WatchFace Editor\NEW WATCHFACE\wfaceÌ'
Debug|Extracting E:\Ðàáî÷èé ñòîë\Mi Band 5 WatchFace Editor\NEW WATCHFACE\wfaceÌ\0000.png...
Debug|Extracting E:\Ðàáî÷èé ñòîë\Mi Band 5 WatchFace Editor\NEW WATCHFACE\wfaceÌ\0001.png...
Debug|Extracting E:\Ðàáî÷èé ñòîë\Mi Band 5 WatchFace Editor\NEW WATCHFACE\wfaceÌ\0002.png...
Debug|Extracting E:\Ðàáî÷èé ñòîë\Mi Band 5 WatchFace Editor\NEW WATCHFACE\wfaceÌ\0003.png...
Debug|Extracting E:\Ðàáî÷èé ñòîë\Mi Band 5 WatchFace Editor\NEW WATCHFACE\wfaceÌ\0004.png...
Debug|Extracting E:\Ðàáî÷èé ñòîë\Mi Band 5 WatchFace Editor\NEW WATCHFACE\wfaceÌ\0005.png...
Debug|Extracting E:\Ðàáî÷èé ñòîë\Mi Band 5 WatchFace Editor\NEW WATCHFACE\wfaceÌ\0006.png...
Debug|Extracting E:\Ðàáî÷èé ñòîë\Mi Band 5 WatchFace Editor\NEW WATCHFACE\wfaceÌ\0007.png...
Debug|Extracting E:\Ðàáî÷èé ñòîë\Mi Band 5 WatchFace Editor\NEW WATCHFACE\wfaceÌ\0008.png...
Debug|Extracting E:\Ðàáî÷èé ñòîë\Mi Band 5 WatchFace Editor\NEW WATCHFACE\wfaceÌ\0009.png...
Debug|Extracting E:\Ðàáî÷èé ñòîë\Mi Band 5 WatchFace Editor\NEW WATCHFACE\wfaceÌ\0010.png...
Debug|Extracting E:\Ðàáî÷èé ñòîë\Mi Band 5 WatchFace Editor\NEW WATCHFACE\wfaceÌ\0011.png...
Debug|Extracting E:\Ðàáî÷èé ñòîë\Mi Band 5 WatchFace Editor\NEW WATCHFACE\wfaceÌ\0012.png...
Debug|Extracting E:\Ðàáî÷èé ñòîë\Mi Band 5 WatchFace Editor\NEW WATCHFACE\wfaceÌ\0013.png...
Debug|Extracting E:\Ðàáî÷èé ñòîë\Mi Band 5 WatchFace Editor\NEW WATCHFACE\wfaceÌ\0014.png...
Debug|Extracting E:\Ðàáî÷èé ñòîë\Mi Band 5 WatchFace Editor\NEW WATCHFACE\wfaceÌ\0015.png...
Debug|Extracting E:\Ðàáî÷èé ñòîë\Mi Band 5 WatchFace Editor\NEW WATCHFACE\wfaceÌ\0016.png...
Debug|Extracting E:\Ðàáî÷èé ñòîë\Mi Band 5 WatchFace Editor\NEW WATCHFACE\wfaceÌ\0017.png...
Debug|Extracting E:\Ðàáî÷èé ñòîë\Mi Band 5 WatchFace Editor\NEW WATCHFACE\wfaceÌ\0018.png...
Debug|Extracting E:\Ðàáî÷èé ñòîë\Mi Band 5 WatchFace Editor\NEW WATCHFACE\wfaceÌ\0019.png...
Debug|Extracting E:\Ðàáî÷èé ñòîë\Mi Band 5 WatchFace Editor\NEW WATCHFACE\wfaceÌ\0020.png...
Debug|Extracting E:\Ðàáî÷èé ñòîë\Mi Band 5 WatchFace Editor\NEW WATCHFACE\wfaceÌ\0021.png...
Debug|Extracting E:\Ðàáî÷èé ñòîë\Mi Band 5 WatchFace Editor\NEW WATCHFACE\wfaceÌ\0022.png...
Debug|Extracting E:\Ðàáî÷èé ñòîë\Mi Band 5 WatchFace Editor\NEW WATCHFACE\wfaceÌ\0023.png...
Debug|Extracting E:\Ðàáî÷èé ñòîë\Mi Band 5 WatchFace Editor\NEW WATCHFACE\wfaceÌ\0024.png...
Debug|Extracting E:\Ðàáî÷èé ñòîë\Mi Band 5 WatchFace Editor\NEW WATCHFACE\wfaceÌ\0025.png...
Debug|Extracting E:\Ðàáî÷èé ñòîë\Mi Band 5 WatchFace Editor\NEW WATCHFACE\wfaceÌ\0026.png...
Debug|Extracting E:\Ðàáî÷èé ñòîë\Mi Band 5 WatchFace Editor\NEW WATCHFACE\wfaceÌ\0027.png...
Debug|Extracting E:\Ðàáî÷èé ñòîë\Mi Band 5 WatchFace Editor\NEW WATCHFACE\wfaceÌ\0028.png...
Debug|Extracting E:\Ðàáî÷èé ñòîë\Mi Band 5 WatchFace Editor\NEW WATCHFACE\wfaceÌ\0029.png...
Debug|Extracting E:\Ðàáî÷èé ñòîë\Mi Band 5 WatchFace Editor\NEW WATCHFACE\wfaceÌ\0030.png...
Debug|Extracting E:\Ðàáî÷èé ñòîë\Mi Band 5 WatchFace Editor\NEW WATCHFACE\wfaceÌ\0031.png...
Debug|Extracting E:\Ðàáî÷èé ñòîë\Mi Band 5 WatchFace Editor\NEW WATCHFACE\wfaceÌ\0032.png...
Debug|Extracting E:\Ðàáî÷èé ñòîë\Mi Band 5 WatchFace Editor\NEW WATCHFACE\wfaceÌ\0033.png...
Debug|Extracting E:\Ðàáî÷èé ñòîë\Mi Band 5 WatchFace Editor\NEW WATCHFACE\wfaceÌ\0034.png...
Debug|Extracting E:\Ðàáî÷èé ñòîë\Mi Band 5 WatchFace Editor\NEW WATCHFACE\wfaceÌ\0035.png...
Debug|Extracting E:\Ðàáî÷èé ñòîë\Mi Band 5 WatchFace Editor\NEW WATCHFACE\wfaceÌ\0036.png...
Debug|Extracting E:\Ðàáî÷èé ñòîë\Mi Band 5 WatchFace Editor\NEW WATCHFACE\wfaceÌ\0037.png...
Debug|Extracting E:\Ðàáî÷èé ñòîë\Mi Band 5 WatchFace Editor\NEW WATCHFACE\wfaceÌ\0038.png...
Debug|Extracting E:\Ðàáî÷èé ñòîë\Mi Band 5 WatchFace Editor\NEW WATCHFACE\wfaceÌ\0039.png...
Debug|Extracting E:\Ðàáî÷èé ñòîë\Mi Band 5 WatchFace Editor\NEW WATCHFACE\wfaceÌ\0040.png...
Debug|Extracting E:\Ðàáî÷èé ñòîë\Mi Band 5 WatchFace Editor\NEW WATCHFACE\wfaceÌ\0041.png...
Debug|Extracting E:\Ðàáî÷èé ñòîë\Mi Band 5 WatchFace Editor\NEW WATCHFACE\wfaceÌ\0042.png...
Debug|Extracting E:\Ðàáî÷èé ñòîë\Mi Band 5 WatchFace Editor\NEW WATCHFACE\wfaceÌ\0043.png...
Debug|Extracting E:\Ðàáî÷èé ñòîë\Mi Band 5 WatchFace Editor\NEW WATCHFACE\wfaceÌ\0044.png...
Debug|Extracting E:\Ðàáî÷èé ñòîë\Mi Band 5 WatchFace Editor\NEW WATCHFACE\wfaceÌ\0045.png...
Debug|Extracting E:\Ðàáî÷èé ñòîë\Mi Band 5 WatchFace Editor\NEW WATCHFACE\wfaceÌ\0046.png...
Debug|Extracting E:\Ðàáî÷èé ñòîë\Mi Band 5 WatchFace Editor\NEW WATCHFACE\wfaceÌ\0047.png...
Debug|Extracting E:\Ðàáî÷èé ñòîë\Mi Band 5 WatchFace Editor\NEW WATCHFACE\wfaceÌ\0048.png...
Debug|Extracting E:\Ðàáî÷èé ñòîë\Mi Band 5 WatchFace Editor\NEW WATCHFACE\wfaceÌ\0049.png...
Debug|Extracting E:\Ðàáî÷èé ñòîë\Mi Band 5 WatchFace Editor\NEW WATCHFACE\wfaceÌ\0050.png...
Debug|Extracting E:\Ðàáî÷èé ñòîë\Mi Band 5 WatchFace Editor\NEW WATCHFACE\wfaceÌ\0051.png...
Debug|Extracting E:\Ðàáî÷èé ñòîë\Mi Band 5 WatchFace Editor\NEW WATCHFACE\wfaceÌ\0052.png...
Debug|Extracting E:\Ðàáî÷èé ñòîë\Mi Band 5 WatchFace Editor\NEW WATCHFACE\wfaceÌ\0053.png...
Debug|Extracting E:\Ðàáî÷èé ñòîë\Mi Band 5 WatchFace Editor\NEW WATCHFACE\wfaceÌ\0054.png...
Debug|Extracting E:\Ðàáî÷èé ñòîë\Mi Band 5 WatchFace Editor\NEW WATCHFACE\wfaceÌ\0055.png...
Debug|Extracting E:\Ðàáî÷èé ñòîë\Mi Band 5 WatchFace Editor\NEW WATCHFACE\wfaceÌ\0056.png...
Debug|Extracting E:\Ðàáî÷èé ñòîë\Mi Band 5 WatchFace Editor\NEW WATCHFACE\wfaceÌ\0057.png...
Debug|Extracting E:\Ðàáî÷èé ñòîë\Mi Band 5 WatchFace Editor\NEW WATCHFACE\wfaceÌ\0058.png...
Debug|Extracting E:\Ðàáî÷èé ñòîë\Mi Band 5 WatchFace Editor\NEW WATCHFACE\wfaceÌ\0059.png...
Debug|Extracting E:\Ðàáî÷èé ñòîë\Mi Band 5 WatchFace Editor\NEW WATCHFACE\wfaceÌ\0060.png...
Debug|Extracting E:\Ðàáî÷èé ñòîë\Mi Band 5 WatchFace Editor\NEW WATCHFACE\wfaceÌ\0061.png...
Debug|Extracting E:\Ðàáî÷èé ñòîë\Mi Band 5 WatchFace Editor\NEW WATCHFACE\wfaceÌ\0062.png...
Debug|Extracting E:\Ðàáî÷èé ñòîë\Mi Band 5 WatchFace Editor\NEW WATCHFACE\wfaceÌ\0063.png...
Debug|Extracting E:\Ðàáî÷èé ñòîë\Mi Band 5 WatchFace Editor\NEW WATCHFACE\wfaceÌ\0064.png...
Debug|Extracting E:\Ðàáî÷èé ñòîë\Mi Band 5 WatchFace Editor\NEW WATCHFACE\wfaceÌ\0065.png...
Debug|Extracting E:\Ðàáî÷èé ñòîë\Mi Band 5 WatchFace Editor\NEW WATCHFACE\wfaceÌ\0066.png...
Debug|Extracting E:\Ðàáî÷èé ñòîë\Mi Band 5 WatchFace Editor\NEW WATCHFACE\wfaceÌ\0067.png...
Debug|Extracting E:\Ðàáî÷èé ñòîë\Mi Band 5 WatchFace Editor\NEW WATCHFACE\wfaceÌ\0068.png...
Debug|Extracting E:\Ðàáî÷èé ñòîë\Mi Band 5 WatchFace Editor\NEW WATCHFACE\wfaceÌ\0069.png...
Debug|Extracting E:\Ðàáî÷èé ñòîë\Mi Band 5 WatchFace Editor\NEW WATCHFACE\wfaceÌ\0070.png...
Debug|Extracting E:\Ðàáî÷èé ñòîë\Mi Band 5 WatchFace Editor\NEW WATCHFACE\wfaceÌ\0071.png...
Debug|Extracting E:\Ðàáî÷èé ñòîë\Mi Band 5 WatchFace Editor\NEW WATCHFACE\wfaceÌ\0072.png...
Debug|Extracting E:\Ðàáî÷èé ñòîë\Mi Band 5 WatchFace Editor\NEW WATCHFACE\wfaceÌ\0073.png...
Debug|Extracting E:\Ðàáî÷èé ñòîë\Mi Band 5 WatchFace Editor\NEW WATCHFACE\wfaceÌ\0074.png...
Debug|Extracting E:\Ðàáî÷èé ñòîë\Mi Band 5 WatchFace Editor\NEW WATCHFACE\wfaceÌ\0075.png...
Debug|Extracting E:\Ðàáî÷èé ñòîë\Mi Band 5 WatchFace Editor\NEW WATCHFACE\wfaceÌ\0076.png...
Debug|Extracting E:\Ðàáî÷èé ñòîë\Mi Band 5 WatchFace Editor\NEW WATCHFACE\wfaceÌ\0077.png...
Debug|Extracting E:\Ðàáî÷èé ñòîë\Mi Band 5 WatchFace Editor\NEW WATCHFACE\wfaceÌ\0078.png...
Debug|Extracting E:\Ðàáî÷èé ñòîë\Mi Band 5 WatchFace Editor\NEW WATCHFACE\wfaceÌ\0079.png...
Debug|Extracting E:\Ðàáî÷èé ñòîë\Mi Band 5 WatchFace Editor\NEW WATCHFACE\wfaceÌ\0080.png...
Debug|Extracting E:\Ðàáî÷èé ñòîë\Mi Band 5 WatchFace Editor\NEW WATCHFACE\wfaceÌ\0081.png...
Debug|Extracting E:\Ðàáî÷èé ñòîë\Mi Band 5 WatchFace Editor\NEW WATCHFACE\wfaceÌ\0082.png...
Debug|Extracting E:\Ðàáî÷èé ñòîë\Mi Band 5 WatchFace Editor\NEW WATCHFACE\wfaceÌ\0083.png...
Debug|Extracting E:\Ðàáî÷èé ñòîë\Mi Band 5 WatchFace Editor\NEW WATCHFACE\wfaceÌ\0084.png...
Debug|Extracting E:\Ðàáî÷èé ñòîë\Mi Band 5 WatchFace Editor\NEW WATCHFACE\wfaceÌ\0085.png...
Debug|Extracting E:\Ðàáî÷èé ñòîë\Mi Band 5 WatchFace Editor\NEW WATCHFACE\wfaceÌ\0086.png...
Debug|Extracting E:\Ðàáî÷èé ñòîë\Mi Band 5 WatchFace Editor\NEW WATCHFACE\wfaceÌ\0087.png...
Debug|Extracting E:\Ðàáî÷èé ñòîë\Mi Band 5 WatchFace Editor\NEW WATCHFACE\wfaceÌ\0088.png...
Debug|Extracting E:\Ðàáî÷èé ñòîë\Mi Band 5 WatchFace Editor\NEW WATCHFACE\wfaceÌ\0089.png...
Debug|Extracting E:\Ðàáî÷èé ñòîë\Mi Band 5 WatchFace Editor\NEW WATCHFACE\wfaceÌ\0090.png...
Debug|Extracting E:\Ðàáî÷èé ñòîë\Mi Band 5 WatchFace Editor\NEW WATCHFACE\wfaceÌ\0091.png...
Debug|Extracting E:\Ðàáî÷èé ñòîë\Mi Band 5 WatchFace Editor\NEW WATCHFACE\wfaceÌ\0092.png...
Debug|Extracting E:\Ðàáî÷èé ñòîë\Mi Band 5 WatchFace Editor\NEW WATCHFACE\wfaceÌ\0093.png...
Debug|Extracting E:\Ðàáî÷èé ñòîë\Mi Band 5 WatchFace Editor\NEW WATCHFACE\wfaceÌ\0094.png...
Debug|Extracting E:\Ðàáî÷èé ñòîë\Mi Band 5 WatchFace Editor\NEW WATCHFACE\wfaceÌ\0095.png...
Debug|Extracting E:\Ðàáî÷èé ñòîë\Mi Band 5 WatchFace Editor\NEW WATCHFACE\wfaceÌ\0096.png...
Debug|Extracting E:\Ðàáî÷èé ñòîë\Mi Band 5 WatchFace Editor\NEW WATCHFACE\wfaceÌ\0097.png...
Debug|Extracting E:\Ðàáî÷èé ñòîë\Mi Band 5 WatchFace Editor\NEW WATCHFACE\wfaceÌ\0098.png...
Debug|Extracting E:\Ðàáî÷èé ñòîë\Mi Band 5 WatchFace Editor\NEW WATCHFACE\wfaceÌ\0099.png...
Debug|Extracting E:\Ðàáî÷èé ñòîë\Mi Band 5 WatchFace Editor\NEW WATCHFACE\wfaceÌ\0100.png...
Debug|Extracting E:\Ðàáî÷èé ñòîë\Mi Band 5 WatchFace Editor\NEW WATCHFACE\wfaceÌ\0101.png...
Debug|Extracting E:\Ðàáî÷èé ñòîë\Mi Band 5 WatchFace Editor\NEW WATCHFACE\wfaceÌ\0102.png...
Debug|Extracting E:\Ðàáî÷èé ñòîë\Mi Band 5 WatchFace Editor\NEW WATCHFACE\wfaceÌ\0103.png...
Debug|Extracting E:\Ðàáî÷èé ñòîë\Mi Band 5 WatchFace Editor\NEW WATCHFACE\wfaceÌ\0104.png...
Debug|Extracting E:\Ðàáî÷èé ñòîë\Mi Band 5 WatchFace Editor\NEW WATCHFACE\wfaceÌ\0105.png...
Debug|Extracting E:\Ðàáî÷èé ñòîë\Mi Band 5 WatchFace Editor\NEW WATCHFACE\wfaceÌ\0106.png...
Debug|Extracting E:\Ðàáî÷èé ñòîë\Mi Band 5 WatchFace Editor\NEW WATCHFACE\wfaceÌ\0107.png...
Debug|Extracting E:\Ðàáî÷èé ñòîë\Mi Band 5 WatchFace Editor\NEW WATCHFACE\wfaceÌ\0108.png...
Debug|Extracting E:\Ðàáî÷èé ñòîë\Mi Band 5 WatchFace Editor\NEW WATCHFACE\wfaceÌ\0109.png...
Debug|Extracting E:\Ðàáî÷èé ñòîë\Mi Band 5 WatchFace Editor\NEW WATCHFACE\wfaceÌ\0110.png...
Debug|Extracting E:\Ðàáî÷èé ñòîë\Mi Band 5 WatchFace Editor\NEW WATCHFACE\wfaceÌ\0111.png...
Debug|Extracting E:\Ðàáî÷èé ñòîë\Mi Band 5 WatchFace Editor\NEW WATCHFACE\wfaceÌ\0112.png...
Debug|Extracting E:\Ðàáî÷èé ñòîë\Mi Band 5 WatchFace Editor\NEW WATCHFACE\wfaceÌ\0113.png...
Debug|Extracting E:\Ðàáî÷èé ñòîë\Mi Band 5 WatchFace Editor\NEW WATCHFACE\wfaceÌ\0114.png...
Debug|Extracting E:\Ðàáî÷èé ñòîë\Mi Band 5 WatchFace Editor\NEW WATCHFACE\wfaceÌ\0115.png...
Debug|Extracting E:\Ðàáî÷èé ñòîë\Mi Band 5 WatchFace Editor\NEW WATCHFACE\wfaceÌ\0116.png...
Debug|Extracting E:\Ðàáî÷èé ñòîë\Mi Band 5 WatchFace Editor\NEW WATCHFACE\wfaceÌ\0117.png...
Debug|Extracting E:\Ðàáî÷èé ñòîë\Mi Band 5 WatchFace Editor\NEW WATCHFACE\wfaceÌ\0118.png...
Debug|Extracting E:\Ðàáî÷èé ñòîë\Mi Band 5 WatchFace Editor\NEW WATCHFACE\wfaceÌ\0119.png...
Debug|Extracting E:\Ðàáî÷èé ñòîë\Mi Band 5 WatchFace Editor\NEW WATCHFACE\wfaceÌ\0120.png...
Debug|Extracting E:\Ðàáî÷èé ñòîë\Mi Band 5 WatchFace Editor\NEW WATCHFACE\wfaceÌ\0121.png...
Debug|Extracting E:\Ðàáî÷èé ñòîë\Mi Band 5 WatchFace Editor\NEW WATCHFACE\wfaceÌ\0122.png...
Debug|Extracting E:\Ðàáî÷èé ñòîë\Mi Band 5 WatchFace Editor\NEW WATCHFACE\wfaceÌ\0123.png...
Debug|Extracting E:\Ðàáî÷èé ñòîë\Mi Band 5 WatchFace Editor\NEW WATCHFACE\wfaceÌ\0124.png...
Debug|Extracting E:\Ðàáî÷èé ñòîë\Mi Band 5 WatchFace Editor\NEW WATCHFACE\wfaceÌ\0125.png...
Debug|Extracting E:\Ðàáî÷èé ñòîë\Mi Band 5 WatchFace Editor\NEW WATCHFACE\wfaceÌ\0126.png...
Debug|Extracting E:\Ðàáî÷èé ñòîë\Mi Band 5 WatchFace Editor\NEW WATCHFACE\wfaceÌ\0127.png...
Debug|Extracting E:\Ðàáî÷èé ñòîë\Mi Band 5 WatchFace Editor\NEW WATCHFACE\wfaceÌ\0128.png...
Debug|Extracting E:\Ðàáî÷èé ñòîë\Mi Band 5 WatchFace Editor\NEW WATCHFACE\wfaceÌ\0129.png...
Debug|Extracting E:\Ðàáî÷èé ñòîë\Mi Band 5 WatchFace Editor\NEW WATCHFACE\wfaceÌ\0130.png...
Debug|Extracting E:\Ðàáî÷èé ñòîë\Mi Band 5 WatchFace Editor\NEW WATCHFACE\wfaceÌ\0131.png...
Debug|Extracting E:\Ðàáî÷èé ñòîë\Mi Band 5 WatchFace Editor\NEW WATCHFACE\wfaceÌ\0132.png...
Debug|Extracting E:\Ðàáî÷èé ñòîë\Mi Band 5 WatchFace Editor\NEW WATCHFACE\wfaceÌ\0133.png...
Debug|Extracting E:\Ðàáî÷èé ñòîë\Mi Band 5 WatchFace Editor\NEW WATCHFACE\wfaceÌ\0134.png...
Debug|Extracting E:\Ðàáî÷èé ñòîë\Mi Band 5 WatchFace Editor\NEW WATCHFACE\wfaceÌ\0135.png...
Debug|Extracting E:\Ðàáî÷èé ñòîë\Mi Band 5 WatchFace Editor\NEW WATCHFACE\wfaceÌ\0136.png...
Debug|Extracting E:\Ðàáî÷èé ñòîë\Mi Band 5 WatchFace Editor\NEW WATCHFACE\wfaceÌ\0137.png...
Debug|Extracting E:\Ðàáî÷èé ñòîë\Mi Band 5 WatchFace Editor\NEW WATCHFACE\wfaceÌ\0138.png...
Debug|Extracting E:\Ðàáî÷èé ñòîë\Mi Band 5 WatchFace Editor\NEW WATCHFACE\wfaceÌ\0139.png...
Debug|Extracting E:\Ðàáî÷èé ñòîë\Mi Band 5 WatchFace Editor\NEW WATCHFACE\wfaceÌ\0140.png...
Debug|Extracting E:\Ðàáî÷èé ñòîë\Mi Band 5 WatchFace Editor\NEW WATCHFACE\wfaceÌ\0141.png...
Debug|Extracting E:\Ðàáî÷èé ñòîë\Mi Band 5 WatchFace Editor\NEW WATCHFACE\wfaceÌ\0142.png...
Debug|Extracting E:\Ðàáî÷èé ñòîë\Mi Band 5 WatchFace Editor\NEW WATCHFACE\wfaceÌ\0143.png...
Debug|Extracting E:\Ðàáî÷èé ñòîë\Mi Band 5 WatchFace Editor\NEW WATCHFACE\wfaceÌ\0144.png...
Debug|Extracting E:\Ðàáî÷èé ñòîë\Mi Band 5 WatchFace Editor\NEW WATCHFACE\wfaceÌ\0145.png...
Debug|Extracting E:\Ðàáî÷èé ñòîë\Mi Band 5 WatchFace Editor\NEW WATCHFACE\wfaceÌ\0146.png...
Debug|Extracting E:\Ðàáî÷èé ñòîë\Mi Band 5 WatchFace Editor\NEW WATCHFACE\wfaceÌ\0147.png...
Debug|Extracting E:\Ðàáî÷èé ñòîë\Mi Band 5 WatchFace Editor\NEW WATCHFACE\wfaceÌ\0148.png...
Debug|Extracting E:\Ðàáî÷èé ñòîë\Mi Band 5 WatchFace Editor\NEW WATCHFACE\wfaceÌ\0149.png...
Debug|Extracting E:\Ðàáî÷èé ñòîë\Mi Band 5 WatchFace Editor\NEW WATCHFACE\wfaceÌ\0150.png...
Debug|Extracting E:\Ðàáî÷èé ñòîë\Mi Band 5 WatchFace Editor\NEW WATCHFACE\wfaceÌ\0151.png...
Debug|Extracting E:\Ðàáî÷èé ñòîë\Mi Band 5 WatchFace Editor\NEW WATCHFACE\wfaceÌ\0152.png...
Debug|Extracting E:\Ðàáî÷èé ñòîë\Mi Band 5 WatchFace Editor\NEW WATCHFACE\wfaceÌ\0153.png...
Debug|Extracting E:\Ðàáî÷èé ñòîë\Mi Band 5 WatchFace Editor\NEW WATCHFACE\wfaceÌ\0154.png...
Debug|Extracting E:\Ðàáî÷èé ñòîë\Mi Band 5 WatchFace Editor\NEW WATCHFACE\wfaceÌ\0155.png...
Debug|Extracting E:\Ðàáî÷èé ñòîë\Mi Band 5 WatchFace Editor\NEW WATCHFACE\wfaceÌ\0156.png...
Debug|Extracting E:\Ðàáî÷èé ñòîë\Mi Band 5 WatchFace Editor\NEW WATCHFACE\wfaceÌ\0157.png...
Debug|Extracting E:\Ðàáî÷èé ñòîë\Mi Band 5 WatchFace Editor\NEW WATCHFACE\wfaceÌ\0158.png...
Debug|Extracting E:\Ðàáî÷èé ñòîë\Mi Band 5 WatchFace Editor\NEW WATCHFACE\wfaceÌ\0159.png...
Debug|Extracting E:\Ðàáî÷èé ñòîë\Mi Band 5 WatchFace Editor\NEW WATCHFACE\wfaceÌ\0160.png...
Debug|Extracting E:\Ðàáî÷èé ñòîë\Mi Band 5 WatchFace Editor\NEW WATCHFACE\wfaceÌ\0161.png...
Debug|Extracting E:\Ðàáî÷èé ñòîë\Mi Band 5 WatchFace Editor\NEW WATCHFACE\wfaceÌ\0162.png...
Debug|Extracting E:\Ðàáî÷èé ñòîë\Mi Band 5 WatchFace Editor\NEW WATCHFACE\wfaceÌ\0163.png...
Debug|Extracting E:\Ðàáî÷èé ñòîë\Mi Band 5 WatchFace Editor\NEW WATCHFACE\wfaceÌ\0164.png...
Debug|Extracting E:\Ðàáî÷èé ñòîë\Mi Band 5 WatchFace Editor\NEW WATCHFACE\wfaceÌ\0165.png...
Debug|Extracting E:\Ðàáî÷èé ñòîë\Mi Band 5 WatchFace Editor\NEW WATCHFACE\wfaceÌ\0166.png...
Debug|Extracting E:\Ðàáî÷èé ñòîë\Mi Band 5 WatchFace Editor\NEW WATCHFACE\wfaceÌ\0167.png...
Debug|Extracting E:\Ðàáî÷èé ñòîë\Mi Band 5 WatchFace Editor\NEW WATCHFACE\wfaceÌ\0168.png...
Debug|Extracting E:\Ðàáî÷èé ñòîë\Mi Band 5 WatchFace Editor\NEW WATCHFACE\wfaceÌ\0169.png...
Debug|Exporting config...
