Debug|Reading config...
Debug|Reading referenced images from 'E:\Рабочий стол\Mi Band 5 WatchFace Editor\NEW WATCHFACE\wface_3'
Trace|Loading resources for 2 'Background'
Trace|Loading resources for 2.1 'ImageBasic'
Trace|Loading image 0...
Trace|Image was loaded from file E:\Рабочий стол\Mi Band 5 WatchFace Editor\NEW WATCHFACE\wface_3\0000.png
Trace|Loading resources for 2.3 'ImageBasic'
Trace|Loading image 2...
Trace|Image was loaded from file E:\Рабочий стол\Mi Band 5 WatchFace Editor\NEW WATCHFACE\wface_3\0002.png
Trace|Loading resources for 2.4 'ImageBasic'
Trace|Loading image 3...
Trace|Image was loaded from file E:\Рабочий стол\Mi Band 5 WatchFace Editor\NEW WATCHFACE\wface_3\0003.png
Trace|Loading resources for 2.5 'ImageBasic'
Trace|Loading image 1...
Trace|Image was loaded from file E:\Рабочий стол\Mi Band 5 WatchFace Editor\NEW WATCHFACE\wface_3\0001.png
Trace|Loading resources for 3 'Time'
Trace|Loading resources for 3.1 'TwoDigits'
Trace|Loading resources for 3.1.1 'ImageSet'
Trace|Loading image 4...
Trace|Image was loaded from file E:\Рабочий стол\Mi Band 5 WatchFace Editor\NEW WATCHFACE\wface_3\0004.png
Trace|Loading image 5...
Trace|Image was loaded from file E:\Рабочий стол\Mi Band 5 WatchFace Editor\NEW WATCHFACE\wface_3\0005.png
Trace|Loading image 6...
Trace|Image was loaded from file E:\Рабочий стол\Mi Band 5 WatchFace Editor\NEW WATCHFACE\wface_3\0006.png
Trace|Loading image 7...
Trace|Image was loaded from file E:\Рабочий стол\Mi Band 5 WatchFace Editor\NEW WATCHFACE\wface_3\0007.png
Trace|Loading image 8...
Trace|Image was loaded from file E:\Рабочий стол\Mi Band 5 WatchFace Editor\NEW WATCHFACE\wface_3\0008.png
Trace|Loading image 9...
Trace|Image was loaded from file E:\Рабочий стол\Mi Band 5 WatchFace Editor\NEW WATCHFACE\wface_3\0009.png
Trace|Loading image 10...
Trace|Image was loaded from file E:\Рабочий стол\Mi Band 5 WatchFace Editor\NEW WATCHFACE\wface_3\0010.png
Trace|Loading image 11...
Trace|Image was loaded from file E:\Рабочий стол\Mi Band 5 WatchFace Editor\NEW WATCHFACE\wface_3\0011.png
Trace|Loading image 12...
Trace|Image was loaded from file E:\Рабочий стол\Mi Band 5 WatchFace Editor\NEW WATCHFACE\wface_3\0012.png
Trace|Loading image 13...
Trace|Image was loaded from file E:\Рабочий стол\Mi Band 5 WatchFace Editor\NEW WATCHFACE\wface_3\0013.png
Trace|Loading resources for 3.1.2 'ImageSet'
Trace|Loading resources for 3.2 'TwoDigits'
Trace|Loading resources for 3.2.1 'ImageSet'
Trace|Loading resources for 3.2.2 'ImageSet'
Trace|Loading resources for 4 'Activity'
Trace|Loading resources for 4.1 'Steps'
Trace|Loading resources for 4.1.1 'Number'
Trace|Loading resources for 4.1.1.5 'TextAlignment'
Trace|Loading image 49...
Trace|Image was loaded from file E:\Рабочий стол\Mi Band 5 WatchFace Editor\NEW WATCHFACE\wface_3\0049.png
Trace|Loading image 50...
Trace|Image was loaded from file E:\Рабочий стол\Mi Band 5 WatchFace Editor\NEW WATCHFACE\wface_3\0050.png
Trace|Loading image 51...
Trace|Image was loaded from file E:\Рабочий стол\Mi Band 5 WatchFace Editor\NEW WATCHFACE\wface_3\0051.png
Trace|Loading image 52...
Trace|Image was loaded from file E:\Рабочий стол\Mi Band 5 WatchFace Editor\NEW WATCHFACE\wface_3\0052.png
Trace|Loading image 53...
Trace|Image was loaded from file E:\Рабочий стол\Mi Band 5 WatchFace Editor\NEW WATCHFACE\wface_3\0053.png
Trace|Loading image 54...
Trace|Image was loaded from file E:\Рабочий стол\Mi Band 5 WatchFace Editor\NEW WATCHFACE\wface_3\0054.png
Trace|Loading image 55...
Trace|Image was loaded from file E:\Рабочий стол\Mi Band 5 WatchFace Editor\NEW WATCHFACE\wface_3\0055.png
Trace|Loading image 56...
Trace|Image was loaded from file E:\Рабочий стол\Mi Band 5 WatchFace Editor\NEW WATCHFACE\wface_3\0056.png
Trace|Loading image 57...
Trace|Image was loaded from file E:\Рабочий стол\Mi Band 5 WatchFace Editor\NEW WATCHFACE\wface_3\0057.png
Trace|Loading image 58...
Trace|Image was loaded from file E:\Рабочий стол\Mi Band 5 WatchFace Editor\NEW WATCHFACE\wface_3\0058.png
Trace|Loading resources for 4.3 'CaloriesWrapper'
Trace|Loading resources for 4.3.1 'Number'
Trace|Loading resources for 4.3.1.5 'TextAlignment'
Trace|Loading image 59...
Trace|Image was loaded from file E:\Рабочий стол\Mi Band 5 WatchFace Editor\NEW WATCHFACE\wface_3\0059.png
Trace|Loading image 60...
Trace|Image was loaded from file E:\Рабочий стол\Mi Band 5 WatchFace Editor\NEW WATCHFACE\wface_3\0060.png
Trace|Loading image 61...
Trace|Image was loaded from file E:\Рабочий стол\Mi Band 5 WatchFace Editor\NEW WATCHFACE\wface_3\0061.png
Trace|Loading image 62...
Trace|Image was loaded from file E:\Рабочий стол\Mi Band 5 WatchFace Editor\NEW WATCHFACE\wface_3\0062.png
Trace|Loading image 63...
Trace|Image was loaded from file E:\Рабочий стол\Mi Band 5 WatchFace Editor\NEW WATCHFACE\wface_3\0063.png
Trace|Loading image 64...
Trace|Image was loaded from file E:\Рабочий стол\Mi Band 5 WatchFace Editor\NEW WATCHFACE\wface_3\0064.png
Trace|Loading image 65...
Trace|Image was loaded from file E:\Рабочий стол\Mi Band 5 WatchFace Editor\NEW WATCHFACE\wface_3\0065.png
Trace|Loading image 66...
Trace|Image was loaded from file E:\Рабочий стол\Mi Band 5 WatchFace Editor\NEW WATCHFACE\wface_3\0066.png
Trace|Loading image 67...
Trace|Image was loaded from file E:\Рабочий стол\Mi Band 5 WatchFace Editor\NEW WATCHFACE\wface_3\0067.png
Trace|Loading image 68...
Trace|Image was loaded from file E:\Рабочий стол\Mi Band 5 WatchFace Editor\NEW WATCHFACE\wface_3\0068.png
Trace|Loading image 69...
Trace|Image was loaded from file E:\Рабочий стол\Mi Band 5 WatchFace Editor\NEW WATCHFACE\wface_3\0069.png
Trace|Loading resources for 4.4 'PulseWrapper'
Trace|Loading resources for 4.4.1 'Number'
Trace|Loading resources for 4.4.1.5 'TextAlignment'
Trace|Loading image 70...
Trace|Image was loaded from file E:\Рабочий стол\Mi Band 5 WatchFace Editor\NEW WATCHFACE\wface_3\0070.png
Trace|Loading image 71...
Trace|Image was loaded from file E:\Рабочий стол\Mi Band 5 WatchFace Editor\NEW WATCHFACE\wface_3\0071.png
Trace|Loading resources for 4.5 'DistanceWrapper'
Trace|Loading resources for 4.5.1 'Number'
Trace|Loading resources for 4.5.1.5 'TextAlignment'
Trace|Loading image 72...
Trace|Image was loaded from file E:\Рабочий стол\Mi Band 5 WatchFace Editor\NEW WATCHFACE\wface_3\0072.png
Trace|Loading image 73...
Trace|Image was loaded from file E:\Рабочий стол\Mi Band 5 WatchFace Editor\NEW WATCHFACE\wface_3\0073.png
Trace|Loading image 74...
Trace|Image was loaded from file E:\Рабочий стол\Mi Band 5 WatchFace Editor\NEW WATCHFACE\wface_3\0074.png
Trace|Loading resources for 5 'Date'
Trace|Loading resources for 5.1 'MonthAndDayAndYear'
Trace|Loading resources for 5.1.1 'SeparateMonthAndDay'
Trace|Loading resources for 5.1.1.1 'Number'
Trace|Loading resources for 5.1.1.1.5 'TextAlignment'
Trace|Loading image 14...
Trace|Image was loaded from file E:\Рабочий стол\Mi Band 5 WatchFace Editor\NEW WATCHFACE\wface_3\0014.png
Trace|Loading image 15...
Trace|Image was loaded from file E:\Рабочий стол\Mi Band 5 WatchFace Editor\NEW WATCHFACE\wface_3\0015.png
Trace|Loading image 16...
Trace|Image was loaded from file E:\Рабочий стол\Mi Band 5 WatchFace Editor\NEW WATCHFACE\wface_3\0016.png
Trace|Loading image 17...
Trace|Image was loaded from file E:\Рабочий стол\Mi Band 5 WatchFace Editor\NEW WATCHFACE\wface_3\0017.png
Trace|Loading image 18...
Trace|Image was loaded from file E:\Рабочий стол\Mi Band 5 WatchFace Editor\NEW WATCHFACE\wface_3\0018.png
Trace|Loading image 19...
Trace|Image was loaded from file E:\Рабочий стол\Mi Band 5 WatchFace Editor\NEW WATCHFACE\wface_3\0019.png
Trace|Loading image 20...
Trace|Image was loaded from file E:\Рабочий стол\Mi Band 5 WatchFace Editor\NEW WATCHFACE\wface_3\0020.png
Trace|Loading image 21...
Trace|Image was loaded from file E:\Рабочий стол\Mi Band 5 WatchFace Editor\NEW WATCHFACE\wface_3\0021.png
Trace|Loading image 22...
Trace|Image was loaded from file E:\Рабочий стол\Mi Band 5 WatchFace Editor\NEW WATCHFACE\wface_3\0022.png
Trace|Loading image 23...
Trace|Image was loaded from file E:\Рабочий стол\Mi Band 5 WatchFace Editor\NEW WATCHFACE\wface_3\0023.png
Trace|Loading resources for 5.1.1.4 'Number'
Trace|Loading resources for 5.1.1.4.5 'TextAlignment'
Trace|Loading resources for 5.1.4 'Boolean'
Trace|Loading resources for 5.1.5 'Boolean'
Trace|Loading resources for 5.2 'DayAmPm'
Trace|Loading image 45...
Trace|Image was loaded from file E:\Рабочий стол\Mi Band 5 WatchFace Editor\NEW WATCHFACE\wface_3\0045.png
Trace|Loading image 46...
Trace|Image was loaded from file E:\Рабочий стол\Mi Band 5 WatchFace Editor\NEW WATCHFACE\wface_3\0046.png
Trace|Loading image 47...
Trace|Image was loaded from file E:\Рабочий стол\Mi Band 5 WatchFace Editor\NEW WATCHFACE\wface_3\0047.png
Trace|Loading image 48...
Trace|Image was loaded from file E:\Рабочий стол\Mi Band 5 WatchFace Editor\NEW WATCHFACE\wface_3\0048.png
Trace|Loading resources for 5.4 'ImageSet'
Trace|Loading image 24...
Trace|Image was loaded from file E:\Рабочий стол\Mi Band 5 WatchFace Editor\NEW WATCHFACE\wface_3\0024.png
Trace|Loading image 25...
Trace|Image was loaded from file E:\Рабочий стол\Mi Band 5 WatchFace Editor\NEW WATCHFACE\wface_3\0025.png
Trace|Loading image 26...
Trace|Image was loaded from file E:\Рабочий стол\Mi Band 5 WatchFace Editor\NEW WATCHFACE\wface_3\0026.png
Trace|Loading image 27...
Trace|Image was loaded from file E:\Рабочий стол\Mi Band 5 WatchFace Editor\NEW WATCHFACE\wface_3\0027.png
Trace|Loading image 28...
Trace|Image was loaded from file E:\Рабочий стол\Mi Band 5 WatchFace Editor\NEW WATCHFACE\wface_3\0028.png
Trace|Loading image 29...
Trace|Image was loaded from file E:\Рабочий стол\Mi Band 5 WatchFace Editor\NEW WATCHFACE\wface_3\0029.png
Trace|Loading image 30...
Trace|Image was loaded from file E:\Рабочий стол\Mi Band 5 WatchFace Editor\NEW WATCHFACE\wface_3\0030.png
Trace|Loading resources for 5.5 'ImageSet'
Trace|Loading image 38...
Trace|Image was loaded from file E:\Рабочий стол\Mi Band 5 WatchFace Editor\NEW WATCHFACE\wface_3\0038.png
Trace|Loading image 39...
Trace|Image was loaded from file E:\Рабочий стол\Mi Band 5 WatchFace Editor\NEW WATCHFACE\wface_3\0039.png
Trace|Loading image 40...
Trace|Image was loaded from file E:\Рабочий стол\Mi Band 5 WatchFace Editor\NEW WATCHFACE\wface_3\0040.png
Trace|Loading image 41...
Trace|Image was loaded from file E:\Рабочий стол\Mi Band 5 WatchFace Editor\NEW WATCHFACE\wface_3\0041.png
Trace|Loading image 42...
Trace|Image was loaded from file E:\Рабочий стол\Mi Band 5 WatchFace Editor\NEW WATCHFACE\wface_3\0042.png
Trace|Loading image 43...
Trace|Image was loaded from file E:\Рабочий стол\Mi Band 5 WatchFace Editor\NEW WATCHFACE\wface_3\0043.png
Trace|Loading image 44...
Trace|Image was loaded from file E:\Рабочий стол\Mi Band 5 WatchFace Editor\NEW WATCHFACE\wface_3\0044.png
Trace|Loading resources for 5.6 'ImageSet'
Trace|Loading image 31...
Trace|Image was loaded from file E:\Рабочий стол\Mi Band 5 WatchFace Editor\NEW WATCHFACE\wface_3\0031.png
Trace|Loading image 32...
Trace|Image was loaded from file E:\Рабочий стол\Mi Band 5 WatchFace Editor\NEW WATCHFACE\wface_3\0032.png
Trace|Loading image 33...
Trace|Image was loaded from file E:\Рабочий стол\Mi Band 5 WatchFace Editor\NEW WATCHFACE\wface_3\0033.png
Trace|Loading image 34...
Trace|Image was loaded from file E:\Рабочий стол\Mi Band 5 WatchFace Editor\NEW WATCHFACE\wface_3\0034.png
Trace|Loading image 35...
Trace|Image was loaded from file E:\Рабочий стол\Mi Band 5 WatchFace Editor\NEW WATCHFACE\wface_3\0035.png
Trace|Loading image 36...
Trace|Image was loaded from file E:\Рабочий стол\Mi Band 5 WatchFace Editor\NEW WATCHFACE\wface_3\0036.png
Trace|Loading image 37...
Trace|Image was loaded from file E:\Рабочий стол\Mi Band 5 WatchFace Editor\NEW WATCHFACE\wface_3\0037.png
Trace|Loading resources for 6 'Weather'
Trace|Loading resources for 6.1 'WeatherIcon'
Trace|Loading resources for 6.1.2 'CustomWeatherIcon'
Trace|Loading image 75...
Trace|Image was loaded from file E:\Рабочий стол\Mi Band 5 WatchFace Editor\NEW WATCHFACE\wface_3\0075.png
Trace|Loading image 76...
Trace|Image was loaded from file E:\Рабочий стол\Mi Band 5 WatchFace Editor\NEW WATCHFACE\wface_3\0076.png
Trace|Loading image 77...
Trace|Image was loaded from file E:\Рабочий стол\Mi Band 5 WatchFace Editor\NEW WATCHFACE\wface_3\0077.png
Trace|Loading image 78...
Trace|Image was loaded from file E:\Рабочий стол\Mi Band 5 WatchFace Editor\NEW WATCHFACE\wface_3\0078.png
Trace|Loading image 79...
Trace|Image was loaded from file E:\Рабочий стол\Mi Band 5 WatchFace Editor\NEW WATCHFACE\wface_3\0079.png
Trace|Loading image 80...
Trace|Image was loaded from file E:\Рабочий стол\Mi Band 5 WatchFace Editor\NEW WATCHFACE\wface_3\0080.png
Trace|Loading image 81...
Trace|Image was loaded from file E:\Рабочий стол\Mi Band 5 WatchFace Editor\NEW WATCHFACE\wface_3\0081.png
Trace|Loading image 82...
Trace|Image was loaded from file E:\Рабочий стол\Mi Band 5 WatchFace Editor\NEW WATCHFACE\wface_3\0082.png
Trace|Loading image 83...
Trace|Image was loaded from file E:\Рабочий стол\Mi Band 5 WatchFace Editor\NEW WATCHFACE\wface_3\0083.png
Trace|Loading image 84...
Trace|Image was loaded from file E:\Рабочий стол\Mi Band 5 WatchFace Editor\NEW WATCHFACE\wface_3\0084.png
Trace|Loading image 85...
Trace|Image was loaded from file E:\Рабочий стол\Mi Band 5 WatchFace Editor\NEW WATCHFACE\wface_3\0085.png
Trace|Loading image 86...
Trace|Image was loaded from file E:\Рабочий стол\Mi Band 5 WatchFace Editor\NEW WATCHFACE\wface_3\0086.png
Trace|Loading image 87...
Trace|Image was loaded from file E:\Рабочий стол\Mi Band 5 WatchFace Editor\NEW WATCHFACE\wface_3\0087.png
Trace|Loading image 88...
Trace|Image was loaded from file E:\Рабочий стол\Mi Band 5 WatchFace Editor\NEW WATCHFACE\wface_3\0088.png
Trace|Loading image 89...
Trace|Image was loaded from file E:\Рабочий стол\Mi Band 5 WatchFace Editor\NEW WATCHFACE\wface_3\0089.png
Trace|Loading image 90...
Trace|Image was loaded from file E:\Рабочий стол\Mi Band 5 WatchFace Editor\NEW WATCHFACE\wface_3\0090.png
Trace|Loading image 91...
Trace|Image was loaded from file E:\Рабочий стол\Mi Band 5 WatchFace Editor\NEW WATCHFACE\wface_3\0091.png
Trace|Loading image 92...
Trace|Image was loaded from file E:\Рабочий стол\Mi Band 5 WatchFace Editor\NEW WATCHFACE\wface_3\0092.png
Trace|Loading image 93...
Trace|Image was loaded from file E:\Рабочий стол\Mi Band 5 WatchFace Editor\NEW WATCHFACE\wface_3\0093.png
Trace|Loading image 94...
Trace|Image was loaded from file E:\Рабочий стол\Mi Band 5 WatchFace Editor\NEW WATCHFACE\wface_3\0094.png
Trace|Loading image 95...
Trace|Image was loaded from file E:\Рабочий стол\Mi Band 5 WatchFace Editor\NEW WATCHFACE\wface_3\0095.png
Trace|Loading image 96...
Trace|Image was loaded from file E:\Рабочий стол\Mi Band 5 WatchFace Editor\NEW WATCHFACE\wface_3\0096.png
Trace|Loading image 97...
Trace|Image was loaded from file E:\Рабочий стол\Mi Band 5 WatchFace Editor\NEW WATCHFACE\wface_3\0097.png
Trace|Loading image 98...
Trace|Image was loaded from file E:\Рабочий стол\Mi Band 5 WatchFace Editor\NEW WATCHFACE\wface_3\0098.png
Trace|Loading image 99...
Trace|Image was loaded from file E:\Рабочий стол\Mi Band 5 WatchFace Editor\NEW WATCHFACE\wface_3\0099.png
Trace|Loading image 100...
Trace|Image was loaded from file E:\Рабочий стол\Mi Band 5 WatchFace Editor\NEW WATCHFACE\wface_3\0100.png
Trace|Loading resources for 6.1.3 'XY'
Trace|Loading resources for 6.1.4 'XY'
Trace|Loading resources for 8 'Status'
Trace|Loading resources for 8.1 'Switch'
Trace|Loading resources for 8.1.1 'XY'
Trace|Loading image 102...
Trace|Image was loaded from file E:\Рабочий стол\Mi Band 5 WatchFace Editor\NEW WATCHFACE\wface_3\0102.png
Trace|Loading resources for 8.2 'Switch'
Trace|Loading resources for 8.2.1 'XY'
Trace|Loading image 103...
Trace|Image was loaded from file E:\Рабочий стол\Mi Band 5 WatchFace Editor\NEW WATCHFACE\wface_3\0103.png
Trace|Loading resources for 8.3 'Switch'
Trace|Loading resources for 8.3.1 'XY'
Trace|Loading image 101...
Trace|Image was loaded from file E:\Рабочий стол\Mi Band 5 WatchFace Editor\NEW WATCHFACE\wface_3\0101.png
Trace|Loading resources for 9 'Battery'
Trace|Loading resources for 9.1 'BatteryTextWrapper'
Trace|Loading resources for 9.1.1 'Number'
Trace|Loading resources for 9.1.1.5 'TextAlignment'
Trace|Loading image 104...
Trace|Image was loaded from file E:\Рабочий стол\Mi Band 5 WatchFace Editor\NEW WATCHFACE\wface_3\0104.png
Trace|Loading image 105...
Trace|Image was loaded from file E:\Рабочий стол\Mi Band 5 WatchFace Editor\NEW WATCHFACE\wface_3\0105.png
Trace|Loading image 106...
Trace|Image was loaded from file E:\Рабочий стол\Mi Band 5 WatchFace Editor\NEW WATCHFACE\wface_3\0106.png
Trace|Loading image 107...
Trace|Image was loaded from file E:\Рабочий стол\Mi Band 5 WatchFace Editor\NEW WATCHFACE\wface_3\0107.png
Trace|Loading image 108...
Trace|Image was loaded from file E:\Рабочий стол\Mi Band 5 WatchFace Editor\NEW WATCHFACE\wface_3\0108.png
Trace|Loading image 109...
Trace|Image was loaded from file E:\Рабочий стол\Mi Band 5 WatchFace Editor\NEW WATCHFACE\wface_3\0109.png
Trace|Loading image 110...
Trace|Image was loaded from file E:\Рабочий стол\Mi Band 5 WatchFace Editor\NEW WATCHFACE\wface_3\0110.png
Trace|Loading image 111...
Trace|Image was loaded from file E:\Рабочий стол\Mi Band 5 WatchFace Editor\NEW WATCHFACE\wface_3\0111.png
Trace|Loading image 112...
Trace|Image was loaded from file E:\Рабочий стол\Mi Band 5 WatchFace Editor\NEW WATCHFACE\wface_3\0112.png
Trace|Loading image 113...
Trace|Image was loaded from file E:\Рабочий стол\Mi Band 5 WatchFace Editor\NEW WATCHFACE\wface_3\0113.png
Trace|Loading image 114...
Trace|Image was loaded from file E:\Рабочий стол\Mi Band 5 WatchFace Editor\NEW WATCHFACE\wface_3\0114.png
Trace|Loading resources for 9.2 'ImageSet'
Trace|Loading image 115...
Trace|Image was loaded from file E:\Рабочий стол\Mi Band 5 WatchFace Editor\NEW WATCHFACE\wface_3\0115.png
Trace|Loading image 116...
Trace|Image was loaded from file E:\Рабочий стол\Mi Band 5 WatchFace Editor\NEW WATCHFACE\wface_3\0116.png
Trace|Loading image 117...
Trace|Image was loaded from file E:\Рабочий стол\Mi Band 5 WatchFace Editor\NEW WATCHFACE\wface_3\0117.png
Trace|Loading image 118...
Trace|Image was loaded from file E:\Рабочий стол\Mi Band 5 WatchFace Editor\NEW WATCHFACE\wface_3\0118.png
Trace|Loading image 119...
Trace|Image was loaded from file E:\Рабочий стол\Mi Band 5 WatchFace Editor\NEW WATCHFACE\wface_3\0119.png
Trace|Loading image 120...
Trace|Image was loaded from file E:\Рабочий стол\Mi Band 5 WatchFace Editor\NEW WATCHFACE\wface_3\0120.png
Trace|Loading image 121...
Trace|Image was loaded from file E:\Рабочий стол\Mi Band 5 WatchFace Editor\NEW WATCHFACE\wface_3\0121.png
Trace|Loading image 122...
Trace|Image was loaded from file E:\Рабочий стол\Mi Band 5 WatchFace Editor\NEW WATCHFACE\wface_3\0122.png
Trace|Loading image 123...
Trace|Image was loaded from file E:\Рабочий стол\Mi Band 5 WatchFace Editor\NEW WATCHFACE\wface_3\0123.png
Trace|Loading image 124...
Trace|Image was loaded from file E:\Рабочий стол\Mi Band 5 WatchFace Editor\NEW WATCHFACE\wface_3\0124.png
Trace|Verifiying Resources...
Trace|Building parameters for watch face...
Trace|2.1.1 'X': 0
Trace|2.1.2 'Y': 0
Trace|2.1.3 'ImageIndex': 0
Trace|2.1 'Image'
Trace|2.3.1 'X': 21
Trace|2.3.2 'Y': 30
Trace|2.3.3 'ImageIndex': 2
Trace|2.3 'Preview1'
Trace|2.4.1 'X': 21
Trace|2.4.2 'Y': 30
Trace|2.4.3 'ImageIndex': 3
Trace|2.4 'Preview2'
Trace|2.5.1 'X': 21
Trace|2.5.2 'Y': 30
Trace|2.5.3 'ImageIndex': 1
Trace|2.5 'Preview3'
Trace|2 'Background'
Trace|3.1.1.1 'X': 8
Trace|3.1.1.2 'Y': 157
Trace|3.1.1.3 'ImageIndex': 4
Trace|3.1.1.4 'ImagesCount': 10
Trace|3.1.1 'Tens'
Trace|3.1.2.1 'X': 77
Trace|3.1.2.2 'Y': 131
Trace|3.1.2.3 'ImageIndex': 4
Trace|3.1.2.4 'ImagesCount': 10
Trace|3.1.2 'Ones'
Trace|3.1 'Hours'
Trace|3.2.1.1 'X': 8
Trace|3.2.1.2 'Y': 250
Trace|3.2.1.3 'ImageIndex': 4
Trace|3.2.1.4 'ImagesCount': 10
Trace|3.2.1 'Tens'
Trace|3.2.2.1 'X': 77
Trace|3.2.2.2 'Y': 228
Trace|3.2.2.3 'ImageIndex': 4
Trace|3.2.2.4 'ImagesCount': 10
Trace|3.2.2 'Ones'
Trace|3.2 'Minutes'
Trace|3.11 'UnknownV11': 0
Trace|3 'Time'
Trace|4.1.1.1 'TopLeftX': 58
Trace|4.1.1.2 'TopLeftY': 332
Trace|4.1.1.3 'BottomRightX': 143
Trace|4.1.1.4 'BottomRightY': 362
Trace|4.1.1.5 'Alignment': 34
Trace|4.1.1.6 'SpacingX': 0
Trace|4.1.1.7 'SpacingY': -2
Trace|4.1.1.8 'ImageIndex': 49
Trace|4.1.1.9 'ImagesCount': 10
Trace|4.1.1 'Number'
Trace|4.1 'Steps'
Trace|4.3.1.1 'TopLeftX': 30
Trace|4.3.1.2 'TopLeftY': 400
Trace|4.3.1.3 'BottomRightX': 123
Trace|4.3.1.4 'BottomRightY': 422
Trace|4.3.1.5 'Alignment': 34
Trace|4.3.1.6 'SpacingX': 0
Trace|4.3.1.7 'SpacingY': -1
Trace|4.3.1.8 'ImageIndex': 59
Trace|4.3.1.9 'ImagesCount': 10
Trace|4.3.1 'Text'
Trace|4.3.2 'SuffixImageIndex': 69
Trace|4.3 'Calories'
Trace|4.4.1.1 'TopLeftX': 31
Trace|4.4.1.2 'TopLeftY': 375
Trace|4.4.1.3 'BottomRightX': 110
Trace|4.4.1.4 'BottomRightY': 396
Trace|4.4.1.5 'Alignment': 2
Trace|4.4.1.6 'SpacingX': 0
Trace|4.4.1.7 'SpacingY': -1
Trace|4.4.1.8 'ImageIndex': 59
Trace|4.4.1.9 'ImagesCount': 10
Trace|4.4.1 'Number'
Trace|4.4.3 'NoDataImageIndex': 70
Trace|4.4.4 'SuffixImageIndex': 71
Trace|4.4 'Pulse'
Trace|4.5.1.1 'TopLeftX': 30
Trace|4.5.1.2 'TopLeftY': 425
Trace|4.5.1.3 'BottomRightX': 136
Trace|4.5.1.4 'BottomRightY': 449
Trace|4.5.1.5 'Alignment': 34
Trace|4.5.1.6 'SpacingX': 0
Trace|4.5.1.7 'SpacingY': -1
Trace|4.5.1.8 'ImageIndex': 59
Trace|4.5.1.9 'ImagesCount': 10
Trace|4.5.1 'Number'
Trace|4.5.2 'KmSuffixImageIndex': 72
Trace|4.5.3 'DecimalPointImageIndex': 73
Trace|4.5.4 'MilesSuffixImageIndex': 74
Trace|4.5 'Distance'
Trace|4.7 'UnknownV7': 0
Trace|4 'Activity'
Trace|5.1.1.1.1 'TopLeftX': 67
Trace|5.1.1.1.2 'TopLeftY': 99
Trace|5.1.1.1.3 'BottomRightX': 101
Trace|5.1.1.1.4 'BottomRightY': 122
Trace|5.1.1.1.5 'Alignment': 18
Trace|5.1.1.1.6 'SpacingX': 0
Trace|5.1.1.1.7 'SpacingY': -1
Trace|5.1.1.1.8 'ImageIndex': 14
Trace|5.1.1.1.9 'ImagesCount': 10
Trace|5.1.1.1 'Month'
Trace|5.1.1.4.1 'TopLeftX': 108
Trace|5.1.1.4.2 'TopLeftY': 96
Trace|5.1.1.4.3 'BottomRightX': 142
Trace|5.1.1.4.4 'BottomRightY': 120
Trace|5.1.1.4.5 'Alignment': 18
Trace|5.1.1.4.6 'SpacingX': 0
Trace|5.1.1.4.7 'SpacingY': -1
Trace|5.1.1.4.8 'ImageIndex': 14
Trace|5.1.1.4.9 'ImagesCount': 10
Trace|5.1.1.4 'Day'
Trace|5.1.1 'Separate'
Trace|5.1.4 'TwoDigitsMonth': 1
Trace|5.1.5 'TwoDigitsDay': 1
Trace|5.1 'MonthAndDayAndYear'
Trace|5.2.1 'X': 78
Trace|5.2.2 'Y': 213
Trace|5.2.3 'ImageIndexAMCN': 45
Trace|5.2.4 'ImageIndexPMCN': 46
Trace|5.2.5 'ImageIndexAMEN': 47
Trace|5.2.6 'ImageIndexPMEN': 48
Trace|5.2 'DayAmPm'
Trace|5.4.1 'X': 88
Trace|5.4.2 'Y': 58
Trace|5.4.3 'ImageIndex': 24
Trace|5.4.4 'ImagesCount': 7
Trace|5.4 'ENWeekDays'
Trace|5.5.1 'X': 88
Trace|5.5.2 'Y': 58
Trace|5.5.3 'ImageIndex': 38
Trace|5.5.4 'ImagesCount': 7
Trace|5.5 'CNWeekDays'
Trace|5.6.1 'X': 88
Trace|5.6.2 'Y': 58
Trace|5.6.3 'ImageIndex': 31
Trace|5.6.4 'ImagesCount': 7
Trace|5.6 'CN2WeekDays'
Trace|5 'Date'
Trace|6.1.2.1 'X': 8
Trace|6.1.2.2 'Y': 72
Trace|6.1.2.3 'ImageIndex': 75
Trace|6.1.2.4 'ImagesCount': 26
Trace|6.1.2 'CustomIcon'
Trace|6.1.3.1 'X': 8
Trace|6.1.3.2 'Y': 72
Trace|6.1.3 'Unknown3'
Trace|6.1.4.1 'X': 8
Trace|6.1.4.2 'Y': 72
Trace|6.1.4 'Unknown4'
Trace|6.1 'Icon'
Trace|6 'Weather'
Trace|8.1.1.1 'X': 69
Trace|8.1.1.2 'Y': 34
Trace|8.1.1 'Coordinates'
Trace|8.1.2 'ImageIndexOn': 102
Trace|8.1 'DoNotDisturb'
Trace|8.2.1.1 'X': 84
Trace|8.2.1.2 'Y': 33
Trace|8.2.1 'Coordinates'
Trace|8.2.3 'ImageIndexOff': 103
Trace|8.2 'Lock'
Trace|8.3.1.1 'X': 98
Trace|8.3.1.2 'Y': 33
Trace|8.3.1 'Coordinates'
Trace|8.3.3 'ImageIndexOff': 101
Trace|8.3 'Bluetooth'
Trace|8 'Status'
Trace|9.1.1.1 'TopLeftX': 36
Trace|9.1.1.2 'TopLeftY': 38
Trace|9.1.1.3 'BottomRightX': 67
Trace|9.1.1.4 'BottomRightY': 50
Trace|9.1.1.5 'Alignment': 34
Trace|9.1.1.6 'SpacingX': 0
Trace|9.1.1.7 'SpacingY': -1
Trace|9.1.1.8 'ImageIndex': 104
Trace|9.1.1.9 'ImagesCount': 10
Trace|9.1.1 'Coordinates'
Trace|9.1.4 'SuffixImageIndex': 114
Trace|9.1 'BatteryText'
Trace|9.2.1 'X': 29
Trace|9.2.2 'Y': 18
Trace|9.2.3 'ImageIndex': 115
Trace|9.2.4 'ImagesCount': 10
Trace|9.2 'BatteryIcon'
Trace|9 'Battery'
Debug|Generating previews...
Debug|Writing watch face to 'E:\Рабочий стол\Mi Band 5 WatchFace Editor\NEW WATCHFACE\wface_3\wface_3_packed.bin'
Trace|Encoding parameters...
Trace|Parameter: 2
Trace|1 (0A):
Trace|    1 (08): 0 (00)
Trace|    2 (10): 0 (00)
Trace|    3 (18): 0 (00)
Trace|8 bytes
Trace|3 (1A):
Trace|    1 (08): 21 (15)
Trace|    2 (10): 30 (1E)
Trace|    3 (18): 2 (02)
Trace|8 bytes
Trace|4 (22):
Trace|    1 (08): 21 (15)
Trace|    2 (10): 30 (1E)
Trace|    3 (18): 3 (03)
Trace|8 bytes
Trace|5 (2A):
Trace|    1 (08): 21 (15)
Trace|    2 (10): 30 (1E)
Trace|    3 (18): 1 (01)
Trace|8 bytes
Trace|Parameter: 3
Trace|1 (0A):
Trace|    1 (0A):
Trace|        1 (08): 8 (08)
Trace|        2 (10): 157 (9D)
Trace|        3 (18): 4 (04)
Trace|        4 (20): 10 (0A)
Trace|    11 bytes
Trace|    2 (12):
Trace|        1 (08): 77 (4D)
Trace|        2 (10): 131 (83)
Trace|        3 (18): 4 (04)
Trace|        4 (20): 10 (0A)
Trace|    11 bytes
Trace|24 bytes
Trace|2 (12):
Trace|    1 (0A):
Trace|        1 (08): 8 (08)
Trace|        2 (10): 250 (FA)
Trace|        3 (18): 4 (04)
Trace|        4 (20): 10 (0A)
Trace|    11 bytes
Trace|    2 (12):
Trace|        1 (08): 77 (4D)
Trace|        2 (10): 228 (E4)
Trace|        3 (18): 4 (04)
Trace|        4 (20): 10 (0A)
Trace|    11 bytes
Trace|24 bytes
Trace|11 (58): 0 (00)
Trace|Parameter: 4
Trace|1 (0A):
Trace|    1 (0A):
Trace|        1 (08): 58 (3A)
Trace|        2 (10): 332 (14C)
Trace|        3 (18): 143 (8F)
Trace|        4 (20): 362 (16A)
Trace|        5 (28): 34 (22)
Trace|        6 (30): 0 (00)
Trace|        7 (38): -2 (FFFFFFFFFFFFFFFE)
Trace|        8 (40): 49 (31)
Trace|        9 (48): 10 (0A)
Trace|    32 bytes
Trace|34 bytes
Trace|3 (1A):
Trace|    1 (0A):
Trace|        1 (08): 30 (1E)
Trace|        2 (10): 400 (190)
Trace|        3 (18): 123 (7B)
Trace|        4 (20): 422 (1A6)
Trace|        5 (28): 34 (22)
Trace|        6 (30): 0 (00)
Trace|        7 (38): -1 (FFFFFFFFFFFFFFFF)
Trace|        8 (40): 59 (3B)
Trace|        9 (48): 10 (0A)
Trace|    31 bytes
Trace|    2 (10): 69 (45)
Trace|35 bytes
Trace|4 (22):
Trace|    1 (0A):
Trace|        1 (08): 31 (1F)
Trace|        2 (10): 375 (177)
Trace|        3 (18): 110 (6E)
Trace|        4 (20): 396 (18C)
Trace|        5 (28): 2 (02)
Trace|        6 (30): 0 (00)
Trace|        7 (38): -1 (FFFFFFFFFFFFFFFF)
Trace|        8 (40): 59 (3B)
Trace|        9 (48): 10 (0A)
Trace|    31 bytes
Trace|    3 (18): 70 (46)
Trace|    4 (20): 71 (47)
Trace|37 bytes
Trace|5 (2A):
Trace|    1 (0A):
Trace|        1 (08): 30 (1E)
Trace|        2 (10): 425 (1A9)
Trace|        3 (18): 136 (88)
Trace|        4 (20): 449 (1C1)
Trace|        5 (28): 34 (22)
Trace|        6 (30): 0 (00)
Trace|        7 (38): -1 (FFFFFFFFFFFFFFFF)
Trace|        8 (40): 59 (3B)
Trace|        9 (48): 10 (0A)
Trace|    32 bytes
Trace|    2 (10): 72 (48)
Trace|    3 (18): 73 (49)
Trace|    4 (20): 74 (4A)
Trace|40 bytes
Trace|7 (38): 0 (00)
Trace|Parameter: 5
Trace|1 (0A):
Trace|    1 (0A):
Trace|        1 (0A):
Trace|            1 (08): 67 (43)
Trace|            2 (10): 99 (63)
Trace|            3 (18): 101 (65)
Trace|            4 (20): 122 (7A)
Trace|            5 (28): 18 (12)
Trace|            6 (30): 0 (00)
Trace|            7 (38): -1 (FFFFFFFFFFFFFFFF)
Trace|            8 (40): 14 (0E)
Trace|            9 (48): 10 (0A)
Trace|        29 bytes
Trace|        4 (22):
Trace|            1 (08): 108 (6C)
Trace|            2 (10): 96 (60)
Trace|            3 (18): 142 (8E)
Trace|            4 (20): 120 (78)
Trace|            5 (28): 18 (12)
Trace|            6 (30): 0 (00)
Trace|            7 (38): -1 (FFFFFFFFFFFFFFFF)
Trace|            8 (40): 14 (0E)
Trace|            9 (48): 10 (0A)
Trace|        30 bytes
Trace|    61 bytes
Trace|    4 (20): 1 (01)
Trace|    5 (28): 1 (01)
Trace|67 bytes
Trace|2 (12):
Trace|    1 (08): 78 (4E)
Trace|    2 (10): 213 (D5)
Trace|    3 (18): 45 (2D)
Trace|    4 (20): 46 (2E)
Trace|    5 (28): 47 (2F)
Trace|    6 (30): 48 (30)
Trace|15 bytes
Trace|4 (22):
Trace|    1 (08): 88 (58)
Trace|    2 (10): 58 (3A)
Trace|    3 (18): 24 (18)
Trace|    4 (20): 7 (07)
Trace|10 bytes
Trace|5 (2A):
Trace|    1 (08): 88 (58)
Trace|    2 (10): 58 (3A)
Trace|    3 (18): 38 (26)
Trace|    4 (20): 7 (07)
Trace|10 bytes
Trace|6 (32):
Trace|    1 (08): 88 (58)
Trace|    2 (10): 58 (3A)
Trace|    3 (18): 31 (1F)
Trace|    4 (20): 7 (07)
Trace|10 bytes
Trace|Parameter: 6
Trace|1 (0A):
Trace|    2 (12):
Trace|        1 (08): 8 (08)
Trace|        2 (10): 72 (48)
Trace|        3 (18): 75 (4B)
Trace|        4 (20): 26 (1A)
Trace|    10 bytes
Trace|    3 (1A):
Trace|        1 (08): 8 (08)
Trace|        2 (10): 72 (48)
Trace|    6 bytes
Trace|    4 (22):
Trace|        1 (08): 8 (08)
Trace|        2 (10): 72 (48)
Trace|    6 bytes
Trace|24 bytes
Trace|Parameter: 8
Trace|1 (0A):
Trace|    1 (0A):
Trace|        1 (08): 69 (45)
Trace|        2 (10): 34 (22)
Trace|    6 bytes
Trace|    2 (10): 102 (66)
Trace|10 bytes
Trace|2 (12):
Trace|    1 (0A):
Trace|        1 (08): 84 (54)
Trace|        2 (10): 33 (21)
Trace|    6 bytes
Trace|    3 (18): 103 (67)
Trace|10 bytes
Trace|3 (1A):
Trace|    1 (0A):
Trace|        1 (08): 98 (62)
Trace|        2 (10): 33 (21)
Trace|    6 bytes
Trace|    3 (18): 101 (65)
Trace|10 bytes
Trace|Parameter: 9
Trace|1 (0A):
Trace|    1 (0A):
Trace|        1 (08): 36 (24)
Trace|        2 (10): 38 (26)
Trace|        3 (18): 67 (43)
Trace|        4 (20): 50 (32)
Trace|        5 (28): 34 (22)
Trace|        6 (30): 0 (00)
Trace|        7 (38): -1 (FFFFFFFFFFFFFFFF)
Trace|        8 (40): 104 (68)
Trace|        9 (48): 10 (0A)
Trace|    29 bytes
Trace|    4 (20): 114 (72)
Trace|33 bytes
Trace|2 (12):
Trace|    1 (08): 29 (1D)
Trace|    2 (10): 18 (12)
Trace|    3 (18): 115 (73)
Trace|    4 (20): 10 (0A)
Trace|10 bytes
Trace|Encoding offsets and lengths...
Trace|1 (0A):
Trace|    1 (08): 439 (1B7)
Trace|    2 (10): 125 (7D)
Trace|7 bytes
Trace|2 (12):
Trace|    1 (08): 0 (00)
Trace|    2 (10): 32 (20)
Trace|6 bytes
Trace|3 (1A):
Trace|    1 (08): 32 (20)
Trace|    2 (10): 50 (32)
Trace|6 bytes
Trace|4 (22):
Trace|    1 (08): 82 (52)
Trace|    2 (10): 148 (94)
Trace|7 bytes
Trace|5 (2A):
Trace|    1 (08): 230 (E6)
Trace|    2 (10): 112 (70)
Trace|7 bytes
Trace|6 (32):
Trace|    1 (08): 342 (156)
Trace|    2 (10): 24 (18)
Trace|7 bytes
Trace|8 (42):
Trace|    1 (08): 366 (16E)
Trace|    2 (10): 30 (1E)
Trace|7 bytes
Trace|9 (4A):
Trace|    1 (08): 396 (18C)
Trace|    2 (10): 43 (2B)
Trace|7 bytes
Trace|Writing header...
Trace|Writing parameters offsets and lengths...
Trace|Writing parameters...
Trace|Writing images...
Trace|Resource 0 offset is 0...
Debug|Encoding resource 0...
Trace|Writing image in Raw mode
Trace|No Transparency image...
Trace|Writing image header...
Trace|Width: 152, Height: 486, RowLength: 304
Trace|BPP: 16, PaletteColors: 0, Transaparency: 0
Trace|Writing image...
Trace|Resource 1 offset is 147760...
Debug|Encoding resource 1...
Trace|Writing image in Raw mode
Trace|Transparency image...
Trace|Writing image header...
Trace|Width: 110, Height: 352, RowLength: 330
Trace|BPP: 24, PaletteColors: 0, Transaparency: 0
Trace|Resource 2 offset is 263936...
Debug|Encoding resource 2...
Trace|Writing image in Raw mode
Trace|Transparency image...
Trace|Writing image header...
Trace|Width: 110, Height: 352, RowLength: 330
Trace|BPP: 24, PaletteColors: 0, Transaparency: 0
Trace|Resource 3 offset is 380112...
Debug|Encoding resource 3...
Trace|Writing image in Raw mode
Trace|Transparency image...
Trace|Writing image header...
Trace|Width: 110, Height: 352, RowLength: 330
Trace|BPP: 24, PaletteColors: 0, Transaparency: 0
Trace|Resource 4 offset is 496288...
Debug|Encoding resource 4...
Trace|Writing image in Raw mode
Trace|Transparency image...
Trace|Writing image header...
Trace|Width: 67, Height: 78, RowLength: 201
Trace|BPP: 24, PaletteColors: 0, Transaparency: 0
Trace|Resource 5 offset is 511982...
Debug|Encoding resource 5...
Trace|Writing image in Raw mode
Trace|Transparency image...
Trace|Writing image header...
Trace|Width: 67, Height: 78, RowLength: 201
Trace|BPP: 24, PaletteColors: 0, Transaparency: 0
Trace|Resource 6 offset is 527676...
Debug|Encoding resource 6...
Trace|Writing image in Raw mode
Trace|Transparency image...
Trace|Writing image header...
Trace|Width: 67, Height: 78, RowLength: 201
Trace|BPP: 24, PaletteColors: 0, Transaparency: 0
Trace|Resource 7 offset is 543370...
Debug|Encoding resource 7...
Trace|Writing image in Raw mode
Trace|Transparency image...
Trace|Writing image header...
Trace|Width: 67, Height: 78, RowLength: 201
Trace|BPP: 24, PaletteColors: 0, Transaparency: 0
Trace|Resource 8 offset is 559064...
Debug|Encoding resource 8...
Trace|Writing image in Raw mode
Trace|Transparency image...
Trace|Writing image header...
Trace|Width: 67, Height: 78, RowLength: 201
Trace|BPP: 24, PaletteColors: 0, Transaparency: 0
Trace|Resource 9 offset is 574758...
Debug|Encoding resource 9...
Trace|Writing image in Raw mode
Trace|Transparency image...
Trace|Writing image header...
Trace|Width: 67, Height: 78, RowLength: 201
Trace|BPP: 24, PaletteColors: 0, Transaparency: 0
Trace|Resource 10 offset is 590452...
Debug|Encoding resource 10...
Trace|Writing image in Raw mode
Trace|Transparency image...
Trace|Writing image header...
Trace|Width: 67, Height: 78, RowLength: 201
Trace|BPP: 24, PaletteColors: 0, Transaparency: 0
Trace|Resource 11 offset is 606146...
Debug|Encoding resource 11...
Trace|Writing image in Raw mode
Trace|Transparency image...
Trace|Writing image header...
Trace|Width: 67, Height: 78, RowLength: 201
Trace|BPP: 24, PaletteColors: 0, Transaparency: 0
Trace|Resource 12 offset is 621840...
Debug|Encoding resource 12...
Trace|Writing image in Raw mode
Trace|Transparency image...
Trace|Writing image header...
Trace|Width: 67, Height: 78, RowLength: 201
Trace|BPP: 24, PaletteColors: 0, Transaparency: 0
Trace|Resource 13 offset is 637534...
Debug|Encoding resource 13...
Trace|Writing image in Raw mode
Trace|Transparency image...
Trace|Writing image header...
Trace|Width: 67, Height: 78, RowLength: 201
Trace|BPP: 24, PaletteColors: 0, Transaparency: 0
Trace|Resource 14 offset is 653228...
Debug|Encoding resource 14...
Trace|Writing image in Raw mode
Trace|Transparency image...
Trace|Writing image header...
Trace|Width: 17, Height: 22, RowLength: 51
Trace|BPP: 24, PaletteColors: 0, Transaparency: 0
Trace|Resource 15 offset is 654366...
Debug|Encoding resource 15...
Trace|Writing image in Raw mode
Trace|Transparency image...
Trace|Writing image header...
Trace|Width: 17, Height: 22, RowLength: 51
Trace|BPP: 24, PaletteColors: 0, Transaparency: 0
Trace|Resource 16 offset is 655504...
Debug|Encoding resource 16...
Trace|Writing image in Raw mode
Trace|Transparency image...
Trace|Writing image header...
Trace|Width: 17, Height: 22, RowLength: 51
Trace|BPP: 24, PaletteColors: 0, Transaparency: 0
Trace|Resource 17 offset is 656642...
Debug|Encoding resource 17...
Trace|Writing image in Raw mode
Trace|Transparency image...
Trace|Writing image header...
Trace|Width: 17, Height: 22, RowLength: 51
Trace|BPP: 24, PaletteColors: 0, Transaparency: 0
Trace|Resource 18 offset is 657780...
Debug|Encoding resource 18...
Trace|Writing image in Raw mode
Trace|Transparency image...
Trace|Writing image header...
Trace|Width: 17, Height: 22, RowLength: 51
Trace|BPP: 24, PaletteColors: 0, Transaparency: 0
Trace|Resource 19 offset is 658918...
Debug|Encoding resource 19...
Trace|Writing image in Raw mode
Trace|Transparency image...
Trace|Writing image header...
Trace|Width: 17, Height: 22, RowLength: 51
Trace|BPP: 24, PaletteColors: 0, Transaparency: 0
Trace|Resource 20 offset is 660056...
Debug|Encoding resource 20...
Trace|Writing image in Raw mode
Trace|Transparency image...
Trace|Writing image header...
Trace|Width: 17, Height: 22, RowLength: 51
Trace|BPP: 24, PaletteColors: 0, Transaparency: 0
Trace|Resource 21 offset is 661194...
Debug|Encoding resource 21...
Trace|Writing image in Raw mode
Trace|Transparency image...
Trace|Writing image header...
Trace|Width: 17, Height: 22, RowLength: 51
Trace|BPP: 24, PaletteColors: 0, Transaparency: 0
Trace|Resource 22 offset is 662332...
Debug|Encoding resource 22...
Trace|Writing image in Raw mode
Trace|Transparency image...
Trace|Writing image header...
Trace|Width: 17, Height: 22, RowLength: 51
Trace|BPP: 24, PaletteColors: 0, Transaparency: 0
Trace|Resource 23 offset is 663470...
Debug|Encoding resource 23...
Trace|Writing image in Raw mode
Trace|Transparency image...
Trace|Writing image header...
Trace|Width: 17, Height: 22, RowLength: 51
Trace|BPP: 24, PaletteColors: 0, Transaparency: 0
Trace|Resource 24 offset is 664608...
Debug|Encoding resource 24...
Trace|Writing image in Raw mode
Trace|Transparency image...
Trace|Writing image header...
Trace|Width: 55, Height: 25, RowLength: 165
Trace|BPP: 24, PaletteColors: 0, Transaparency: 0
Trace|Resource 25 offset is 668749...
Debug|Encoding resource 25...
Trace|Writing image in Raw mode
Trace|Transparency image...
Trace|Writing image header...
Trace|Width: 55, Height: 25, RowLength: 165
Trace|BPP: 24, PaletteColors: 0, Transaparency: 0
Trace|Resource 26 offset is 672890...
Debug|Encoding resource 26...
Trace|Writing image in Raw mode
Trace|Transparency image...
Trace|Writing image header...
Trace|Width: 55, Height: 25, RowLength: 165
Trace|BPP: 24, PaletteColors: 0, Transaparency: 0
Trace|Resource 27 offset is 677031...
Debug|Encoding resource 27...
Trace|Writing image in Raw mode
Trace|Transparency image...
Trace|Writing image header...
Trace|Width: 55, Height: 25, RowLength: 165
Trace|BPP: 24, PaletteColors: 0, Transaparency: 0
Trace|Resource 28 offset is 681172...
Debug|Encoding resource 28...
Trace|Writing image in Raw mode
Trace|Transparency image...
Trace|Writing image header...
Trace|Width: 55, Height: 25, RowLength: 165
Trace|BPP: 24, PaletteColors: 0, Transaparency: 0
Trace|Resource 29 offset is 685313...
Debug|Encoding resource 29...
Trace|Writing image in Raw mode
Trace|Transparency image...
Trace|Writing image header...
Trace|Width: 55, Height: 25, RowLength: 165
Trace|BPP: 24, PaletteColors: 0, Transaparency: 0
Trace|Resource 30 offset is 689454...
Debug|Encoding resource 30...
Trace|Writing image in Raw mode
Trace|Transparency image...
Trace|Writing image header...
Trace|Width: 55, Height: 25, RowLength: 165
Trace|BPP: 24, PaletteColors: 0, Transaparency: 0
Trace|Resource 31 offset is 693595...
Debug|Encoding resource 31...
Trace|Writing image in Raw mode
Trace|Transparency image...
Trace|Writing image header...
Trace|Width: 55, Height: 25, RowLength: 165
Trace|BPP: 24, PaletteColors: 0, Transaparency: 0
Trace|Resource 32 offset is 697736...
Debug|Encoding resource 32...
Trace|Writing image in Raw mode
Trace|Transparency image...
Trace|Writing image header...
Trace|Width: 55, Height: 25, RowLength: 165
Trace|BPP: 24, PaletteColors: 0, Transaparency: 0
Trace|Resource 33 offset is 701877...
Debug|Encoding resource 33...
Trace|Writing image in Raw mode
Trace|Transparency image...
Trace|Writing image header...
Trace|Width: 55, Height: 25, RowLength: 165
Trace|BPP: 24, PaletteColors: 0, Transaparency: 0
Trace|Resource 34 offset is 706018...
Debug|Encoding resource 34...
Trace|Writing image in Raw mode
Trace|Transparency image...
Trace|Writing image header...
Trace|Width: 55, Height: 25, RowLength: 165
Trace|BPP: 24, PaletteColors: 0, Transaparency: 0
Trace|Resource 35 offset is 710159...
Debug|Encoding resource 35...
Trace|Writing image in Raw mode
Trace|Transparency image...
Trace|Writing image header...
Trace|Width: 55, Height: 25, RowLength: 165
Trace|BPP: 24, PaletteColors: 0, Transaparency: 0
Trace|Resource 36 offset is 714300...
Debug|Encoding resource 36...
Trace|Writing image in Raw mode
Trace|Transparency image...
Trace|Writing image header...
Trace|Width: 55, Height: 25, RowLength: 165
Trace|BPP: 24, PaletteColors: 0, Transaparency: 0
Trace|Resource 37 offset is 718441...
Debug|Encoding resource 37...
Trace|Writing image in Raw mode
Trace|Transparency image...
Trace|Writing image header...
Trace|Width: 55, Height: 25, RowLength: 165
Trace|BPP: 24, PaletteColors: 0, Transaparency: 0
Trace|Resource 38 offset is 722582...
Debug|Encoding resource 38...
Trace|Writing image in Raw mode
Trace|Transparency image...
Trace|Writing image header...
Trace|Width: 55, Height: 25, RowLength: 165
Trace|BPP: 24, PaletteColors: 0, Transaparency: 0
Trace|Resource 39 offset is 726723...
Debug|Encoding resource 39...
Trace|Writing image in Raw mode
Trace|Transparency image...
Trace|Writing image header...
Trace|Width: 55, Height: 25, RowLength: 165
Trace|BPP: 24, PaletteColors: 0, Transaparency: 0
Trace|Resource 40 offset is 730864...
Debug|Encoding resource 40...
Trace|Writing image in Raw mode
Trace|Transparency image...
Trace|Writing image header...
Trace|Width: 55, Height: 25, RowLength: 165
Trace|BPP: 24, PaletteColors: 0, Transaparency: 0
Trace|Resource 41 offset is 735005...
Debug|Encoding resource 41...
Trace|Writing image in Raw mode
Trace|Transparency image...
Trace|Writing image header...
Trace|Width: 55, Height: 25, RowLength: 165
Trace|BPP: 24, PaletteColors: 0, Transaparency: 0
Trace|Resource 42 offset is 739146...
Debug|Encoding resource 42...
Trace|Writing image in Raw mode
Trace|Transparency image...
Trace|Writing image header...
Trace|Width: 55, Height: 25, RowLength: 165
Trace|BPP: 24, PaletteColors: 0, Transaparency: 0
Trace|Resource 43 offset is 743287...
Debug|Encoding resource 43...
Trace|Writing image in Raw mode
Trace|Transparency image...
Trace|Writing image header...
Trace|Width: 55, Height: 25, RowLength: 165
Trace|BPP: 24, PaletteColors: 0, Transaparency: 0
Trace|Resource 44 offset is 747428...
Debug|Encoding resource 44...
Trace|Writing image in Raw mode
Trace|Transparency image...
Trace|Writing image header...
Trace|Width: 55, Height: 25, RowLength: 165
Trace|BPP: 24, PaletteColors: 0, Transaparency: 0
Trace|Resource 45 offset is 751569...
Debug|Encoding resource 45...
Trace|Writing image in Raw mode
Trace|Transparency image...
Trace|Writing image header...
Trace|Width: 26, Height: 16, RowLength: 78
Trace|BPP: 24, PaletteColors: 0, Transaparency: 0
Trace|Resource 46 offset is 752833...
Debug|Encoding resource 46...
Trace|Writing image in Raw mode
Trace|Transparency image...
Trace|Writing image header...
Trace|Width: 26, Height: 16, RowLength: 78
Trace|BPP: 24, PaletteColors: 0, Transaparency: 0
Trace|Resource 47 offset is 754097...
Debug|Encoding resource 47...
Trace|Writing image in Raw mode
Trace|Transparency image...
Trace|Writing image header...
Trace|Width: 26, Height: 16, RowLength: 78
Trace|BPP: 24, PaletteColors: 0, Transaparency: 0
Trace|Resource 48 offset is 755361...
Debug|Encoding resource 48...
Trace|Writing image in Raw mode
Trace|Transparency image...
Trace|Writing image header...
Trace|Width: 26, Height: 16, RowLength: 78
Trace|BPP: 24, PaletteColors: 0, Transaparency: 0
Trace|Resource 49 offset is 756625...
Debug|Encoding resource 49...
Trace|Writing image in Raw mode
Trace|Transparency image...
Trace|Writing image header...
Trace|Width: 17, Height: 22, RowLength: 51
Trace|BPP: 24, PaletteColors: 0, Transaparency: 0
Trace|Resource 50 offset is 757763...
Debug|Encoding resource 50...
Trace|Writing image in Raw mode
Trace|Transparency image...
Trace|Writing image header...
Trace|Width: 17, Height: 22, RowLength: 51
Trace|BPP: 24, PaletteColors: 0, Transaparency: 0
Trace|Resource 51 offset is 758901...
Debug|Encoding resource 51...
Trace|Writing image in Raw mode
Trace|Transparency image...
Trace|Writing image header...
Trace|Width: 17, Height: 22, RowLength: 51
Trace|BPP: 24, PaletteColors: 0, Transaparency: 0
Trace|Resource 52 offset is 760039...
Debug|Encoding resource 52...
Trace|Writing image in Raw mode
Trace|Transparency image...
Trace|Writing image header...
Trace|Width: 17, Height: 22, RowLength: 51
Trace|BPP: 24, PaletteColors: 0, Transaparency: 0
Trace|Resource 53 offset is 761177...
Debug|Encoding resource 53...
Trace|Writing image in Raw mode
Trace|Transparency image...
Trace|Writing image header...
Trace|Width: 17, Height: 22, RowLength: 51
Trace|BPP: 24, PaletteColors: 0, Transaparency: 0
Trace|Resource 54 offset is 762315...
Debug|Encoding resource 54...
Trace|Writing image in Raw mode
Trace|Transparency image...
Trace|Writing image header...
Trace|Width: 17, Height: 22, RowLength: 51
Trace|BPP: 24, PaletteColors: 0, Transaparency: 0
Trace|Resource 55 offset is 763453...
Debug|Encoding resource 55...
Trace|Writing image in Raw mode
Trace|Transparency image...
Trace|Writing image header...
Trace|Width: 17, Height: 22, RowLength: 51
Trace|BPP: 24, PaletteColors: 0, Transaparency: 0
Trace|Resource 56 offset is 764591...
Debug|Encoding resource 56...
Trace|Writing image in Raw mode
Trace|Transparency image...
Trace|Writing image header...
Trace|Width: 17, Height: 22, RowLength: 51
Trace|BPP: 24, PaletteColors: 0, Transaparency: 0
Trace|Resource 57 offset is 765729...
Debug|Encoding resource 57...
Trace|Writing image in Raw mode
Trace|Transparency image...
Trace|Writing image header...
Trace|Width: 17, Height: 22, RowLength: 51
Trace|BPP: 24, PaletteColors: 0, Transaparency: 0
Trace|Resource 58 offset is 766867...
Debug|Encoding resource 58...
Trace|Writing image in Raw mode
Trace|Transparency image...
Trace|Writing image header...
Trace|Width: 17, Height: 22, RowLength: 51
Trace|BPP: 24, PaletteColors: 0, Transaparency: 0
Trace|Resource 59 offset is 768005...
Debug|Encoding resource 59...
Trace|Writing image in Raw mode
Trace|Transparency image...
Trace|Writing image header...
Trace|Width: 15, Height: 19, RowLength: 45
Trace|BPP: 24, PaletteColors: 0, Transaparency: 0
Trace|Resource 60 offset is 768876...
Debug|Encoding resource 60...
Trace|Writing image in Raw mode
Trace|Transparency image...
Trace|Writing image header...
Trace|Width: 15, Height: 19, RowLength: 45
Trace|BPP: 24, PaletteColors: 0, Transaparency: 0
Trace|Resource 61 offset is 769747...
Debug|Encoding resource 61...
Trace|Writing image in Raw mode
Trace|Transparency image...
Trace|Writing image header...
Trace|Width: 15, Height: 19, RowLength: 45
Trace|BPP: 24, PaletteColors: 0, Transaparency: 0
Trace|Resource 62 offset is 770618...
Debug|Encoding resource 62...
Trace|Writing image in Raw mode
Trace|Transparency image...
Trace|Writing image header...
Trace|Width: 15, Height: 19, RowLength: 45
Trace|BPP: 24, PaletteColors: 0, Transaparency: 0
Trace|Resource 63 offset is 771489...
Debug|Encoding resource 63...
Trace|Writing image in Raw mode
Trace|Transparency image...
Trace|Writing image header...
Trace|Width: 15, Height: 19, RowLength: 45
Trace|BPP: 24, PaletteColors: 0, Transaparency: 0
Trace|Resource 64 offset is 772360...
Debug|Encoding resource 64...
Trace|Writing image in Raw mode
Trace|Transparency image...
Trace|Writing image header...
Trace|Width: 15, Height: 19, RowLength: 45
Trace|BPP: 24, PaletteColors: 0, Transaparency: 0
Trace|Resource 65 offset is 773231...
Debug|Encoding resource 65...
Trace|Writing image in Raw mode
Trace|Transparency image...
Trace|Writing image header...
Trace|Width: 15, Height: 19, RowLength: 45
Trace|BPP: 24, PaletteColors: 0, Transaparency: 0
Trace|Resource 66 offset is 774102...
Debug|Encoding resource 66...
Trace|Writing image in Raw mode
Trace|Transparency image...
Trace|Writing image header...
Trace|Width: 15, Height: 19, RowLength: 45
Trace|BPP: 24, PaletteColors: 0, Transaparency: 0
Trace|Resource 67 offset is 774973...
Debug|Encoding resource 67...
Trace|Writing image in Raw mode
Trace|Transparency image...
Trace|Writing image header...
Trace|Width: 15, Height: 19, RowLength: 45
Trace|BPP: 24, PaletteColors: 0, Transaparency: 0
Trace|Resource 68 offset is 775844...
Debug|Encoding resource 68...
Trace|Writing image in Raw mode
Trace|Transparency image...
Trace|Writing image header...
Trace|Width: 15, Height: 19, RowLength: 45
Trace|BPP: 24, PaletteColors: 0, Transaparency: 0
Trace|Resource 69 offset is 776715...
Debug|Encoding resource 69...
Trace|Writing image in Raw mode
Trace|Transparency image...
Trace|Writing image header...
Trace|Width: 33, Height: 14, RowLength: 99
Trace|BPP: 24, PaletteColors: 0, Transaparency: 0
Trace|Resource 70 offset is 778117...
Debug|Encoding resource 70...
Trace|Writing image in Raw mode
Trace|Transparency image...
Trace|Writing image header...
Trace|Width: 15, Height: 2, RowLength: 45
Trace|BPP: 24, PaletteColors: 0, Transaparency: 0
Trace|Resource 71 offset is 778223...
Debug|Encoding resource 71...
Trace|Writing image in Raw mode
Trace|Transparency image...
Trace|Writing image header...
Trace|Width: 34, Height: 13, RowLength: 102
Trace|BPP: 24, PaletteColors: 0, Transaparency: 0
Trace|Resource 72 offset is 779565...
Debug|Encoding resource 72...
Trace|Writing image in Raw mode
Trace|Transparency image...
Trace|Writing image header...
Trace|Width: 25, Height: 12, RowLength: 75
Trace|BPP: 24, PaletteColors: 0, Transaparency: 0
Trace|Resource 73 offset is 780481...
Debug|Encoding resource 73...
Trace|Writing image in Raw mode
Trace|Transparency image...
Trace|Writing image header...
Trace|Width: 6, Height: 6, RowLength: 18
Trace|BPP: 24, PaletteColors: 0, Transaparency: 0
Trace|Resource 74 offset is 780605...
Debug|Encoding resource 74...
Trace|Writing image in Raw mode
Trace|Transparency image...
Trace|Writing image header...
Trace|Width: 25, Height: 12, RowLength: 75
Trace|BPP: 24, PaletteColors: 0, Transaparency: 0
Trace|Resource 75 offset is 781521...
Debug|Encoding resource 75...
Trace|Writing image in Raw mode
Trace|Transparency image...
Trace|Writing image header...
Trace|Width: 46, Height: 48, RowLength: 138
Trace|BPP: 24, PaletteColors: 0, Transaparency: 0
Trace|Resource 76 offset is 788161...
Debug|Encoding resource 76...
Trace|Writing image in Raw mode
Trace|Transparency image...
Trace|Writing image header...
Trace|Width: 46, Height: 48, RowLength: 138
Trace|BPP: 24, PaletteColors: 0, Transaparency: 0
Trace|Resource 77 offset is 794801...
Debug|Encoding resource 77...
Trace|Writing image in Raw mode
Trace|Transparency image...
Trace|Writing image header...
Trace|Width: 46, Height: 48, RowLength: 138
Trace|BPP: 24, PaletteColors: 0, Transaparency: 0
Trace|Resource 78 offset is 801441...
Debug|Encoding resource 78...
Trace|Writing image in Raw mode
Trace|Transparency image...
Trace|Writing image header...
Trace|Width: 46, Height: 48, RowLength: 138
Trace|BPP: 24, PaletteColors: 0, Transaparency: 0
Trace|Resource 79 offset is 808081...
Debug|Encoding resource 79...
Trace|Writing image in Raw mode
Trace|Transparency image...
Trace|Writing image header...
Trace|Width: 46, Height: 48, RowLength: 138
Trace|BPP: 24, PaletteColors: 0, Transaparency: 0
Trace|Resource 80 offset is 814721...
Debug|Encoding resource 80...
Trace|Writing image in Raw mode
Trace|Transparency image...
Trace|Writing image header...
Trace|Width: 46, Height: 48, RowLength: 138
Trace|BPP: 24, PaletteColors: 0, Transaparency: 0
Trace|Resource 81 offset is 821361...
Debug|Encoding resource 81...
Trace|Writing image in Raw mode
Trace|Transparency image...
Trace|Writing image header...
Trace|Width: 46, Height: 48, RowLength: 138
Trace|BPP: 24, PaletteColors: 0, Transaparency: 0
Trace|Resource 82 offset is 828001...
Debug|Encoding resource 82...
Trace|Writing image in Raw mode
Trace|Transparency image...
Trace|Writing image header...
Trace|Width: 46, Height: 48, RowLength: 138
Trace|BPP: 24, PaletteColors: 0, Transaparency: 0
Trace|Resource 83 offset is 834641...
Debug|Encoding resource 83...
Trace|Writing image in Raw mode
Trace|Transparency image...
Trace|Writing image header...
Trace|Width: 46, Height: 48, RowLength: 138
Trace|BPP: 24, PaletteColors: 0, Transaparency: 0
Trace|Resource 84 offset is 841281...
Debug|Encoding resource 84...
Trace|Writing image in Raw mode
Trace|Transparency image...
Trace|Writing image header...
Trace|Width: 46, Height: 48, RowLength: 138
Trace|BPP: 24, PaletteColors: 0, Transaparency: 0
Trace|Resource 85 offset is 847921...
Debug|Encoding resource 85...
Trace|Writing image in Raw mode
Trace|Transparency image...
Trace|Writing image header...
Trace|Width: 46, Height: 48, RowLength: 138
Trace|BPP: 24, PaletteColors: 0, Transaparency: 0
Trace|Resource 86 offset is 854561...
Debug|Encoding resource 86...
Trace|Writing image in Raw mode
Trace|Transparency image...
Trace|Writing image header...
Trace|Width: 46, Height: 48, RowLength: 138
Trace|BPP: 24, PaletteColors: 0, Transaparency: 0
Trace|Resource 87 offset is 861201...
Debug|Encoding resource 87...
Trace|Writing image in Raw mode
Trace|Transparency image...
Trace|Writing image header...
Trace|Width: 46, Height: 48, RowLength: 138
Trace|BPP: 24, PaletteColors: 0, Transaparency: 0
Trace|Resource 88 offset is 867841...
Debug|Encoding resource 88...
Trace|Writing image in Raw mode
Trace|Transparency image...
Trace|Writing image header...
Trace|Width: 46, Height: 48, RowLength: 138
Trace|BPP: 24, PaletteColors: 0, Transaparency: 0
Trace|Resource 89 offset is 874481...
Debug|Encoding resource 89...
Trace|Writing image in Raw mode
Trace|Transparency image...
Trace|Writing image header...
Trace|Width: 46, Height: 48, RowLength: 138
Trace|BPP: 24, PaletteColors: 0, Transaparency: 0
Trace|Resource 90 offset is 881121...
Debug|Encoding resource 90...
Trace|Writing image in Raw mode
Trace|Transparency image...
Trace|Writing image header...
Trace|Width: 46, Height: 48, RowLength: 138
Trace|BPP: 24, PaletteColors: 0, Transaparency: 0
Trace|Resource 91 offset is 887761...
Debug|Encoding resource 91...
Trace|Writing image in Raw mode
Trace|Transparency image...
Trace|Writing image header...
Trace|Width: 46, Height: 48, RowLength: 138
Trace|BPP: 24, PaletteColors: 0, Transaparency: 0
Trace|Resource 92 offset is 894401...
Debug|Encoding resource 92...
Trace|Writing image in Raw mode
Trace|Transparency image...
Trace|Writing image header...
Trace|Width: 46, Height: 48, RowLength: 138
Trace|BPP: 24, PaletteColors: 0, Transaparency: 0
Trace|Resource 93 offset is 901041...
Debug|Encoding resource 93...
Trace|Writing image in Raw mode
Trace|Transparency image...
Trace|Writing image header...
Trace|Width: 46, Height: 48, RowLength: 138
Trace|BPP: 24, PaletteColors: 0, Transaparency: 0
Trace|Resource 94 offset is 907681...
Debug|Encoding resource 94...
Trace|Writing image in Raw mode
Trace|Transparency image...
Trace|Writing image header...
Trace|Width: 46, Height: 48, RowLength: 138
Trace|BPP: 24, PaletteColors: 0, Transaparency: 0
Trace|Resource 95 offset is 914321...
Debug|Encoding resource 95...
Trace|Writing image in Raw mode
Trace|Transparency image...
Trace|Writing image header...
Trace|Width: 46, Height: 48, RowLength: 138
Trace|BPP: 24, PaletteColors: 0, Transaparency: 0
Trace|Resource 96 offset is 920961...
Debug|Encoding resource 96...
Trace|Writing image in Raw mode
Trace|Transparency image...
Trace|Writing image header...
Trace|Width: 46, Height: 48, RowLength: 138
Trace|BPP: 24, PaletteColors: 0, Transaparency: 0
Trace|Resource 97 offset is 927601...
Debug|Encoding resource 97...
Trace|Writing image in Raw mode
Trace|Transparency image...
Trace|Writing image header...
Trace|Width: 46, Height: 48, RowLength: 138
Trace|BPP: 24, PaletteColors: 0, Transaparency: 0
Trace|Resource 98 offset is 934241...
Debug|Encoding resource 98...
Trace|Writing image in Raw mode
Trace|Transparency image...
Trace|Writing image header...
Trace|Width: 46, Height: 48, RowLength: 138
Trace|BPP: 24, PaletteColors: 0, Transaparency: 0
Trace|Resource 99 offset is 940881...
Debug|Encoding resource 99...
Trace|Writing image in Raw mode
Trace|Transparency image...
Trace|Writing image header...
Trace|Width: 46, Height: 48, RowLength: 138
Trace|BPP: 24, PaletteColors: 0, Transaparency: 0
Trace|Resource 100 offset is 947521...
Debug|Encoding resource 100...
Trace|Writing image in Raw mode
Trace|Transparency image...
Trace|Writing image header...
Trace|Width: 46, Height: 48, RowLength: 138
Trace|BPP: 24, PaletteColors: 0, Transaparency: 0
Trace|Resource 101 offset is 954161...
Debug|Encoding resource 101...
Trace|Writing image in Raw mode
Trace|Transparency image...
Trace|Writing image header...
Trace|Width: 14, Height: 13, RowLength: 42
Trace|BPP: 24, PaletteColors: 0, Transaparency: 0
Trace|Resource 102 offset is 954723...
Debug|Encoding resource 102...
Trace|Writing image in Raw mode
Trace|Transparency image...
Trace|Writing image header...
Trace|Width: 15, Height: 13, RowLength: 45
Trace|BPP: 24, PaletteColors: 0, Transaparency: 0
Trace|Resource 103 offset is 955324...
Debug|Encoding resource 103...
Trace|Writing image in Raw mode
Trace|Transparency image...
Trace|Writing image header...
Trace|Width: 14, Height: 13, RowLength: 42
Trace|BPP: 24, PaletteColors: 0, Transaparency: 0
Trace|Resource 104 offset is 955886...
Debug|Encoding resource 104...
Trace|Writing image in Raw mode
Trace|Transparency image...
Trace|Writing image header...
Trace|Width: 7, Height: 10, RowLength: 21
Trace|BPP: 24, PaletteColors: 0, Transaparency: 0
Trace|Resource 105 offset is 956112...
Debug|Encoding resource 105...
Trace|Writing image in Raw mode
Trace|Transparency image...
Trace|Writing image header...
Trace|Width: 7, Height: 10, RowLength: 21
Trace|BPP: 24, PaletteColors: 0, Transaparency: 0
Trace|Resource 106 offset is 956338...
Debug|Encoding resource 106...
Trace|Writing image in Raw mode
Trace|Transparency image...
Trace|Writing image header...
Trace|Width: 7, Height: 10, RowLength: 21
Trace|BPP: 24, PaletteColors: 0, Transaparency: 0
Trace|Resource 107 offset is 956564...
Debug|Encoding resource 107...
Trace|Writing image in Raw mode
Trace|Transparency image...
Trace|Writing image header...
Trace|Width: 7, Height: 10, RowLength: 21
Trace|BPP: 24, PaletteColors: 0, Transaparency: 0
Trace|Resource 108 offset is 956790...
Debug|Encoding resource 108...
Trace|Writing image in Raw mode
Trace|Transparency image...
Trace|Writing image header...
Trace|Width: 7, Height: 10, RowLength: 21
Trace|BPP: 24, PaletteColors: 0, Transaparency: 0
Trace|Resource 109 offset is 957016...
Debug|Encoding resource 109...
Trace|Writing image in Raw mode
Trace|Transparency image...
Trace|Writing image header...
Trace|Width: 7, Height: 10, RowLength: 21
Trace|BPP: 24, PaletteColors: 0, Transaparency: 0
Trace|Resource 110 offset is 957242...
Debug|Encoding resource 110...
Trace|Writing image in Raw mode
Trace|Transparency image...
Trace|Writing image header...
Trace|Width: 7, Height: 10, RowLength: 21
Trace|BPP: 24, PaletteColors: 0, Transaparency: 0
Trace|Resource 111 offset is 957468...
Debug|Encoding resource 111...
Trace|Writing image in Raw mode
Trace|Transparency image...
Trace|Writing image header...
Trace|Width: 7, Height: 10, RowLength: 21
Trace|BPP: 24, PaletteColors: 0, Transaparency: 0
Trace|Resource 112 offset is 957694...
Debug|Encoding resource 112...
Trace|Writing image in Raw mode
Trace|Transparency image...
Trace|Writing image header...
Trace|Width: 7, Height: 10, RowLength: 21
Trace|BPP: 24, PaletteColors: 0, Transaparency: 0
Trace|Resource 113 offset is 957920...
Debug|Encoding resource 113...
Trace|Writing image in Raw mode
Trace|Transparency image...
Trace|Writing image header...
Trace|Width: 7, Height: 10, RowLength: 21
Trace|BPP: 24, PaletteColors: 0, Transaparency: 0
Trace|Resource 114 offset is 958146...
Debug|Encoding resource 114...
Trace|Writing image in Raw mode
Trace|Transparency image...
Trace|Writing image header...
Trace|Width: 10, Height: 10, RowLength: 30
Trace|BPP: 24, PaletteColors: 0, Transaparency: 0
Trace|Resource 115 offset is 958462...
Debug|Encoding resource 115...
Trace|Writing image in Raw mode
Trace|Transparency image...
Trace|Writing image header...
Trace|Width: 79, Height: 17, RowLength: 237
Trace|BPP: 24, PaletteColors: 0, Transaparency: 0
Trace|Resource 116 offset is 962507...
Debug|Encoding resource 116...
Trace|Writing image in Raw mode
Trace|Transparency image...
Trace|Writing image header...
Trace|Width: 79, Height: 17, RowLength: 237
Trace|BPP: 24, PaletteColors: 0, Transaparency: 0
Trace|Resource 117 offset is 966552...
Debug|Encoding resource 117...
Trace|Writing image in Raw mode
Trace|Transparency image...
Trace|Writing image header...
Trace|Width: 79, Height: 17, RowLength: 237
Trace|BPP: 24, PaletteColors: 0, Transaparency: 0
Trace|Resource 118 offset is 970597...
Debug|Encoding resource 118...
Trace|Writing image in Raw mode
Trace|Transparency image...
Trace|Writing image header...
Trace|Width: 79, Height: 17, RowLength: 237
Trace|BPP: 24, PaletteColors: 0, Transaparency: 0
Trace|Resource 119 offset is 974642...
Debug|Encoding resource 119...
Trace|Writing image in Raw mode
Trace|Transparency image...
Trace|Writing image header...
Trace|Width: 79, Height: 17, RowLength: 237
Trace|BPP: 24, PaletteColors: 0, Transaparency: 0
Trace|Resource 120 offset is 978687...
Debug|Encoding resource 120...
Trace|Writing image in Raw mode
Trace|Transparency image...
Trace|Writing image header...
Trace|Width: 79, Height: 17, RowLength: 237
Trace|BPP: 24, PaletteColors: 0, Transaparency: 0
Trace|Resource 121 offset is 982732...
Debug|Encoding resource 121...
Trace|Writing image in Raw mode
Trace|Transparency image...
Trace|Writing image header...
Trace|Width: 79, Height: 17, RowLength: 237
Trace|BPP: 24, PaletteColors: 0, Transaparency: 0
Trace|Resource 122 offset is 986777...
Debug|Encoding resource 122...
Trace|Writing image in Raw mode
Trace|Transparency image...
Trace|Writing image header...
Trace|Width: 79, Height: 17, RowLength: 237
Trace|BPP: 24, PaletteColors: 0, Transaparency: 0
Trace|Resource 123 offset is 990822...
Debug|Encoding resource 123...
Trace|Writing image in Raw mode
Trace|Transparency image...
Trace|Writing image header...
Trace|Width: 79, Height: 17, RowLength: 237
Trace|BPP: 24, PaletteColors: 0, Transaparency: 0
Trace|Resource 124 offset is 994867...
Debug|Encoding resource 124...
Trace|Writing image in Raw mode
Trace|Transparency image...
Trace|Writing image header...
Trace|Width: 79, Height: 17, RowLength: 237
Trace|BPP: 24, PaletteColors: 0, Transaparency: 0
Trace|Writing resources offsets table
Debug|Writing resources
Fatal|[ERROR] Watchface is greater than 615kb, it will not be accepted by Mi Band 5, please reduce size! Current size:976kb.
Fatal|System.ArgumentException: [ERROR] Watchface is greater than 615kb, it will not be accepted by Mi Band 5, please reduce size! Current size:976kb.
   в b7cTu3KRjTjeh8eWdW.IcBS7O1TSZm4p3TgYK.iTNvLrh2B(String  )
   в b7cTu3KRjTjeh8eWdW.IcBS7O1TSZm4p3TgYK.xVVceLnat(String[]  )
