Debug|Opening watch face 'E:\Рабочий стол\Mi Band 5 WatchFace Editor\NEW WATCHFACE\wface_3.bin'
Debug|Reading parameters...
Trace|Reading header...
Trace|Header was read:
Trace|Signature: UIHH, Unknown: 16777215, ParametersSize: 54, IsValid: True
Trace|Reading parameter offsets...
Trace|Parameter offsets were read from file
Trace|Reading parameters descriptor...
Trace|1 (0A): 5 bytes
Trace|    1 (08): 439 (1B7)
Trace|    2 (10): 125 (7D)
Trace|Parameters descriptor was read:
Trace|ParametrsTableLength: 439, ImagesCount: 125
Trace|Reading parameters locations...
Trace|2 (12): 4 bytes
Trace|    1 (08): 0 (00)
Trace|    2 (10): 32 (20)
Trace|3 (1A): 4 bytes
Trace|    1 (08): 32 (20)
Trace|    2 (10): 50 (32)
Trace|4 (22): 6 bytes
Trace|    1 (08): 194 (C2)
Trace|    2 (10): 148 (94)
Trace|5 (2A): 4 bytes
Trace|    1 (08): 82 (52)
Trace|    2 (10): 112 (70)
Trace|6 (32): 5 bytes
Trace|    1 (08): 342 (156)
Trace|    2 (10): 24 (18)
Trace|8 (42): 5 bytes
Trace|    1 (08): 366 (16E)
Trace|    2 (10): 30 (1E)
Trace|9 (4A): 5 bytes
Trace|    1 (08): 396 (18C)
Trace|    2 (10): 43 (2B)
Trace|Watch face parameters locations were read:
Trace|Reading descriptor for parameter 2
Trace|Descriptor offset: 0, Descriptor length: 32
Trace|Parsing descriptor for parameter 2...
Trace|1 (0A): 6 bytes
Trace|    1 (08): 0 (00)
Trace|    2 (10): 0 (00)
Trace|    3 (18): 0 (00)
Trace|3 (1A): 6 bytes
Trace|    1 (08): 21 (15)
Trace|    2 (10): 30 (1E)
Trace|    3 (18): 2 (02)
Trace|4 (22): 6 bytes
Trace|    1 (08): 21 (15)
Trace|    2 (10): 30 (1E)
Trace|    3 (18): 3 (03)
Trace|5 (2A): 6 bytes
Trace|    1 (08): 21 (15)
Trace|    2 (10): 30 (1E)
Trace|    3 (18): 1 (01)
Trace|Reading descriptor for parameter 3
Trace|Descriptor offset: 32, Descriptor length: 50
Trace|Parsing descriptor for parameter 3...
Trace|1 (0A): 22 bytes
Trace|    1 (0A): 9 bytes
Trace|        1 (08): 8 (08)
Trace|        2 (10): 157 (9D)
Trace|        3 (18): 4 (04)
Trace|        4 (20): 10 (0A)
Trace|    2 (12): 9 bytes
Trace|        1 (08): 77 (4D)
Trace|        2 (10): 131 (83)
Trace|        3 (18): 4 (04)
Trace|        4 (20): 10 (0A)
Trace|2 (12): 22 bytes
Trace|    1 (0A): 9 bytes
Trace|        1 (08): 8 (08)
Trace|        2 (10): 250 (FA)
Trace|        3 (18): 4 (04)
Trace|        4 (20): 10 (0A)
Trace|    2 (12): 9 bytes
Trace|        1 (08): 77 (4D)
Trace|        2 (10): 228 (E4)
Trace|        3 (18): 4 (04)
Trace|        4 (20): 10 (0A)
Trace|11 (58): 0 (00)
Trace|Reading descriptor for parameter 4
Trace|Descriptor offset: 194, Descriptor length: 148
Trace|Parsing descriptor for parameter 4...
Trace|1 (0A): 32 bytes
Trace|    1 (0A): 30 bytes
Trace|        1 (08): 58 (3A)
Trace|        2 (10): 332 (14C)
Trace|        3 (18): 143 (8F)
Trace|        4 (20): 362 (16A)
Trace|        5 (28): 34 (22)
Trace|        6 (30): 0 (00)
Trace|        7 (38): -2 (FFFFFFFFFFFFFFFE)
Trace|        8 (40): 49 (31)
Trace|        9 (48): 10 (0A)
Trace|3 (1A): 33 bytes
Trace|    1 (0A): 29 bytes
Trace|        1 (08): 30 (1E)
Trace|        2 (10): 400 (190)
Trace|        3 (18): 123 (7B)
Trace|        4 (20): 422 (1A6)
Trace|        5 (28): 34 (22)
Trace|        6 (30): 0 (00)
Trace|        7 (38): -1 (FFFFFFFFFFFFFFFF)
Trace|        8 (40): 59 (3B)
Trace|        9 (48): 10 (0A)
Trace|    2 (10): 69 (45)
Trace|4 (22): 35 bytes
Trace|    1 (0A): 29 bytes
Trace|        1 (08): 31 (1F)
Trace|        2 (10): 375 (177)
Trace|        3 (18): 110 (6E)
Trace|        4 (20): 396 (18C)
Trace|        5 (28): 2 (02)
Trace|        6 (30): 0 (00)
Trace|        7 (38): -1 (FFFFFFFFFFFFFFFF)
Trace|        8 (40): 59 (3B)
Trace|        9 (48): 10 (0A)
Trace|    3 (18): 70 (46)
Trace|    4 (20): 71 (47)
Trace|5 (2A): 38 bytes
Trace|    1 (0A): 30 bytes
Trace|        1 (08): 30 (1E)
Trace|        2 (10): 425 (1A9)
Trace|        3 (18): 136 (88)
Trace|        4 (20): 449 (1C1)
Trace|        5 (28): 34 (22)
Trace|        6 (30): 0 (00)
Trace|        7 (38): -1 (FFFFFFFFFFFFFFFF)
Trace|        8 (40): 59 (3B)
Trace|        9 (48): 10 (0A)
Trace|    2 (10): 72 (48)
Trace|    3 (18): 73 (49)
Trace|    4 (20): 74 (4A)
Trace|7 (38): 0 (00)
Trace|Reading descriptor for parameter 5
Trace|Descriptor offset: 82, Descriptor length: 112
Trace|Parsing descriptor for parameter 5...
Trace|1 (0A): 65 bytes
Trace|    1 (0A): 59 bytes
Trace|        1 (0A): 27 bytes
Trace|            1 (08): 67 (43)
Trace|            2 (10): 99 (63)
Trace|            3 (18): 101 (65)
Trace|            4 (20): 122 (7A)
Trace|            5 (28): 18 (12)
Trace|            6 (30): 0 (00)
Trace|            7 (38): -1 (FFFFFFFFFFFFFFFF)
Trace|            8 (40): 14 (0E)
Trace|            9 (48): 10 (0A)
Trace|        4 (22): 28 bytes
Trace|            1 (08): 108 (6C)
Trace|            2 (10): 96 (60)
Trace|            3 (18): 142 (8E)
Trace|            4 (20): 120 (78)
Trace|            5 (28): 18 (12)
Trace|            6 (30): 0 (00)
Trace|            7 (38): -1 (FFFFFFFFFFFFFFFF)
Trace|            8 (40): 14 (0E)
Trace|            9 (48): 10 (0A)
Trace|    4 (20): 1 (01)
Trace|    5 (28): 1 (01)
Trace|2 (12): 13 bytes
Trace|    1 (08): 78 (4E)
Trace|    2 (10): 213 (D5)
Trace|    3 (18): 45 (2D)
Trace|    4 (20): 46 (2E)
Trace|    5 (28): 47 (2F)
Trace|    6 (30): 48 (30)
Trace|4 (22): 8 bytes
Trace|    1 (08): 88 (58)
Trace|    2 (10): 58 (3A)
Trace|    3 (18): 24 (18)
Trace|    4 (20): 7 (07)
Trace|5 (2A): 8 bytes
Trace|    1 (08): 88 (58)
Trace|    2 (10): 58 (3A)
Trace|    3 (18): 38 (26)
Trace|    4 (20): 7 (07)
Trace|6 (32): 8 bytes
Trace|    1 (08): 88 (58)
Trace|    2 (10): 58 (3A)
Trace|    3 (18): 31 (1F)
Trace|    4 (20): 7 (07)
Trace|Reading descriptor for parameter 6
Trace|Descriptor offset: 342, Descriptor length: 24
Trace|Parsing descriptor for parameter 6...
Trace|1 (0A): 22 bytes
Trace|    2 (12): 8 bytes
Trace|        1 (08): 8 (08)
Trace|        2 (10): 72 (48)
Trace|        3 (18): 75 (4B)
Trace|        4 (20): 26 (1A)
Trace|    3 (1A): 4 bytes
Trace|        1 (08): 8 (08)
Trace|        2 (10): 72 (48)
Trace|    4 (22): 4 bytes
Trace|        1 (08): 8 (08)
Trace|        2 (10): 72 (48)
Trace|Reading descriptor for parameter 8
Trace|Descriptor offset: 366, Descriptor length: 30
Trace|Parsing descriptor for parameter 8...
Trace|1 (0A): 8 bytes
Trace|    1 (0A): 4 bytes
Trace|        1 (08): 69 (45)
Trace|        2 (10): 34 (22)
Trace|    2 (10): 102 (66)
Trace|2 (12): 8 bytes
Trace|    1 (0A): 4 bytes
Trace|        1 (08): 84 (54)
Trace|        2 (10): 33 (21)
Trace|    3 (18): 103 (67)
Trace|3 (1A): 8 bytes
Trace|    1 (0A): 4 bytes
Trace|        1 (08): 98 (62)
Trace|        2 (10): 33 (21)
Trace|    3 (18): 101 (65)
Trace|Reading descriptor for parameter 9
Trace|Descriptor offset: 396, Descriptor length: 43
Trace|Parsing descriptor for parameter 9...
Trace|1 (0A): 31 bytes
Trace|    1 (0A): 27 bytes
Trace|        1 (08): 36 (24)
Trace|        2 (10): 38 (26)
Trace|        3 (18): 67 (43)
Trace|        4 (20): 50 (32)
Trace|        5 (28): 34 (22)
Trace|        6 (30): 0 (00)
Trace|        7 (38): -1 (FFFFFFFFFFFFFFFF)
Trace|        8 (40): 104 (68)
Trace|        9 (48): 10 (0A)
Trace|    4 (20): 114 (72)
Trace|2 (12): 8 bytes
Trace|    1 (08): 29 (1D)
Trace|    2 (10): 18 (12)
Trace|    3 (18): 115 (73)
Trace|    4 (20): 10 (0A)
Trace|Reading resources offsets table with 125 elements (500 bytes)
Debug|Reading 125 resources...
Trace|Resource 0 offset: 1080, length: 147760...
Debug|Reading resource 0...
Trace|Color bit encoding: 9
Trace|Reading image header...
Trace|Image header was read:
Trace|Width: 152, Height: 486, RowLength: 304
Trace|BPP: 16, PaletteColors: 0, Transaparency: False
Trace|The image doesn't use a palette.
Trace|Resource 1 offset: 148840, length: 116176...
Debug|Reading resource 1...
Trace|Color bit encoding: 27
Trace|Reading image header...
Trace|Image header was read:
Trace|Width: 110, Height: 352, RowLength: 330
Trace|BPP: 24, PaletteColors: 0, Transaparency: False
Trace|The image doesn't use a palette.
Trace|Resource 2 offset: 265016, length: 116176...
Debug|Reading resource 2...
Trace|Color bit encoding: 27
Trace|Reading image header...
Trace|Image header was read:
Trace|Width: 110, Height: 352, RowLength: 330
Trace|BPP: 24, PaletteColors: 0, Transaparency: False
Trace|The image doesn't use a palette.
Trace|Resource 3 offset: 381192, length: 116176...
Debug|Reading resource 3...
Trace|Color bit encoding: 27
Trace|Reading image header...
Trace|Image header was read:
Trace|Width: 110, Height: 352, RowLength: 330
Trace|BPP: 24, PaletteColors: 0, Transaparency: False
Trace|The image doesn't use a palette.
Trace|Resource 4 offset: 497368, length: 15694...
Debug|Reading resource 4...
Trace|Color bit encoding: 27
Trace|Reading image header...
Trace|Image header was read:
Trace|Width: 67, Height: 78, RowLength: 201
Trace|BPP: 24, PaletteColors: 0, Transaparency: False
Trace|The image doesn't use a palette.
Trace|Resource 5 offset: 513062, length: 15694...
Debug|Reading resource 5...
Trace|Color bit encoding: 27
Trace|Reading image header...
Trace|Image header was read:
Trace|Width: 67, Height: 78, RowLength: 201
Trace|BPP: 24, PaletteColors: 0, Transaparency: False
Trace|The image doesn't use a palette.
Trace|Resource 6 offset: 528756, length: 15694...
Debug|Reading resource 6...
Trace|Color bit encoding: 27
Trace|Reading image header...
Trace|Image header was read:
Trace|Width: 67, Height: 78, RowLength: 201
Trace|BPP: 24, PaletteColors: 0, Transaparency: False
Trace|The image doesn't use a palette.
Trace|Resource 7 offset: 544450, length: 15694...
Debug|Reading resource 7...
Trace|Color bit encoding: 27
Trace|Reading image header...
Trace|Image header was read:
Trace|Width: 67, Height: 78, RowLength: 201
Trace|BPP: 24, PaletteColors: 0, Transaparency: False
Trace|The image doesn't use a palette.
Trace|Resource 8 offset: 560144, length: 15694...
Debug|Reading resource 8...
Trace|Color bit encoding: 27
Trace|Reading image header...
Trace|Image header was read:
Trace|Width: 67, Height: 78, RowLength: 201
Trace|BPP: 24, PaletteColors: 0, Transaparency: False
Trace|The image doesn't use a palette.
Trace|Resource 9 offset: 575838, length: 15694...
Debug|Reading resource 9...
Trace|Color bit encoding: 27
Trace|Reading image header...
Trace|Image header was read:
Trace|Width: 67, Height: 78, RowLength: 201
Trace|BPP: 24, PaletteColors: 0, Transaparency: False
Trace|The image doesn't use a palette.
Trace|Resource 10 offset: 591532, length: 15694...
Debug|Reading resource 10...
Trace|Color bit encoding: 27
Trace|Reading image header...
Trace|Image header was read:
Trace|Width: 67, Height: 78, RowLength: 201
Trace|BPP: 24, PaletteColors: 0, Transaparency: False
Trace|The image doesn't use a palette.
Trace|Resource 11 offset: 607226, length: 15694...
Debug|Reading resource 11...
Trace|Color bit encoding: 27
Trace|Reading image header...
Trace|Image header was read:
Trace|Width: 67, Height: 78, RowLength: 201
Trace|BPP: 24, PaletteColors: 0, Transaparency: False
Trace|The image doesn't use a palette.
Trace|Resource 12 offset: 622920, length: 15694...
Debug|Reading resource 12...
Trace|Color bit encoding: 27
Trace|Reading image header...
Trace|Image header was read:
Trace|Width: 67, Height: 78, RowLength: 201
Trace|BPP: 24, PaletteColors: 0, Transaparency: False
Trace|The image doesn't use a palette.
Trace|Resource 13 offset: 638614, length: 15694...
Debug|Reading resource 13...
Trace|Color bit encoding: 27
Trace|Reading image header...
Trace|Image header was read:
Trace|Width: 67, Height: 78, RowLength: 201
Trace|BPP: 24, PaletteColors: 0, Transaparency: False
Trace|The image doesn't use a palette.
Trace|Resource 14 offset: 654308, length: 1138...
Debug|Reading resource 14...
Trace|Color bit encoding: 27
Trace|Reading image header...
Trace|Image header was read:
Trace|Width: 17, Height: 22, RowLength: 51
Trace|BPP: 24, PaletteColors: 0, Transaparency: False
Trace|The image doesn't use a palette.
Trace|Resource 15 offset: 655446, length: 1138...
Debug|Reading resource 15...
Trace|Color bit encoding: 27
Trace|Reading image header...
Trace|Image header was read:
Trace|Width: 17, Height: 22, RowLength: 51
Trace|BPP: 24, PaletteColors: 0, Transaparency: False
Trace|The image doesn't use a palette.
Trace|Resource 16 offset: 656584, length: 1138...
Debug|Reading resource 16...
Trace|Color bit encoding: 27
Trace|Reading image header...
Trace|Image header was read:
Trace|Width: 17, Height: 22, RowLength: 51
Trace|BPP: 24, PaletteColors: 0, Transaparency: False
Trace|The image doesn't use a palette.
Trace|Resource 17 offset: 657722, length: 1138...
Debug|Reading resource 17...
Trace|Color bit encoding: 27
Trace|Reading image header...
Trace|Image header was read:
Trace|Width: 17, Height: 22, RowLength: 51
Trace|BPP: 24, PaletteColors: 0, Transaparency: False
Trace|The image doesn't use a palette.
Trace|Resource 18 offset: 658860, length: 1138...
Debug|Reading resource 18...
Trace|Color bit encoding: 27
Trace|Reading image header...
Trace|Image header was read:
Trace|Width: 17, Height: 22, RowLength: 51
Trace|BPP: 24, PaletteColors: 0, Transaparency: False
Trace|The image doesn't use a palette.
Trace|Resource 19 offset: 659998, length: 1138...
Debug|Reading resource 19...
Trace|Color bit encoding: 27
Trace|Reading image header...
Trace|Image header was read:
Trace|Width: 17, Height: 22, RowLength: 51
Trace|BPP: 24, PaletteColors: 0, Transaparency: False
Trace|The image doesn't use a palette.
Trace|Resource 20 offset: 661136, length: 1138...
Debug|Reading resource 20...
Trace|Color bit encoding: 27
Trace|Reading image header...
Trace|Image header was read:
Trace|Width: 17, Height: 22, RowLength: 51
Trace|BPP: 24, PaletteColors: 0, Transaparency: False
Trace|The image doesn't use a palette.
Trace|Resource 21 offset: 662274, length: 1138...
Debug|Reading resource 21...
Trace|Color bit encoding: 27
Trace|Reading image header...
Trace|Image header was read:
Trace|Width: 17, Height: 22, RowLength: 51
Trace|BPP: 24, PaletteColors: 0, Transaparency: False
Trace|The image doesn't use a palette.
Trace|Resource 22 offset: 663412, length: 1138...
Debug|Reading resource 22...
Trace|Color bit encoding: 27
Trace|Reading image header...
Trace|Image header was read:
Trace|Width: 17, Height: 22, RowLength: 51
Trace|BPP: 24, PaletteColors: 0, Transaparency: False
Trace|The image doesn't use a palette.
Trace|Resource 23 offset: 664550, length: 1138...
Debug|Reading resource 23...
Trace|Color bit encoding: 27
Trace|Reading image header...
Trace|Image header was read:
Trace|Width: 17, Height: 22, RowLength: 51
Trace|BPP: 24, PaletteColors: 0, Transaparency: False
Trace|The image doesn't use a palette.
Trace|Resource 24 offset: 665688, length: 4141...
Debug|Reading resource 24...
Trace|Color bit encoding: 27
Trace|Reading image header...
Trace|Image header was read:
Trace|Width: 55, Height: 25, RowLength: 165
Trace|BPP: 24, PaletteColors: 0, Transaparency: False
Trace|The image doesn't use a palette.
Trace|Resource 25 offset: 669829, length: 4141...
Debug|Reading resource 25...
Trace|Color bit encoding: 27
Trace|Reading image header...
Trace|Image header was read:
Trace|Width: 55, Height: 25, RowLength: 165
Trace|BPP: 24, PaletteColors: 0, Transaparency: False
Trace|The image doesn't use a palette.
Trace|Resource 26 offset: 673970, length: 4141...
Debug|Reading resource 26...
Trace|Color bit encoding: 27
Trace|Reading image header...
Trace|Image header was read:
Trace|Width: 55, Height: 25, RowLength: 165
Trace|BPP: 24, PaletteColors: 0, Transaparency: False
Trace|The image doesn't use a palette.
Trace|Resource 27 offset: 678111, length: 4141...
Debug|Reading resource 27...
Trace|Color bit encoding: 27
Trace|Reading image header...
Trace|Image header was read:
Trace|Width: 55, Height: 25, RowLength: 165
Trace|BPP: 24, PaletteColors: 0, Transaparency: False
Trace|The image doesn't use a palette.
Trace|Resource 28 offset: 682252, length: 4141...
Debug|Reading resource 28...
Trace|Color bit encoding: 27
Trace|Reading image header...
Trace|Image header was read:
Trace|Width: 55, Height: 25, RowLength: 165
Trace|BPP: 24, PaletteColors: 0, Transaparency: False
Trace|The image doesn't use a palette.
Trace|Resource 29 offset: 686393, length: 4141...
Debug|Reading resource 29...
Trace|Color bit encoding: 27
Trace|Reading image header...
Trace|Image header was read:
Trace|Width: 55, Height: 25, RowLength: 165
Trace|BPP: 24, PaletteColors: 0, Transaparency: False
Trace|The image doesn't use a palette.
Trace|Resource 30 offset: 690534, length: 4141...
Debug|Reading resource 30...
Trace|Color bit encoding: 27
Trace|Reading image header...
Trace|Image header was read:
Trace|Width: 55, Height: 25, RowLength: 165
Trace|BPP: 24, PaletteColors: 0, Transaparency: False
Trace|The image doesn't use a palette.
Trace|Resource 31 offset: 694675, length: 4141...
Debug|Reading resource 31...
Trace|Color bit encoding: 27
Trace|Reading image header...
Trace|Image header was read:
Trace|Width: 55, Height: 25, RowLength: 165
Trace|BPP: 24, PaletteColors: 0, Transaparency: False
Trace|The image doesn't use a palette.
Trace|Resource 32 offset: 698816, length: 4141...
Debug|Reading resource 32...
Trace|Color bit encoding: 27
Trace|Reading image header...
Trace|Image header was read:
Trace|Width: 55, Height: 25, RowLength: 165
Trace|BPP: 24, PaletteColors: 0, Transaparency: False
Trace|The image doesn't use a palette.
Trace|Resource 33 offset: 702957, length: 4141...
Debug|Reading resource 33...
Trace|Color bit encoding: 27
Trace|Reading image header...
Trace|Image header was read:
Trace|Width: 55, Height: 25, RowLength: 165
Trace|BPP: 24, PaletteColors: 0, Transaparency: False
Trace|The image doesn't use a palette.
Trace|Resource 34 offset: 707098, length: 4141...
Debug|Reading resource 34...
Trace|Color bit encoding: 27
Trace|Reading image header...
Trace|Image header was read:
Trace|Width: 55, Height: 25, RowLength: 165
Trace|BPP: 24, PaletteColors: 0, Transaparency: False
Trace|The image doesn't use a palette.
Trace|Resource 35 offset: 711239, length: 4141...
Debug|Reading resource 35...
Trace|Color bit encoding: 27
Trace|Reading image header...
Trace|Image header was read:
Trace|Width: 55, Height: 25, RowLength: 165
Trace|BPP: 24, PaletteColors: 0, Transaparency: False
Trace|The image doesn't use a palette.
Trace|Resource 36 offset: 715380, length: 4141...
Debug|Reading resource 36...
Trace|Color bit encoding: 27
Trace|Reading image header...
Trace|Image header was read:
Trace|Width: 55, Height: 25, RowLength: 165
Trace|BPP: 24, PaletteColors: 0, Transaparency: False
Trace|The image doesn't use a palette.
Trace|Resource 37 offset: 719521, length: 4141...
Debug|Reading resource 37...
Trace|Color bit encoding: 27
Trace|Reading image header...
Trace|Image header was read:
Trace|Width: 55, Height: 25, RowLength: 165
Trace|BPP: 24, PaletteColors: 0, Transaparency: False
Trace|The image doesn't use a palette.
Trace|Resource 38 offset: 723662, length: 4141...
Debug|Reading resource 38...
Trace|Color bit encoding: 27
Trace|Reading image header...
Trace|Image header was read:
Trace|Width: 55, Height: 25, RowLength: 165
Trace|BPP: 24, PaletteColors: 0, Transaparency: False
Trace|The image doesn't use a palette.
Trace|Resource 39 offset: 727803, length: 4141...
Debug|Reading resource 39...
Trace|Color bit encoding: 27
Trace|Reading image header...
Trace|Image header was read:
Trace|Width: 55, Height: 25, RowLength: 165
Trace|BPP: 24, PaletteColors: 0, Transaparency: False
Trace|The image doesn't use a palette.
Trace|Resource 40 offset: 731944, length: 4141...
Debug|Reading resource 40...
Trace|Color bit encoding: 27
Trace|Reading image header...
Trace|Image header was read:
Trace|Width: 55, Height: 25, RowLength: 165
Trace|BPP: 24, PaletteColors: 0, Transaparency: False
Trace|The image doesn't use a palette.
Trace|Resource 41 offset: 736085, length: 4141...
Debug|Reading resource 41...
Trace|Color bit encoding: 27
Trace|Reading image header...
Trace|Image header was read:
Trace|Width: 55, Height: 25, RowLength: 165
Trace|BPP: 24, PaletteColors: 0, Transaparency: False
Trace|The image doesn't use a palette.
Trace|Resource 42 offset: 740226, length: 4141...
Debug|Reading resource 42...
Trace|Color bit encoding: 27
Trace|Reading image header...
Trace|Image header was read:
Trace|Width: 55, Height: 25, RowLength: 165
Trace|BPP: 24, PaletteColors: 0, Transaparency: False
Trace|The image doesn't use a palette.
Trace|Resource 43 offset: 744367, length: 4141...
Debug|Reading resource 43...
Trace|Color bit encoding: 27
Trace|Reading image header...
Trace|Image header was read:
Trace|Width: 55, Height: 25, RowLength: 165
Trace|BPP: 24, PaletteColors: 0, Transaparency: False
Trace|The image doesn't use a palette.
Trace|Resource 44 offset: 748508, length: 4141...
Debug|Reading resource 44...
Trace|Color bit encoding: 27
Trace|Reading image header...
Trace|Image header was read:
Trace|Width: 55, Height: 25, RowLength: 165
Trace|BPP: 24, PaletteColors: 0, Transaparency: False
Trace|The image doesn't use a palette.
Trace|Resource 45 offset: 752649, length: 1264...
Debug|Reading resource 45...
Trace|Color bit encoding: 27
Trace|Reading image header...
Trace|Image header was read:
Trace|Width: 26, Height: 16, RowLength: 78
Trace|BPP: 24, PaletteColors: 0, Transaparency: False
Trace|The image doesn't use a palette.
Trace|Resource 46 offset: 753913, length: 1264...
Debug|Reading resource 46...
Trace|Color bit encoding: 27
Trace|Reading image header...
Trace|Image header was read:
Trace|Width: 26, Height: 16, RowLength: 78
Trace|BPP: 24, PaletteColors: 0, Transaparency: False
Trace|The image doesn't use a palette.
Trace|Resource 47 offset: 755177, length: 1264...
Debug|Reading resource 47...
Trace|Color bit encoding: 27
Trace|Reading image header...
Trace|Image header was read:
Trace|Width: 26, Height: 16, RowLength: 78
Trace|BPP: 24, PaletteColors: 0, Transaparency: False
Trace|The image doesn't use a palette.
Trace|Resource 48 offset: 756441, length: 1264...
Debug|Reading resource 48...
Trace|Color bit encoding: 27
Trace|Reading image header...
Trace|Image header was read:
Trace|Width: 26, Height: 16, RowLength: 78
Trace|BPP: 24, PaletteColors: 0, Transaparency: False
Trace|The image doesn't use a palette.
Trace|Resource 49 offset: 757705, length: 1138...
Debug|Reading resource 49...
Trace|Color bit encoding: 27
Trace|Reading image header...
Trace|Image header was read:
Trace|Width: 17, Height: 22, RowLength: 51
Trace|BPP: 24, PaletteColors: 0, Transaparency: False
Trace|The image doesn't use a palette.
Trace|Resource 50 offset: 758843, length: 1138...
Debug|Reading resource 50...
Trace|Color bit encoding: 27
Trace|Reading image header...
Trace|Image header was read:
Trace|Width: 17, Height: 22, RowLength: 51
Trace|BPP: 24, PaletteColors: 0, Transaparency: False
Trace|The image doesn't use a palette.
Trace|Resource 51 offset: 759981, length: 1138...
Debug|Reading resource 51...
Trace|Color bit encoding: 27
Trace|Reading image header...
Trace|Image header was read:
Trace|Width: 17, Height: 22, RowLength: 51
Trace|BPP: 24, PaletteColors: 0, Transaparency: False
Trace|The image doesn't use a palette.
Trace|Resource 52 offset: 761119, length: 1138...
Debug|Reading resource 52...
Trace|Color bit encoding: 27
Trace|Reading image header...
Trace|Image header was read:
Trace|Width: 17, Height: 22, RowLength: 51
Trace|BPP: 24, PaletteColors: 0, Transaparency: False
Trace|The image doesn't use a palette.
Trace|Resource 53 offset: 762257, length: 1138...
Debug|Reading resource 53...
Trace|Color bit encoding: 27
Trace|Reading image header...
Trace|Image header was read:
Trace|Width: 17, Height: 22, RowLength: 51
Trace|BPP: 24, PaletteColors: 0, Transaparency: False
Trace|The image doesn't use a palette.
Trace|Resource 54 offset: 763395, length: 1138...
Debug|Reading resource 54...
Trace|Color bit encoding: 27
Trace|Reading image header...
Trace|Image header was read:
Trace|Width: 17, Height: 22, RowLength: 51
Trace|BPP: 24, PaletteColors: 0, Transaparency: False
Trace|The image doesn't use a palette.
Trace|Resource 55 offset: 764533, length: 1138...
Debug|Reading resource 55...
Trace|Color bit encoding: 27
Trace|Reading image header...
Trace|Image header was read:
Trace|Width: 17, Height: 22, RowLength: 51
Trace|BPP: 24, PaletteColors: 0, Transaparency: False
Trace|The image doesn't use a palette.
Trace|Resource 56 offset: 765671, length: 1138...
Debug|Reading resource 56...
Trace|Color bit encoding: 27
Trace|Reading image header...
Trace|Image header was read:
Trace|Width: 17, Height: 22, RowLength: 51
Trace|BPP: 24, PaletteColors: 0, Transaparency: False
Trace|The image doesn't use a palette.
Trace|Resource 57 offset: 766809, length: 1138...
Debug|Reading resource 57...
Trace|Color bit encoding: 27
Trace|Reading image header...
Trace|Image header was read:
Trace|Width: 17, Height: 22, RowLength: 51
Trace|BPP: 24, PaletteColors: 0, Transaparency: False
Trace|The image doesn't use a palette.
Trace|Resource 58 offset: 767947, length: 1138...
Debug|Reading resource 58...
Trace|Color bit encoding: 27
Trace|Reading image header...
Trace|Image header was read:
Trace|Width: 17, Height: 22, RowLength: 51
Trace|BPP: 24, PaletteColors: 0, Transaparency: False
Trace|The image doesn't use a palette.
Trace|Resource 59 offset: 769085, length: 871...
Debug|Reading resource 59...
Trace|Color bit encoding: 27
Trace|Reading image header...
Trace|Image header was read:
Trace|Width: 15, Height: 19, RowLength: 45
Trace|BPP: 24, PaletteColors: 0, Transaparency: False
Trace|The image doesn't use a palette.
Trace|Resource 60 offset: 769956, length: 871...
Debug|Reading resource 60...
Trace|Color bit encoding: 27
Trace|Reading image header...
Trace|Image header was read:
Trace|Width: 15, Height: 19, RowLength: 45
Trace|BPP: 24, PaletteColors: 0, Transaparency: False
Trace|The image doesn't use a palette.
Trace|Resource 61 offset: 770827, length: 871...
Debug|Reading resource 61...
Trace|Color bit encoding: 27
Trace|Reading image header...
Trace|Image header was read:
Trace|Width: 15, Height: 19, RowLength: 45
Trace|BPP: 24, PaletteColors: 0, Transaparency: False
Trace|The image doesn't use a palette.
Trace|Resource 62 offset: 771698, length: 871...
Debug|Reading resource 62...
Trace|Color bit encoding: 27
Trace|Reading image header...
Trace|Image header was read:
Trace|Width: 15, Height: 19, RowLength: 45
Trace|BPP: 24, PaletteColors: 0, Transaparency: False
Trace|The image doesn't use a palette.
Trace|Resource 63 offset: 772569, length: 871...
Debug|Reading resource 63...
Trace|Color bit encoding: 27
Trace|Reading image header...
Trace|Image header was read:
Trace|Width: 15, Height: 19, RowLength: 45
Trace|BPP: 24, PaletteColors: 0, Transaparency: False
Trace|The image doesn't use a palette.
Trace|Resource 64 offset: 773440, length: 871...
Debug|Reading resource 64...
Trace|Color bit encoding: 27
Trace|Reading image header...
Trace|Image header was read:
Trace|Width: 15, Height: 19, RowLength: 45
Trace|BPP: 24, PaletteColors: 0, Transaparency: False
Trace|The image doesn't use a palette.
Trace|Resource 65 offset: 774311, length: 871...
Debug|Reading resource 65...
Trace|Color bit encoding: 27
Trace|Reading image header...
Trace|Image header was read:
Trace|Width: 15, Height: 19, RowLength: 45
Trace|BPP: 24, PaletteColors: 0, Transaparency: False
Trace|The image doesn't use a palette.
Trace|Resource 66 offset: 775182, length: 871...
Debug|Reading resource 66...
Trace|Color bit encoding: 27
Trace|Reading image header...
Trace|Image header was read:
Trace|Width: 15, Height: 19, RowLength: 45
Trace|BPP: 24, PaletteColors: 0, Transaparency: False
Trace|The image doesn't use a palette.
Trace|Resource 67 offset: 776053, length: 871...
Debug|Reading resource 67...
Trace|Color bit encoding: 27
Trace|Reading image header...
Trace|Image header was read:
Trace|Width: 15, Height: 19, RowLength: 45
Trace|BPP: 24, PaletteColors: 0, Transaparency: False
Trace|The image doesn't use a palette.
Trace|Resource 68 offset: 776924, length: 871...
Debug|Reading resource 68...
Trace|Color bit encoding: 27
Trace|Reading image header...
Trace|Image header was read:
Trace|Width: 15, Height: 19, RowLength: 45
Trace|BPP: 24, PaletteColors: 0, Transaparency: False
Trace|The image doesn't use a palette.
Trace|Resource 69 offset: 777795, length: 1402...
Debug|Reading resource 69...
Trace|Color bit encoding: 27
Trace|Reading image header...
Trace|Image header was read:
Trace|Width: 33, Height: 14, RowLength: 99
Trace|BPP: 24, PaletteColors: 0, Transaparency: False
Trace|The image doesn't use a palette.
Trace|Resource 70 offset: 779197, length: 106...
Debug|Reading resource 70...
Trace|Color bit encoding: 27
Trace|Reading image header...
Trace|Image header was read:
Trace|Width: 15, Height: 2, RowLength: 45
Trace|BPP: 24, PaletteColors: 0, Transaparency: False
Trace|The image doesn't use a palette.
Trace|Resource 71 offset: 779303, length: 1342...
Debug|Reading resource 71...
Trace|Color bit encoding: 27
Trace|Reading image header...
Trace|Image header was read:
Trace|Width: 34, Height: 13, RowLength: 102
Trace|BPP: 24, PaletteColors: 0, Transaparency: False
Trace|The image doesn't use a palette.
Trace|Resource 72 offset: 780645, length: 916...
Debug|Reading resource 72...
Trace|Color bit encoding: 27
Trace|Reading image header...
Trace|Image header was read:
Trace|Width: 25, Height: 12, RowLength: 75
Trace|BPP: 24, PaletteColors: 0, Transaparency: False
Trace|The image doesn't use a palette.
Trace|Resource 73 offset: 781561, length: 124...
Debug|Reading resource 73...
Trace|Color bit encoding: 27
Trace|Reading image header...
Trace|Image header was read:
Trace|Width: 6, Height: 6, RowLength: 18
Trace|BPP: 24, PaletteColors: 0, Transaparency: False
Trace|The image doesn't use a palette.
Trace|Resource 74 offset: 781685, length: 916...
Debug|Reading resource 74...
Trace|Color bit encoding: 27
Trace|Reading image header...
Trace|Image header was read:
Trace|Width: 25, Height: 12, RowLength: 75
Trace|BPP: 24, PaletteColors: 0, Transaparency: False
Trace|The image doesn't use a palette.
Trace|Resource 75 offset: 782601, length: 6640...
Debug|Reading resource 75...
Trace|Color bit encoding: 27
Trace|Reading image header...
Trace|Image header was read:
Trace|Width: 46, Height: 48, RowLength: 138
Trace|BPP: 24, PaletteColors: 0, Transaparency: False
Trace|The image doesn't use a palette.
Trace|Resource 76 offset: 789241, length: 6640...
Debug|Reading resource 76...
Trace|Color bit encoding: 27
Trace|Reading image header...
Trace|Image header was read:
Trace|Width: 46, Height: 48, RowLength: 138
Trace|BPP: 24, PaletteColors: 0, Transaparency: False
Trace|The image doesn't use a palette.
Trace|Resource 77 offset: 795881, length: 6640...
Debug|Reading resource 77...
Trace|Color bit encoding: 27
Trace|Reading image header...
Trace|Image header was read:
Trace|Width: 46, Height: 48, RowLength: 138
Trace|BPP: 24, PaletteColors: 0, Transaparency: False
Trace|The image doesn't use a palette.
Trace|Resource 78 offset: 802521, length: 6640...
Debug|Reading resource 78...
Trace|Color bit encoding: 27
Trace|Reading image header...
Trace|Image header was read:
Trace|Width: 46, Height: 48, RowLength: 138
Trace|BPP: 24, PaletteColors: 0, Transaparency: False
Trace|The image doesn't use a palette.
Trace|Resource 79 offset: 809161, length: 6640...
Debug|Reading resource 79...
Trace|Color bit encoding: 27
Trace|Reading image header...
Trace|Image header was read:
Trace|Width: 46, Height: 48, RowLength: 138
Trace|BPP: 24, PaletteColors: 0, Transaparency: False
Trace|The image doesn't use a palette.
Trace|Resource 80 offset: 815801, length: 6640...
Debug|Reading resource 80...
Trace|Color bit encoding: 27
Trace|Reading image header...
Trace|Image header was read:
Trace|Width: 46, Height: 48, RowLength: 138
Trace|BPP: 24, PaletteColors: 0, Transaparency: False
Trace|The image doesn't use a palette.
Trace|Resource 81 offset: 822441, length: 6640...
Debug|Reading resource 81...
Trace|Color bit encoding: 27
Trace|Reading image header...
Trace|Image header was read:
Trace|Width: 46, Height: 48, RowLength: 138
Trace|BPP: 24, PaletteColors: 0, Transaparency: False
Trace|The image doesn't use a palette.
Trace|Resource 82 offset: 829081, length: 6640...
Debug|Reading resource 82...
Trace|Color bit encoding: 27
Trace|Reading image header...
Trace|Image header was read:
Trace|Width: 46, Height: 48, RowLength: 138
Trace|BPP: 24, PaletteColors: 0, Transaparency: False
Trace|The image doesn't use a palette.
Trace|Resource 83 offset: 835721, length: 6640...
Debug|Reading resource 83...
Trace|Color bit encoding: 27
Trace|Reading image header...
Trace|Image header was read:
Trace|Width: 46, Height: 48, RowLength: 138
Trace|BPP: 24, PaletteColors: 0, Transaparency: False
Trace|The image doesn't use a palette.
Trace|Resource 84 offset: 842361, length: 6640...
Debug|Reading resource 84...
Trace|Color bit encoding: 27
Trace|Reading image header...
Trace|Image header was read:
Trace|Width: 46, Height: 48, RowLength: 138
Trace|BPP: 24, PaletteColors: 0, Transaparency: False
Trace|The image doesn't use a palette.
Trace|Resource 85 offset: 849001, length: 6640...
Debug|Reading resource 85...
Trace|Color bit encoding: 27
Trace|Reading image header...
Trace|Image header was read:
Trace|Width: 46, Height: 48, RowLength: 138
Trace|BPP: 24, PaletteColors: 0, Transaparency: False
Trace|The image doesn't use a palette.
Trace|Resource 86 offset: 855641, length: 6640...
Debug|Reading resource 86...
Trace|Color bit encoding: 27
Trace|Reading image header...
Trace|Image header was read:
Trace|Width: 46, Height: 48, RowLength: 138
Trace|BPP: 24, PaletteColors: 0, Transaparency: False
Trace|The image doesn't use a palette.
Trace|Resource 87 offset: 862281, length: 6640...
Debug|Reading resource 87...
Trace|Color bit encoding: 27
Trace|Reading image header...
Trace|Image header was read:
Trace|Width: 46, Height: 48, RowLength: 138
Trace|BPP: 24, PaletteColors: 0, Transaparency: False
Trace|The image doesn't use a palette.
Trace|Resource 88 offset: 868921, length: 6640...
Debug|Reading resource 88...
Trace|Color bit encoding: 27
Trace|Reading image header...
Trace|Image header was read:
Trace|Width: 46, Height: 48, RowLength: 138
Trace|BPP: 24, PaletteColors: 0, Transaparency: False
Trace|The image doesn't use a palette.
Trace|Resource 89 offset: 875561, length: 6640...
Debug|Reading resource 89...
Trace|Color bit encoding: 27
Trace|Reading image header...
Trace|Image header was read:
Trace|Width: 46, Height: 48, RowLength: 138
Trace|BPP: 24, PaletteColors: 0, Transaparency: False
Trace|The image doesn't use a palette.
Trace|Resource 90 offset: 882201, length: 6640...
Debug|Reading resource 90...
Trace|Color bit encoding: 27
Trace|Reading image header...
Trace|Image header was read:
Trace|Width: 46, Height: 48, RowLength: 138
Trace|BPP: 24, PaletteColors: 0, Transaparency: False
Trace|The image doesn't use a palette.
Trace|Resource 91 offset: 888841, length: 6640...
Debug|Reading resource 91...
Trace|Color bit encoding: 27
Trace|Reading image header...
Trace|Image header was read:
Trace|Width: 46, Height: 48, RowLength: 138
Trace|BPP: 24, PaletteColors: 0, Transaparency: False
Trace|The image doesn't use a palette.
Trace|Resource 92 offset: 895481, length: 6640...
Debug|Reading resource 92...
Trace|Color bit encoding: 27
Trace|Reading image header...
Trace|Image header was read:
Trace|Width: 46, Height: 48, RowLength: 138
Trace|BPP: 24, PaletteColors: 0, Transaparency: False
Trace|The image doesn't use a palette.
Trace|Resource 93 offset: 902121, length: 6640...
Debug|Reading resource 93...
Trace|Color bit encoding: 27
Trace|Reading image header...
Trace|Image header was read:
Trace|Width: 46, Height: 48, RowLength: 138
Trace|BPP: 24, PaletteColors: 0, Transaparency: False
Trace|The image doesn't use a palette.
Trace|Resource 94 offset: 908761, length: 6640...
Debug|Reading resource 94...
Trace|Color bit encoding: 27
Trace|Reading image header...
Trace|Image header was read:
Trace|Width: 46, Height: 48, RowLength: 138
Trace|BPP: 24, PaletteColors: 0, Transaparency: False
Trace|The image doesn't use a palette.
Trace|Resource 95 offset: 915401, length: 6640...
Debug|Reading resource 95...
Trace|Color bit encoding: 27
Trace|Reading image header...
Trace|Image header was read:
Trace|Width: 46, Height: 48, RowLength: 138
Trace|BPP: 24, PaletteColors: 0, Transaparency: False
Trace|The image doesn't use a palette.
Trace|Resource 96 offset: 922041, length: 6640...
Debug|Reading resource 96...
Trace|Color bit encoding: 27
Trace|Reading image header...
Trace|Image header was read:
Trace|Width: 46, Height: 48, RowLength: 138
Trace|BPP: 24, PaletteColors: 0, Transaparency: False
Trace|The image doesn't use a palette.
Trace|Resource 97 offset: 928681, length: 6640...
Debug|Reading resource 97...
Trace|Color bit encoding: 27
Trace|Reading image header...
Trace|Image header was read:
Trace|Width: 46, Height: 48, RowLength: 138
Trace|BPP: 24, PaletteColors: 0, Transaparency: False
Trace|The image doesn't use a palette.
Trace|Resource 98 offset: 935321, length: 6640...
Debug|Reading resource 98...
Trace|Color bit encoding: 27
Trace|Reading image header...
Trace|Image header was read:
Trace|Width: 46, Height: 48, RowLength: 138
Trace|BPP: 24, PaletteColors: 0, Transaparency: False
Trace|The image doesn't use a palette.
Trace|Resource 99 offset: 941961, length: 6640...
Debug|Reading resource 99...
Trace|Color bit encoding: 27
Trace|Reading image header...
Trace|Image header was read:
Trace|Width: 46, Height: 48, RowLength: 138
Trace|BPP: 24, PaletteColors: 0, Transaparency: False
Trace|The image doesn't use a palette.
Trace|Resource 100 offset: 948601, length: 6640...
Debug|Reading resource 100...
Trace|Color bit encoding: 27
Trace|Reading image header...
Trace|Image header was read:
Trace|Width: 46, Height: 48, RowLength: 138
Trace|BPP: 24, PaletteColors: 0, Transaparency: False
Trace|The image doesn't use a palette.
Trace|Resource 101 offset: 955241, length: 562...
Debug|Reading resource 101...
Trace|Color bit encoding: 27
Trace|Reading image header...
Trace|Image header was read:
Trace|Width: 14, Height: 13, RowLength: 42
Trace|BPP: 24, PaletteColors: 0, Transaparency: False
Trace|The image doesn't use a palette.
Trace|Resource 102 offset: 955803, length: 601...
Debug|Reading resource 102...
Trace|Color bit encoding: 27
Trace|Reading image header...
Trace|Image header was read:
Trace|Width: 15, Height: 13, RowLength: 45
Trace|BPP: 24, PaletteColors: 0, Transaparency: False
Trace|The image doesn't use a palette.
Trace|Resource 103 offset: 956404, length: 562...
Debug|Reading resource 103...
Trace|Color bit encoding: 27
Trace|Reading image header...
Trace|Image header was read:
Trace|Width: 14, Height: 13, RowLength: 42
Trace|BPP: 24, PaletteColors: 0, Transaparency: False
Trace|The image doesn't use a palette.
Trace|Resource 104 offset: 956966, length: 226...
Debug|Reading resource 104...
Trace|Color bit encoding: 27
Trace|Reading image header...
Trace|Image header was read:
Trace|Width: 7, Height: 10, RowLength: 21
Trace|BPP: 24, PaletteColors: 0, Transaparency: False
Trace|The image doesn't use a palette.
Trace|Resource 105 offset: 957192, length: 226...
Debug|Reading resource 105...
Trace|Color bit encoding: 27
Trace|Reading image header...
Trace|Image header was read:
Trace|Width: 7, Height: 10, RowLength: 21
Trace|BPP: 24, PaletteColors: 0, Transaparency: False
Trace|The image doesn't use a palette.
Trace|Resource 106 offset: 957418, length: 226...
Debug|Reading resource 106...
Trace|Color bit encoding: 27
Trace|Reading image header...
Trace|Image header was read:
Trace|Width: 7, Height: 10, RowLength: 21
Trace|BPP: 24, PaletteColors: 0, Transaparency: False
Trace|The image doesn't use a palette.
Trace|Resource 107 offset: 957644, length: 226...
Debug|Reading resource 107...
Trace|Color bit encoding: 27
Trace|Reading image header...
Trace|Image header was read:
Trace|Width: 7, Height: 10, RowLength: 21
Trace|BPP: 24, PaletteColors: 0, Transaparency: False
Trace|The image doesn't use a palette.
Trace|Resource 108 offset: 957870, length: 226...
Debug|Reading resource 108...
Trace|Color bit encoding: 27
Trace|Reading image header...
Trace|Image header was read:
Trace|Width: 7, Height: 10, RowLength: 21
Trace|BPP: 24, PaletteColors: 0, Transaparency: False
Trace|The image doesn't use a palette.
Trace|Resource 109 offset: 958096, length: 226...
Debug|Reading resource 109...
Trace|Color bit encoding: 27
Trace|Reading image header...
Trace|Image header was read:
Trace|Width: 7, Height: 10, RowLength: 21
Trace|BPP: 24, PaletteColors: 0, Transaparency: False
Trace|The image doesn't use a palette.
Trace|Resource 110 offset: 958322, length: 226...
Debug|Reading resource 110...
Trace|Color bit encoding: 27
Trace|Reading image header...
Trace|Image header was read:
Trace|Width: 7, Height: 10, RowLength: 21
Trace|BPP: 24, PaletteColors: 0, Transaparency: False
Trace|The image doesn't use a palette.
Trace|Resource 111 offset: 958548, length: 226...
Debug|Reading resource 111...
Trace|Color bit encoding: 27
Trace|Reading image header...
Trace|Image header was read:
Trace|Width: 7, Height: 10, RowLength: 21
Trace|BPP: 24, PaletteColors: 0, Transaparency: False
Trace|The image doesn't use a palette.
Trace|Resource 112 offset: 958774, length: 226...
Debug|Reading resource 112...
Trace|Color bit encoding: 27
Trace|Reading image header...
Trace|Image header was read:
Trace|Width: 7, Height: 10, RowLength: 21
Trace|BPP: 24, PaletteColors: 0, Transaparency: False
Trace|The image doesn't use a palette.
Trace|Resource 113 offset: 959000, length: 226...
Debug|Reading resource 113...
Trace|Color bit encoding: 27
Trace|Reading image header...
Trace|Image header was read:
Trace|Width: 7, Height: 10, RowLength: 21
Trace|BPP: 24, PaletteColors: 0, Transaparency: False
Trace|The image doesn't use a palette.
Trace|Resource 114 offset: 959226, length: 316...
Debug|Reading resource 114...
Trace|Color bit encoding: 27
Trace|Reading image header...
Trace|Image header was read:
Trace|Width: 10, Height: 10, RowLength: 30
Trace|BPP: 24, PaletteColors: 0, Transaparency: False
Trace|The image doesn't use a palette.
Trace|Resource 115 offset: 959542, length: 4045...
Debug|Reading resource 115...
Trace|Color bit encoding: 27
Trace|Reading image header...
Trace|Image header was read:
Trace|Width: 79, Height: 17, RowLength: 237
Trace|BPP: 24, PaletteColors: 0, Transaparency: False
Trace|The image doesn't use a palette.
Trace|Resource 116 offset: 963587, length: 4045...
Debug|Reading resource 116...
Trace|Color bit encoding: 27
Trace|Reading image header...
Trace|Image header was read:
Trace|Width: 79, Height: 17, RowLength: 237
Trace|BPP: 24, PaletteColors: 0, Transaparency: False
Trace|The image doesn't use a palette.
Trace|Resource 117 offset: 967632, length: 4045...
Debug|Reading resource 117...
Trace|Color bit encoding: 27
Trace|Reading image header...
Trace|Image header was read:
Trace|Width: 79, Height: 17, RowLength: 237
Trace|BPP: 24, PaletteColors: 0, Transaparency: False
Trace|The image doesn't use a palette.
Trace|Resource 118 offset: 971677, length: 4045...
Debug|Reading resource 118...
Trace|Color bit encoding: 27
Trace|Reading image header...
Trace|Image header was read:
Trace|Width: 79, Height: 17, RowLength: 237
Trace|BPP: 24, PaletteColors: 0, Transaparency: False
Trace|The image doesn't use a palette.
Trace|Resource 119 offset: 975722, length: 4045...
Debug|Reading resource 119...
Trace|Color bit encoding: 27
Trace|Reading image header...
Trace|Image header was read:
Trace|Width: 79, Height: 17, RowLength: 237
Trace|BPP: 24, PaletteColors: 0, Transaparency: False
Trace|The image doesn't use a palette.
Trace|Resource 120 offset: 979767, length: 4045...
Debug|Reading resource 120...
Trace|Color bit encoding: 27
Trace|Reading image header...
Trace|Image header was read:
Trace|Width: 79, Height: 17, RowLength: 237
Trace|BPP: 24, PaletteColors: 0, Transaparency: False
Trace|The image doesn't use a palette.
Trace|Resource 121 offset: 983812, length: 4045...
Debug|Reading resource 121...
Trace|Color bit encoding: 27
Trace|Reading image header...
Trace|Image header was read:
Trace|Width: 79, Height: 17, RowLength: 237
Trace|BPP: 24, PaletteColors: 0, Transaparency: False
Trace|The image doesn't use a palette.
Trace|Resource 122 offset: 987857, length: 4045...
Debug|Reading resource 122...
Trace|Color bit encoding: 27
Trace|Reading image header...
Trace|Image header was read:
Trace|Width: 79, Height: 17, RowLength: 237
Trace|BPP: 24, PaletteColors: 0, Transaparency: False
Trace|The image doesn't use a palette.
Trace|Resource 123 offset: 991902, length: 4045...
Debug|Reading resource 123...
Trace|Color bit encoding: 27
Trace|Reading image header...
Trace|Image header was read:
Trace|Width: 79, Height: 17, RowLength: 237
Trace|BPP: 24, PaletteColors: 0, Transaparency: False
Trace|The image doesn't use a palette.
Trace|Resource 124 offset: 995947, length: 4045...
Debug|Reading resource 124...
Trace|Color bit encoding: 27
Trace|Reading image header...
Trace|Image header was read:
Trace|Width: 79, Height: 17, RowLength: 237
Trace|BPP: 24, PaletteColors: 0, Transaparency: False
Trace|The image doesn't use a palette.
Debug|Parsing parameters...
Trace|2 'Background'
Trace|2.1 'Image'
Trace|2.1.1 'X': 0
Trace|2.1.2 'Y': 0
Trace|2.1.3 'ImageIndex': 0
Trace|2.3 'Preview1'
Trace|2.3.1 'X': 21
Trace|2.3.2 'Y': 30
Trace|2.3.3 'ImageIndex': 2
Trace|2.4 'Preview2'
Trace|2.4.1 'X': 21
Trace|2.4.2 'Y': 30
Trace|2.4.3 'ImageIndex': 3
Trace|2.5 'Preview3'
Trace|2.5.1 'X': 21
Trace|2.5.2 'Y': 30
Trace|2.5.3 'ImageIndex': 1
Trace|3 'Time'
Trace|3.1 'Hours'
Trace|3.1.1 'Tens'
Trace|3.1.1.1 'X': 8
Trace|3.1.1.2 'Y': 157
Trace|3.1.1.3 'ImageIndex': 4
Trace|3.1.1.4 'ImagesCount': 10
Trace|3.1.2 'Ones'
Trace|3.1.2.1 'X': 77
Trace|3.1.2.2 'Y': 131
Trace|3.1.2.3 'ImageIndex': 4
Trace|3.1.2.4 'ImagesCount': 10
Trace|3.2 'Minutes'
Trace|3.2.1 'Tens'
Trace|3.2.1.1 'X': 8
Trace|3.2.1.2 'Y': 250
Trace|3.2.1.3 'ImageIndex': 4
Trace|3.2.1.4 'ImagesCount': 10
Trace|3.2.2 'Ones'
Trace|3.2.2.1 'X': 77
Trace|3.2.2.2 'Y': 228
Trace|3.2.2.3 'ImageIndex': 4
Trace|3.2.2.4 'ImagesCount': 10
Trace|3.11 'UnknownV11': 0
Trace|4 'Activity'
Trace|4.1 'Steps'
Trace|4.1.1 'Number'
Trace|4.1.1.1 'TopLeftX': 58
Trace|4.1.1.2 'TopLeftY': 332
Trace|4.1.1.3 'BottomRightX': 143
Trace|4.1.1.4 'BottomRightY': 362
Trace|4.1.1.5 'Alignment': 34
Trace|4.1.1.6 'SpacingX': 0
Trace|4.1.1.7 'SpacingY': -2
Trace|4.1.1.8 'ImageIndex': 49
Trace|4.1.1.9 'ImagesCount': 10
Trace|4.3 'Calories'
Trace|4.3.1 'Text'
Trace|4.3.1.1 'TopLeftX': 30
Trace|4.3.1.2 'TopLeftY': 400
Trace|4.3.1.3 'BottomRightX': 123
Trace|4.3.1.4 'BottomRightY': 422
Trace|4.3.1.5 'Alignment': 34
Trace|4.3.1.6 'SpacingX': 0
Trace|4.3.1.7 'SpacingY': -1
Trace|4.3.1.8 'ImageIndex': 59
Trace|4.3.1.9 'ImagesCount': 10
Trace|4.3.2 'SuffixImageIndex': 69
Trace|4.4 'Pulse'
Trace|4.4.1 'Number'
Trace|4.4.1.1 'TopLeftX': 31
Trace|4.4.1.2 'TopLeftY': 375
Trace|4.4.1.3 'BottomRightX': 110
Trace|4.4.1.4 'BottomRightY': 396
Trace|4.4.1.5 'Alignment': 2
Trace|4.4.1.6 'SpacingX': 0
Trace|4.4.1.7 'SpacingY': -1
Trace|4.4.1.8 'ImageIndex': 59
Trace|4.4.1.9 'ImagesCount': 10
Trace|4.4.3 'NoDataImageIndex': 70
Trace|4.4.4 'SuffixImageIndex': 71
Trace|4.5 'Distance'
Trace|4.5.1 'Number'
Trace|4.5.1.1 'TopLeftX': 30
Trace|4.5.1.2 'TopLeftY': 425
Trace|4.5.1.3 'BottomRightX': 136
Trace|4.5.1.4 'BottomRightY': 449
Trace|4.5.1.5 'Alignment': 34
Trace|4.5.1.6 'SpacingX': 0
Trace|4.5.1.7 'SpacingY': -1
Trace|4.5.1.8 'ImageIndex': 59
Trace|4.5.1.9 'ImagesCount': 10
Trace|4.5.2 'KmSuffixImageIndex': 72
Trace|4.5.3 'DecimalPointImageIndex': 73
Trace|4.5.4 'MilesSuffixImageIndex': 74
Trace|4.7 'UnknownV7': 0
Trace|5 'Date'
Trace|5.1 'MonthAndDayAndYear'
Trace|5.1.1 'Separate'
Trace|5.1.1.1 'Month'
Trace|5.1.1.1.1 'TopLeftX': 67
Trace|5.1.1.1.2 'TopLeftY': 99
Trace|5.1.1.1.3 'BottomRightX': 101
Trace|5.1.1.1.4 'BottomRightY': 122
Trace|5.1.1.1.5 'Alignment': 18
Trace|5.1.1.1.6 'SpacingX': 0
Trace|5.1.1.1.7 'SpacingY': -1
Trace|5.1.1.1.8 'ImageIndex': 14
Trace|5.1.1.1.9 'ImagesCount': 10
Trace|5.1.1.4 'Day'
Trace|5.1.1.4.1 'TopLeftX': 108
Trace|5.1.1.4.2 'TopLeftY': 96
Trace|5.1.1.4.3 'BottomRightX': 142
Trace|5.1.1.4.4 'BottomRightY': 120
Trace|5.1.1.4.5 'Alignment': 18
Trace|5.1.1.4.6 'SpacingX': 0
Trace|5.1.1.4.7 'SpacingY': -1
Trace|5.1.1.4.8 'ImageIndex': 14
Trace|5.1.1.4.9 'ImagesCount': 10
Trace|5.1.4 'TwoDigitsMonth': 1
Trace|5.1.5 'TwoDigitsDay': 1
Trace|5.2 'DayAmPm'
Trace|5.2.1 'X': 78
Trace|5.2.2 'Y': 213
Trace|5.2.3 'ImageIndexAMCN': 45
Trace|5.2.4 'ImageIndexPMCN': 46
Trace|5.2.5 'ImageIndexAMEN': 47
Trace|5.2.6 'ImageIndexPMEN': 48
Trace|5.4 'ENWeekDays'
Trace|5.4.1 'X': 88
Trace|5.4.2 'Y': 58
Trace|5.4.3 'ImageIndex': 24
Trace|5.4.4 'ImagesCount': 7
Trace|5.5 'CNWeekDays'
Trace|5.5.1 'X': 88
Trace|5.5.2 'Y': 58
Trace|5.5.3 'ImageIndex': 38
Trace|5.5.4 'ImagesCount': 7
Trace|5.6 'CN2WeekDays'
Trace|5.6.1 'X': 88
Trace|5.6.2 'Y': 58
Trace|5.6.3 'ImageIndex': 31
Trace|5.6.4 'ImagesCount': 7
Trace|6 'Weather'
Trace|6.1 'Icon'
Trace|6.1.2 'CustomIcon'
Trace|6.1.2.1 'X': 8
Trace|6.1.2.2 'Y': 72
Trace|6.1.2.3 'ImageIndex': 75
Trace|6.1.2.4 'ImagesCount': 26
Trace|6.1.3 'Unknown3'
Trace|6.1.3.1 'X': 8
Trace|6.1.3.2 'Y': 72
Trace|6.1.4 'Unknown4'
Trace|6.1.4.1 'X': 8
Trace|6.1.4.2 'Y': 72
Trace|8 'Status'
Trace|8.1 'DoNotDisturb'
Trace|8.1.1 'Coordinates'
Trace|8.1.1.1 'X': 69
Trace|8.1.1.2 'Y': 34
Trace|8.1.2 'ImageIndexOn': 102
Trace|8.2 'Lock'
Trace|8.2.1 'Coordinates'
Trace|8.2.1.1 'X': 84
Trace|8.2.1.2 'Y': 33
Trace|8.2.3 'ImageIndexOff': 103
Trace|8.3 'Bluetooth'
Trace|8.3.1 'Coordinates'
Trace|8.3.1.1 'X': 98
Trace|8.3.1.2 'Y': 33
Trace|8.3.3 'ImageIndexOff': 101
Trace|9 'Battery'
Trace|9.1 'BatteryText'
Trace|9.1.1 'Coordinates'
Trace|9.1.1.1 'TopLeftX': 36
Trace|9.1.1.2 'TopLeftY': 38
Trace|9.1.1.3 'BottomRightX': 67
Trace|9.1.1.4 'BottomRightY': 50
Trace|9.1.1.5 'Alignment': 34
Trace|9.1.1.6 'SpacingX': 0
Trace|9.1.1.7 'SpacingY': -1
Trace|9.1.1.8 'ImageIndex': 104
Trace|9.1.1.9 'ImagesCount': 10
Trace|9.1.4 'SuffixImageIndex': 114
Trace|9.2 'BatteryIcon'
Trace|9.2.1 'X': 29
Trace|9.2.2 'Y': 18
Trace|9.2.3 'ImageIndex': 115
Trace|9.2.4 'ImagesCount': 10
Debug|Generating previews...
Debug|Exporting resources to 'E:\Рабочий стол\Mi Band 5 WatchFace Editor\NEW WATCHFACE\wface_3'
Debug|Extracting E:\Рабочий стол\Mi Band 5 WatchFace Editor\NEW WATCHFACE\wface_3\0000.png...
Debug|Extracting E:\Рабочий стол\Mi Band 5 WatchFace Editor\NEW WATCHFACE\wface_3\0001.png...
Debug|Extracting E:\Рабочий стол\Mi Band 5 WatchFace Editor\NEW WATCHFACE\wface_3\0002.png...
Debug|Extracting E:\Рабочий стол\Mi Band 5 WatchFace Editor\NEW WATCHFACE\wface_3\0003.png...
Debug|Extracting E:\Рабочий стол\Mi Band 5 WatchFace Editor\NEW WATCHFACE\wface_3\0004.png...
Debug|Extracting E:\Рабочий стол\Mi Band 5 WatchFace Editor\NEW WATCHFACE\wface_3\0005.png...
Debug|Extracting E:\Рабочий стол\Mi Band 5 WatchFace Editor\NEW WATCHFACE\wface_3\0006.png...
Debug|Extracting E:\Рабочий стол\Mi Band 5 WatchFace Editor\NEW WATCHFACE\wface_3\0007.png...
Debug|Extracting E:\Рабочий стол\Mi Band 5 WatchFace Editor\NEW WATCHFACE\wface_3\0008.png...
Debug|Extracting E:\Рабочий стол\Mi Band 5 WatchFace Editor\NEW WATCHFACE\wface_3\0009.png...
Debug|Extracting E:\Рабочий стол\Mi Band 5 WatchFace Editor\NEW WATCHFACE\wface_3\0010.png...
Debug|Extracting E:\Рабочий стол\Mi Band 5 WatchFace Editor\NEW WATCHFACE\wface_3\0011.png...
Debug|Extracting E:\Рабочий стол\Mi Band 5 WatchFace Editor\NEW WATCHFACE\wface_3\0012.png...
Debug|Extracting E:\Рабочий стол\Mi Band 5 WatchFace Editor\NEW WATCHFACE\wface_3\0013.png...
Debug|Extracting E:\Рабочий стол\Mi Band 5 WatchFace Editor\NEW WATCHFACE\wface_3\0014.png...
Debug|Extracting E:\Рабочий стол\Mi Band 5 WatchFace Editor\NEW WATCHFACE\wface_3\0015.png...
Debug|Extracting E:\Рабочий стол\Mi Band 5 WatchFace Editor\NEW WATCHFACE\wface_3\0016.png...
Debug|Extracting E:\Рабочий стол\Mi Band 5 WatchFace Editor\NEW WATCHFACE\wface_3\0017.png...
Debug|Extracting E:\Рабочий стол\Mi Band 5 WatchFace Editor\NEW WATCHFACE\wface_3\0018.png...
Debug|Extracting E:\Рабочий стол\Mi Band 5 WatchFace Editor\NEW WATCHFACE\wface_3\0019.png...
Debug|Extracting E:\Рабочий стол\Mi Band 5 WatchFace Editor\NEW WATCHFACE\wface_3\0020.png...
Debug|Extracting E:\Рабочий стол\Mi Band 5 WatchFace Editor\NEW WATCHFACE\wface_3\0021.png...
Debug|Extracting E:\Рабочий стол\Mi Band 5 WatchFace Editor\NEW WATCHFACE\wface_3\0022.png...
Debug|Extracting E:\Рабочий стол\Mi Band 5 WatchFace Editor\NEW WATCHFACE\wface_3\0023.png...
Debug|Extracting E:\Рабочий стол\Mi Band 5 WatchFace Editor\NEW WATCHFACE\wface_3\0024.png...
Debug|Extracting E:\Рабочий стол\Mi Band 5 WatchFace Editor\NEW WATCHFACE\wface_3\0025.png...
Debug|Extracting E:\Рабочий стол\Mi Band 5 WatchFace Editor\NEW WATCHFACE\wface_3\0026.png...
Debug|Extracting E:\Рабочий стол\Mi Band 5 WatchFace Editor\NEW WATCHFACE\wface_3\0027.png...
Debug|Extracting E:\Рабочий стол\Mi Band 5 WatchFace Editor\NEW WATCHFACE\wface_3\0028.png...
Debug|Extracting E:\Рабочий стол\Mi Band 5 WatchFace Editor\NEW WATCHFACE\wface_3\0029.png...
Debug|Extracting E:\Рабочий стол\Mi Band 5 WatchFace Editor\NEW WATCHFACE\wface_3\0030.png...
Debug|Extracting E:\Рабочий стол\Mi Band 5 WatchFace Editor\NEW WATCHFACE\wface_3\0031.png...
Debug|Extracting E:\Рабочий стол\Mi Band 5 WatchFace Editor\NEW WATCHFACE\wface_3\0032.png...
Debug|Extracting E:\Рабочий стол\Mi Band 5 WatchFace Editor\NEW WATCHFACE\wface_3\0033.png...
Debug|Extracting E:\Рабочий стол\Mi Band 5 WatchFace Editor\NEW WATCHFACE\wface_3\0034.png...
Debug|Extracting E:\Рабочий стол\Mi Band 5 WatchFace Editor\NEW WATCHFACE\wface_3\0035.png...
Debug|Extracting E:\Рабочий стол\Mi Band 5 WatchFace Editor\NEW WATCHFACE\wface_3\0036.png...
Debug|Extracting E:\Рабочий стол\Mi Band 5 WatchFace Editor\NEW WATCHFACE\wface_3\0037.png...
Debug|Extracting E:\Рабочий стол\Mi Band 5 WatchFace Editor\NEW WATCHFACE\wface_3\0038.png...
Debug|Extracting E:\Рабочий стол\Mi Band 5 WatchFace Editor\NEW WATCHFACE\wface_3\0039.png...
Debug|Extracting E:\Рабочий стол\Mi Band 5 WatchFace Editor\NEW WATCHFACE\wface_3\0040.png...
Debug|Extracting E:\Рабочий стол\Mi Band 5 WatchFace Editor\NEW WATCHFACE\wface_3\0041.png...
Debug|Extracting E:\Рабочий стол\Mi Band 5 WatchFace Editor\NEW WATCHFACE\wface_3\0042.png...
Debug|Extracting E:\Рабочий стол\Mi Band 5 WatchFace Editor\NEW WATCHFACE\wface_3\0043.png...
Debug|Extracting E:\Рабочий стол\Mi Band 5 WatchFace Editor\NEW WATCHFACE\wface_3\0044.png...
Debug|Extracting E:\Рабочий стол\Mi Band 5 WatchFace Editor\NEW WATCHFACE\wface_3\0045.png...
Debug|Extracting E:\Рабочий стол\Mi Band 5 WatchFace Editor\NEW WATCHFACE\wface_3\0046.png...
Debug|Extracting E:\Рабочий стол\Mi Band 5 WatchFace Editor\NEW WATCHFACE\wface_3\0047.png...
Debug|Extracting E:\Рабочий стол\Mi Band 5 WatchFace Editor\NEW WATCHFACE\wface_3\0048.png...
Debug|Extracting E:\Рабочий стол\Mi Band 5 WatchFace Editor\NEW WATCHFACE\wface_3\0049.png...
Debug|Extracting E:\Рабочий стол\Mi Band 5 WatchFace Editor\NEW WATCHFACE\wface_3\0050.png...
Debug|Extracting E:\Рабочий стол\Mi Band 5 WatchFace Editor\NEW WATCHFACE\wface_3\0051.png...
Debug|Extracting E:\Рабочий стол\Mi Band 5 WatchFace Editor\NEW WATCHFACE\wface_3\0052.png...
Debug|Extracting E:\Рабочий стол\Mi Band 5 WatchFace Editor\NEW WATCHFACE\wface_3\0053.png...
Debug|Extracting E:\Рабочий стол\Mi Band 5 WatchFace Editor\NEW WATCHFACE\wface_3\0054.png...
Debug|Extracting E:\Рабочий стол\Mi Band 5 WatchFace Editor\NEW WATCHFACE\wface_3\0055.png...
Debug|Extracting E:\Рабочий стол\Mi Band 5 WatchFace Editor\NEW WATCHFACE\wface_3\0056.png...
Debug|Extracting E:\Рабочий стол\Mi Band 5 WatchFace Editor\NEW WATCHFACE\wface_3\0057.png...
Debug|Extracting E:\Рабочий стол\Mi Band 5 WatchFace Editor\NEW WATCHFACE\wface_3\0058.png...
Debug|Extracting E:\Рабочий стол\Mi Band 5 WatchFace Editor\NEW WATCHFACE\wface_3\0059.png...
Debug|Extracting E:\Рабочий стол\Mi Band 5 WatchFace Editor\NEW WATCHFACE\wface_3\0060.png...
Debug|Extracting E:\Рабочий стол\Mi Band 5 WatchFace Editor\NEW WATCHFACE\wface_3\0061.png...
Debug|Extracting E:\Рабочий стол\Mi Band 5 WatchFace Editor\NEW WATCHFACE\wface_3\0062.png...
Debug|Extracting E:\Рабочий стол\Mi Band 5 WatchFace Editor\NEW WATCHFACE\wface_3\0063.png...
Debug|Extracting E:\Рабочий стол\Mi Band 5 WatchFace Editor\NEW WATCHFACE\wface_3\0064.png...
Debug|Extracting E:\Рабочий стол\Mi Band 5 WatchFace Editor\NEW WATCHFACE\wface_3\0065.png...
Debug|Extracting E:\Рабочий стол\Mi Band 5 WatchFace Editor\NEW WATCHFACE\wface_3\0066.png...
Debug|Extracting E:\Рабочий стол\Mi Band 5 WatchFace Editor\NEW WATCHFACE\wface_3\0067.png...
Debug|Extracting E:\Рабочий стол\Mi Band 5 WatchFace Editor\NEW WATCHFACE\wface_3\0068.png...
Debug|Extracting E:\Рабочий стол\Mi Band 5 WatchFace Editor\NEW WATCHFACE\wface_3\0069.png...
Debug|Extracting E:\Рабочий стол\Mi Band 5 WatchFace Editor\NEW WATCHFACE\wface_3\0070.png...
Debug|Extracting E:\Рабочий стол\Mi Band 5 WatchFace Editor\NEW WATCHFACE\wface_3\0071.png...
Debug|Extracting E:\Рабочий стол\Mi Band 5 WatchFace Editor\NEW WATCHFACE\wface_3\0072.png...
Debug|Extracting E:\Рабочий стол\Mi Band 5 WatchFace Editor\NEW WATCHFACE\wface_3\0073.png...
Debug|Extracting E:\Рабочий стол\Mi Band 5 WatchFace Editor\NEW WATCHFACE\wface_3\0074.png...
Debug|Extracting E:\Рабочий стол\Mi Band 5 WatchFace Editor\NEW WATCHFACE\wface_3\0075.png...
Debug|Extracting E:\Рабочий стол\Mi Band 5 WatchFace Editor\NEW WATCHFACE\wface_3\0076.png...
Debug|Extracting E:\Рабочий стол\Mi Band 5 WatchFace Editor\NEW WATCHFACE\wface_3\0077.png...
Debug|Extracting E:\Рабочий стол\Mi Band 5 WatchFace Editor\NEW WATCHFACE\wface_3\0078.png...
Debug|Extracting E:\Рабочий стол\Mi Band 5 WatchFace Editor\NEW WATCHFACE\wface_3\0079.png...
Debug|Extracting E:\Рабочий стол\Mi Band 5 WatchFace Editor\NEW WATCHFACE\wface_3\0080.png...
Debug|Extracting E:\Рабочий стол\Mi Band 5 WatchFace Editor\NEW WATCHFACE\wface_3\0081.png...
Debug|Extracting E:\Рабочий стол\Mi Band 5 WatchFace Editor\NEW WATCHFACE\wface_3\0082.png...
Debug|Extracting E:\Рабочий стол\Mi Band 5 WatchFace Editor\NEW WATCHFACE\wface_3\0083.png...
Debug|Extracting E:\Рабочий стол\Mi Band 5 WatchFace Editor\NEW WATCHFACE\wface_3\0084.png...
Debug|Extracting E:\Рабочий стол\Mi Band 5 WatchFace Editor\NEW WATCHFACE\wface_3\0085.png...
Debug|Extracting E:\Рабочий стол\Mi Band 5 WatchFace Editor\NEW WATCHFACE\wface_3\0086.png...
Debug|Extracting E:\Рабочий стол\Mi Band 5 WatchFace Editor\NEW WATCHFACE\wface_3\0087.png...
Debug|Extracting E:\Рабочий стол\Mi Band 5 WatchFace Editor\NEW WATCHFACE\wface_3\0088.png...
Debug|Extracting E:\Рабочий стол\Mi Band 5 WatchFace Editor\NEW WATCHFACE\wface_3\0089.png...
Debug|Extracting E:\Рабочий стол\Mi Band 5 WatchFace Editor\NEW WATCHFACE\wface_3\0090.png...
Debug|Extracting E:\Рабочий стол\Mi Band 5 WatchFace Editor\NEW WATCHFACE\wface_3\0091.png...
Debug|Extracting E:\Рабочий стол\Mi Band 5 WatchFace Editor\NEW WATCHFACE\wface_3\0092.png...
Debug|Extracting E:\Рабочий стол\Mi Band 5 WatchFace Editor\NEW WATCHFACE\wface_3\0093.png...
Debug|Extracting E:\Рабочий стол\Mi Band 5 WatchFace Editor\NEW WATCHFACE\wface_3\0094.png...
Debug|Extracting E:\Рабочий стол\Mi Band 5 WatchFace Editor\NEW WATCHFACE\wface_3\0095.png...
Debug|Extracting E:\Рабочий стол\Mi Band 5 WatchFace Editor\NEW WATCHFACE\wface_3\0096.png...
Debug|Extracting E:\Рабочий стол\Mi Band 5 WatchFace Editor\NEW WATCHFACE\wface_3\0097.png...
Debug|Extracting E:\Рабочий стол\Mi Band 5 WatchFace Editor\NEW WATCHFACE\wface_3\0098.png...
Debug|Extracting E:\Рабочий стол\Mi Band 5 WatchFace Editor\NEW WATCHFACE\wface_3\0099.png...
Debug|Extracting E:\Рабочий стол\Mi Band 5 WatchFace Editor\NEW WATCHFACE\wface_3\0100.png...
Debug|Extracting E:\Рабочий стол\Mi Band 5 WatchFace Editor\NEW WATCHFACE\wface_3\0101.png...
Debug|Extracting E:\Рабочий стол\Mi Band 5 WatchFace Editor\NEW WATCHFACE\wface_3\0102.png...
Debug|Extracting E:\Рабочий стол\Mi Band 5 WatchFace Editor\NEW WATCHFACE\wface_3\0103.png...
Debug|Extracting E:\Рабочий стол\Mi Band 5 WatchFace Editor\NEW WATCHFACE\wface_3\0104.png...
Debug|Extracting E:\Рабочий стол\Mi Band 5 WatchFace Editor\NEW WATCHFACE\wface_3\0105.png...
Debug|Extracting E:\Рабочий стол\Mi Band 5 WatchFace Editor\NEW WATCHFACE\wface_3\0106.png...
Debug|Extracting E:\Рабочий стол\Mi Band 5 WatchFace Editor\NEW WATCHFACE\wface_3\0107.png...
Debug|Extracting E:\Рабочий стол\Mi Band 5 WatchFace Editor\NEW WATCHFACE\wface_3\0108.png...
Debug|Extracting E:\Рабочий стол\Mi Band 5 WatchFace Editor\NEW WATCHFACE\wface_3\0109.png...
Debug|Extracting E:\Рабочий стол\Mi Band 5 WatchFace Editor\NEW WATCHFACE\wface_3\0110.png...
Debug|Extracting E:\Рабочий стол\Mi Band 5 WatchFace Editor\NEW WATCHFACE\wface_3\0111.png...
Debug|Extracting E:\Рабочий стол\Mi Band 5 WatchFace Editor\NEW WATCHFACE\wface_3\0112.png...
Debug|Extracting E:\Рабочий стол\Mi Band 5 WatchFace Editor\NEW WATCHFACE\wface_3\0113.png...
Debug|Extracting E:\Рабочий стол\Mi Band 5 WatchFace Editor\NEW WATCHFACE\wface_3\0114.png...
Debug|Extracting E:\Рабочий стол\Mi Band 5 WatchFace Editor\NEW WATCHFACE\wface_3\0115.png...
Debug|Extracting E:\Рабочий стол\Mi Band 5 WatchFace Editor\NEW WATCHFACE\wface_3\0116.png...
Debug|Extracting E:\Рабочий стол\Mi Band 5 WatchFace Editor\NEW WATCHFACE\wface_3\0117.png...
Debug|Extracting E:\Рабочий стол\Mi Band 5 WatchFace Editor\NEW WATCHFACE\wface_3\0118.png...
Debug|Extracting E:\Рабочий стол\Mi Band 5 WatchFace Editor\NEW WATCHFACE\wface_3\0119.png...
Debug|Extracting E:\Рабочий стол\Mi Band 5 WatchFace Editor\NEW WATCHFACE\wface_3\0120.png...
Debug|Extracting E:\Рабочий стол\Mi Band 5 WatchFace Editor\NEW WATCHFACE\wface_3\0121.png...
Debug|Extracting E:\Рабочий стол\Mi Band 5 WatchFace Editor\NEW WATCHFACE\wface_3\0122.png...
Debug|Extracting E:\Рабочий стол\Mi Band 5 WatchFace Editor\NEW WATCHFACE\wface_3\0123.png...
Debug|Extracting E:\Рабочий стол\Mi Band 5 WatchFace Editor\NEW WATCHFACE\wface_3\0124.png...
Debug|Exporting config...
